[0.105s] DEBUG:colcon:Command line arguments: ['/usr/bin/colcon', 'build']
[0.105s] DEBUG:colcon:Parsed command line arguments: Namespace(log_base=None, log_level=None, verb_name='build', build_base='build', install_base='install', merge_install=False, symlink_install=False, test_result_base=None, continue_on_error=False, executor='parallel', parallel_workers=8, event_handlers=None, ignore_user_meta=False, metas=['./colcon.meta'], base_paths=['.'], packages_ignore=None, packages_ignore_regex=None, paths=None, packages_up_to=None, packages_up_to_regex=None, packages_above=None, packages_above_and_dependencies=None, packages_above_depth=None, packages_select_by_dep=None, packages_skip_by_dep=None, packages_skip_up_to=None, packages_select_build_failed=False, packages_skip_build_finished=False, packages_select_test_failures=False, packages_skip_test_passed=False, packages_select=None, packages_skip=None, packages_select_regex=None, packages_skip_regex=None, packages_start=None, packages_end=None, cmake_args=None, cmake_target=None, cmake_target_skip_unavailable=False, cmake_clean_cache=False, cmake_clean_first=False, cmake_force_configure=False, ament_cmake_args=None, catkin_cmake_args=None, catkin_skip_building_tests=False, mixin_files=None, mixin=None, verb_parser=<colcon_mixin.mixin.mixin_argument.MixinArgumentDecorator object at 0x7d30154503a0>, verb_extension=<colcon_core.verb.build.BuildVerb object at 0x7d3015633dc0>, main=<bound method BuildVerb.main of <colcon_core.verb.build.BuildVerb object at 0x7d3015633dc0>>, mixin_verb=('build',))
[0.232s] Level 1:colcon.colcon_core.package_discovery:discover_packages(colcon_meta) check parameters
[0.233s] INFO:colcon.colcon_metadata.package_discovery.colcon_meta:Using configuration from '/root/.colcon/metadata/default/Gazebo.meta'
[0.234s] INFO:colcon.colcon_metadata.package_discovery.colcon_meta:Using configuration from '/root/.colcon/metadata/default/fastrtps.meta'
[0.234s] Level 1:colcon.colcon_core.package_discovery:discover_packages(recursive) check parameters
[0.234s] Level 1:colcon.colcon_core.package_discovery:discover_packages(ignore) check parameters
[0.234s] Level 1:colcon.colcon_core.package_discovery:discover_packages(path) check parameters
[0.234s] Level 1:colcon.colcon_core.package_discovery:discover_packages(colcon_meta) discover
[0.234s] Level 1:colcon.colcon_core.package_discovery:discover_packages(recursive) discover
[0.234s] INFO:colcon.colcon_core.package_discovery:Crawling recursively for packages in '/root/modular_arm_ros2/ws_custom_robot'
[0.234s] Level 1:colcon.colcon_core.package_identification:_identify(.) by extensions ['ignore', 'ignore_ament_install']
[0.234s] Level 1:colcon.colcon_core.package_identification:_identify(.) by extension 'ignore'
[0.234s] Level 1:colcon.colcon_core.package_identification:_identify(.) by extension 'ignore_ament_install'
[0.234s] Level 1:colcon.colcon_core.package_identification:_identify(.) by extensions ['colcon_pkg']
[0.234s] Level 1:colcon.colcon_core.package_identification:_identify(.) by extension 'colcon_pkg'
[0.234s] Level 1:colcon.colcon_core.package_identification:_identify(.) by extensions ['colcon_meta']
[0.234s] Level 1:colcon.colcon_core.package_identification:_identify(.) by extension 'colcon_meta'
[0.235s] Level 1:colcon.colcon_core.package_identification:_identify(.) by extensions ['ros']
[0.235s] Level 1:colcon.colcon_core.package_identification:_identify(.) by extension 'ros'
[0.247s] Level 1:colcon.colcon_core.package_identification:_identify(.) by extensions ['cmake', 'python']
[0.247s] Level 1:colcon.colcon_core.package_identification:_identify(.) by extension 'cmake'
[0.247s] Level 1:colcon.colcon_core.package_identification:_identify(.) by extension 'python'
[0.247s] Level 1:colcon.colcon_core.package_identification:_identify(.) by extensions ['python_setup_py']
[0.247s] Level 1:colcon.colcon_core.package_identification:_identify(.) by extension 'python_setup_py'
[0.247s] Level 1:colcon.colcon_core.package_identification:_identify(build) by extensions ['ignore', 'ignore_ament_install']
[0.247s] Level 1:colcon.colcon_core.package_identification:_identify(build) by extension 'ignore'
[0.247s] Level 1:colcon.colcon_core.package_identification:_identify(build) ignored
[0.247s] Level 1:colcon.colcon_core.package_identification:_identify(install) by extensions ['ignore', 'ignore_ament_install']
[0.247s] Level 1:colcon.colcon_core.package_identification:_identify(install) by extension 'ignore'
[0.247s] Level 1:colcon.colcon_core.package_identification:_identify(install) ignored
[0.248s] Level 1:colcon.colcon_core.package_identification:_identify(log) by extensions ['ignore', 'ignore_ament_install']
[0.248s] Level 1:colcon.colcon_core.package_identification:_identify(log) by extension 'ignore'
[0.248s] Level 1:colcon.colcon_core.package_identification:_identify(log) ignored
[0.248s] Level 1:colcon.colcon_core.package_identification:_identify(src) by extensions ['ignore', 'ignore_ament_install']
[0.248s] Level 1:colcon.colcon_core.package_identification:_identify(src) by extension 'ignore'
[0.248s] Level 1:colcon.colcon_core.package_identification:_identify(src) by extension 'ignore_ament_install'
[0.248s] Level 1:colcon.colcon_core.package_identification:_identify(src) by extensions ['colcon_pkg']
[0.248s] Level 1:colcon.colcon_core.package_identification:_identify(src) by extension 'colcon_pkg'
[0.248s] Level 1:colcon.colcon_core.package_identification:_identify(src) by extensions ['colcon_meta']
[0.248s] Level 1:colcon.colcon_core.package_identification:_identify(src) by extension 'colcon_meta'
[0.248s] Level 1:colcon.colcon_core.package_identification:_identify(src) by extensions ['ros']
[0.248s] Level 1:colcon.colcon_core.package_identification:_identify(src) by extension 'ros'
[0.248s] Level 1:colcon.colcon_core.package_identification:_identify(src) by extensions ['cmake', 'python']
[0.248s] Level 1:colcon.colcon_core.package_identification:_identify(src) by extension 'cmake'
[0.248s] Level 1:colcon.colcon_core.package_identification:_identify(src) by extension 'python'
[0.248s] Level 1:colcon.colcon_core.package_identification:_identify(src) by extensions ['python_setup_py']
[0.248s] Level 1:colcon.colcon_core.package_identification:_identify(src) by extension 'python_setup_py'
[0.248s] Level 1:colcon.colcon_core.package_identification:_identify(src/custom_robot_bringup) by extensions ['ignore', 'ignore_ament_install']
[0.248s] Level 1:colcon.colcon_core.package_identification:_identify(src/custom_robot_bringup) by extension 'ignore'
[0.248s] Level 1:colcon.colcon_core.package_identification:_identify(src/custom_robot_bringup) by extension 'ignore_ament_install'
[0.248s] Level 1:colcon.colcon_core.package_identification:_identify(src/custom_robot_bringup) by extensions ['colcon_pkg']
[0.248s] Level 1:colcon.colcon_core.package_identification:_identify(src/custom_robot_bringup) by extension 'colcon_pkg'
[0.249s] Level 1:colcon.colcon_core.package_identification:_identify(src/custom_robot_bringup) by extensions ['colcon_meta']
[0.249s] Level 1:colcon.colcon_core.package_identification:_identify(src/custom_robot_bringup) by extension 'colcon_meta'
[0.249s] Level 1:colcon.colcon_core.package_identification:_identify(src/custom_robot_bringup) by extensions ['ros']
[0.249s] Level 1:colcon.colcon_core.package_identification:_identify(src/custom_robot_bringup) by extension 'ros'
[0.251s] DEBUG:colcon.colcon_core.package_identification:Package 'src/custom_robot_bringup' with type 'ros.ament_cmake' and name 'custom_robot_bringup'
[0.251s] Level 1:colcon.colcon_core.package_identification:_identify(src/custom_robot_config) by extensions ['ignore', 'ignore_ament_install']
[0.251s] Level 1:colcon.colcon_core.package_identification:_identify(src/custom_robot_config) by extension 'ignore'
[0.251s] Level 1:colcon.colcon_core.package_identification:_identify(src/custom_robot_config) by extension 'ignore_ament_install'
[0.251s] Level 1:colcon.colcon_core.package_identification:_identify(src/custom_robot_config) by extensions ['colcon_pkg']
[0.251s] Level 1:colcon.colcon_core.package_identification:_identify(src/custom_robot_config) by extension 'colcon_pkg'
[0.251s] Level 1:colcon.colcon_core.package_identification:_identify(src/custom_robot_config) by extensions ['colcon_meta']
[0.251s] Level 1:colcon.colcon_core.package_identification:_identify(src/custom_robot_config) by extension 'colcon_meta'
[0.251s] Level 1:colcon.colcon_core.package_identification:_identify(src/custom_robot_config) by extensions ['ros']
[0.251s] Level 1:colcon.colcon_core.package_identification:_identify(src/custom_robot_config) by extension 'ros'
[0.252s] DEBUG:colcon.colcon_core.package_identification:Package 'src/custom_robot_config' with type 'ros.ament_cmake' and name 'custom_robot_config'
[0.252s] Level 1:colcon.colcon_core.package_identification:_identify(src/custom_robot_controller) by extensions ['ignore', 'ignore_ament_install']
[0.252s] Level 1:colcon.colcon_core.package_identification:_identify(src/custom_robot_controller) by extension 'ignore'
[0.252s] Level 1:colcon.colcon_core.package_identification:_identify(src/custom_robot_controller) by extension 'ignore_ament_install'
[0.252s] Level 1:colcon.colcon_core.package_identification:_identify(src/custom_robot_controller) by extensions ['colcon_pkg']
[0.252s] Level 1:colcon.colcon_core.package_identification:_identify(src/custom_robot_controller) by extension 'colcon_pkg'
[0.252s] Level 1:colcon.colcon_core.package_identification:_identify(src/custom_robot_controller) by extensions ['colcon_meta']
[0.252s] Level 1:colcon.colcon_core.package_identification:_identify(src/custom_robot_controller) by extension 'colcon_meta'
[0.253s] Level 1:colcon.colcon_core.package_identification:_identify(src/custom_robot_controller) by extensions ['ros']
[0.253s] Level 1:colcon.colcon_core.package_identification:_identify(src/custom_robot_controller) by extension 'ros'
[0.253s] DEBUG:colcon.colcon_core.package_identification:Package 'src/custom_robot_controller' with type 'ros.ament_cmake' and name 'custom_robot_controller'
[0.253s] Level 1:colcon.colcon_core.package_identification:_identify(src/custom_robot_description) by extensions ['ignore', 'ignore_ament_install']
[0.253s] Level 1:colcon.colcon_core.package_identification:_identify(src/custom_robot_description) by extension 'ignore'
[0.253s] Level 1:colcon.colcon_core.package_identification:_identify(src/custom_robot_description) by extension 'ignore_ament_install'
[0.253s] Level 1:colcon.colcon_core.package_identification:_identify(src/custom_robot_description) by extensions ['colcon_pkg']
[0.253s] Level 1:colcon.colcon_core.package_identification:_identify(src/custom_robot_description) by extension 'colcon_pkg'
[0.253s] Level 1:colcon.colcon_core.package_identification:_identify(src/custom_robot_description) by extensions ['colcon_meta']
[0.253s] Level 1:colcon.colcon_core.package_identification:_identify(src/custom_robot_description) by extension 'colcon_meta'
[0.253s] Level 1:colcon.colcon_core.package_identification:_identify(src/custom_robot_description) by extensions ['ros']
[0.253s] Level 1:colcon.colcon_core.package_identification:_identify(src/custom_robot_description) by extension 'ros'
[0.254s] DEBUG:colcon.colcon_core.package_identification:Package 'src/custom_robot_description' with type 'ros.ament_cmake' and name 'custom_robot_description'
[0.254s] Level 1:colcon.colcon_core.package_discovery:discover_packages(recursive) using defaults
[0.254s] Level 1:colcon.colcon_core.package_discovery:discover_packages(ignore) discover
[0.254s] Level 1:colcon.colcon_core.package_discovery:discover_packages(ignore) using defaults
[0.254s] Level 1:colcon.colcon_core.package_discovery:discover_packages(path) discover
[0.254s] Level 1:colcon.colcon_core.package_discovery:discover_packages(path) using defaults
[0.273s] Level 5:colcon.colcon_core.verb:set package 'custom_robot_bringup' build argument 'cmake_args' from command line to 'None'
[0.273s] Level 5:colcon.colcon_core.verb:set package 'custom_robot_bringup' build argument 'cmake_target' from command line to 'None'
[0.273s] Level 5:colcon.colcon_core.verb:set package 'custom_robot_bringup' build argument 'cmake_target_skip_unavailable' from command line to 'False'
[0.273s] Level 5:colcon.colcon_core.verb:set package 'custom_robot_bringup' build argument 'cmake_clean_cache' from command line to 'False'
[0.273s] Level 5:colcon.colcon_core.verb:set package 'custom_robot_bringup' build argument 'cmake_clean_first' from command line to 'False'
[0.273s] Level 5:colcon.colcon_core.verb:set package 'custom_robot_bringup' build argument 'cmake_force_configure' from command line to 'False'
[0.273s] Level 5:colcon.colcon_core.verb:set package 'custom_robot_bringup' build argument 'ament_cmake_args' from command line to 'None'
[0.273s] Level 5:colcon.colcon_core.verb:set package 'custom_robot_bringup' build argument 'catkin_cmake_args' from command line to 'None'
[0.274s] Level 5:colcon.colcon_core.verb:set package 'custom_robot_bringup' build argument 'catkin_skip_building_tests' from command line to 'False'
[0.274s] DEBUG:colcon.colcon_core.verb:Building package 'custom_robot_bringup' with the following arguments: {'ament_cmake_args': None, 'build_base': '/root/modular_arm_ros2/ws_custom_robot/build/custom_robot_bringup', 'catkin_cmake_args': None, 'catkin_skip_building_tests': False, 'cmake_args': None, 'cmake_clean_cache': False, 'cmake_clean_first': False, 'cmake_force_configure': False, 'cmake_target': None, 'cmake_target_skip_unavailable': False, 'install_base': '/root/modular_arm_ros2/ws_custom_robot/install/custom_robot_bringup', 'merge_install': False, 'path': '/root/modular_arm_ros2/ws_custom_robot/src/custom_robot_bringup', 'symlink_install': False, 'test_result_base': None}
[0.274s] Level 5:colcon.colcon_core.verb:set package 'custom_robot_controller' build argument 'cmake_args' from command line to 'None'
[0.274s] Level 5:colcon.colcon_core.verb:set package 'custom_robot_controller' build argument 'cmake_target' from command line to 'None'
[0.274s] Level 5:colcon.colcon_core.verb:set package 'custom_robot_controller' build argument 'cmake_target_skip_unavailable' from command line to 'False'
[0.274s] Level 5:colcon.colcon_core.verb:set package 'custom_robot_controller' build argument 'cmake_clean_cache' from command line to 'False'
[0.274s] Level 5:colcon.colcon_core.verb:set package 'custom_robot_controller' build argument 'cmake_clean_first' from command line to 'False'
[0.274s] Level 5:colcon.colcon_core.verb:set package 'custom_robot_controller' build argument 'cmake_force_configure' from command line to 'False'
[0.274s] Level 5:colcon.colcon_core.verb:set package 'custom_robot_controller' build argument 'ament_cmake_args' from command line to 'None'
[0.274s] Level 5:colcon.colcon_core.verb:set package 'custom_robot_controller' build argument 'catkin_cmake_args' from command line to 'None'
[0.274s] Level 5:colcon.colcon_core.verb:set package 'custom_robot_controller' build argument 'catkin_skip_building_tests' from command line to 'False'
[0.274s] DEBUG:colcon.colcon_core.verb:Building package 'custom_robot_controller' with the following arguments: {'ament_cmake_args': None, 'build_base': '/root/modular_arm_ros2/ws_custom_robot/build/custom_robot_controller', 'catkin_cmake_args': None, 'catkin_skip_building_tests': False, 'cmake_args': None, 'cmake_clean_cache': False, 'cmake_clean_first': False, 'cmake_force_configure': False, 'cmake_target': None, 'cmake_target_skip_unavailable': False, 'install_base': '/root/modular_arm_ros2/ws_custom_robot/install/custom_robot_controller', 'merge_install': False, 'path': '/root/modular_arm_ros2/ws_custom_robot/src/custom_robot_controller', 'symlink_install': False, 'test_result_base': None}
[0.274s] Level 5:colcon.colcon_core.verb:set package 'custom_robot_description' build argument 'cmake_args' from command line to 'None'
[0.274s] Level 5:colcon.colcon_core.verb:set package 'custom_robot_description' build argument 'cmake_target' from command line to 'None'
[0.275s] Level 5:colcon.colcon_core.verb:set package 'custom_robot_description' build argument 'cmake_target_skip_unavailable' from command line to 'False'
[0.275s] Level 5:colcon.colcon_core.verb:set package 'custom_robot_description' build argument 'cmake_clean_cache' from command line to 'False'
[0.275s] Level 5:colcon.colcon_core.verb:set package 'custom_robot_description' build argument 'cmake_clean_first' from command line to 'False'
[0.275s] Level 5:colcon.colcon_core.verb:set package 'custom_robot_description' build argument 'cmake_force_configure' from command line to 'False'
[0.275s] Level 5:colcon.colcon_core.verb:set package 'custom_robot_description' build argument 'ament_cmake_args' from command line to 'None'
[0.275s] Level 5:colcon.colcon_core.verb:set package 'custom_robot_description' build argument 'catkin_cmake_args' from command line to 'None'
[0.275s] Level 5:colcon.colcon_core.verb:set package 'custom_robot_description' build argument 'catkin_skip_building_tests' from command line to 'False'
[0.275s] DEBUG:colcon.colcon_core.verb:Building package 'custom_robot_description' with the following arguments: {'ament_cmake_args': None, 'build_base': '/root/modular_arm_ros2/ws_custom_robot/build/custom_robot_description', 'catkin_cmake_args': None, 'catkin_skip_building_tests': False, 'cmake_args': None, 'cmake_clean_cache': False, 'cmake_clean_first': False, 'cmake_force_configure': False, 'cmake_target': None, 'cmake_target_skip_unavailable': False, 'install_base': '/root/modular_arm_ros2/ws_custom_robot/install/custom_robot_description', 'merge_install': False, 'path': '/root/modular_arm_ros2/ws_custom_robot/src/custom_robot_description', 'symlink_install': False, 'test_result_base': None}
[0.275s] Level 5:colcon.colcon_core.verb:set package 'custom_robot_config' build argument 'cmake_args' from command line to 'None'
[0.275s] Level 5:colcon.colcon_core.verb:set package 'custom_robot_config' build argument 'cmake_target' from command line to 'None'
[0.275s] Level 5:colcon.colcon_core.verb:set package 'custom_robot_config' build argument 'cmake_target_skip_unavailable' from command line to 'False'
[0.275s] Level 5:colcon.colcon_core.verb:set package 'custom_robot_config' build argument 'cmake_clean_cache' from command line to 'False'
[0.275s] Level 5:colcon.colcon_core.verb:set package 'custom_robot_config' build argument 'cmake_clean_first' from command line to 'False'
[0.275s] Level 5:colcon.colcon_core.verb:set package 'custom_robot_config' build argument 'cmake_force_configure' from command line to 'False'
[0.275s] Level 5:colcon.colcon_core.verb:set package 'custom_robot_config' build argument 'ament_cmake_args' from command line to 'None'
[0.275s] Level 5:colcon.colcon_core.verb:set package 'custom_robot_config' build argument 'catkin_cmake_args' from command line to 'None'
[0.275s] Level 5:colcon.colcon_core.verb:set package 'custom_robot_config' build argument 'catkin_skip_building_tests' from command line to 'False'
[0.275s] DEBUG:colcon.colcon_core.verb:Building package 'custom_robot_config' with the following arguments: {'ament_cmake_args': None, 'build_base': '/root/modular_arm_ros2/ws_custom_robot/build/custom_robot_config', 'catkin_cmake_args': None, 'catkin_skip_building_tests': False, 'cmake_args': None, 'cmake_clean_cache': False, 'cmake_clean_first': False, 'cmake_force_configure': False, 'cmake_target': None, 'cmake_target_skip_unavailable': False, 'install_base': '/root/modular_arm_ros2/ws_custom_robot/install/custom_robot_config', 'merge_install': False, 'path': '/root/modular_arm_ros2/ws_custom_robot/src/custom_robot_config', 'symlink_install': False, 'test_result_base': None}
[0.275s] INFO:colcon.colcon_core.executor:Executing jobs using 'parallel' executor
[0.276s] DEBUG:colcon.colcon_parallel_executor.executor.parallel:run_until_complete
[0.277s] INFO:colcon.colcon_ros.task.ament_cmake.build:Building ROS package in '/root/modular_arm_ros2/ws_custom_robot/src/custom_robot_description' with build type 'ament_cmake'
[0.277s] INFO:colcon.colcon_cmake.task.cmake.build:Building CMake package in '/root/modular_arm_ros2/ws_custom_robot/src/custom_robot_description'
[0.279s] INFO:colcon.colcon_core.plugin_system:Skipping extension 'colcon_core.shell.bat': Not used on non-Windows systems
[0.279s] INFO:colcon.colcon_core.shell:Skip shell extension 'powershell' for command environment: Not usable outside of PowerShell
[0.279s] DEBUG:colcon.colcon_core.shell:Skip shell extension 'dsv' for command environment
[0.281s] WARNING:colcon.colcon_core.prefix_path.colcon:The path '/root/ws_custom_robot/install' in the environment variable COLCON_PREFIX_PATH doesn't exist
[0.281s] WARNING:colcon.colcon_core.prefix_path.colcon:The path '/root/ws_custom_robot/src/install' in the environment variable COLCON_PREFIX_PATH doesn't exist
[0.281s] WARNING:colcon.colcon_ros.prefix_path.ament:The path '/root/modular_arm_ros2/ws_custom_robot/install/custom_robot_config' in the environment variable AMENT_PREFIX_PATH doesn't exist
[0.281s] WARNING:colcon.colcon_ros.prefix_path.ament:The path '/root/modular_arm_ros2/ws_custom_robot/install/custom_robot_description' in the environment variable AMENT_PREFIX_PATH doesn't exist
[0.281s] WARNING:colcon.colcon_ros.prefix_path.ament:The path '/root/modular_arm_ros2/ws_custom_robot/install/custom_robot_controller' in the environment variable AMENT_PREFIX_PATH doesn't exist
[0.281s] WARNING:colcon.colcon_ros.prefix_path.ament:The path '/root/modular_arm_ros2/ws_custom_robot/install/custom_robot_bringup' in the environment variable AMENT_PREFIX_PATH doesn't exist
[0.281s] WARNING:colcon.colcon_ros.prefix_path.ament:The path '/root/ws_custom_robot/install/custom_robot_controller' in the environment variable AMENT_PREFIX_PATH doesn't exist
[0.281s] WARNING:colcon.colcon_ros.prefix_path.ament:The path '/root/ws_custom_robot/install/custom_robot_bringup' in the environment variable AMENT_PREFIX_PATH doesn't exist
[0.281s] WARNING:colcon.colcon_ros.prefix_path.ament:The path '/root/ws_custom_robot/src/install/custom_robot_config' in the environment variable AMENT_PREFIX_PATH doesn't exist
[0.281s] WARNING:colcon.colcon_ros.prefix_path.ament:The path '/root/ws_custom_robot/src/install/custom_robot_description' in the environment variable AMENT_PREFIX_PATH doesn't exist
[0.281s] WARNING:colcon.colcon_ros.prefix_path.ament:The path '/root/ws_custom_robot/src/install/custom_robot_bringup' in the environment variable AMENT_PREFIX_PATH doesn't exist
[0.281s] WARNING:colcon.colcon_ros.prefix_path.ament:The path '/root/ws_custom_robot/install/custom_robot_config' in the environment variable AMENT_PREFIX_PATH doesn't exist
[0.281s] WARNING:colcon.colcon_ros.prefix_path.ament:The path '/root/ws_custom_robot/install/custom_robot_description' in the environment variable AMENT_PREFIX_PATH doesn't exist
[0.282s] WARNING:colcon.colcon_ros.prefix_path.catkin:The path '/root/modular_arm_ros2/ws_custom_robot/install/custom_robot_config' in the environment variable CMAKE_PREFIX_PATH doesn't exist
[0.282s] WARNING:colcon.colcon_ros.prefix_path.catkin:The path '/root/modular_arm_ros2/ws_custom_robot/install/custom_robot_description' in the environment variable CMAKE_PREFIX_PATH doesn't exist
[0.282s] WARNING:colcon.colcon_ros.prefix_path.catkin:The path '/root/modular_arm_ros2/ws_custom_robot/install/custom_robot_controller' in the environment variable CMAKE_PREFIX_PATH doesn't exist
[0.282s] WARNING:colcon.colcon_ros.prefix_path.catkin:The path '/root/modular_arm_ros2/ws_custom_robot/install/custom_robot_bringup' in the environment variable CMAKE_PREFIX_PATH doesn't exist
[0.282s] WARNING:colcon.colcon_ros.prefix_path.catkin:The path '/root/ws_custom_robot/install/custom_robot_controller' in the environment variable CMAKE_PREFIX_PATH doesn't exist
[0.282s] WARNING:colcon.colcon_ros.prefix_path.catkin:The path '/root/ws_custom_robot/install/custom_robot_bringup' in the environment variable CMAKE_PREFIX_PATH doesn't exist
[0.282s] WARNING:colcon.colcon_ros.prefix_path.catkin:The path '/root/ws_custom_robot/src/install/custom_robot_config' in the environment variable CMAKE_PREFIX_PATH doesn't exist
[0.282s] WARNING:colcon.colcon_ros.prefix_path.catkin:The path '/root/ws_custom_robot/src/install/custom_robot_description' in the environment variable CMAKE_PREFIX_PATH doesn't exist
[0.282s] WARNING:colcon.colcon_ros.prefix_path.catkin:The path '/root/ws_custom_robot/src/install/custom_robot_bringup' in the environment variable CMAKE_PREFIX_PATH doesn't exist
[0.282s] WARNING:colcon.colcon_ros.prefix_path.catkin:The path '/root/ws_custom_robot/install/custom_robot_config' in the environment variable CMAKE_PREFIX_PATH doesn't exist
[0.282s] WARNING:colcon.colcon_ros.prefix_path.catkin:The path '/root/ws_custom_robot/install/custom_robot_description' in the environment variable CMAKE_PREFIX_PATH doesn't exist
[0.287s] INFO:colcon.colcon_ros.task.ament_cmake.build:Building ROS package in '/root/modular_arm_ros2/ws_custom_robot/src/custom_robot_bringup' with build type 'ament_cmake'
[0.287s] INFO:colcon.colcon_cmake.task.cmake.build:Building CMake package in '/root/modular_arm_ros2/ws_custom_robot/src/custom_robot_bringup'
[0.288s] INFO:colcon.colcon_core.shell:Skip shell extension 'powershell' for command environment: Not usable outside of PowerShell
[0.288s] DEBUG:colcon.colcon_core.shell:Skip shell extension 'dsv' for command environment
[0.294s] INFO:colcon.colcon_ros.task.ament_cmake.build:Building ROS package in '/root/modular_arm_ros2/ws_custom_robot/src/custom_robot_controller' with build type 'ament_cmake'
[0.294s] INFO:colcon.colcon_cmake.task.cmake.build:Building CMake package in '/root/modular_arm_ros2/ws_custom_robot/src/custom_robot_controller'
[0.294s] INFO:colcon.colcon_core.shell:Skip shell extension 'powershell' for command environment: Not usable outside of PowerShell
[0.294s] DEBUG:colcon.colcon_core.shell:Skip shell extension 'dsv' for command environment
[0.302s] DEBUG:colcon.colcon_core.event_handler.log_command:Invoking command in '/root/modular_arm_ros2/ws_custom_robot/build/custom_robot_description': CMAKE_PREFIX_PATH=${CMAKE_PREFIX_PATH}:/opt/ros/humble /usr/bin/cmake /root/modular_arm_ros2/ws_custom_robot/src/custom_robot_description -DCMAKE_INSTALL_PREFIX=/root/modular_arm_ros2/ws_custom_robot/install/custom_robot_description
[0.305s] DEBUG:colcon.colcon_core.event_handler.log_command:Invoking command in '/root/modular_arm_ros2/ws_custom_robot/build/custom_robot_bringup': CMAKE_PREFIX_PATH=${CMAKE_PREFIX_PATH}:/opt/ros/humble /usr/bin/cmake /root/modular_arm_ros2/ws_custom_robot/src/custom_robot_bringup -DCMAKE_INSTALL_PREFIX=/root/modular_arm_ros2/ws_custom_robot/install/custom_robot_bringup
[0.308s] DEBUG:colcon.colcon_core.event_handler.log_command:Invoking command in '/root/modular_arm_ros2/ws_custom_robot/build/custom_robot_controller': CMAKE_PREFIX_PATH=${CMAKE_PREFIX_PATH}:/opt/ros/humble /usr/bin/cmake /root/modular_arm_ros2/ws_custom_robot/src/custom_robot_controller -DCMAKE_INSTALL_PREFIX=/root/modular_arm_ros2/ws_custom_robot/install/custom_robot_controller
[1.039s] DEBUG:colcon.colcon_core.event_handler.log_command:Invoked command in '/root/modular_arm_ros2/ws_custom_robot/build/custom_robot_bringup' returned '0': CMAKE_PREFIX_PATH=${CMAKE_PREFIX_PATH}:/opt/ros/humble /usr/bin/cmake /root/modular_arm_ros2/ws_custom_robot/src/custom_robot_bringup -DCMAKE_INSTALL_PREFIX=/root/modular_arm_ros2/ws_custom_robot/install/custom_robot_bringup
[1.041s] DEBUG:colcon.colcon_core.event_handler.log_command:Invoking command in '/root/modular_arm_ros2/ws_custom_robot/build/custom_robot_bringup': CMAKE_PREFIX_PATH=${CMAKE_PREFIX_PATH}:/opt/ros/humble /usr/bin/cmake --build /root/modular_arm_ros2/ws_custom_robot/build/custom_robot_bringup -- -j8 -l8
[1.042s] DEBUG:colcon.colcon_core.event_handler.log_command:Invoked command in '/root/modular_arm_ros2/ws_custom_robot/build/custom_robot_description' returned '0': CMAKE_PREFIX_PATH=${CMAKE_PREFIX_PATH}:/opt/ros/humble /usr/bin/cmake /root/modular_arm_ros2/ws_custom_robot/src/custom_robot_description -DCMAKE_INSTALL_PREFIX=/root/modular_arm_ros2/ws_custom_robot/install/custom_robot_description
[1.044s] DEBUG:colcon.colcon_core.event_handler.log_command:Invoking command in '/root/modular_arm_ros2/ws_custom_robot/build/custom_robot_description': CMAKE_PREFIX_PATH=${CMAKE_PREFIX_PATH}:/opt/ros/humble /usr/bin/cmake --build /root/modular_arm_ros2/ws_custom_robot/build/custom_robot_description -- -j8 -l8
[1.076s] DEBUG:colcon.colcon_core.event_handler.log_command:Invoked command in '/root/modular_arm_ros2/ws_custom_robot/build/custom_robot_bringup' returned '0': CMAKE_PREFIX_PATH=${CMAKE_PREFIX_PATH}:/opt/ros/humble /usr/bin/cmake --build /root/modular_arm_ros2/ws_custom_robot/build/custom_robot_bringup -- -j8 -l8
[1.078s] DEBUG:colcon.colcon_core.event_handler.log_command:Invoked command in '/root/modular_arm_ros2/ws_custom_robot/build/custom_robot_description' returned '0': CMAKE_PREFIX_PATH=${CMAKE_PREFIX_PATH}:/opt/ros/humble /usr/bin/cmake --build /root/modular_arm_ros2/ws_custom_robot/build/custom_robot_description -- -j8 -l8
[1.106s] DEBUG:colcon.colcon_core.event_handler.log_command:Invoking command in '/root/modular_arm_ros2/ws_custom_robot/build/custom_robot_bringup': CMAKE_PREFIX_PATH=${CMAKE_PREFIX_PATH}:/opt/ros/humble /usr/bin/cmake --install /root/modular_arm_ros2/ws_custom_robot/build/custom_robot_bringup
[1.108s] DEBUG:colcon.colcon_core.event_handler.log_command:Invoking command in '/root/modular_arm_ros2/ws_custom_robot/build/custom_robot_description': CMAKE_PREFIX_PATH=${CMAKE_PREFIX_PATH}:/opt/ros/humble /usr/bin/cmake --install /root/modular_arm_ros2/ws_custom_robot/build/custom_robot_description
[1.117s] Level 1:colcon.colcon_core.environment:create_environment_scripts_only(custom_robot_bringup)
[1.118s] DEBUG:colcon.colcon_core.event_handler.log_command:Invoked command in '/root/modular_arm_ros2/ws_custom_robot/build/custom_robot_bringup' returned '0': CMAKE_PREFIX_PATH=${CMAKE_PREFIX_PATH}:/opt/ros/humble /usr/bin/cmake --install /root/modular_arm_ros2/ws_custom_robot/build/custom_robot_bringup
[1.124s] Level 1:colcon.colcon_core.environment:checking '/root/modular_arm_ros2/ws_custom_robot/install/custom_robot_bringup' for CMake module files
[1.125s] Level 1:colcon.colcon_core.environment:checking '/root/modular_arm_ros2/ws_custom_robot/install/custom_robot_bringup' for CMake config files
[1.126s] Level 1:colcon.colcon_core.shell:create_environment_hook('custom_robot_bringup', 'cmake_prefix_path')
[1.126s] INFO:colcon.colcon_core.shell:Creating environment hook '/root/modular_arm_ros2/ws_custom_robot/install/custom_robot_bringup/share/custom_robot_bringup/hook/cmake_prefix_path.ps1'
[1.127s] INFO:colcon.colcon_core.shell:Creating environment descriptor '/root/modular_arm_ros2/ws_custom_robot/install/custom_robot_bringup/share/custom_robot_bringup/hook/cmake_prefix_path.dsv'
[1.127s] INFO:colcon.colcon_core.shell:Creating environment hook '/root/modular_arm_ros2/ws_custom_robot/install/custom_robot_bringup/share/custom_robot_bringup/hook/cmake_prefix_path.sh'
[1.129s] Level 1:colcon.colcon_core.environment:checking '/root/modular_arm_ros2/ws_custom_robot/install/custom_robot_bringup/bin'
[1.129s] Level 1:colcon.colcon_core.environment:checking '/root/modular_arm_ros2/ws_custom_robot/install/custom_robot_bringup/lib/pkgconfig/custom_robot_bringup.pc'
[1.131s] Level 1:colcon.colcon_core.environment:checking '/root/modular_arm_ros2/ws_custom_robot/install/custom_robot_bringup/lib/python3.10/site-packages'
[1.131s] Level 1:colcon.colcon_core.environment:checking '/root/modular_arm_ros2/ws_custom_robot/install/custom_robot_bringup/bin'
[1.132s] INFO:colcon.colcon_core.shell:Creating package script '/root/modular_arm_ros2/ws_custom_robot/install/custom_robot_bringup/share/custom_robot_bringup/package.ps1'
[1.133s] INFO:colcon.colcon_core.shell:Creating package descriptor '/root/modular_arm_ros2/ws_custom_robot/install/custom_robot_bringup/share/custom_robot_bringup/package.dsv'
[1.134s] INFO:colcon.colcon_core.shell:Creating package script '/root/modular_arm_ros2/ws_custom_robot/install/custom_robot_bringup/share/custom_robot_bringup/package.sh'
[1.135s] INFO:colcon.colcon_core.shell:Creating package script '/root/modular_arm_ros2/ws_custom_robot/install/custom_robot_bringup/share/custom_robot_bringup/package.bash'
[1.136s] INFO:colcon.colcon_core.shell:Creating package script '/root/modular_arm_ros2/ws_custom_robot/install/custom_robot_bringup/share/custom_robot_bringup/package.zsh'
[1.137s] Level 1:colcon.colcon_core.environment:create_file_with_runtime_dependencies(/root/modular_arm_ros2/ws_custom_robot/install/custom_robot_bringup/share/colcon-core/packages/custom_robot_bringup)
[1.139s] Level 1:colcon.colcon_core.environment:create_environment_scripts_only(custom_robot_description)
[1.139s] Level 1:colcon.colcon_core.environment:checking '/root/modular_arm_ros2/ws_custom_robot/install/custom_robot_description' for CMake module files
[1.140s] DEBUG:colcon.colcon_core.event_handler.log_command:Invoked command in '/root/modular_arm_ros2/ws_custom_robot/build/custom_robot_description' returned '0': CMAKE_PREFIX_PATH=${CMAKE_PREFIX_PATH}:/opt/ros/humble /usr/bin/cmake --install /root/modular_arm_ros2/ws_custom_robot/build/custom_robot_description
[1.140s] Level 1:colcon.colcon_core.environment:checking '/root/modular_arm_ros2/ws_custom_robot/install/custom_robot_description' for CMake config files
[1.141s] Level 1:colcon.colcon_core.shell:create_environment_hook('custom_robot_description', 'cmake_prefix_path')
[1.141s] INFO:colcon.colcon_core.shell:Creating environment hook '/root/modular_arm_ros2/ws_custom_robot/install/custom_robot_description/share/custom_robot_description/hook/cmake_prefix_path.ps1'
[1.142s] INFO:colcon.colcon_core.shell:Creating environment descriptor '/root/modular_arm_ros2/ws_custom_robot/install/custom_robot_description/share/custom_robot_description/hook/cmake_prefix_path.dsv'
[1.142s] INFO:colcon.colcon_core.shell:Creating environment hook '/root/modular_arm_ros2/ws_custom_robot/install/custom_robot_description/share/custom_robot_description/hook/cmake_prefix_path.sh'
[1.143s] Level 1:colcon.colcon_core.environment:checking '/root/modular_arm_ros2/ws_custom_robot/install/custom_robot_description/bin'
[1.143s] Level 1:colcon.colcon_core.environment:checking '/root/modular_arm_ros2/ws_custom_robot/install/custom_robot_description/lib/pkgconfig/custom_robot_description.pc'
[1.143s] Level 1:colcon.colcon_core.environment:checking '/root/modular_arm_ros2/ws_custom_robot/install/custom_robot_description/lib/python3.10/site-packages'
[1.143s] Level 1:colcon.colcon_core.environment:checking '/root/modular_arm_ros2/ws_custom_robot/install/custom_robot_description/bin'
[1.144s] INFO:colcon.colcon_core.shell:Creating package script '/root/modular_arm_ros2/ws_custom_robot/install/custom_robot_description/share/custom_robot_description/package.ps1'
[1.145s] INFO:colcon.colcon_core.shell:Creating package descriptor '/root/modular_arm_ros2/ws_custom_robot/install/custom_robot_description/share/custom_robot_description/package.dsv'
[1.145s] INFO:colcon.colcon_core.shell:Creating package script '/root/modular_arm_ros2/ws_custom_robot/install/custom_robot_description/share/custom_robot_description/package.sh'
[1.146s] INFO:colcon.colcon_core.shell:Creating package script '/root/modular_arm_ros2/ws_custom_robot/install/custom_robot_description/share/custom_robot_description/package.bash'
[1.146s] INFO:colcon.colcon_core.shell:Creating package script '/root/modular_arm_ros2/ws_custom_robot/install/custom_robot_description/share/custom_robot_description/package.zsh'
[1.146s] Level 1:colcon.colcon_core.environment:create_file_with_runtime_dependencies(/root/modular_arm_ros2/ws_custom_robot/install/custom_robot_description/share/colcon-core/packages/custom_robot_description)
[1.157s] Level 1:colcon.colcon_core.environment:create_environment_scripts_only(custom_robot_bringup)
[1.158s] Level 1:colcon.colcon_core.environment:checking '/root/modular_arm_ros2/ws_custom_robot/install/custom_robot_bringup' for CMake module files
[1.158s] Level 1:colcon.colcon_core.environment:checking '/root/modular_arm_ros2/ws_custom_robot/install/custom_robot_bringup' for CMake config files
[1.159s] Level 1:colcon.colcon_core.shell:create_environment_hook('custom_robot_bringup', 'cmake_prefix_path')
[1.159s] INFO:colcon.colcon_core.shell:Creating environment hook '/root/modular_arm_ros2/ws_custom_robot/install/custom_robot_bringup/share/custom_robot_bringup/hook/cmake_prefix_path.ps1'
[1.160s] INFO:colcon.colcon_core.shell:Creating environment descriptor '/root/modular_arm_ros2/ws_custom_robot/install/custom_robot_bringup/share/custom_robot_bringup/hook/cmake_prefix_path.dsv'
[1.160s] INFO:colcon.colcon_core.shell:Creating environment hook '/root/modular_arm_ros2/ws_custom_robot/install/custom_robot_bringup/share/custom_robot_bringup/hook/cmake_prefix_path.sh'
[1.161s] Level 1:colcon.colcon_core.environment:checking '/root/modular_arm_ros2/ws_custom_robot/install/custom_robot_bringup/bin'
[1.161s] Level 1:colcon.colcon_core.environment:checking '/root/modular_arm_ros2/ws_custom_robot/install/custom_robot_bringup/lib/pkgconfig/custom_robot_bringup.pc'
[1.161s] Level 1:colcon.colcon_core.environment:checking '/root/modular_arm_ros2/ws_custom_robot/install/custom_robot_bringup/lib/python3.10/site-packages'
[1.162s] Level 1:colcon.colcon_core.environment:checking '/root/modular_arm_ros2/ws_custom_robot/install/custom_robot_bringup/bin'
[1.162s] INFO:colcon.colcon_core.shell:Creating package script '/root/modular_arm_ros2/ws_custom_robot/install/custom_robot_bringup/share/custom_robot_bringup/package.ps1'
[1.163s] INFO:colcon.colcon_core.shell:Creating package descriptor '/root/modular_arm_ros2/ws_custom_robot/install/custom_robot_bringup/share/custom_robot_bringup/package.dsv'
[1.163s] INFO:colcon.colcon_core.shell:Creating package script '/root/modular_arm_ros2/ws_custom_robot/install/custom_robot_bringup/share/custom_robot_bringup/package.sh'
[1.164s] INFO:colcon.colcon_core.shell:Creating package script '/root/modular_arm_ros2/ws_custom_robot/install/custom_robot_bringup/share/custom_robot_bringup/package.bash'
[1.164s] INFO:colcon.colcon_core.shell:Creating package script '/root/modular_arm_ros2/ws_custom_robot/install/custom_robot_bringup/share/custom_robot_bringup/package.zsh'
[1.165s] Level 1:colcon.colcon_core.environment:create_file_with_runtime_dependencies(/root/modular_arm_ros2/ws_custom_robot/install/custom_robot_bringup/share/colcon-core/packages/custom_robot_bringup)
[1.166s] Level 1:colcon.colcon_core.environment:create_environment_scripts_only(custom_robot_description)
[1.166s] Level 1:colcon.colcon_core.environment:checking '/root/modular_arm_ros2/ws_custom_robot/install/custom_robot_description' for CMake module files
[1.167s] Level 1:colcon.colcon_core.environment:checking '/root/modular_arm_ros2/ws_custom_robot/install/custom_robot_description' for CMake config files
[1.167s] Level 1:colcon.colcon_core.shell:create_environment_hook('custom_robot_description', 'cmake_prefix_path')
[1.168s] INFO:colcon.colcon_core.shell:Creating environment hook '/root/modular_arm_ros2/ws_custom_robot/install/custom_robot_description/share/custom_robot_description/hook/cmake_prefix_path.ps1'
[1.168s] INFO:colcon.colcon_core.shell:Creating environment descriptor '/root/modular_arm_ros2/ws_custom_robot/install/custom_robot_description/share/custom_robot_description/hook/cmake_prefix_path.dsv'
[1.168s] INFO:colcon.colcon_core.shell:Creating environment hook '/root/modular_arm_ros2/ws_custom_robot/install/custom_robot_description/share/custom_robot_description/hook/cmake_prefix_path.sh'
[1.169s] Level 1:colcon.colcon_core.environment:checking '/root/modular_arm_ros2/ws_custom_robot/install/custom_robot_description/bin'
[1.169s] Level 1:colcon.colcon_core.environment:checking '/root/modular_arm_ros2/ws_custom_robot/install/custom_robot_description/lib/pkgconfig/custom_robot_description.pc'
[1.169s] Level 1:colcon.colcon_core.environment:checking '/root/modular_arm_ros2/ws_custom_robot/install/custom_robot_description/lib/python3.10/site-packages'
[1.169s] Level 1:colcon.colcon_core.environment:checking '/root/modular_arm_ros2/ws_custom_robot/install/custom_robot_description/bin'
[1.169s] INFO:colcon.colcon_core.shell:Creating package script '/root/modular_arm_ros2/ws_custom_robot/install/custom_robot_description/share/custom_robot_description/package.ps1'
[1.170s] INFO:colcon.colcon_core.shell:Creating package descriptor '/root/modular_arm_ros2/ws_custom_robot/install/custom_robot_description/share/custom_robot_description/package.dsv'
[1.170s] INFO:colcon.colcon_core.shell:Creating package script '/root/modular_arm_ros2/ws_custom_robot/install/custom_robot_description/share/custom_robot_description/package.sh'
[1.171s] INFO:colcon.colcon_core.shell:Creating package script '/root/modular_arm_ros2/ws_custom_robot/install/custom_robot_description/share/custom_robot_description/package.bash'
[1.171s] INFO:colcon.colcon_core.shell:Creating package script '/root/modular_arm_ros2/ws_custom_robot/install/custom_robot_description/share/custom_robot_description/package.zsh'
[1.171s] Level 1:colcon.colcon_core.environment:create_file_with_runtime_dependencies(/root/modular_arm_ros2/ws_custom_robot/install/custom_robot_description/share/colcon-core/packages/custom_robot_description)
[1.172s] INFO:colcon.colcon_ros.task.ament_cmake.build:Building ROS package in '/root/modular_arm_ros2/ws_custom_robot/src/custom_robot_config' with build type 'ament_cmake'
[1.172s] INFO:colcon.colcon_cmake.task.cmake.build:Building CMake package in '/root/modular_arm_ros2/ws_custom_robot/src/custom_robot_config'
[1.172s] INFO:colcon.colcon_core.shell:Skip shell extension 'powershell' for command environment: Not usable outside of PowerShell
[1.172s] DEBUG:colcon.colcon_core.shell:Skip shell extension 'dsv' for command environment
[1.181s] DEBUG:colcon.colcon_core.event_handler.log_command:Invoking command in '/root/modular_arm_ros2/ws_custom_robot/build/custom_robot_config': CMAKE_PREFIX_PATH=/root/modular_arm_ros2/ws_custom_robot/install/custom_robot_description:/root/modular_arm_ros2/ws_custom_robot/install/custom_robot_config:/root/modular_arm_ros2/ws_custom_robot/install/custom_robot_controller:/root/modular_arm_ros2/ws_custom_robot/install/custom_robot_bringup:/root/ws_custom_robot/install/custom_robot_controller:/root/ws_custom_robot/install/custom_robot_bringup:/root/ws_custom_robot/src/install/custom_robot_config:/root/ws_custom_robot/src/install/custom_robot_description:/root/ws_custom_robot/src/install/custom_robot_bringup:/root/ws_custom_robot/install/custom_robot_config:/root/ws_custom_robot/install/custom_robot_description:/opt/ros/humble /usr/bin/cmake /root/modular_arm_ros2/ws_custom_robot/src/custom_robot_config -DCMAKE_INSTALL_PREFIX=/root/modular_arm_ros2/ws_custom_robot/install/custom_robot_config
[1.839s] DEBUG:colcon.colcon_core.event_handler.log_command:Invoked command in '/root/modular_arm_ros2/ws_custom_robot/build/custom_robot_config' returned '0': CMAKE_PREFIX_PATH=/root/modular_arm_ros2/ws_custom_robot/install/custom_robot_description:/root/modular_arm_ros2/ws_custom_robot/install/custom_robot_config:/root/modular_arm_ros2/ws_custom_robot/install/custom_robot_controller:/root/modular_arm_ros2/ws_custom_robot/install/custom_robot_bringup:/root/ws_custom_robot/install/custom_robot_controller:/root/ws_custom_robot/install/custom_robot_bringup:/root/ws_custom_robot/src/install/custom_robot_config:/root/ws_custom_robot/src/install/custom_robot_description:/root/ws_custom_robot/src/install/custom_robot_bringup:/root/ws_custom_robot/install/custom_robot_config:/root/ws_custom_robot/install/custom_robot_description:/opt/ros/humble /usr/bin/cmake /root/modular_arm_ros2/ws_custom_robot/src/custom_robot_config -DCMAKE_INSTALL_PREFIX=/root/modular_arm_ros2/ws_custom_robot/install/custom_robot_config
[1.841s] DEBUG:colcon.colcon_core.event_handler.log_command:Invoking command in '/root/modular_arm_ros2/ws_custom_robot/build/custom_robot_config': CMAKE_PREFIX_PATH=/root/modular_arm_ros2/ws_custom_robot/install/custom_robot_description:/root/modular_arm_ros2/ws_custom_robot/install/custom_robot_config:/root/modular_arm_ros2/ws_custom_robot/install/custom_robot_controller:/root/modular_arm_ros2/ws_custom_robot/install/custom_robot_bringup:/root/ws_custom_robot/install/custom_robot_controller:/root/ws_custom_robot/install/custom_robot_bringup:/root/ws_custom_robot/src/install/custom_robot_config:/root/ws_custom_robot/src/install/custom_robot_description:/root/ws_custom_robot/src/install/custom_robot_bringup:/root/ws_custom_robot/install/custom_robot_config:/root/ws_custom_robot/install/custom_robot_description:/opt/ros/humble /usr/bin/cmake --build /root/modular_arm_ros2/ws_custom_robot/build/custom_robot_config -- -j8 -l8
[1.897s] DEBUG:colcon.colcon_core.event_handler.log_command:Invoked command in '/root/modular_arm_ros2/ws_custom_robot/build/custom_robot_config' returned '0': CMAKE_PREFIX_PATH=/root/modular_arm_ros2/ws_custom_robot/install/custom_robot_description:/root/modular_arm_ros2/ws_custom_robot/install/custom_robot_config:/root/modular_arm_ros2/ws_custom_robot/install/custom_robot_controller:/root/modular_arm_ros2/ws_custom_robot/install/custom_robot_bringup:/root/ws_custom_robot/install/custom_robot_controller:/root/ws_custom_robot/install/custom_robot_bringup:/root/ws_custom_robot/src/install/custom_robot_config:/root/ws_custom_robot/src/install/custom_robot_description:/root/ws_custom_robot/src/install/custom_robot_bringup:/root/ws_custom_robot/install/custom_robot_config:/root/ws_custom_robot/install/custom_robot_description:/opt/ros/humble /usr/bin/cmake --build /root/modular_arm_ros2/ws_custom_robot/build/custom_robot_config -- -j8 -l8
[1.935s] DEBUG:colcon.colcon_core.event_handler.log_command:Invoking command in '/root/modular_arm_ros2/ws_custom_robot/build/custom_robot_config': CMAKE_PREFIX_PATH=/root/modular_arm_ros2/ws_custom_robot/install/custom_robot_description:/root/modular_arm_ros2/ws_custom_robot/install/custom_robot_config:/root/modular_arm_ros2/ws_custom_robot/install/custom_robot_controller:/root/modular_arm_ros2/ws_custom_robot/install/custom_robot_bringup:/root/ws_custom_robot/install/custom_robot_controller:/root/ws_custom_robot/install/custom_robot_bringup:/root/ws_custom_robot/src/install/custom_robot_config:/root/ws_custom_robot/src/install/custom_robot_description:/root/ws_custom_robot/src/install/custom_robot_bringup:/root/ws_custom_robot/install/custom_robot_config:/root/ws_custom_robot/install/custom_robot_description:/opt/ros/humble /usr/bin/cmake --install /root/modular_arm_ros2/ws_custom_robot/build/custom_robot_config
[1.957s] Level 1:colcon.colcon_core.environment:create_environment_scripts_only(custom_robot_config)
[1.958s] Level 1:colcon.colcon_core.environment:checking '/root/modular_arm_ros2/ws_custom_robot/install/custom_robot_config' for CMake module files
[1.959s] DEBUG:colcon.colcon_core.event_handler.log_command:Invoked command in '/root/modular_arm_ros2/ws_custom_robot/build/custom_robot_config' returned '0': CMAKE_PREFIX_PATH=/root/modular_arm_ros2/ws_custom_robot/install/custom_robot_description:/root/modular_arm_ros2/ws_custom_robot/install/custom_robot_config:/root/modular_arm_ros2/ws_custom_robot/install/custom_robot_controller:/root/modular_arm_ros2/ws_custom_robot/install/custom_robot_bringup:/root/ws_custom_robot/install/custom_robot_controller:/root/ws_custom_robot/install/custom_robot_bringup:/root/ws_custom_robot/src/install/custom_robot_config:/root/ws_custom_robot/src/install/custom_robot_description:/root/ws_custom_robot/src/install/custom_robot_bringup:/root/ws_custom_robot/install/custom_robot_config:/root/ws_custom_robot/install/custom_robot_description:/opt/ros/humble /usr/bin/cmake --install /root/modular_arm_ros2/ws_custom_robot/build/custom_robot_config
[1.959s] Level 1:colcon.colcon_core.environment:checking '/root/modular_arm_ros2/ws_custom_robot/install/custom_robot_config' for CMake config files
[1.960s] Level 1:colcon.colcon_core.shell:create_environment_hook('custom_robot_config', 'cmake_prefix_path')
[1.960s] INFO:colcon.colcon_core.shell:Creating environment hook '/root/modular_arm_ros2/ws_custom_robot/install/custom_robot_config/share/custom_robot_config/hook/cmake_prefix_path.ps1'
[1.961s] INFO:colcon.colcon_core.shell:Creating environment descriptor '/root/modular_arm_ros2/ws_custom_robot/install/custom_robot_config/share/custom_robot_config/hook/cmake_prefix_path.dsv'
[1.961s] INFO:colcon.colcon_core.shell:Creating environment hook '/root/modular_arm_ros2/ws_custom_robot/install/custom_robot_config/share/custom_robot_config/hook/cmake_prefix_path.sh'
[1.962s] Level 1:colcon.colcon_core.environment:checking '/root/modular_arm_ros2/ws_custom_robot/install/custom_robot_config/bin'
[1.962s] Level 1:colcon.colcon_core.environment:checking '/root/modular_arm_ros2/ws_custom_robot/install/custom_robot_config/lib/pkgconfig/custom_robot_config.pc'
[1.963s] Level 1:colcon.colcon_core.environment:checking '/root/modular_arm_ros2/ws_custom_robot/install/custom_robot_config/lib/python3.10/site-packages'
[1.963s] Level 1:colcon.colcon_core.environment:checking '/root/modular_arm_ros2/ws_custom_robot/install/custom_robot_config/bin'
[1.964s] INFO:colcon.colcon_core.shell:Creating package script '/root/modular_arm_ros2/ws_custom_robot/install/custom_robot_config/share/custom_robot_config/package.ps1'
[1.964s] INFO:colcon.colcon_core.shell:Creating package descriptor '/root/modular_arm_ros2/ws_custom_robot/install/custom_robot_config/share/custom_robot_config/package.dsv'
[1.965s] INFO:colcon.colcon_core.shell:Creating package script '/root/modular_arm_ros2/ws_custom_robot/install/custom_robot_config/share/custom_robot_config/package.sh'
[1.965s] INFO:colcon.colcon_core.shell:Creating package script '/root/modular_arm_ros2/ws_custom_robot/install/custom_robot_config/share/custom_robot_config/package.bash'
[1.966s] INFO:colcon.colcon_core.shell:Creating package script '/root/modular_arm_ros2/ws_custom_robot/install/custom_robot_config/share/custom_robot_config/package.zsh'
[1.966s] Level 1:colcon.colcon_core.environment:create_file_with_runtime_dependencies(/root/modular_arm_ros2/ws_custom_robot/install/custom_robot_config/share/colcon-core/packages/custom_robot_config)
[2.005s] Level 1:colcon.colcon_core.environment:create_environment_scripts_only(custom_robot_config)
[2.005s] Level 1:colcon.colcon_core.environment:checking '/root/modular_arm_ros2/ws_custom_robot/install/custom_robot_config' for CMake module files
[2.006s] Level 1:colcon.colcon_core.environment:checking '/root/modular_arm_ros2/ws_custom_robot/install/custom_robot_config' for CMake config files
[2.006s] Level 1:colcon.colcon_core.shell:create_environment_hook('custom_robot_config', 'cmake_prefix_path')
[2.007s] INFO:colcon.colcon_core.shell:Creating environment hook '/root/modular_arm_ros2/ws_custom_robot/install/custom_robot_config/share/custom_robot_config/hook/cmake_prefix_path.ps1'
[2.007s] INFO:colcon.colcon_core.shell:Creating environment descriptor '/root/modular_arm_ros2/ws_custom_robot/install/custom_robot_config/share/custom_robot_config/hook/cmake_prefix_path.dsv'
[2.008s] INFO:colcon.colcon_core.shell:Creating environment hook '/root/modular_arm_ros2/ws_custom_robot/install/custom_robot_config/share/custom_robot_config/hook/cmake_prefix_path.sh'
[2.009s] Level 1:colcon.colcon_core.environment:checking '/root/modular_arm_ros2/ws_custom_robot/install/custom_robot_config/bin'
[2.009s] Level 1:colcon.colcon_core.environment:checking '/root/modular_arm_ros2/ws_custom_robot/install/custom_robot_config/lib/pkgconfig/custom_robot_config.pc'
[2.009s] Level 1:colcon.colcon_core.environment:checking '/root/modular_arm_ros2/ws_custom_robot/install/custom_robot_config/lib/python3.10/site-packages'
[2.009s] Level 1:colcon.colcon_core.environment:checking '/root/modular_arm_ros2/ws_custom_robot/install/custom_robot_config/bin'
[2.010s] INFO:colcon.colcon_core.shell:Creating package script '/root/modular_arm_ros2/ws_custom_robot/install/custom_robot_config/share/custom_robot_config/package.ps1'
[2.011s] INFO:colcon.colcon_core.shell:Creating package descriptor '/root/modular_arm_ros2/ws_custom_robot/install/custom_robot_config/share/custom_robot_config/package.dsv'
[2.011s] INFO:colcon.colcon_core.shell:Creating package script '/root/modular_arm_ros2/ws_custom_robot/install/custom_robot_config/share/custom_robot_config/package.sh'
[2.012s] INFO:colcon.colcon_core.shell:Creating package script '/root/modular_arm_ros2/ws_custom_robot/install/custom_robot_config/share/custom_robot_config/package.bash'
[2.013s] INFO:colcon.colcon_core.shell:Creating package script '/root/modular_arm_ros2/ws_custom_robot/install/custom_robot_config/share/custom_robot_config/package.zsh'
[2.013s] Level 1:colcon.colcon_core.environment:create_file_with_runtime_dependencies(/root/modular_arm_ros2/ws_custom_robot/install/custom_robot_config/share/colcon-core/packages/custom_robot_config)
[2.874s] DEBUG:colcon.colcon_core.event_handler.log_command:Invoked command in '/root/modular_arm_ros2/ws_custom_robot/build/custom_robot_controller' returned '0': CMAKE_PREFIX_PATH=${CMAKE_PREFIX_PATH}:/opt/ros/humble /usr/bin/cmake /root/modular_arm_ros2/ws_custom_robot/src/custom_robot_controller -DCMAKE_INSTALL_PREFIX=/root/modular_arm_ros2/ws_custom_robot/install/custom_robot_controller
[2.874s] DEBUG:colcon.colcon_core.event_handler.log_command:Invoking command in '/root/modular_arm_ros2/ws_custom_robot/build/custom_robot_controller': CMAKE_PREFIX_PATH=${CMAKE_PREFIX_PATH}:/opt/ros/humble /usr/bin/cmake --build /root/modular_arm_ros2/ws_custom_robot/build/custom_robot_controller -- -j8 -l8
[6.457s] DEBUG:colcon.colcon_core.event_handler.log_command:Invoked command in '/root/modular_arm_ros2/ws_custom_robot/build/custom_robot_controller' returned '0': CMAKE_PREFIX_PATH=${CMAKE_PREFIX_PATH}:/opt/ros/humble /usr/bin/cmake --build /root/modular_arm_ros2/ws_custom_robot/build/custom_robot_controller -- -j8 -l8
[6.498s] DEBUG:colcon.colcon_core.event_handler.log_command:Invoking command in '/root/modular_arm_ros2/ws_custom_robot/build/custom_robot_controller': CMAKE_PREFIX_PATH=${CMAKE_PREFIX_PATH}:/opt/ros/humble /usr/bin/cmake --install /root/modular_arm_ros2/ws_custom_robot/build/custom_robot_controller
[6.522s] Level 1:colcon.colcon_core.environment:create_environment_scripts_only(custom_robot_controller)
[6.522s] DEBUG:colcon.colcon_core.event_handler.log_command:Invoked command in '/root/modular_arm_ros2/ws_custom_robot/build/custom_robot_controller' returned '0': CMAKE_PREFIX_PATH=${CMAKE_PREFIX_PATH}:/opt/ros/humble /usr/bin/cmake --install /root/modular_arm_ros2/ws_custom_robot/build/custom_robot_controller
[6.523s] Level 1:colcon.colcon_core.environment:checking '/root/modular_arm_ros2/ws_custom_robot/install/custom_robot_controller' for CMake module files
[6.524s] Level 1:colcon.colcon_core.environment:checking '/root/modular_arm_ros2/ws_custom_robot/install/custom_robot_controller' for CMake config files
[6.525s] Level 1:colcon.colcon_core.shell:create_environment_hook('custom_robot_controller', 'cmake_prefix_path')
[6.525s] INFO:colcon.colcon_core.shell:Creating environment hook '/root/modular_arm_ros2/ws_custom_robot/install/custom_robot_controller/share/custom_robot_controller/hook/cmake_prefix_path.ps1'
[6.526s] INFO:colcon.colcon_core.shell:Creating environment descriptor '/root/modular_arm_ros2/ws_custom_robot/install/custom_robot_controller/share/custom_robot_controller/hook/cmake_prefix_path.dsv'
[6.526s] INFO:colcon.colcon_core.shell:Creating environment hook '/root/modular_arm_ros2/ws_custom_robot/install/custom_robot_controller/share/custom_robot_controller/hook/cmake_prefix_path.sh'
[6.527s] Level 1:colcon.colcon_core.environment:checking '/root/modular_arm_ros2/ws_custom_robot/install/custom_robot_controller/lib'
[6.527s] Level 1:colcon.colcon_core.shell:create_environment_hook('custom_robot_controller', 'ld_library_path_lib')
[6.528s] INFO:colcon.colcon_core.shell:Creating environment hook '/root/modular_arm_ros2/ws_custom_robot/install/custom_robot_controller/share/custom_robot_controller/hook/ld_library_path_lib.ps1'
[6.528s] INFO:colcon.colcon_core.shell:Creating environment descriptor '/root/modular_arm_ros2/ws_custom_robot/install/custom_robot_controller/share/custom_robot_controller/hook/ld_library_path_lib.dsv'
[6.529s] INFO:colcon.colcon_core.shell:Creating environment hook '/root/modular_arm_ros2/ws_custom_robot/install/custom_robot_controller/share/custom_robot_controller/hook/ld_library_path_lib.sh'
[6.529s] Level 1:colcon.colcon_core.environment:checking '/root/modular_arm_ros2/ws_custom_robot/install/custom_robot_controller/bin'
[6.529s] Level 1:colcon.colcon_core.environment:checking '/root/modular_arm_ros2/ws_custom_robot/install/custom_robot_controller/lib/pkgconfig/custom_robot_controller.pc'
[6.530s] Level 1:colcon.colcon_core.environment:checking '/root/modular_arm_ros2/ws_custom_robot/install/custom_robot_controller/lib/python3.10/site-packages'
[6.530s] Level 1:colcon.colcon_core.environment:checking '/root/modular_arm_ros2/ws_custom_robot/install/custom_robot_controller/bin'
[6.531s] INFO:colcon.colcon_core.shell:Creating package script '/root/modular_arm_ros2/ws_custom_robot/install/custom_robot_controller/share/custom_robot_controller/package.ps1'
[6.531s] INFO:colcon.colcon_core.shell:Creating package descriptor '/root/modular_arm_ros2/ws_custom_robot/install/custom_robot_controller/share/custom_robot_controller/package.dsv'
[6.532s] INFO:colcon.colcon_core.shell:Creating package script '/root/modular_arm_ros2/ws_custom_robot/install/custom_robot_controller/share/custom_robot_controller/package.sh'
[6.533s] INFO:colcon.colcon_core.shell:Creating package script '/root/modular_arm_ros2/ws_custom_robot/install/custom_robot_controller/share/custom_robot_controller/package.bash'
[6.533s] INFO:colcon.colcon_core.shell:Creating package script '/root/modular_arm_ros2/ws_custom_robot/install/custom_robot_controller/share/custom_robot_controller/package.zsh'
[6.533s] Level 1:colcon.colcon_core.environment:create_file_with_runtime_dependencies(/root/modular_arm_ros2/ws_custom_robot/install/custom_robot_controller/share/colcon-core/packages/custom_robot_controller)
[6.576s] Level 1:colcon.colcon_core.environment:create_environment_scripts_only(custom_robot_controller)
[6.576s] Level 1:colcon.colcon_core.environment:checking '/root/modular_arm_ros2/ws_custom_robot/install/custom_robot_controller' for CMake module files
[6.577s] Level 1:colcon.colcon_core.environment:checking '/root/modular_arm_ros2/ws_custom_robot/install/custom_robot_controller' for CMake config files
[6.577s] Level 1:colcon.colcon_core.shell:create_environment_hook('custom_robot_controller', 'cmake_prefix_path')
[6.578s] INFO:colcon.colcon_core.shell:Creating environment hook '/root/modular_arm_ros2/ws_custom_robot/install/custom_robot_controller/share/custom_robot_controller/hook/cmake_prefix_path.ps1'
[6.578s] INFO:colcon.colcon_core.shell:Creating environment descriptor '/root/modular_arm_ros2/ws_custom_robot/install/custom_robot_controller/share/custom_robot_controller/hook/cmake_prefix_path.dsv'
[6.579s] INFO:colcon.colcon_core.shell:Creating environment hook '/root/modular_arm_ros2/ws_custom_robot/install/custom_robot_controller/share/custom_robot_controller/hook/cmake_prefix_path.sh'
[6.580s] Level 1:colcon.colcon_core.environment:checking '/root/modular_arm_ros2/ws_custom_robot/install/custom_robot_controller/lib'
[6.580s] Level 1:colcon.colcon_core.shell:create_environment_hook('custom_robot_controller', 'ld_library_path_lib')
[6.580s] INFO:colcon.colcon_core.shell:Creating environment hook '/root/modular_arm_ros2/ws_custom_robot/install/custom_robot_controller/share/custom_robot_controller/hook/ld_library_path_lib.ps1'
[6.581s] INFO:colcon.colcon_core.shell:Creating environment descriptor '/root/modular_arm_ros2/ws_custom_robot/install/custom_robot_controller/share/custom_robot_controller/hook/ld_library_path_lib.dsv'
[6.581s] INFO:colcon.colcon_core.shell:Creating environment hook '/root/modular_arm_ros2/ws_custom_robot/install/custom_robot_controller/share/custom_robot_controller/hook/ld_library_path_lib.sh'
[6.582s] Level 1:colcon.colcon_core.environment:checking '/root/modular_arm_ros2/ws_custom_robot/install/custom_robot_controller/bin'
[6.582s] Level 1:colcon.colcon_core.environment:checking '/root/modular_arm_ros2/ws_custom_robot/install/custom_robot_controller/lib/pkgconfig/custom_robot_controller.pc'
[6.583s] Level 1:colcon.colcon_core.environment:checking '/root/modular_arm_ros2/ws_custom_robot/install/custom_robot_controller/lib/python3.10/site-packages'
[6.583s] Level 1:colcon.colcon_core.environment:checking '/root/modular_arm_ros2/ws_custom_robot/install/custom_robot_controller/bin'
[6.584s] INFO:colcon.colcon_core.shell:Creating package script '/root/modular_arm_ros2/ws_custom_robot/install/custom_robot_controller/share/custom_robot_controller/package.ps1'
[6.585s] INFO:colcon.colcon_core.shell:Creating package descriptor '/root/modular_arm_ros2/ws_custom_robot/install/custom_robot_controller/share/custom_robot_controller/package.dsv'
[6.586s] INFO:colcon.colcon_core.shell:Creating package script '/root/modular_arm_ros2/ws_custom_robot/install/custom_robot_controller/share/custom_robot_controller/package.sh'
[6.587s] INFO:colcon.colcon_core.shell:Creating package script '/root/modular_arm_ros2/ws_custom_robot/install/custom_robot_controller/share/custom_robot_controller/package.bash'
[6.587s] INFO:colcon.colcon_core.shell:Creating package script '/root/modular_arm_ros2/ws_custom_robot/install/custom_robot_controller/share/custom_robot_controller/package.zsh'
[6.588s] Level 1:colcon.colcon_core.environment:create_file_with_runtime_dependencies(/root/modular_arm_ros2/ws_custom_robot/install/custom_robot_controller/share/colcon-core/packages/custom_robot_controller)
[6.589s] DEBUG:colcon.colcon_parallel_executor.executor.parallel:closing loop
[6.589s] DEBUG:colcon.colcon_parallel_executor.executor.parallel:loop closed
[6.590s] DEBUG:colcon.colcon_parallel_executor.executor.parallel:run_until_complete finished with '0'
[6.590s] DEBUG:colcon.colcon_core.event_reactor:joining thread
[6.616s] INFO:colcon.colcon_core.plugin_system:Skipping extension 'colcon_notification.desktop_notification.notify_send': Could not find 'notify-send'
[6.617s] INFO:colcon.colcon_core.plugin_system:Skipping extension 'colcon_notification.desktop_notification.terminal_notifier': Not used on non-Darwin systems
[6.617s] INFO:colcon.colcon_core.plugin_system:Skipping extension 'colcon_notification.desktop_notification.win32': Not used on non-Windows systems
[6.617s] INFO:colcon.colcon_notification.desktop_notification:Sending desktop notification using 'notify2'
[6.621s] DEBUG:colcon.colcon_notification.desktop_notification.notify2:Failed to initialize notify2: org.freedesktop.DBus.Error.Spawn.ExecFailed: /usr/bin/dbus-launch terminated abnormally without any error message
[6.622s] DEBUG:colcon.colcon_core.event_reactor:joined thread
[6.623s] INFO:colcon.colcon_core.shell:Creating prefix script '/root/modular_arm_ros2/ws_custom_robot/install/local_setup.ps1'
[6.625s] INFO:colcon.colcon_core.shell:Creating prefix util module '/root/modular_arm_ros2/ws_custom_robot/install/_local_setup_util_ps1.py'
[6.628s] INFO:colcon.colcon_core.shell:Creating prefix chain script '/root/modular_arm_ros2/ws_custom_robot/install/setup.ps1'
[6.630s] INFO:colcon.colcon_core.shell:Creating prefix script '/root/modular_arm_ros2/ws_custom_robot/install/local_setup.sh'
[6.631s] INFO:colcon.colcon_core.shell:Creating prefix util module '/root/modular_arm_ros2/ws_custom_robot/install/_local_setup_util_sh.py'
[6.633s] INFO:colcon.colcon_core.shell:Creating prefix chain script '/root/modular_arm_ros2/ws_custom_robot/install/setup.sh'
[6.635s] INFO:colcon.colcon_core.shell:Creating prefix script '/root/modular_arm_ros2/ws_custom_robot/install/local_setup.bash'
[6.636s] INFO:colcon.colcon_core.shell:Creating prefix chain script '/root/modular_arm_ros2/ws_custom_robot/install/setup.bash'
[6.638s] INFO:colcon.colcon_core.shell:Creating prefix script '/root/modular_arm_ros2/ws_custom_robot/install/local_setup.zsh'
[6.639s] INFO:colcon.colcon_core.shell:Creating prefix chain script '/root/modular_arm_ros2/ws_custom_robot/install/setup.zsh'
