-- Install configuration: ""
-- Up-to-date: /root/modular_arm_ros2/ws_custom_robot/install/custom_robot_config/share/ament_index/resource_index/package_run_dependencies/custom_robot_config
-- Up-to-date: /root/modular_arm_ros2/ws_custom_robot/install/custom_robot_config/share/ament_index/resource_index/parent_prefix_path/custom_robot_config
-- Up-to-date: /root/modular_arm_ros2/ws_custom_robot/install/custom_robot_config/share/custom_robot_config/environment/ament_prefix_path.sh
-- Up-to-date: /root/modular_arm_ros2/ws_custom_robot/install/custom_robot_config/share/custom_robot_config/environment/ament_prefix_path.dsv
-- Up-to-date: /root/modular_arm_ros2/ws_custom_robot/install/custom_robot_config/share/custom_robot_config/environment/path.sh
-- Up-to-date: /root/modular_arm_ros2/ws_custom_robot/install/custom_robot_config/share/custom_robot_config/environment/path.dsv
-- Up-to-date: /root/modular_arm_ros2/ws_custom_robot/install/custom_robot_config/share/custom_robot_config/local_setup.bash
-- Up-to-date: /root/modular_arm_ros2/ws_custom_robot/install/custom_robot_config/share/custom_robot_config/local_setup.sh
-- Up-to-date: /root/modular_arm_ros2/ws_custom_robot/install/custom_robot_config/share/custom_robot_config/local_setup.zsh
-- Up-to-date: /root/modular_arm_ros2/ws_custom_robot/install/custom_robot_config/share/custom_robot_config/local_setup.dsv
-- Up-to-date: /root/modular_arm_ros2/ws_custom_robot/install/custom_robot_config/share/custom_robot_config/package.dsv
-- Up-to-date: /root/modular_arm_ros2/ws_custom_robot/install/custom_robot_config/share/ament_index/resource_index/packages/custom_robot_config
-- Up-to-date: /root/modular_arm_ros2/ws_custom_robot/install/custom_robot_config/share/custom_robot_config/cmake/custom_robot_configConfig.cmake
-- Up-to-date: /root/modular_arm_ros2/ws_custom_robot/install/custom_robot_config/share/custom_robot_config/cmake/custom_robot_configConfig-version.cmake
-- Up-to-date: /root/modular_arm_ros2/ws_custom_robot/install/custom_robot_config/share/custom_robot_config/package.xml
-- Up-to-date: /root/modular_arm_ros2/ws_custom_robot/install/custom_robot_config/share/custom_robot_config/launch
-- Up-to-date: /root/modular_arm_ros2/ws_custom_robot/install/custom_robot_config/share/custom_robot_config/launch/move_group.launch.py
-- Up-to-date: /root/modular_arm_ros2/ws_custom_robot/install/custom_robot_config/share/custom_robot_config/launch/moveit_rviz.launch.py
-- Up-to-date: /root/modular_arm_ros2/ws_custom_robot/install/custom_robot_config/share/custom_robot_config/launch/warehouse_db.launch.py
-- Up-to-date: /root/modular_arm_ros2/ws_custom_robot/install/custom_robot_config/share/custom_robot_config/launch/rsp.launch.py
-- Up-to-date: /root/modular_arm_ros2/ws_custom_robot/install/custom_robot_config/share/custom_robot_config/launch/static_virtual_joint_tfs.launch.py
-- Up-to-date: /root/modular_arm_ros2/ws_custom_robot/install/custom_robot_config/share/custom_robot_config/launch/setup_assistant.launch.py
-- Up-to-date: /root/modular_arm_ros2/ws_custom_robot/install/custom_robot_config/share/custom_robot_config/launch/spawn_controllers.launch.py
-- Up-to-date: /root/modular_arm_ros2/ws_custom_robot/install/custom_robot_config/share/custom_robot_config/launch/demo.launch.py
-- Up-to-date: /root/modular_arm_ros2/ws_custom_robot/install/custom_robot_config/share/custom_robot_config/config
-- Up-to-date: /root/modular_arm_ros2/ws_custom_robot/install/custom_robot_config/share/custom_robot_config/config/moveit_controllers.yaml
-- Up-to-date: /root/modular_arm_ros2/ws_custom_robot/install/custom_robot_config/share/custom_robot_config/config/custom_robot.srdf
-- Up-to-date: /root/modular_arm_ros2/ws_custom_robot/install/custom_robot_config/share/custom_robot_config/config/initial_positions.yaml
-- Up-to-date: /root/modular_arm_ros2/ws_custom_robot/install/custom_robot_config/share/custom_robot_config/config/custom_robot.ros2_control.xacro
-- Up-to-date: /root/modular_arm_ros2/ws_custom_robot/install/custom_robot_config/share/custom_robot_config/config/pilz_cartesian_limits.yaml
-- Up-to-date: /root/modular_arm_ros2/ws_custom_robot/install/custom_robot_config/share/custom_robot_config/config/kinematics.yaml
-- Up-to-date: /root/modular_arm_ros2/ws_custom_robot/install/custom_robot_config/share/custom_robot_config/config/custom_robot.urdf.xacro
-- Up-to-date: /root/modular_arm_ros2/ws_custom_robot/install/custom_robot_config/share/custom_robot_config/config/joint_limits.yaml
-- Up-to-date: /root/modular_arm_ros2/ws_custom_robot/install/custom_robot_config/share/custom_robot_config/config/ros2_controllers.yaml
-- Up-to-date: /root/modular_arm_ros2/ws_custom_robot/install/custom_robot_config/share/custom_robot_config/.setup_assistant
