[0.018s] Invoking command in '/root/modular_arm_ros2/ws_custom_robot/build/custom_robot_description': CMAKE_PREFIX_PATH=${CMAKE_PREFIX_PATH}:/opt/ros/humble /usr/bin/cmake /root/modular_arm_ros2/ws_custom_robot/src/custom_robot_description -DCMAKE_INSTALL_PREFIX=/root/modular_arm_ros2/ws_custom_robot/install/custom_robot_description
[0.076s] -- The C compiler identification is GNU 11.4.0
[0.146s] -- The CXX compiler identification is GNU 11.4.0
[0.156s] -- Detecting C compiler ABI info
[0.244s] -- Detecting C compiler ABI info - done
[0.256s] -- Check for working C compiler: /usr/bin/cc - skipped
[0.256s] -- Detecting C compile features
[0.257s] -- Detecting C compile features - done
[0.261s] -- Detecting CXX compiler ABI info
[0.337s] -- Detecting CXX compiler ABI info - done
[0.345s] -- Check for working CXX compiler: /usr/bin/c++ - skipped
[0.345s] -- Detecting CXX compile features
[0.346s] -- Detecting CXX compile features - done
[0.351s] -- Found ament_cmake: 1.3.9 (/opt/ros/humble/share/ament_cmake/cmake)
[0.541s] -- Found Python3: /usr/bin/python3 (found version "3.10.12") found components: Interpreter 
[0.668s] -- Found ament_lint_auto: 0.12.11 (/opt/ros/humble/share/ament_lint_auto/cmake)
[0.798s] -- Added test 'lint_cmake' to check CMake code style
[0.800s] -- Added test 'xmllint' to check XML markup files
[0.801s] -- Configuring done
[0.804s] -- Generating done
[0.805s] -- Build files have been written to: /root/modular_arm_ros2/ws_custom_robot/build/custom_robot_description
[0.810s] Invoked command in '/root/modular_arm_ros2/ws_custom_robot/build/custom_robot_description' returned '0': CMAKE_PREFIX_PATH=${CMAKE_PREFIX_PATH}:/opt/ros/humble /usr/bin/cmake /root/modular_arm_ros2/ws_custom_robot/src/custom_robot_description -DCMAKE_INSTALL_PREFIX=/root/modular_arm_ros2/ws_custom_robot/install/custom_robot_description
[0.812s] Invoking command in '/root/modular_arm_ros2/ws_custom_robot/build/custom_robot_description': CMAKE_PREFIX_PATH=${CMAKE_PREFIX_PATH}:/opt/ros/humble /usr/bin/cmake --build /root/modular_arm_ros2/ws_custom_robot/build/custom_robot_description -- -j8 -l8
[0.850s] Invoked command in '/root/modular_arm_ros2/ws_custom_robot/build/custom_robot_description' returned '0': CMAKE_PREFIX_PATH=${CMAKE_PREFIX_PATH}:/opt/ros/humble /usr/bin/cmake --build /root/modular_arm_ros2/ws_custom_robot/build/custom_robot_description -- -j8 -l8
[0.887s] Invoking command in '/root/modular_arm_ros2/ws_custom_robot/build/custom_robot_description': CMAKE_PREFIX_PATH=${CMAKE_PREFIX_PATH}:/opt/ros/humble /usr/bin/cmake --install /root/modular_arm_ros2/ws_custom_robot/build/custom_robot_description
[0.895s] -- Install configuration: ""
[0.895s] -- Installing: /root/modular_arm_ros2/ws_custom_robot/install/custom_robot_description/share/custom_robot_description/meshes
[0.895s] -- Installing: /root/modular_arm_ros2/ws_custom_robot/install/custom_robot_description/share/custom_robot_description/meshes/base_link_right_adjust.stl
[0.895s] -- Installing: /root/modular_arm_ros2/ws_custom_robot/install/custom_robot_description/share/custom_robot_description/meshes/dc_link_cover.stl
[0.895s] -- Installing: /root/modular_arm_ros2/ws_custom_robot/install/custom_robot_description/share/custom_robot_description/meshes/long_arm_middle.stl
[0.896s] -- Installing: /root/modular_arm_ros2/ws_custom_robot/install/custom_robot_description/share/custom_robot_description/meshes/dc_link_base.stl
[0.896s] -- Installing: /root/modular_arm_ros2/ws_custom_robot/install/custom_robot_description/share/custom_robot_description/meshes/base_link.stl
[0.897s] -- Installing: /root/modular_arm_ros2/ws_custom_robot/install/custom_robot_description/share/custom_robot_description/meshes/base_top.stl
[0.897s] -- Installing: /root/modular_arm_ros2/ws_custom_robot/install/custom_robot_description/share/custom_robot_description/meshes/base_link_left.stl
[0.897s] -- Installing: /root/modular_arm_ros2/ws_custom_robot/install/custom_robot_description/share/custom_robot_description/meshes/long_arm_top.stl
[0.898s] -- Installing: /root/modular_arm_ros2/ws_custom_robot/install/custom_robot_description/share/custom_robot_description/meshes/base_lower.stl
[0.898s] -- Installing: /root/modular_arm_ros2/ws_custom_robot/install/custom_robot_description/share/custom_robot_description/meshes/base_middle.stl
[0.898s] -- Installing: /root/modular_arm_ros2/ws_custom_robot/install/custom_robot_description/share/custom_robot_description/meshes/long_arm_base.stl
[0.899s] -- Installing: /root/modular_arm_ros2/ws_custom_robot/install/custom_robot_description/share/custom_robot_description/meshes/dc_link_top.stl
[0.901s] -- Installing: /root/modular_arm_ros2/ws_custom_robot/install/custom_robot_description/share/custom_robot_description/meshes/base_link_right.stl
[0.901s] -- Installing: /root/modular_arm_ros2/ws_custom_robot/install/custom_robot_description/share/custom_robot_description/urdf
[0.901s] -- Installing: /root/modular_arm_ros2/ws_custom_robot/install/custom_robot_description/share/custom_robot_description/urdf/custom_robot.urdf.xacro
[0.901s] -- Installing: /root/modular_arm_ros2/ws_custom_robot/install/custom_robot_description/share/custom_robot_description/models
[0.901s] -- Installing: /root/modular_arm_ros2/ws_custom_robot/install/custom_robot_description/share/custom_robot_description/models/ground_plane
[0.901s] -- Installing: /root/modular_arm_ros2/ws_custom_robot/install/custom_robot_description/share/custom_robot_description/models/ground_plane/model-1_4.sdf
[0.901s] -- Installing: /root/modular_arm_ros2/ws_custom_robot/install/custom_robot_description/share/custom_robot_description/models/ground_plane/model-1_3.sdf
[0.902s] -- Installing: /root/modular_arm_ros2/ws_custom_robot/install/custom_robot_description/share/custom_robot_description/models/ground_plane/model-1_2.sdf
[0.902s] -- Installing: /root/modular_arm_ros2/ws_custom_robot/install/custom_robot_description/share/custom_robot_description/models/ground_plane/model.config
[0.902s] -- Installing: /root/modular_arm_ros2/ws_custom_robot/install/custom_robot_description/share/custom_robot_description/models/ground_plane/model.sdf
[0.902s] -- Installing: /root/modular_arm_ros2/ws_custom_robot/install/custom_robot_description/share/custom_robot_description/models/sun
[0.902s] -- Installing: /root/modular_arm_ros2/ws_custom_robot/install/custom_robot_description/share/custom_robot_description/models/sun/model-1_4.sdf
[0.902s] -- Installing: /root/modular_arm_ros2/ws_custom_robot/install/custom_robot_description/share/custom_robot_description/models/sun/model-1_3.sdf
[0.902s] -- Installing: /root/modular_arm_ros2/ws_custom_robot/install/custom_robot_description/share/custom_robot_description/models/sun/model-1_2.sdf
[0.902s] -- Installing: /root/modular_arm_ros2/ws_custom_robot/install/custom_robot_description/share/custom_robot_description/models/sun/model.config
[0.902s] -- Installing: /root/modular_arm_ros2/ws_custom_robot/install/custom_robot_description/share/custom_robot_description/models/sun/model.sdf
[0.902s] -- Installing: /root/modular_arm_ros2/ws_custom_robot/install/custom_robot_description/share/ament_index/resource_index/package_run_dependencies/custom_robot_description
[0.902s] -- Installing: /root/modular_arm_ros2/ws_custom_robot/install/custom_robot_description/share/ament_index/resource_index/parent_prefix_path/custom_robot_description
[0.902s] -- Installing: /root/modular_arm_ros2/ws_custom_robot/install/custom_robot_description/share/custom_robot_description/environment/ament_prefix_path.sh
[0.903s] -- Installing: /root/modular_arm_ros2/ws_custom_robot/install/custom_robot_description/share/custom_robot_description/environment/ament_prefix_path.dsv
[0.903s] -- Installing: /root/modular_arm_ros2/ws_custom_robot/install/custom_robot_description/share/custom_robot_description/environment/path.sh
[0.903s] -- Installing: /root/modular_arm_ros2/ws_custom_robot/install/custom_robot_description/share/custom_robot_description/environment/path.dsv
[0.903s] -- Installing: /root/modular_arm_ros2/ws_custom_robot/install/custom_robot_description/share/custom_robot_description/local_setup.bash
[0.903s] -- Installing: /root/modular_arm_ros2/ws_custom_robot/install/custom_robot_description/share/custom_robot_description/local_setup.sh
[0.903s] -- Installing: /root/modular_arm_ros2/ws_custom_robot/install/custom_robot_description/share/custom_robot_description/local_setup.zsh
[0.903s] -- Installing: /root/modular_arm_ros2/ws_custom_robot/install/custom_robot_description/share/custom_robot_description/local_setup.dsv
[0.904s] -- Installing: /root/modular_arm_ros2/ws_custom_robot/install/custom_robot_description/share/custom_robot_description/package.dsv
[0.904s] -- Installing: /root/modular_arm_ros2/ws_custom_robot/install/custom_robot_description/share/ament_index/resource_index/packages/custom_robot_description
[0.904s] -- Installing: /root/modular_arm_ros2/ws_custom_robot/install/custom_robot_description/share/custom_robot_description/cmake/custom_robot_descriptionConfig.cmake
[0.904s] -- Installing: /root/modular_arm_ros2/ws_custom_robot/install/custom_robot_description/share/custom_robot_description/cmake/custom_robot_descriptionConfig-version.cmake
[0.904s] -- Installing: /root/modular_arm_ros2/ws_custom_robot/install/custom_robot_description/share/custom_robot_description/package.xml
[0.906s] Invoked command in '/root/modular_arm_ros2/ws_custom_robot/build/custom_robot_description' returned '0': CMAKE_PREFIX_PATH=${CMAKE_PREFIX_PATH}:/opt/ros/humble /usr/bin/cmake --install /root/modular_arm_ros2/ws_custom_robot/build/custom_robot_description
