[0.013s] Invoking command in '/root/modular_arm_ros2/ws_custom_robot/build/custom_robot_bringup': CMAKE_PREFIX_PATH=${CMAKE_PREFIX_PATH}:/opt/ros/humble /usr/bin/cmake --build /root/modular_arm_ros2/ws_custom_robot/build/custom_robot_bringup -- -j8 -l8
[0.038s] Invoked command in '/root/modular_arm_ros2/ws_custom_robot/build/custom_robot_bringup' returned '0': CMAKE_PREFIX_PATH=${CMAKE_PREFIX_PATH}:/opt/ros/humble /usr/bin/cmake --build /root/modular_arm_ros2/ws_custom_robot/build/custom_robot_bringup -- -j8 -l8
[0.062s] Invoking command in '/root/modular_arm_ros2/ws_custom_robot/build/custom_robot_bringup': CMAKE_PREFIX_PATH=${CMAKE_PREFIX_PATH}:/opt/ros/humble /usr/bin/cmake --install /root/modular_arm_ros2/ws_custom_robot/build/custom_robot_bringup
[0.067s] -- Install configuration: ""
[0.067s] -- Up-to-date: /root/modular_arm_ros2/ws_custom_robot/install/custom_robot_bringup/share/custom_robot_bringup/launch
[0.068s] -- Up-to-date: /root/modular_arm_ros2/ws_custom_robot/install/custom_robot_bringup/share/custom_robot_bringup/launch/bringup.launch.py
[0.068s] -- Up-to-date: /root/modular_arm_ros2/ws_custom_robot/install/custom_robot_bringup/share/ament_index/resource_index/package_run_dependencies/custom_robot_bringup
[0.068s] -- Up-to-date: /root/modular_arm_ros2/ws_custom_robot/install/custom_robot_bringup/share/ament_index/resource_index/parent_prefix_path/custom_robot_bringup
[0.068s] -- Up-to-date: /root/modular_arm_ros2/ws_custom_robot/install/custom_robot_bringup/share/custom_robot_bringup/environment/ament_prefix_path.sh
[0.068s] -- Up-to-date: /root/modular_arm_ros2/ws_custom_robot/install/custom_robot_bringup/share/custom_robot_bringup/environment/ament_prefix_path.dsv
[0.068s] -- Up-to-date: /root/modular_arm_ros2/ws_custom_robot/install/custom_robot_bringup/share/custom_robot_bringup/environment/path.sh
[0.068s] -- Up-to-date: /root/modular_arm_ros2/ws_custom_robot/install/custom_robot_bringup/share/custom_robot_bringup/environment/path.dsv
[0.068s] -- Up-to-date: /root/modular_arm_ros2/ws_custom_robot/install/custom_robot_bringup/share/custom_robot_bringup/local_setup.bash
[0.068s] -- Up-to-date: /root/modular_arm_ros2/ws_custom_robot/install/custom_robot_bringup/share/custom_robot_bringup/local_setup.sh
[0.068s] -- Up-to-date: /root/modular_arm_ros2/ws_custom_robot/install/custom_robot_bringup/share/custom_robot_bringup/local_setup.zsh
[0.068s] -- Up-to-date: /root/modular_arm_ros2/ws_custom_robot/install/custom_robot_bringup/share/custom_robot_bringup/local_setup.dsv
[0.068s] -- Installing: /root/modular_arm_ros2/ws_custom_robot/install/custom_robot_bringup/share/custom_robot_bringup/package.dsv
[0.068s] -- Up-to-date: /root/modular_arm_ros2/ws_custom_robot/install/custom_robot_bringup/share/ament_index/resource_index/packages/custom_robot_bringup
[0.068s] -- Up-to-date: /root/modular_arm_ros2/ws_custom_robot/install/custom_robot_bringup/share/custom_robot_bringup/cmake/custom_robot_bringupConfig.cmake
[0.069s] -- Up-to-date: /root/modular_arm_ros2/ws_custom_robot/install/custom_robot_bringup/share/custom_robot_bringup/cmake/custom_robot_bringupConfig-version.cmake
[0.069s] -- Up-to-date: /root/modular_arm_ros2/ws_custom_robot/install/custom_robot_bringup/share/custom_robot_bringup/package.xml
[0.072s] Invoked command in '/root/modular_arm_ros2/ws_custom_robot/build/custom_robot_bringup' returned '0': CMAKE_PREFIX_PATH=${CMAKE_PREFIX_PATH}:/opt/ros/humble /usr/bin/cmake --install /root/modular_arm_ros2/ws_custom_robot/build/custom_robot_bringup
