[0.085s] DEBUG:colcon:Command line arguments: ['/usr/bin/colcon', 'build']
[0.085s] DEBUG:colcon:Parsed command line arguments: Namespace(log_base=None, log_level=None, verb_name='build', build_base='build', install_base='install', merge_install=False, symlink_install=False, test_result_base=None, continue_on_error=False, executor='parallel', parallel_workers=8, event_handlers=None, ignore_user_meta=False, metas=['./colcon.meta'], base_paths=['.'], packages_ignore=None, packages_ignore_regex=None, paths=None, packages_up_to=None, packages_up_to_regex=None, packages_above=None, packages_above_and_dependencies=None, packages_above_depth=None, packages_select_by_dep=None, packages_skip_by_dep=None, packages_skip_up_to=None, packages_select_build_failed=False, packages_skip_build_finished=False, packages_select_test_failures=False, packages_skip_test_passed=False, packages_select=None, packages_skip=None, packages_select_regex=None, packages_skip_regex=None, packages_start=None, packages_end=None, cmake_args=None, cmake_target=None, cmake_target_skip_unavailable=False, cmake_clean_cache=False, cmake_clean_first=False, cmake_force_configure=False, ament_cmake_args=None, catkin_cmake_args=None, catkin_skip_building_tests=False, mixin_files=None, mixin=None, verb_parser=<colcon_mixin.mixin.mixin_argument.MixinArgumentDecorator object at 0x7e3eb3d743a0>, verb_extension=<colcon_core.verb.build.BuildVerb object at 0x7e3eb3d4bdc0>, main=<bound method BuildVerb.main of <colcon_core.verb.build.BuildVerb object at 0x7e3eb3d4bdc0>>, mixin_verb=('build',))
[0.192s] Level 1:colcon.colcon_core.package_discovery:discover_packages(colcon_meta) check parameters
[0.192s] INFO:colcon.colcon_metadata.package_discovery.colcon_meta:Using configuration from '/root/.colcon/metadata/default/Gazebo.meta'
[0.193s] INFO:colcon.colcon_metadata.package_discovery.colcon_meta:Using configuration from '/root/.colcon/metadata/default/fastrtps.meta'
[0.193s] Level 1:colcon.colcon_core.package_discovery:discover_packages(recursive) check parameters
[0.193s] Level 1:colcon.colcon_core.package_discovery:discover_packages(ignore) check parameters
[0.193s] Level 1:colcon.colcon_core.package_discovery:discover_packages(path) check parameters
[0.193s] Level 1:colcon.colcon_core.package_discovery:discover_packages(colcon_meta) discover
[0.193s] Level 1:colcon.colcon_core.package_discovery:discover_packages(recursive) discover
[0.193s] INFO:colcon.colcon_core.package_discovery:Crawling recursively for packages in '/root/modular_arm_ros2/ws_custom_robot'
[0.193s] Level 1:colcon.colcon_core.package_identification:_identify(.) by extensions ['ignore', 'ignore_ament_install']
[0.193s] Level 1:colcon.colcon_core.package_identification:_identify(.) by extension 'ignore'
[0.193s] Level 1:colcon.colcon_core.package_identification:_identify(.) by extension 'ignore_ament_install'
[0.193s] Level 1:colcon.colcon_core.package_identification:_identify(.) by extensions ['colcon_pkg']
[0.193s] Level 1:colcon.colcon_core.package_identification:_identify(.) by extension 'colcon_pkg'
[0.193s] Level 1:colcon.colcon_core.package_identification:_identify(.) by extensions ['colcon_meta']
[0.193s] Level 1:colcon.colcon_core.package_identification:_identify(.) by extension 'colcon_meta'
[0.193s] Level 1:colcon.colcon_core.package_identification:_identify(.) by extensions ['ros']
[0.193s] Level 1:colcon.colcon_core.package_identification:_identify(.) by extension 'ros'
[0.202s] Level 1:colcon.colcon_core.package_identification:_identify(.) by extensions ['cmake', 'python']
[0.202s] Level 1:colcon.colcon_core.package_identification:_identify(.) by extension 'cmake'
[0.202s] Level 1:colcon.colcon_core.package_identification:_identify(.) by extension 'python'
[0.202s] Level 1:colcon.colcon_core.package_identification:_identify(.) by extensions ['python_setup_py']
[0.202s] Level 1:colcon.colcon_core.package_identification:_identify(.) by extension 'python_setup_py'
[0.202s] Level 1:colcon.colcon_core.package_identification:_identify(build) by extensions ['ignore', 'ignore_ament_install']
[0.203s] Level 1:colcon.colcon_core.package_identification:_identify(build) by extension 'ignore'
[0.203s] Level 1:colcon.colcon_core.package_identification:_identify(build) ignored
[0.203s] Level 1:colcon.colcon_core.package_identification:_identify(install) by extensions ['ignore', 'ignore_ament_install']
[0.203s] Level 1:colcon.colcon_core.package_identification:_identify(install) by extension 'ignore'
[0.203s] Level 1:colcon.colcon_core.package_identification:_identify(install) ignored
[0.203s] Level 1:colcon.colcon_core.package_identification:_identify(log) by extensions ['ignore', 'ignore_ament_install']
[0.203s] Level 1:colcon.colcon_core.package_identification:_identify(log) by extension 'ignore'
[0.203s] Level 1:colcon.colcon_core.package_identification:_identify(log) ignored
[0.203s] Level 1:colcon.colcon_core.package_identification:_identify(src) by extensions ['ignore', 'ignore_ament_install']
[0.203s] Level 1:colcon.colcon_core.package_identification:_identify(src) by extension 'ignore'
[0.203s] Level 1:colcon.colcon_core.package_identification:_identify(src) by extension 'ignore_ament_install'
[0.203s] Level 1:colcon.colcon_core.package_identification:_identify(src) by extensions ['colcon_pkg']
[0.203s] Level 1:colcon.colcon_core.package_identification:_identify(src) by extension 'colcon_pkg'
[0.203s] Level 1:colcon.colcon_core.package_identification:_identify(src) by extensions ['colcon_meta']
[0.203s] Level 1:colcon.colcon_core.package_identification:_identify(src) by extension 'colcon_meta'
[0.203s] Level 1:colcon.colcon_core.package_identification:_identify(src) by extensions ['ros']
[0.203s] Level 1:colcon.colcon_core.package_identification:_identify(src) by extension 'ros'
[0.203s] Level 1:colcon.colcon_core.package_identification:_identify(src) by extensions ['cmake', 'python']
[0.203s] Level 1:colcon.colcon_core.package_identification:_identify(src) by extension 'cmake'
[0.203s] Level 1:colcon.colcon_core.package_identification:_identify(src) by extension 'python'
[0.203s] Level 1:colcon.colcon_core.package_identification:_identify(src) by extensions ['python_setup_py']
[0.203s] Level 1:colcon.colcon_core.package_identification:_identify(src) by extension 'python_setup_py'
[0.203s] Level 1:colcon.colcon_core.package_identification:_identify(src/custom_robot_bringup) by extensions ['ignore', 'ignore_ament_install']
[0.204s] Level 1:colcon.colcon_core.package_identification:_identify(src/custom_robot_bringup) by extension 'ignore'
[0.204s] Level 1:colcon.colcon_core.package_identification:_identify(src/custom_robot_bringup) by extension 'ignore_ament_install'
[0.204s] Level 1:colcon.colcon_core.package_identification:_identify(src/custom_robot_bringup) by extensions ['colcon_pkg']
[0.204s] Level 1:colcon.colcon_core.package_identification:_identify(src/custom_robot_bringup) by extension 'colcon_pkg'
[0.204s] Level 1:colcon.colcon_core.package_identification:_identify(src/custom_robot_bringup) by extensions ['colcon_meta']
[0.204s] Level 1:colcon.colcon_core.package_identification:_identify(src/custom_robot_bringup) by extension 'colcon_meta'
[0.204s] Level 1:colcon.colcon_core.package_identification:_identify(src/custom_robot_bringup) by extensions ['ros']
[0.204s] Level 1:colcon.colcon_core.package_identification:_identify(src/custom_robot_bringup) by extension 'ros'
[0.205s] DEBUG:colcon.colcon_core.package_identification:Package 'src/custom_robot_bringup' with type 'ros.ament_cmake' and name 'custom_robot_bringup'
[0.206s] Level 1:colcon.colcon_core.package_identification:_identify(src/custom_robot_config) by extensions ['ignore', 'ignore_ament_install']
[0.206s] Level 1:colcon.colcon_core.package_identification:_identify(src/custom_robot_config) by extension 'ignore'
[0.206s] Level 1:colcon.colcon_core.package_identification:_identify(src/custom_robot_config) by extension 'ignore_ament_install'
[0.206s] Level 1:colcon.colcon_core.package_identification:_identify(src/custom_robot_config) by extensions ['colcon_pkg']
[0.206s] Level 1:colcon.colcon_core.package_identification:_identify(src/custom_robot_config) by extension 'colcon_pkg'
[0.206s] Level 1:colcon.colcon_core.package_identification:_identify(src/custom_robot_config) by extensions ['colcon_meta']
[0.206s] Level 1:colcon.colcon_core.package_identification:_identify(src/custom_robot_config) by extension 'colcon_meta'
[0.206s] Level 1:colcon.colcon_core.package_identification:_identify(src/custom_robot_config) by extensions ['ros']
[0.206s] Level 1:colcon.colcon_core.package_identification:_identify(src/custom_robot_config) by extension 'ros'
[0.206s] DEBUG:colcon.colcon_core.package_identification:Package 'src/custom_robot_config' with type 'ros.ament_cmake' and name 'custom_robot_config'
[0.207s] Level 1:colcon.colcon_core.package_identification:_identify(src/custom_robot_controller) by extensions ['ignore', 'ignore_ament_install']
[0.207s] Level 1:colcon.colcon_core.package_identification:_identify(src/custom_robot_controller) by extension 'ignore'
[0.207s] Level 1:colcon.colcon_core.package_identification:_identify(src/custom_robot_controller) by extension 'ignore_ament_install'
[0.207s] Level 1:colcon.colcon_core.package_identification:_identify(src/custom_robot_controller) by extensions ['colcon_pkg']
[0.207s] Level 1:colcon.colcon_core.package_identification:_identify(src/custom_robot_controller) by extension 'colcon_pkg'
[0.207s] Level 1:colcon.colcon_core.package_identification:_identify(src/custom_robot_controller) by extensions ['colcon_meta']
[0.207s] Level 1:colcon.colcon_core.package_identification:_identify(src/custom_robot_controller) by extension 'colcon_meta'
[0.207s] Level 1:colcon.colcon_core.package_identification:_identify(src/custom_robot_controller) by extensions ['ros']
[0.207s] Level 1:colcon.colcon_core.package_identification:_identify(src/custom_robot_controller) by extension 'ros'
[0.207s] DEBUG:colcon.colcon_core.package_identification:Package 'src/custom_robot_controller' with type 'ros.ament_cmake' and name 'custom_robot_controller'
[0.207s] Level 1:colcon.colcon_core.package_identification:_identify(src/custom_robot_description) by extensions ['ignore', 'ignore_ament_install']
[0.207s] Level 1:colcon.colcon_core.package_identification:_identify(src/custom_robot_description) by extension 'ignore'
[0.207s] Level 1:colcon.colcon_core.package_identification:_identify(src/custom_robot_description) by extension 'ignore_ament_install'
[0.207s] Level 1:colcon.colcon_core.package_identification:_identify(src/custom_robot_description) by extensions ['colcon_pkg']
[0.207s] Level 1:colcon.colcon_core.package_identification:_identify(src/custom_robot_description) by extension 'colcon_pkg'
[0.207s] Level 1:colcon.colcon_core.package_identification:_identify(src/custom_robot_description) by extensions ['colcon_meta']
[0.207s] Level 1:colcon.colcon_core.package_identification:_identify(src/custom_robot_description) by extension 'colcon_meta'
[0.207s] Level 1:colcon.colcon_core.package_identification:_identify(src/custom_robot_description) by extensions ['ros']
[0.207s] Level 1:colcon.colcon_core.package_identification:_identify(src/custom_robot_description) by extension 'ros'
[0.208s] DEBUG:colcon.colcon_core.package_identification:Package 'src/custom_robot_description' with type 'ros.ament_cmake' and name 'custom_robot_description'
[0.208s] Level 1:colcon.colcon_core.package_discovery:discover_packages(recursive) using defaults
[0.208s] Level 1:colcon.colcon_core.package_discovery:discover_packages(ignore) discover
[0.208s] Level 1:colcon.colcon_core.package_discovery:discover_packages(ignore) using defaults
[0.208s] Level 1:colcon.colcon_core.package_discovery:discover_packages(path) discover
[0.208s] Level 1:colcon.colcon_core.package_discovery:discover_packages(path) using defaults
[0.228s] Level 5:colcon.colcon_core.verb:set package 'custom_robot_bringup' build argument 'cmake_args' from command line to 'None'
[0.228s] Level 5:colcon.colcon_core.verb:set package 'custom_robot_bringup' build argument 'cmake_target' from command line to 'None'
[0.228s] Level 5:colcon.colcon_core.verb:set package 'custom_robot_bringup' build argument 'cmake_target_skip_unavailable' from command line to 'False'
[0.228s] Level 5:colcon.colcon_core.verb:set package 'custom_robot_bringup' build argument 'cmake_clean_cache' from command line to 'False'
[0.228s] Level 5:colcon.colcon_core.verb:set package 'custom_robot_bringup' build argument 'cmake_clean_first' from command line to 'False'
[0.228s] Level 5:colcon.colcon_core.verb:set package 'custom_robot_bringup' build argument 'cmake_force_configure' from command line to 'False'
[0.228s] Level 5:colcon.colcon_core.verb:set package 'custom_robot_bringup' build argument 'ament_cmake_args' from command line to 'None'
[0.228s] Level 5:colcon.colcon_core.verb:set package 'custom_robot_bringup' build argument 'catkin_cmake_args' from command line to 'None'
[0.228s] Level 5:colcon.colcon_core.verb:set package 'custom_robot_bringup' build argument 'catkin_skip_building_tests' from command line to 'False'
[0.228s] DEBUG:colcon.colcon_core.verb:Building package 'custom_robot_bringup' with the following arguments: {'ament_cmake_args': None, 'build_base': '/root/modular_arm_ros2/ws_custom_robot/build/custom_robot_bringup', 'catkin_cmake_args': None, 'catkin_skip_building_tests': False, 'cmake_args': None, 'cmake_clean_cache': False, 'cmake_clean_first': False, 'cmake_force_configure': False, 'cmake_target': None, 'cmake_target_skip_unavailable': False, 'install_base': '/root/modular_arm_ros2/ws_custom_robot/install/custom_robot_bringup', 'merge_install': False, 'path': '/root/modular_arm_ros2/ws_custom_robot/src/custom_robot_bringup', 'symlink_install': False, 'test_result_base': None}
[0.229s] Level 5:colcon.colcon_core.verb:set package 'custom_robot_controller' build argument 'cmake_args' from command line to 'None'
[0.229s] Level 5:colcon.colcon_core.verb:set package 'custom_robot_controller' build argument 'cmake_target' from command line to 'None'
[0.229s] Level 5:colcon.colcon_core.verb:set package 'custom_robot_controller' build argument 'cmake_target_skip_unavailable' from command line to 'False'
[0.229s] Level 5:colcon.colcon_core.verb:set package 'custom_robot_controller' build argument 'cmake_clean_cache' from command line to 'False'
[0.229s] Level 5:colcon.colcon_core.verb:set package 'custom_robot_controller' build argument 'cmake_clean_first' from command line to 'False'
[0.229s] Level 5:colcon.colcon_core.verb:set package 'custom_robot_controller' build argument 'cmake_force_configure' from command line to 'False'
[0.229s] Level 5:colcon.colcon_core.verb:set package 'custom_robot_controller' build argument 'ament_cmake_args' from command line to 'None'
[0.229s] Level 5:colcon.colcon_core.verb:set package 'custom_robot_controller' build argument 'catkin_cmake_args' from command line to 'None'
[0.229s] Level 5:colcon.colcon_core.verb:set package 'custom_robot_controller' build argument 'catkin_skip_building_tests' from command line to 'False'
[0.229s] DEBUG:colcon.colcon_core.verb:Building package 'custom_robot_controller' with the following arguments: {'ament_cmake_args': None, 'build_base': '/root/modular_arm_ros2/ws_custom_robot/build/custom_robot_controller', 'catkin_cmake_args': None, 'catkin_skip_building_tests': False, 'cmake_args': None, 'cmake_clean_cache': False, 'cmake_clean_first': False, 'cmake_force_configure': False, 'cmake_target': None, 'cmake_target_skip_unavailable': False, 'install_base': '/root/modular_arm_ros2/ws_custom_robot/install/custom_robot_controller', 'merge_install': False, 'path': '/root/modular_arm_ros2/ws_custom_robot/src/custom_robot_controller', 'symlink_install': False, 'test_result_base': None}
[0.229s] Level 5:colcon.colcon_core.verb:set package 'custom_robot_description' build argument 'cmake_args' from command line to 'None'
[0.229s] Level 5:colcon.colcon_core.verb:set package 'custom_robot_description' build argument 'cmake_target' from command line to 'None'
[0.229s] Level 5:colcon.colcon_core.verb:set package 'custom_robot_description' build argument 'cmake_target_skip_unavailable' from command line to 'False'
[0.230s] Level 5:colcon.colcon_core.verb:set package 'custom_robot_description' build argument 'cmake_clean_cache' from command line to 'False'
[0.230s] Level 5:colcon.colcon_core.verb:set package 'custom_robot_description' build argument 'cmake_clean_first' from command line to 'False'
[0.230s] Level 5:colcon.colcon_core.verb:set package 'custom_robot_description' build argument 'cmake_force_configure' from command line to 'False'
[0.230s] Level 5:colcon.colcon_core.verb:set package 'custom_robot_description' build argument 'ament_cmake_args' from command line to 'None'
[0.230s] Level 5:colcon.colcon_core.verb:set package 'custom_robot_description' build argument 'catkin_cmake_args' from command line to 'None'
[0.230s] Level 5:colcon.colcon_core.verb:set package 'custom_robot_description' build argument 'catkin_skip_building_tests' from command line to 'False'
[0.230s] DEBUG:colcon.colcon_core.verb:Building package 'custom_robot_description' with the following arguments: {'ament_cmake_args': None, 'build_base': '/root/modular_arm_ros2/ws_custom_robot/build/custom_robot_description', 'catkin_cmake_args': None, 'catkin_skip_building_tests': False, 'cmake_args': None, 'cmake_clean_cache': False, 'cmake_clean_first': False, 'cmake_force_configure': False, 'cmake_target': None, 'cmake_target_skip_unavailable': False, 'install_base': '/root/modular_arm_ros2/ws_custom_robot/install/custom_robot_description', 'merge_install': False, 'path': '/root/modular_arm_ros2/ws_custom_robot/src/custom_robot_description', 'symlink_install': False, 'test_result_base': None}
[0.230s] Level 5:colcon.colcon_core.verb:set package 'custom_robot_config' build argument 'cmake_args' from command line to 'None'
[0.230s] Level 5:colcon.colcon_core.verb:set package 'custom_robot_config' build argument 'cmake_target' from command line to 'None'
[0.230s] Level 5:colcon.colcon_core.verb:set package 'custom_robot_config' build argument 'cmake_target_skip_unavailable' from command line to 'False'
[0.230s] Level 5:colcon.colcon_core.verb:set package 'custom_robot_config' build argument 'cmake_clean_cache' from command line to 'False'
[0.230s] Level 5:colcon.colcon_core.verb:set package 'custom_robot_config' build argument 'cmake_clean_first' from command line to 'False'
[0.230s] Level 5:colcon.colcon_core.verb:set package 'custom_robot_config' build argument 'cmake_force_configure' from command line to 'False'
[0.230s] Level 5:colcon.colcon_core.verb:set package 'custom_robot_config' build argument 'ament_cmake_args' from command line to 'None'
[0.230s] Level 5:colcon.colcon_core.verb:set package 'custom_robot_config' build argument 'catkin_cmake_args' from command line to 'None'
[0.230s] Level 5:colcon.colcon_core.verb:set package 'custom_robot_config' build argument 'catkin_skip_building_tests' from command line to 'False'
[0.230s] DEBUG:colcon.colcon_core.verb:Building package 'custom_robot_config' with the following arguments: {'ament_cmake_args': None, 'build_base': '/root/modular_arm_ros2/ws_custom_robot/build/custom_robot_config', 'catkin_cmake_args': None, 'catkin_skip_building_tests': False, 'cmake_args': None, 'cmake_clean_cache': False, 'cmake_clean_first': False, 'cmake_force_configure': False, 'cmake_target': None, 'cmake_target_skip_unavailable': False, 'install_base': '/root/modular_arm_ros2/ws_custom_robot/install/custom_robot_config', 'merge_install': False, 'path': '/root/modular_arm_ros2/ws_custom_robot/src/custom_robot_config', 'symlink_install': False, 'test_result_base': None}
[0.230s] INFO:colcon.colcon_core.executor:Executing jobs using 'parallel' executor
[0.232s] DEBUG:colcon.colcon_parallel_executor.executor.parallel:run_until_complete
[0.232s] INFO:colcon.colcon_ros.task.ament_cmake.build:Building ROS package in '/root/modular_arm_ros2/ws_custom_robot/src/custom_robot_description' with build type 'ament_cmake'
[0.233s] INFO:colcon.colcon_cmake.task.cmake.build:Building CMake package in '/root/modular_arm_ros2/ws_custom_robot/src/custom_robot_description'
[0.235s] INFO:colcon.colcon_core.plugin_system:Skipping extension 'colcon_core.shell.bat': Not used on non-Windows systems
[0.235s] INFO:colcon.colcon_core.shell:Skip shell extension 'powershell' for command environment: Not usable outside of PowerShell
[0.235s] DEBUG:colcon.colcon_core.shell:Skip shell extension 'dsv' for command environment
[0.241s] INFO:colcon.colcon_ros.task.ament_cmake.build:Building ROS package in '/root/modular_arm_ros2/ws_custom_robot/src/custom_robot_bringup' with build type 'ament_cmake'
[0.241s] INFO:colcon.colcon_cmake.task.cmake.build:Building CMake package in '/root/modular_arm_ros2/ws_custom_robot/src/custom_robot_bringup'
[0.241s] INFO:colcon.colcon_core.shell:Skip shell extension 'powershell' for command environment: Not usable outside of PowerShell
[0.241s] DEBUG:colcon.colcon_core.shell:Skip shell extension 'dsv' for command environment
[0.245s] INFO:colcon.colcon_ros.task.ament_cmake.build:Building ROS package in '/root/modular_arm_ros2/ws_custom_robot/src/custom_robot_controller' with build type 'ament_cmake'
[0.245s] INFO:colcon.colcon_cmake.task.cmake.build:Building CMake package in '/root/modular_arm_ros2/ws_custom_robot/src/custom_robot_controller'
[0.245s] INFO:colcon.colcon_core.shell:Skip shell extension 'powershell' for command environment: Not usable outside of PowerShell
[0.245s] DEBUG:colcon.colcon_core.shell:Skip shell extension 'dsv' for command environment
[0.253s] DEBUG:colcon.colcon_core.event_handler.log_command:Invoking command in '/root/modular_arm_ros2/ws_custom_robot/build/custom_robot_description': CMAKE_PREFIX_PATH=${CMAKE_PREFIX_PATH}:/opt/ros/humble /usr/bin/cmake --build /root/modular_arm_ros2/ws_custom_robot/build/custom_robot_description -- -j8 -l8
[0.255s] DEBUG:colcon.colcon_core.event_handler.log_command:Invoking command in '/root/modular_arm_ros2/ws_custom_robot/build/custom_robot_bringup': CMAKE_PREFIX_PATH=${CMAKE_PREFIX_PATH}:/opt/ros/humble /usr/bin/cmake --build /root/modular_arm_ros2/ws_custom_robot/build/custom_robot_bringup -- -j8 -l8
[0.257s] DEBUG:colcon.colcon_core.event_handler.log_command:Invoking command in '/root/modular_arm_ros2/ws_custom_robot/build/custom_robot_controller': CMAKE_PREFIX_PATH=${CMAKE_PREFIX_PATH}:/opt/ros/humble /usr/bin/cmake --build /root/modular_arm_ros2/ws_custom_robot/build/custom_robot_controller -- -j8 -l8
[0.281s] DEBUG:colcon.colcon_core.event_handler.log_command:Invoked command in '/root/modular_arm_ros2/ws_custom_robot/build/custom_robot_bringup' returned '0': CMAKE_PREFIX_PATH=${CMAKE_PREFIX_PATH}:/opt/ros/humble /usr/bin/cmake --build /root/modular_arm_ros2/ws_custom_robot/build/custom_robot_bringup -- -j8 -l8
[0.283s] DEBUG:colcon.colcon_core.event_handler.log_command:Invoked command in '/root/modular_arm_ros2/ws_custom_robot/build/custom_robot_description' returned '0': CMAKE_PREFIX_PATH=${CMAKE_PREFIX_PATH}:/opt/ros/humble /usr/bin/cmake --build /root/modular_arm_ros2/ws_custom_robot/build/custom_robot_description -- -j8 -l8
[0.305s] DEBUG:colcon.colcon_core.event_handler.log_command:Invoking command in '/root/modular_arm_ros2/ws_custom_robot/build/custom_robot_bringup': CMAKE_PREFIX_PATH=${CMAKE_PREFIX_PATH}:/opt/ros/humble /usr/bin/cmake --install /root/modular_arm_ros2/ws_custom_robot/build/custom_robot_bringup
[0.307s] DEBUG:colcon.colcon_core.event_handler.log_command:Invoking command in '/root/modular_arm_ros2/ws_custom_robot/build/custom_robot_description': CMAKE_PREFIX_PATH=${CMAKE_PREFIX_PATH}:/opt/ros/humble /usr/bin/cmake --install /root/modular_arm_ros2/ws_custom_robot/build/custom_robot_description
[0.313s] Level 1:colcon.colcon_core.environment:create_environment_scripts_only(custom_robot_bringup)
[0.314s] DEBUG:colcon.colcon_core.event_handler.log_command:Invoked command in '/root/modular_arm_ros2/ws_custom_robot/build/custom_robot_bringup' returned '0': CMAKE_PREFIX_PATH=${CMAKE_PREFIX_PATH}:/opt/ros/humble /usr/bin/cmake --install /root/modular_arm_ros2/ws_custom_robot/build/custom_robot_bringup
[0.317s] Level 1:colcon.colcon_core.environment:checking '/root/modular_arm_ros2/ws_custom_robot/install/custom_robot_bringup' for CMake module files
[0.317s] Level 1:colcon.colcon_core.environment:checking '/root/modular_arm_ros2/ws_custom_robot/install/custom_robot_bringup' for CMake config files
[0.317s] Level 1:colcon.colcon_core.shell:create_environment_hook('custom_robot_bringup', 'cmake_prefix_path')
[0.318s] INFO:colcon.colcon_core.shell:Creating environment hook '/root/modular_arm_ros2/ws_custom_robot/install/custom_robot_bringup/share/custom_robot_bringup/hook/cmake_prefix_path.ps1'
[0.318s] INFO:colcon.colcon_core.shell:Creating environment descriptor '/root/modular_arm_ros2/ws_custom_robot/install/custom_robot_bringup/share/custom_robot_bringup/hook/cmake_prefix_path.dsv'
[0.318s] INFO:colcon.colcon_core.shell:Creating environment hook '/root/modular_arm_ros2/ws_custom_robot/install/custom_robot_bringup/share/custom_robot_bringup/hook/cmake_prefix_path.sh'
[0.319s] Level 1:colcon.colcon_core.environment:checking '/root/modular_arm_ros2/ws_custom_robot/install/custom_robot_bringup/bin'
[0.319s] Level 1:colcon.colcon_core.environment:checking '/root/modular_arm_ros2/ws_custom_robot/install/custom_robot_bringup/lib/pkgconfig/custom_robot_bringup.pc'
[0.320s] Level 1:colcon.colcon_core.environment:checking '/root/modular_arm_ros2/ws_custom_robot/install/custom_robot_bringup/lib/python3.10/site-packages'
[0.320s] Level 1:colcon.colcon_core.environment:checking '/root/modular_arm_ros2/ws_custom_robot/install/custom_robot_bringup/bin'
[0.321s] INFO:colcon.colcon_core.shell:Creating package script '/root/modular_arm_ros2/ws_custom_robot/install/custom_robot_bringup/share/custom_robot_bringup/package.ps1'
[0.321s] INFO:colcon.colcon_core.shell:Creating package descriptor '/root/modular_arm_ros2/ws_custom_robot/install/custom_robot_bringup/share/custom_robot_bringup/package.dsv'
[0.322s] INFO:colcon.colcon_core.shell:Creating package script '/root/modular_arm_ros2/ws_custom_robot/install/custom_robot_bringup/share/custom_robot_bringup/package.sh'
[0.322s] INFO:colcon.colcon_core.shell:Creating package script '/root/modular_arm_ros2/ws_custom_robot/install/custom_robot_bringup/share/custom_robot_bringup/package.bash'
[0.323s] INFO:colcon.colcon_core.shell:Creating package script '/root/modular_arm_ros2/ws_custom_robot/install/custom_robot_bringup/share/custom_robot_bringup/package.zsh'
[0.323s] Level 1:colcon.colcon_core.environment:create_file_with_runtime_dependencies(/root/modular_arm_ros2/ws_custom_robot/install/custom_robot_bringup/share/colcon-core/packages/custom_robot_bringup)
[0.324s] Level 1:colcon.colcon_core.environment:create_environment_scripts_only(custom_robot_description)
[0.325s] Level 1:colcon.colcon_core.environment:checking '/root/modular_arm_ros2/ws_custom_robot/install/custom_robot_description' for CMake module files
[0.325s] DEBUG:colcon.colcon_core.event_handler.log_command:Invoked command in '/root/modular_arm_ros2/ws_custom_robot/build/custom_robot_description' returned '0': CMAKE_PREFIX_PATH=${CMAKE_PREFIX_PATH}:/opt/ros/humble /usr/bin/cmake --install /root/modular_arm_ros2/ws_custom_robot/build/custom_robot_description
[0.325s] Level 1:colcon.colcon_core.environment:checking '/root/modular_arm_ros2/ws_custom_robot/install/custom_robot_description' for CMake config files
[0.325s] Level 1:colcon.colcon_core.shell:create_environment_hook('custom_robot_description', 'cmake_prefix_path')
[0.326s] INFO:colcon.colcon_core.shell:Creating environment hook '/root/modular_arm_ros2/ws_custom_robot/install/custom_robot_description/share/custom_robot_description/hook/cmake_prefix_path.ps1'
[0.326s] INFO:colcon.colcon_core.shell:Creating environment descriptor '/root/modular_arm_ros2/ws_custom_robot/install/custom_robot_description/share/custom_robot_description/hook/cmake_prefix_path.dsv'
[0.326s] INFO:colcon.colcon_core.shell:Creating environment hook '/root/modular_arm_ros2/ws_custom_robot/install/custom_robot_description/share/custom_robot_description/hook/cmake_prefix_path.sh'
[0.327s] Level 1:colcon.colcon_core.environment:checking '/root/modular_arm_ros2/ws_custom_robot/install/custom_robot_description/bin'
[0.327s] Level 1:colcon.colcon_core.environment:checking '/root/modular_arm_ros2/ws_custom_robot/install/custom_robot_description/lib/pkgconfig/custom_robot_description.pc'
[0.327s] Level 1:colcon.colcon_core.environment:checking '/root/modular_arm_ros2/ws_custom_robot/install/custom_robot_description/lib/python3.10/site-packages'
[0.327s] Level 1:colcon.colcon_core.environment:checking '/root/modular_arm_ros2/ws_custom_robot/install/custom_robot_description/bin'
[0.327s] INFO:colcon.colcon_core.shell:Creating package script '/root/modular_arm_ros2/ws_custom_robot/install/custom_robot_description/share/custom_robot_description/package.ps1'
[0.328s] INFO:colcon.colcon_core.shell:Creating package descriptor '/root/modular_arm_ros2/ws_custom_robot/install/custom_robot_description/share/custom_robot_description/package.dsv'
[0.328s] INFO:colcon.colcon_core.shell:Creating package script '/root/modular_arm_ros2/ws_custom_robot/install/custom_robot_description/share/custom_robot_description/package.sh'
[0.328s] INFO:colcon.colcon_core.shell:Creating package script '/root/modular_arm_ros2/ws_custom_robot/install/custom_robot_description/share/custom_robot_description/package.bash'
[0.328s] INFO:colcon.colcon_core.shell:Creating package script '/root/modular_arm_ros2/ws_custom_robot/install/custom_robot_description/share/custom_robot_description/package.zsh'
[0.329s] Level 1:colcon.colcon_core.environment:create_file_with_runtime_dependencies(/root/modular_arm_ros2/ws_custom_robot/install/custom_robot_description/share/colcon-core/packages/custom_robot_description)
[0.343s] Level 1:colcon.colcon_core.environment:create_environment_scripts_only(custom_robot_bringup)
[0.343s] Level 1:colcon.colcon_core.environment:checking '/root/modular_arm_ros2/ws_custom_robot/install/custom_robot_bringup' for CMake module files
[0.344s] Level 1:colcon.colcon_core.environment:checking '/root/modular_arm_ros2/ws_custom_robot/install/custom_robot_bringup' for CMake config files
[0.344s] Level 1:colcon.colcon_core.shell:create_environment_hook('custom_robot_bringup', 'cmake_prefix_path')
[0.345s] INFO:colcon.colcon_core.shell:Creating environment hook '/root/modular_arm_ros2/ws_custom_robot/install/custom_robot_bringup/share/custom_robot_bringup/hook/cmake_prefix_path.ps1'
[0.345s] INFO:colcon.colcon_core.shell:Creating environment descriptor '/root/modular_arm_ros2/ws_custom_robot/install/custom_robot_bringup/share/custom_robot_bringup/hook/cmake_prefix_path.dsv'
[0.346s] INFO:colcon.colcon_core.shell:Creating environment hook '/root/modular_arm_ros2/ws_custom_robot/install/custom_robot_bringup/share/custom_robot_bringup/hook/cmake_prefix_path.sh'
[0.346s] Level 1:colcon.colcon_core.environment:checking '/root/modular_arm_ros2/ws_custom_robot/install/custom_robot_bringup/bin'
[0.346s] Level 1:colcon.colcon_core.environment:checking '/root/modular_arm_ros2/ws_custom_robot/install/custom_robot_bringup/lib/pkgconfig/custom_robot_bringup.pc'
[0.347s] Level 1:colcon.colcon_core.environment:checking '/root/modular_arm_ros2/ws_custom_robot/install/custom_robot_bringup/lib/python3.10/site-packages'
[0.347s] Level 1:colcon.colcon_core.environment:checking '/root/modular_arm_ros2/ws_custom_robot/install/custom_robot_bringup/bin'
[0.347s] INFO:colcon.colcon_core.shell:Creating package script '/root/modular_arm_ros2/ws_custom_robot/install/custom_robot_bringup/share/custom_robot_bringup/package.ps1'
[0.348s] INFO:colcon.colcon_core.shell:Creating package descriptor '/root/modular_arm_ros2/ws_custom_robot/install/custom_robot_bringup/share/custom_robot_bringup/package.dsv'
[0.349s] INFO:colcon.colcon_core.shell:Creating package script '/root/modular_arm_ros2/ws_custom_robot/install/custom_robot_bringup/share/custom_robot_bringup/package.sh'
[0.349s] INFO:colcon.colcon_core.shell:Creating package script '/root/modular_arm_ros2/ws_custom_robot/install/custom_robot_bringup/share/custom_robot_bringup/package.bash'
[0.349s] INFO:colcon.colcon_core.shell:Creating package script '/root/modular_arm_ros2/ws_custom_robot/install/custom_robot_bringup/share/custom_robot_bringup/package.zsh'
[0.350s] Level 1:colcon.colcon_core.environment:create_file_with_runtime_dependencies(/root/modular_arm_ros2/ws_custom_robot/install/custom_robot_bringup/share/colcon-core/packages/custom_robot_bringup)
[0.351s] Level 1:colcon.colcon_core.environment:create_environment_scripts_only(custom_robot_description)
[0.351s] Level 1:colcon.colcon_core.environment:checking '/root/modular_arm_ros2/ws_custom_robot/install/custom_robot_description' for CMake module files
[0.352s] Level 1:colcon.colcon_core.environment:checking '/root/modular_arm_ros2/ws_custom_robot/install/custom_robot_description' for CMake config files
[0.352s] Level 1:colcon.colcon_core.shell:create_environment_hook('custom_robot_description', 'cmake_prefix_path')
[0.352s] INFO:colcon.colcon_core.shell:Creating environment hook '/root/modular_arm_ros2/ws_custom_robot/install/custom_robot_description/share/custom_robot_description/hook/cmake_prefix_path.ps1'
[0.352s] INFO:colcon.colcon_core.shell:Creating environment descriptor '/root/modular_arm_ros2/ws_custom_robot/install/custom_robot_description/share/custom_robot_description/hook/cmake_prefix_path.dsv'
[0.353s] INFO:colcon.colcon_core.shell:Creating environment hook '/root/modular_arm_ros2/ws_custom_robot/install/custom_robot_description/share/custom_robot_description/hook/cmake_prefix_path.sh'
[0.353s] Level 1:colcon.colcon_core.environment:checking '/root/modular_arm_ros2/ws_custom_robot/install/custom_robot_description/bin'
[0.353s] Level 1:colcon.colcon_core.environment:checking '/root/modular_arm_ros2/ws_custom_robot/install/custom_robot_description/lib/pkgconfig/custom_robot_description.pc'
[0.354s] Level 1:colcon.colcon_core.environment:checking '/root/modular_arm_ros2/ws_custom_robot/install/custom_robot_description/lib/python3.10/site-packages'
[0.354s] Level 1:colcon.colcon_core.environment:checking '/root/modular_arm_ros2/ws_custom_robot/install/custom_robot_description/bin'
[0.354s] INFO:colcon.colcon_core.shell:Creating package script '/root/modular_arm_ros2/ws_custom_robot/install/custom_robot_description/share/custom_robot_description/package.ps1'
[0.354s] INFO:colcon.colcon_core.shell:Creating package descriptor '/root/modular_arm_ros2/ws_custom_robot/install/custom_robot_description/share/custom_robot_description/package.dsv'
[0.355s] INFO:colcon.colcon_core.shell:Creating package script '/root/modular_arm_ros2/ws_custom_robot/install/custom_robot_description/share/custom_robot_description/package.sh'
[0.355s] INFO:colcon.colcon_core.shell:Creating package script '/root/modular_arm_ros2/ws_custom_robot/install/custom_robot_description/share/custom_robot_description/package.bash'
[0.356s] INFO:colcon.colcon_core.shell:Creating package script '/root/modular_arm_ros2/ws_custom_robot/install/custom_robot_description/share/custom_robot_description/package.zsh'
[0.357s] Level 1:colcon.colcon_core.environment:create_file_with_runtime_dependencies(/root/modular_arm_ros2/ws_custom_robot/install/custom_robot_description/share/colcon-core/packages/custom_robot_description)
[0.357s] INFO:colcon.colcon_ros.task.ament_cmake.build:Building ROS package in '/root/modular_arm_ros2/ws_custom_robot/src/custom_robot_config' with build type 'ament_cmake'
[0.357s] INFO:colcon.colcon_cmake.task.cmake.build:Building CMake package in '/root/modular_arm_ros2/ws_custom_robot/src/custom_robot_config'
[0.358s] INFO:colcon.colcon_core.shell:Skip shell extension 'powershell' for command environment: Not usable outside of PowerShell
[0.358s] DEBUG:colcon.colcon_core.shell:Skip shell extension 'dsv' for command environment
[0.367s] DEBUG:colcon.colcon_core.event_handler.log_command:Invoking command in '/root/modular_arm_ros2/ws_custom_robot/build/custom_robot_config': CMAKE_PREFIX_PATH=/root/modular_arm_ros2/ws_custom_robot/install/custom_robot_description:/root/modular_arm_ros2/ws_custom_robot/install/custom_robot_config:/root/modular_arm_ros2/ws_custom_robot/install/custom_robot_controller:/root/modular_arm_ros2/ws_custom_robot/install/custom_robot_bringup:/opt/ros/humble /usr/bin/cmake --build /root/modular_arm_ros2/ws_custom_robot/build/custom_robot_config -- -j8 -l8
[0.400s] DEBUG:colcon.colcon_core.event_handler.log_command:Invoked command in '/root/modular_arm_ros2/ws_custom_robot/build/custom_robot_config' returned '0': CMAKE_PREFIX_PATH=/root/modular_arm_ros2/ws_custom_robot/install/custom_robot_description:/root/modular_arm_ros2/ws_custom_robot/install/custom_robot_config:/root/modular_arm_ros2/ws_custom_robot/install/custom_robot_controller:/root/modular_arm_ros2/ws_custom_robot/install/custom_robot_bringup:/opt/ros/humble /usr/bin/cmake --build /root/modular_arm_ros2/ws_custom_robot/build/custom_robot_config -- -j8 -l8
[0.418s] DEBUG:colcon.colcon_core.event_handler.log_command:Invoking command in '/root/modular_arm_ros2/ws_custom_robot/build/custom_robot_config': CMAKE_PREFIX_PATH=/root/modular_arm_ros2/ws_custom_robot/install/custom_robot_description:/root/modular_arm_ros2/ws_custom_robot/install/custom_robot_config:/root/modular_arm_ros2/ws_custom_robot/install/custom_robot_controller:/root/modular_arm_ros2/ws_custom_robot/install/custom_robot_bringup:/opt/ros/humble /usr/bin/cmake --install /root/modular_arm_ros2/ws_custom_robot/build/custom_robot_config
[0.426s] Level 1:colcon.colcon_core.environment:create_environment_scripts_only(custom_robot_config)
[0.427s] Level 1:colcon.colcon_core.environment:checking '/root/modular_arm_ros2/ws_custom_robot/install/custom_robot_config' for CMake module files
[0.428s] Level 1:colcon.colcon_core.environment:checking '/root/modular_arm_ros2/ws_custom_robot/install/custom_robot_config' for CMake config files
[0.428s] Level 1:colcon.colcon_core.shell:create_environment_hook('custom_robot_config', 'cmake_prefix_path')
[0.429s] INFO:colcon.colcon_core.shell:Creating environment hook '/root/modular_arm_ros2/ws_custom_robot/install/custom_robot_config/share/custom_robot_config/hook/cmake_prefix_path.ps1'
[0.429s] INFO:colcon.colcon_core.shell:Creating environment descriptor '/root/modular_arm_ros2/ws_custom_robot/install/custom_robot_config/share/custom_robot_config/hook/cmake_prefix_path.dsv'
[0.430s] INFO:colcon.colcon_core.shell:Creating environment hook '/root/modular_arm_ros2/ws_custom_robot/install/custom_robot_config/share/custom_robot_config/hook/cmake_prefix_path.sh'
[0.430s] DEBUG:colcon.colcon_core.event_handler.log_command:Invoked command in '/root/modular_arm_ros2/ws_custom_robot/build/custom_robot_config' returned '0': CMAKE_PREFIX_PATH=/root/modular_arm_ros2/ws_custom_robot/install/custom_robot_description:/root/modular_arm_ros2/ws_custom_robot/install/custom_robot_config:/root/modular_arm_ros2/ws_custom_robot/install/custom_robot_controller:/root/modular_arm_ros2/ws_custom_robot/install/custom_robot_bringup:/opt/ros/humble /usr/bin/cmake --install /root/modular_arm_ros2/ws_custom_robot/build/custom_robot_config
[0.431s] Level 1:colcon.colcon_core.environment:checking '/root/modular_arm_ros2/ws_custom_robot/install/custom_robot_config/bin'
[0.431s] Level 1:colcon.colcon_core.environment:checking '/root/modular_arm_ros2/ws_custom_robot/install/custom_robot_config/lib/pkgconfig/custom_robot_config.pc'
[0.431s] Level 1:colcon.colcon_core.environment:checking '/root/modular_arm_ros2/ws_custom_robot/install/custom_robot_config/lib/python3.10/site-packages'
[0.431s] Level 1:colcon.colcon_core.environment:checking '/root/modular_arm_ros2/ws_custom_robot/install/custom_robot_config/bin'
[0.431s] INFO:colcon.colcon_core.shell:Creating package script '/root/modular_arm_ros2/ws_custom_robot/install/custom_robot_config/share/custom_robot_config/package.ps1'
[0.432s] INFO:colcon.colcon_core.shell:Creating package descriptor '/root/modular_arm_ros2/ws_custom_robot/install/custom_robot_config/share/custom_robot_config/package.dsv'
[0.432s] INFO:colcon.colcon_core.shell:Creating package script '/root/modular_arm_ros2/ws_custom_robot/install/custom_robot_config/share/custom_robot_config/package.sh'
[0.432s] INFO:colcon.colcon_core.shell:Creating package script '/root/modular_arm_ros2/ws_custom_robot/install/custom_robot_config/share/custom_robot_config/package.bash'
[0.433s] INFO:colcon.colcon_core.shell:Creating package script '/root/modular_arm_ros2/ws_custom_robot/install/custom_robot_config/share/custom_robot_config/package.zsh'
[0.433s] Level 1:colcon.colcon_core.environment:create_file_with_runtime_dependencies(/root/modular_arm_ros2/ws_custom_robot/install/custom_robot_config/share/colcon-core/packages/custom_robot_config)
[0.453s] Level 1:colcon.colcon_core.environment:create_environment_scripts_only(custom_robot_config)
[0.453s] Level 1:colcon.colcon_core.environment:checking '/root/modular_arm_ros2/ws_custom_robot/install/custom_robot_config' for CMake module files
[0.453s] Level 1:colcon.colcon_core.environment:checking '/root/modular_arm_ros2/ws_custom_robot/install/custom_robot_config' for CMake config files
[0.453s] Level 1:colcon.colcon_core.shell:create_environment_hook('custom_robot_config', 'cmake_prefix_path')
[0.454s] INFO:colcon.colcon_core.shell:Creating environment hook '/root/modular_arm_ros2/ws_custom_robot/install/custom_robot_config/share/custom_robot_config/hook/cmake_prefix_path.ps1'
[0.454s] INFO:colcon.colcon_core.shell:Creating environment descriptor '/root/modular_arm_ros2/ws_custom_robot/install/custom_robot_config/share/custom_robot_config/hook/cmake_prefix_path.dsv'
[0.454s] INFO:colcon.colcon_core.shell:Creating environment hook '/root/modular_arm_ros2/ws_custom_robot/install/custom_robot_config/share/custom_robot_config/hook/cmake_prefix_path.sh'
[0.455s] Level 1:colcon.colcon_core.environment:checking '/root/modular_arm_ros2/ws_custom_robot/install/custom_robot_config/bin'
[0.455s] Level 1:colcon.colcon_core.environment:checking '/root/modular_arm_ros2/ws_custom_robot/install/custom_robot_config/lib/pkgconfig/custom_robot_config.pc'
[0.455s] Level 1:colcon.colcon_core.environment:checking '/root/modular_arm_ros2/ws_custom_robot/install/custom_robot_config/lib/python3.10/site-packages'
[0.455s] Level 1:colcon.colcon_core.environment:checking '/root/modular_arm_ros2/ws_custom_robot/install/custom_robot_config/bin'
[0.455s] INFO:colcon.colcon_core.shell:Creating package script '/root/modular_arm_ros2/ws_custom_robot/install/custom_robot_config/share/custom_robot_config/package.ps1'
[0.456s] INFO:colcon.colcon_core.shell:Creating package descriptor '/root/modular_arm_ros2/ws_custom_robot/install/custom_robot_config/share/custom_robot_config/package.dsv'
[0.456s] INFO:colcon.colcon_core.shell:Creating package script '/root/modular_arm_ros2/ws_custom_robot/install/custom_robot_config/share/custom_robot_config/package.sh'
[0.456s] INFO:colcon.colcon_core.shell:Creating package script '/root/modular_arm_ros2/ws_custom_robot/install/custom_robot_config/share/custom_robot_config/package.bash'
[0.457s] INFO:colcon.colcon_core.shell:Creating package script '/root/modular_arm_ros2/ws_custom_robot/install/custom_robot_config/share/custom_robot_config/package.zsh'
[0.457s] Level 1:colcon.colcon_core.environment:create_file_with_runtime_dependencies(/root/modular_arm_ros2/ws_custom_robot/install/custom_robot_config/share/colcon-core/packages/custom_robot_config)
[2.730s] DEBUG:colcon.colcon_core.event_handler.log_command:Invoked command in '/root/modular_arm_ros2/ws_custom_robot/build/custom_robot_controller' returned '2': CMAKE_PREFIX_PATH=${CMAKE_PREFIX_PATH}:/opt/ros/humble /usr/bin/cmake --build /root/modular_arm_ros2/ws_custom_robot/build/custom_robot_controller -- -j8 -l8
[2.749s] Level 1:colcon.colcon_core.environment:create_environment_scripts_only(custom_robot_controller)
[2.749s] Level 1:colcon.colcon_core.environment:checking '/root/modular_arm_ros2/ws_custom_robot/install/custom_robot_controller' for CMake module files
[2.749s] Level 1:colcon.colcon_core.environment:checking '/root/modular_arm_ros2/ws_custom_robot/install/custom_robot_controller' for CMake config files
[2.749s] Level 1:colcon.colcon_core.shell:create_environment_hook('custom_robot_controller', 'cmake_prefix_path')
[2.750s] INFO:colcon.colcon_core.shell:Creating environment hook '/root/modular_arm_ros2/ws_custom_robot/install/custom_robot_controller/share/custom_robot_controller/hook/cmake_prefix_path.ps1'
[2.750s] INFO:colcon.colcon_core.shell:Creating environment descriptor '/root/modular_arm_ros2/ws_custom_robot/install/custom_robot_controller/share/custom_robot_controller/hook/cmake_prefix_path.dsv'
[2.750s] INFO:colcon.colcon_core.shell:Creating environment hook '/root/modular_arm_ros2/ws_custom_robot/install/custom_robot_controller/share/custom_robot_controller/hook/cmake_prefix_path.sh'
[2.750s] Level 1:colcon.colcon_core.environment:checking '/root/modular_arm_ros2/ws_custom_robot/install/custom_robot_controller/lib'
[2.751s] Level 1:colcon.colcon_core.shell:create_environment_hook('custom_robot_controller', 'ld_library_path_lib')
[2.751s] INFO:colcon.colcon_core.shell:Creating environment hook '/root/modular_arm_ros2/ws_custom_robot/install/custom_robot_controller/share/custom_robot_controller/hook/ld_library_path_lib.ps1'
[2.751s] INFO:colcon.colcon_core.shell:Creating environment descriptor '/root/modular_arm_ros2/ws_custom_robot/install/custom_robot_controller/share/custom_robot_controller/hook/ld_library_path_lib.dsv'
[2.751s] INFO:colcon.colcon_core.shell:Creating environment hook '/root/modular_arm_ros2/ws_custom_robot/install/custom_robot_controller/share/custom_robot_controller/hook/ld_library_path_lib.sh'
[2.751s] Level 1:colcon.colcon_core.environment:checking '/root/modular_arm_ros2/ws_custom_robot/install/custom_robot_controller/bin'
[2.752s] Level 1:colcon.colcon_core.environment:checking '/root/modular_arm_ros2/ws_custom_robot/install/custom_robot_controller/lib/pkgconfig/custom_robot_controller.pc'
[2.752s] Level 1:colcon.colcon_core.environment:checking '/root/modular_arm_ros2/ws_custom_robot/install/custom_robot_controller/lib/python3.10/site-packages'
[2.752s] Level 1:colcon.colcon_core.environment:checking '/root/modular_arm_ros2/ws_custom_robot/install/custom_robot_controller/bin'
[2.752s] INFO:colcon.colcon_core.shell:Creating package script '/root/modular_arm_ros2/ws_custom_robot/install/custom_robot_controller/share/custom_robot_controller/package.ps1'
[2.752s] INFO:colcon.colcon_core.shell:Creating package descriptor '/root/modular_arm_ros2/ws_custom_robot/install/custom_robot_controller/share/custom_robot_controller/package.dsv'
[2.753s] INFO:colcon.colcon_core.shell:Creating package script '/root/modular_arm_ros2/ws_custom_robot/install/custom_robot_controller/share/custom_robot_controller/package.sh'
[2.753s] INFO:colcon.colcon_core.shell:Creating package script '/root/modular_arm_ros2/ws_custom_robot/install/custom_robot_controller/share/custom_robot_controller/package.bash'
[2.753s] INFO:colcon.colcon_core.shell:Creating package script '/root/modular_arm_ros2/ws_custom_robot/install/custom_robot_controller/share/custom_robot_controller/package.zsh'
[2.754s] Level 1:colcon.colcon_core.environment:create_file_with_runtime_dependencies(/root/modular_arm_ros2/ws_custom_robot/install/custom_robot_controller/share/colcon-core/packages/custom_robot_controller)
[2.764s] DEBUG:colcon.colcon_parallel_executor.executor.parallel:closing loop
[2.764s] DEBUG:colcon.colcon_parallel_executor.executor.parallel:loop closed
[2.764s] DEBUG:colcon.colcon_parallel_executor.executor.parallel:run_until_complete finished with '2'
[2.764s] DEBUG:colcon.colcon_core.event_reactor:joining thread
[2.779s] INFO:colcon.colcon_core.plugin_system:Skipping extension 'colcon_notification.desktop_notification.notify_send': Could not find 'notify-send'
[2.779s] INFO:colcon.colcon_core.plugin_system:Skipping extension 'colcon_notification.desktop_notification.terminal_notifier': Not used on non-Darwin systems
[2.779s] INFO:colcon.colcon_core.plugin_system:Skipping extension 'colcon_notification.desktop_notification.win32': Not used on non-Windows systems
[2.779s] INFO:colcon.colcon_notification.desktop_notification:Sending desktop notification using 'notify2'
[2.781s] DEBUG:colcon.colcon_notification.desktop_notification.notify2:Failed to initialize notify2: org.freedesktop.DBus.Error.Spawn.ExecFailed: /usr/bin/dbus-launch terminated abnormally without any error message
[2.781s] DEBUG:colcon.colcon_core.event_reactor:joined thread
[2.782s] INFO:colcon.colcon_core.shell:Creating prefix script '/root/modular_arm_ros2/ws_custom_robot/install/local_setup.ps1'
[2.782s] INFO:colcon.colcon_core.shell:Creating prefix util module '/root/modular_arm_ros2/ws_custom_robot/install/_local_setup_util_ps1.py'
[2.783s] INFO:colcon.colcon_core.shell:Creating prefix chain script '/root/modular_arm_ros2/ws_custom_robot/install/setup.ps1'
[2.784s] INFO:colcon.colcon_core.shell:Creating prefix script '/root/modular_arm_ros2/ws_custom_robot/install/local_setup.sh'
[2.784s] INFO:colcon.colcon_core.shell:Creating prefix util module '/root/modular_arm_ros2/ws_custom_robot/install/_local_setup_util_sh.py'
[2.785s] INFO:colcon.colcon_core.shell:Creating prefix chain script '/root/modular_arm_ros2/ws_custom_robot/install/setup.sh'
[2.786s] INFO:colcon.colcon_core.shell:Creating prefix script '/root/modular_arm_ros2/ws_custom_robot/install/local_setup.bash'
[2.786s] INFO:colcon.colcon_core.shell:Creating prefix chain script '/root/modular_arm_ros2/ws_custom_robot/install/setup.bash'
[2.787s] INFO:colcon.colcon_core.shell:Creating prefix script '/root/modular_arm_ros2/ws_custom_robot/install/local_setup.zsh'
[2.787s] INFO:colcon.colcon_core.shell:Creating prefix chain script '/root/modular_arm_ros2/ws_custom_robot/install/setup.zsh'
