-- Install configuration: ""
-- Up-to-date: /root/modular_arm_ros2/ws_custom_robot/install/custom_robot_moveit/share/custom_robot_moveit/launch
-- Up-to-date: /root/modular_arm_ros2/ws_custom_robot/install/custom_robot_moveit/share/custom_robot_moveit/launch/moveit.launch.py
-- Up-to-date: /root/modular_arm_ros2/ws_custom_robot/install/custom_robot_moveit/share/custom_robot_moveit/config
-- Up-to-date: /root/modular_arm_ros2/ws_custom_robot/install/custom_robot_moveit/share/custom_robot_moveit/config/moveit_controllers.yaml
-- Up-to-date: /root/modular_arm_ros2/ws_custom_robot/install/custom_robot_moveit/share/custom_robot_moveit/config/custom_robot.srdf
-- Up-to-date: /root/modular_arm_ros2/ws_custom_robot/install/custom_robot_moveit/share/custom_robot_moveit/config/moveit.rviz
-- Up-to-date: /root/modular_arm_ros2/ws_custom_robot/install/custom_robot_moveit/share/custom_robot_moveit/config/initial_position.yaml
-- Up-to-date: /root/modular_arm_ros2/ws_custom_robot/install/custom_robot_moveit/share/custom_robot_moveit/config/pilz_cartesian_limits.yaml
-- Up-to-date: /root/modular_arm_ros2/ws_custom_robot/install/custom_robot_moveit/share/custom_robot_moveit/config/kinematics.yaml
-- Up-to-date: /root/modular_arm_ros2/ws_custom_robot/install/custom_robot_moveit/share/custom_robot_moveit/config/joint_limits.yaml
-- Up-to-date: /root/modular_arm_ros2/ws_custom_robot/install/custom_robot_moveit/share/ament_index/resource_index/package_run_dependencies/custom_robot_moveit
-- Up-to-date: /root/modular_arm_ros2/ws_custom_robot/install/custom_robot_moveit/share/ament_index/resource_index/parent_prefix_path/custom_robot_moveit
-- Up-to-date: /root/modular_arm_ros2/ws_custom_robot/install/custom_robot_moveit/share/custom_robot_moveit/environment/ament_prefix_path.sh
-- Up-to-date: /root/modular_arm_ros2/ws_custom_robot/install/custom_robot_moveit/share/custom_robot_moveit/environment/ament_prefix_path.dsv
-- Up-to-date: /root/modular_arm_ros2/ws_custom_robot/install/custom_robot_moveit/share/custom_robot_moveit/environment/path.sh
-- Up-to-date: /root/modular_arm_ros2/ws_custom_robot/install/custom_robot_moveit/share/custom_robot_moveit/environment/path.dsv
-- Up-to-date: /root/modular_arm_ros2/ws_custom_robot/install/custom_robot_moveit/share/custom_robot_moveit/local_setup.bash
-- Up-to-date: /root/modular_arm_ros2/ws_custom_robot/install/custom_robot_moveit/share/custom_robot_moveit/local_setup.sh
-- Up-to-date: /root/modular_arm_ros2/ws_custom_robot/install/custom_robot_moveit/share/custom_robot_moveit/local_setup.zsh
-- Up-to-date: /root/modular_arm_ros2/ws_custom_robot/install/custom_robot_moveit/share/custom_robot_moveit/local_setup.dsv
-- Up-to-date: /root/modular_arm_ros2/ws_custom_robot/install/custom_robot_moveit/share/custom_robot_moveit/package.dsv
-- Up-to-date: /root/modular_arm_ros2/ws_custom_robot/install/custom_robot_moveit/share/ament_index/resource_index/packages/custom_robot_moveit
-- Up-to-date: /root/modular_arm_ros2/ws_custom_robot/install/custom_robot_moveit/share/custom_robot_moveit/cmake/custom_robot_moveitConfig.cmake
-- Up-to-date: /root/modular_arm_ros2/ws_custom_robot/install/custom_robot_moveit/share/custom_robot_moveit/cmake/custom_robot_moveitConfig-version.cmake
-- Up-to-date: /root/modular_arm_ros2/ws_custom_robot/install/custom_robot_moveit/share/custom_robot_moveit/package.xml
