[0.026s] Invoking command in '/root/modular_arm_ros2/ws_custom_robot/build/custom_robot_description': CMAKE_PREFIX_PATH=${CMAKE_PREFIX_PATH}:/root/ws_moveit/install/moveit_configs_utils:/opt/ros/rolling /usr/bin/cmake /root/modular_arm_ros2/ws_custom_robot/src/custom_robot_description -DCMAKE_INSTALL_PREFIX=/root/modular_arm_ros2/ws_custom_robot/install/custom_robot_description
[0.075s] -- The C compiler identification is GNU 11.4.0
[0.126s] -- The CXX compiler identification is GNU 11.4.0
[0.133s] -- Detecting C compiler ABI info
[0.207s] -- Detecting C compiler ABI info - done
[0.216s] -- Check for working C compiler: /usr/bin/cc - skipped
[0.216s] -- Detecting C compile features
[0.216s] -- Detecting C compile features - done
[0.218s] -- Detecting CXX compiler ABI info
[0.301s] -- Detecting CXX compiler ABI info - done
[0.311s] -- Check for working CXX compiler: /usr/bin/c++ - skipped
[0.311s] -- Detecting CXX compile features
[0.311s] -- Detecting CXX compile features - done
[0.324s] -- Found ament_cmake: 2.3.2 (/opt/ros/rolling/share/ament_cmake/cmake)
[0.491s] -- Found Python3: /usr/bin/python3.10 (found version "3.10.12") found components: Interpreter 
[0.661s] -- Found ament_lint_auto: 0.16.3 (/opt/ros/rolling/share/ament_lint_auto/cmake)
[0.767s] -- Added test 'flake8' to check Python code syntax and style conventions
[0.767s] -- Configured 'flake8' exclude dirs and/or files: 
[0.768s] -- Added test 'lint_cmake' to check CMake code style
[0.769s] -- Added test 'pep257' to check Python code against some of the docstring style conventions in PEP 257
[0.772s] -- Added test 'xmllint' to check XML markup files
[0.774s] -- Configuring done
[0.777s] -- Generating done
[0.777s] -- Build files have been written to: /root/modular_arm_ros2/ws_custom_robot/build/custom_robot_description
[0.781s] Invoked command in '/root/modular_arm_ros2/ws_custom_robot/build/custom_robot_description' returned '0': CMAKE_PREFIX_PATH=${CMAKE_PREFIX_PATH}:/root/ws_moveit/install/moveit_configs_utils:/opt/ros/rolling /usr/bin/cmake /root/modular_arm_ros2/ws_custom_robot/src/custom_robot_description -DCMAKE_INSTALL_PREFIX=/root/modular_arm_ros2/ws_custom_robot/install/custom_robot_description
[0.782s] Invoking command in '/root/modular_arm_ros2/ws_custom_robot/build/custom_robot_description': CMAKE_PREFIX_PATH=${CMAKE_PREFIX_PATH}:/root/ws_moveit/install/moveit_configs_utils:/opt/ros/rolling /usr/bin/cmake --build /root/modular_arm_ros2/ws_custom_robot/build/custom_robot_description -- -j8 -l8
[0.831s] Invoked command in '/root/modular_arm_ros2/ws_custom_robot/build/custom_robot_description' returned '0': CMAKE_PREFIX_PATH=${CMAKE_PREFIX_PATH}:/root/ws_moveit/install/moveit_configs_utils:/opt/ros/rolling /usr/bin/cmake --build /root/modular_arm_ros2/ws_custom_robot/build/custom_robot_description -- -j8 -l8
[0.881s] Invoking command in '/root/modular_arm_ros2/ws_custom_robot/build/custom_robot_description': CMAKE_PREFIX_PATH=${CMAKE_PREFIX_PATH}:/root/ws_moveit/install/moveit_configs_utils:/opt/ros/rolling /usr/bin/cmake --install /root/modular_arm_ros2/ws_custom_robot/build/custom_robot_description
[0.890s] -- Install configuration: ""
[0.890s] -- Installing: /root/modular_arm_ros2/ws_custom_robot/install/custom_robot_description/share/custom_robot_description/meshes
[0.890s] -- Installing: /root/modular_arm_ros2/ws_custom_robot/install/custom_robot_description/share/custom_robot_description/meshes/base_link_right_adjust.stl
[0.890s] -- Installing: /root/modular_arm_ros2/ws_custom_robot/install/custom_robot_description/share/custom_robot_description/meshes/dc_link_cover.stl
[0.890s] -- Installing: /root/modular_arm_ros2/ws_custom_robot/install/custom_robot_description/share/custom_robot_description/meshes/long_arm_middle.stl
[0.891s] -- Installing: /root/modular_arm_ros2/ws_custom_robot/install/custom_robot_description/share/custom_robot_description/meshes/dc_link_base.stl
[0.891s] -- Installing: /root/modular_arm_ros2/ws_custom_robot/install/custom_robot_description/share/custom_robot_description/meshes/base_link.stl
[0.891s] -- Installing: /root/modular_arm_ros2/ws_custom_robot/install/custom_robot_description/share/custom_robot_description/meshes/base_top.stl
[0.891s] -- Installing: /root/modular_arm_ros2/ws_custom_robot/install/custom_robot_description/share/custom_robot_description/meshes/base_link_left.stl
[0.892s] -- Installing: /root/modular_arm_ros2/ws_custom_robot/install/custom_robot_description/share/custom_robot_description/meshes/long_arm_top.stl
[0.893s] -- Installing: /root/modular_arm_ros2/ws_custom_robot/install/custom_robot_description/share/custom_robot_description/meshes/base_lower.stl
[0.893s] -- Installing: /root/modular_arm_ros2/ws_custom_robot/install/custom_robot_description/share/custom_robot_description/meshes/base_middle.stl
[0.893s] -- Installing: /root/modular_arm_ros2/ws_custom_robot/install/custom_robot_description/share/custom_robot_description/meshes/long_arm_base.stl
[0.893s] -- Installing: /root/modular_arm_ros2/ws_custom_robot/install/custom_robot_description/share/custom_robot_description/meshes/dc_link_top.stl
[0.894s] -- Installing: /root/modular_arm_ros2/ws_custom_robot/install/custom_robot_description/share/custom_robot_description/meshes/base_link_right.stl
[0.894s] -- Installing: /root/modular_arm_ros2/ws_custom_robot/install/custom_robot_description/share/custom_robot_description/urdf
[0.894s] -- Installing: /root/modular_arm_ros2/ws_custom_robot/install/custom_robot_description/share/custom_robot_description/urdf/custom_robot_ros2_control.xacro
[0.894s] -- Installing: /root/modular_arm_ros2/ws_custom_robot/install/custom_robot_description/share/custom_robot_description/urdf/custom_robot_gazebo.xacro
[0.894s] -- Installing: /root/modular_arm_ros2/ws_custom_robot/install/custom_robot_description/share/custom_robot_description/urdf/custom_robot.urdf.xacro
[0.894s] -- Installing: /root/modular_arm_ros2/ws_custom_robot/install/custom_robot_description/share/custom_robot_description/launch
[0.895s] -- Installing: /root/modular_arm_ros2/ws_custom_robot/install/custom_robot_description/share/custom_robot_description/launch/display.launch.py
[0.895s] -- Installing: /root/modular_arm_ros2/ws_custom_robot/install/custom_robot_description/share/custom_robot_description/launch/gazebo.launch.py
[0.895s] -- Installing: /root/modular_arm_ros2/ws_custom_robot/install/custom_robot_description/share/custom_robot_description/rviz
[0.895s] -- Installing: /root/modular_arm_ros2/ws_custom_robot/install/custom_robot_description/share/custom_robot_description/rviz/display.rviz
[0.895s] -- Installing: /root/modular_arm_ros2/ws_custom_robot/install/custom_robot_description/share/custom_robot_description/models
[0.895s] -- Installing: /root/modular_arm_ros2/ws_custom_robot/install/custom_robot_description/share/custom_robot_description/models/ground_plane
[0.895s] -- Installing: /root/modular_arm_ros2/ws_custom_robot/install/custom_robot_description/share/custom_robot_description/models/ground_plane/model-1_4.sdf
[0.895s] -- Installing: /root/modular_arm_ros2/ws_custom_robot/install/custom_robot_description/share/custom_robot_description/models/ground_plane/model-1_3.sdf
[0.895s] -- Installing: /root/modular_arm_ros2/ws_custom_robot/install/custom_robot_description/share/custom_robot_description/models/ground_plane/model-1_2.sdf
[0.895s] -- Installing: /root/modular_arm_ros2/ws_custom_robot/install/custom_robot_description/share/custom_robot_description/models/ground_plane/model.config
[0.895s] -- Installing: /root/modular_arm_ros2/ws_custom_robot/install/custom_robot_description/share/custom_robot_description/models/ground_plane/model.sdf
[0.895s] -- Installing: /root/modular_arm_ros2/ws_custom_robot/install/custom_robot_description/share/custom_robot_description/models/sun
[0.896s] -- Installing: /root/modular_arm_ros2/ws_custom_robot/install/custom_robot_description/share/custom_robot_description/models/sun/model-1_4.sdf
[0.896s] -- Installing: /root/modular_arm_ros2/ws_custom_robot/install/custom_robot_description/share/custom_robot_description/models/sun/model-1_3.sdf
[0.896s] -- Installing: /root/modular_arm_ros2/ws_custom_robot/install/custom_robot_description/share/custom_robot_description/models/sun/model-1_2.sdf
[0.897s] -- Installing: /root/modular_arm_ros2/ws_custom_robot/install/custom_robot_description/share/custom_robot_description/models/sun/model.config
[0.897s] -- Installing: /root/modular_arm_ros2/ws_custom_robot/install/custom_robot_description/share/custom_robot_description/models/sun/model.sdf
[0.897s] -- Installing: /root/modular_arm_ros2/ws_custom_robot/install/custom_robot_description/share/ament_index/resource_index/package_run_dependencies/custom_robot_description
[0.897s] -- Installing: /root/modular_arm_ros2/ws_custom_robot/install/custom_robot_description/share/ament_index/resource_index/parent_prefix_path/custom_robot_description
[0.897s] -- Installing: /root/modular_arm_ros2/ws_custom_robot/install/custom_robot_description/share/custom_robot_description/environment/ament_prefix_path.sh
[0.897s] -- Installing: /root/modular_arm_ros2/ws_custom_robot/install/custom_robot_description/share/custom_robot_description/environment/ament_prefix_path.dsv
[0.897s] -- Installing: /root/modular_arm_ros2/ws_custom_robot/install/custom_robot_description/share/custom_robot_description/environment/path.sh
[0.897s] -- Installing: /root/modular_arm_ros2/ws_custom_robot/install/custom_robot_description/share/custom_robot_description/environment/path.dsv
[0.897s] -- Installing: /root/modular_arm_ros2/ws_custom_robot/install/custom_robot_description/share/custom_robot_description/local_setup.bash
[0.897s] -- Installing: /root/modular_arm_ros2/ws_custom_robot/install/custom_robot_description/share/custom_robot_description/local_setup.sh
[0.897s] -- Installing: /root/modular_arm_ros2/ws_custom_robot/install/custom_robot_description/share/custom_robot_description/local_setup.zsh
[0.897s] -- Installing: /root/modular_arm_ros2/ws_custom_robot/install/custom_robot_description/share/custom_robot_description/local_setup.dsv
[0.898s] -- Installing: /root/modular_arm_ros2/ws_custom_robot/install/custom_robot_description/share/custom_robot_description/package.dsv
[0.898s] -- Installing: /root/modular_arm_ros2/ws_custom_robot/install/custom_robot_description/share/ament_index/resource_index/packages/custom_robot_description
[0.898s] -- Installing: /root/modular_arm_ros2/ws_custom_robot/install/custom_robot_description/share/custom_robot_description/cmake/custom_robot_descriptionConfig.cmake
[0.898s] -- Installing: /root/modular_arm_ros2/ws_custom_robot/install/custom_robot_description/share/custom_robot_description/cmake/custom_robot_descriptionConfig-version.cmake
[0.898s] -- Installing: /root/modular_arm_ros2/ws_custom_robot/install/custom_robot_description/share/custom_robot_description/package.xml
[0.907s] Invoked command in '/root/modular_arm_ros2/ws_custom_robot/build/custom_robot_description' returned '0': CMAKE_PREFIX_PATH=${CMAKE_PREFIX_PATH}:/root/ws_moveit/install/moveit_configs_utils:/opt/ros/rolling /usr/bin/cmake --install /root/modular_arm_ros2/ws_custom_robot/build/custom_robot_description
