[0.105s] DEBUG:colcon:Command line arguments: ['/usr/bin/colcon', 'build']
[0.105s] DEBUG:colcon:Parsed command line arguments: Namespace(log_base=None, log_level=None, verb_name='build', build_base='build', install_base='install', merge_install=False, symlink_install=False, test_result_base=None, continue_on_error=False, executor='parallel', parallel_workers=8, event_handlers=None, ignore_user_meta=False, metas=['./colcon.meta'], base_paths=['.'], packages_ignore=None, packages_ignore_regex=None, paths=None, packages_up_to=None, packages_up_to_regex=None, packages_above=None, packages_above_and_dependencies=None, packages_above_depth=None, packages_select_by_dep=None, packages_skip_by_dep=None, packages_skip_up_to=None, packages_select_build_failed=False, packages_skip_build_finished=False, packages_select_test_failures=False, packages_skip_test_passed=False, packages_select=None, packages_skip=None, packages_select_regex=None, packages_skip_regex=None, packages_start=None, packages_end=None, cmake_args=None, cmake_target=None, cmake_target_skip_unavailable=False, cmake_clean_cache=False, cmake_clean_first=False, cmake_force_configure=False, ament_cmake_args=None, catkin_cmake_args=None, catkin_skip_building_tests=False, mixin_files=None, mixin=None, verb_parser=<colcon_mixin.mixin.mixin_argument.MixinArgumentDecorator object at 0x794cf17043a0>, verb_extension=<colcon_core.verb.build.BuildVerb object at 0x794cf16dbdc0>, main=<bound method BuildVerb.main of <colcon_core.verb.build.BuildVerb object at 0x794cf16dbdc0>>, mixin_verb=('build',))
[0.231s] Level 1:colcon.colcon_core.package_discovery:discover_packages(colcon_meta) check parameters
[0.232s] INFO:colcon.colcon_metadata.package_discovery.colcon_meta:Using configuration from '/root/.colcon/metadata/default/Gazebo.meta'
[0.232s] INFO:colcon.colcon_metadata.package_discovery.colcon_meta:Using configuration from '/root/.colcon/metadata/default/fastrtps.meta'
[0.232s] Level 1:colcon.colcon_core.package_discovery:discover_packages(recursive) check parameters
[0.232s] Level 1:colcon.colcon_core.package_discovery:discover_packages(ignore) check parameters
[0.232s] Level 1:colcon.colcon_core.package_discovery:discover_packages(path) check parameters
[0.232s] Level 1:colcon.colcon_core.package_discovery:discover_packages(colcon_meta) discover
[0.232s] Level 1:colcon.colcon_core.package_discovery:discover_packages(recursive) discover
[0.232s] INFO:colcon.colcon_core.package_discovery:Crawling recursively for packages in '/root/modular_arm_ros2/ws_custom_robot'
[0.233s] Level 1:colcon.colcon_core.package_identification:_identify(.) by extensions ['ignore', 'ignore_ament_install']
[0.233s] Level 1:colcon.colcon_core.package_identification:_identify(.) by extension 'ignore'
[0.233s] Level 1:colcon.colcon_core.package_identification:_identify(.) by extension 'ignore_ament_install'
[0.233s] Level 1:colcon.colcon_core.package_identification:_identify(.) by extensions ['colcon_pkg']
[0.233s] Level 1:colcon.colcon_core.package_identification:_identify(.) by extension 'colcon_pkg'
[0.233s] Level 1:colcon.colcon_core.package_identification:_identify(.) by extensions ['colcon_meta']
[0.233s] Level 1:colcon.colcon_core.package_identification:_identify(.) by extension 'colcon_meta'
[0.233s] Level 1:colcon.colcon_core.package_identification:_identify(.) by extensions ['ros']
[0.233s] Level 1:colcon.colcon_core.package_identification:_identify(.) by extension 'ros'
[0.246s] Level 1:colcon.colcon_core.package_identification:_identify(.) by extensions ['cmake', 'python']
[0.246s] Level 1:colcon.colcon_core.package_identification:_identify(.) by extension 'cmake'
[0.246s] Level 1:colcon.colcon_core.package_identification:_identify(.) by extension 'python'
[0.246s] Level 1:colcon.colcon_core.package_identification:_identify(.) by extensions ['python_setup_py']
[0.246s] Level 1:colcon.colcon_core.package_identification:_identify(.) by extension 'python_setup_py'
[0.246s] Level 1:colcon.colcon_core.package_identification:_identify(build) by extensions ['ignore', 'ignore_ament_install']
[0.246s] Level 1:colcon.colcon_core.package_identification:_identify(build) by extension 'ignore'
[0.246s] Level 1:colcon.colcon_core.package_identification:_identify(build) ignored
[0.246s] Level 1:colcon.colcon_core.package_identification:_identify(install) by extensions ['ignore', 'ignore_ament_install']
[0.247s] Level 1:colcon.colcon_core.package_identification:_identify(install) by extension 'ignore'
[0.247s] Level 1:colcon.colcon_core.package_identification:_identify(install) ignored
[0.247s] Level 1:colcon.colcon_core.package_identification:_identify(log) by extensions ['ignore', 'ignore_ament_install']
[0.247s] Level 1:colcon.colcon_core.package_identification:_identify(log) by extension 'ignore'
[0.247s] Level 1:colcon.colcon_core.package_identification:_identify(log) ignored
[0.247s] Level 1:colcon.colcon_core.package_identification:_identify(src) by extensions ['ignore', 'ignore_ament_install']
[0.247s] Level 1:colcon.colcon_core.package_identification:_identify(src) by extension 'ignore'
[0.247s] Level 1:colcon.colcon_core.package_identification:_identify(src) by extension 'ignore_ament_install'
[0.247s] Level 1:colcon.colcon_core.package_identification:_identify(src) by extensions ['colcon_pkg']
[0.247s] Level 1:colcon.colcon_core.package_identification:_identify(src) by extension 'colcon_pkg'
[0.247s] Level 1:colcon.colcon_core.package_identification:_identify(src) by extensions ['colcon_meta']
[0.247s] Level 1:colcon.colcon_core.package_identification:_identify(src) by extension 'colcon_meta'
[0.247s] Level 1:colcon.colcon_core.package_identification:_identify(src) by extensions ['ros']
[0.247s] Level 1:colcon.colcon_core.package_identification:_identify(src) by extension 'ros'
[0.248s] Level 1:colcon.colcon_core.package_identification:_identify(src) by extensions ['cmake', 'python']
[0.248s] Level 1:colcon.colcon_core.package_identification:_identify(src) by extension 'cmake'
[0.248s] Level 1:colcon.colcon_core.package_identification:_identify(src) by extension 'python'
[0.248s] Level 1:colcon.colcon_core.package_identification:_identify(src) by extensions ['python_setup_py']
[0.248s] Level 1:colcon.colcon_core.package_identification:_identify(src) by extension 'python_setup_py'
[0.248s] Level 1:colcon.colcon_core.package_identification:_identify(src/custom_robot_bringup) by extensions ['ignore', 'ignore_ament_install']
[0.248s] Level 1:colcon.colcon_core.package_identification:_identify(src/custom_robot_bringup) by extension 'ignore'
[0.248s] Level 1:colcon.colcon_core.package_identification:_identify(src/custom_robot_bringup) by extension 'ignore_ament_install'
[0.248s] Level 1:colcon.colcon_core.package_identification:_identify(src/custom_robot_bringup) by extensions ['colcon_pkg']
[0.248s] Level 1:colcon.colcon_core.package_identification:_identify(src/custom_robot_bringup) by extension 'colcon_pkg'
[0.248s] Level 1:colcon.colcon_core.package_identification:_identify(src/custom_robot_bringup) by extensions ['colcon_meta']
[0.248s] Level 1:colcon.colcon_core.package_identification:_identify(src/custom_robot_bringup) by extension 'colcon_meta'
[0.248s] Level 1:colcon.colcon_core.package_identification:_identify(src/custom_robot_bringup) by extensions ['ros']
[0.248s] Level 1:colcon.colcon_core.package_identification:_identify(src/custom_robot_bringup) by extension 'ros'
[0.251s] DEBUG:colcon.colcon_core.package_identification:Package 'src/custom_robot_bringup' with type 'ros.ament_cmake' and name 'custom_robot_bringup'
[0.251s] Level 1:colcon.colcon_core.package_identification:_identify(src/custom_robot_config) by extensions ['ignore', 'ignore_ament_install']
[0.251s] Level 1:colcon.colcon_core.package_identification:_identify(src/custom_robot_config) by extension 'ignore'
[0.251s] Level 1:colcon.colcon_core.package_identification:_identify(src/custom_robot_config) by extension 'ignore_ament_install'
[0.251s] Level 1:colcon.colcon_core.package_identification:_identify(src/custom_robot_config) by extensions ['colcon_pkg']
[0.251s] Level 1:colcon.colcon_core.package_identification:_identify(src/custom_robot_config) by extension 'colcon_pkg'
[0.251s] Level 1:colcon.colcon_core.package_identification:_identify(src/custom_robot_config) by extensions ['colcon_meta']
[0.251s] Level 1:colcon.colcon_core.package_identification:_identify(src/custom_robot_config) by extension 'colcon_meta'
[0.251s] Level 1:colcon.colcon_core.package_identification:_identify(src/custom_robot_config) by extensions ['ros']
[0.251s] Level 1:colcon.colcon_core.package_identification:_identify(src/custom_robot_config) by extension 'ros'
[0.252s] DEBUG:colcon.colcon_core.package_identification:Package 'src/custom_robot_config' with type 'ros.ament_cmake' and name 'custom_robot_config'
[0.253s] Level 1:colcon.colcon_core.package_identification:_identify(src/custom_robot_controller) by extensions ['ignore', 'ignore_ament_install']
[0.253s] Level 1:colcon.colcon_core.package_identification:_identify(src/custom_robot_controller) by extension 'ignore'
[0.253s] Level 1:colcon.colcon_core.package_identification:_identify(src/custom_robot_controller) by extension 'ignore_ament_install'
[0.253s] Level 1:colcon.colcon_core.package_identification:_identify(src/custom_robot_controller) by extensions ['colcon_pkg']
[0.253s] Level 1:colcon.colcon_core.package_identification:_identify(src/custom_robot_controller) by extension 'colcon_pkg'
[0.253s] Level 1:colcon.colcon_core.package_identification:_identify(src/custom_robot_controller) by extensions ['colcon_meta']
[0.253s] Level 1:colcon.colcon_core.package_identification:_identify(src/custom_robot_controller) by extension 'colcon_meta'
[0.253s] Level 1:colcon.colcon_core.package_identification:_identify(src/custom_robot_controller) by extensions ['ros']
[0.253s] Level 1:colcon.colcon_core.package_identification:_identify(src/custom_robot_controller) by extension 'ros'
[0.254s] DEBUG:colcon.colcon_core.package_identification:Package 'src/custom_robot_controller' with type 'ros.ament_cmake' and name 'custom_robot_controller'
[0.254s] Level 1:colcon.colcon_core.package_identification:_identify(src/custom_robot_description) by extensions ['ignore', 'ignore_ament_install']
[0.254s] Level 1:colcon.colcon_core.package_identification:_identify(src/custom_robot_description) by extension 'ignore'
[0.254s] Level 1:colcon.colcon_core.package_identification:_identify(src/custom_robot_description) by extension 'ignore_ament_install'
[0.254s] Level 1:colcon.colcon_core.package_identification:_identify(src/custom_robot_description) by extensions ['colcon_pkg']
[0.254s] Level 1:colcon.colcon_core.package_identification:_identify(src/custom_robot_description) by extension 'colcon_pkg'
[0.254s] Level 1:colcon.colcon_core.package_identification:_identify(src/custom_robot_description) by extensions ['colcon_meta']
[0.254s] Level 1:colcon.colcon_core.package_identification:_identify(src/custom_robot_description) by extension 'colcon_meta'
[0.254s] Level 1:colcon.colcon_core.package_identification:_identify(src/custom_robot_description) by extensions ['ros']
[0.254s] Level 1:colcon.colcon_core.package_identification:_identify(src/custom_robot_description) by extension 'ros'
[0.255s] DEBUG:colcon.colcon_core.package_identification:Package 'src/custom_robot_description' with type 'ros.ament_cmake' and name 'custom_robot_description'
[0.255s] Level 1:colcon.colcon_core.package_discovery:discover_packages(recursive) using defaults
[0.255s] Level 1:colcon.colcon_core.package_discovery:discover_packages(ignore) discover
[0.255s] Level 1:colcon.colcon_core.package_discovery:discover_packages(ignore) using defaults
[0.255s] Level 1:colcon.colcon_core.package_discovery:discover_packages(path) discover
[0.255s] Level 1:colcon.colcon_core.package_discovery:discover_packages(path) using defaults
[0.274s] Level 5:colcon.colcon_core.verb:set package 'custom_robot_bringup' build argument 'cmake_args' from command line to 'None'
[0.274s] Level 5:colcon.colcon_core.verb:set package 'custom_robot_bringup' build argument 'cmake_target' from command line to 'None'
[0.274s] Level 5:colcon.colcon_core.verb:set package 'custom_robot_bringup' build argument 'cmake_target_skip_unavailable' from command line to 'False'
[0.274s] Level 5:colcon.colcon_core.verb:set package 'custom_robot_bringup' build argument 'cmake_clean_cache' from command line to 'False'
[0.274s] Level 5:colcon.colcon_core.verb:set package 'custom_robot_bringup' build argument 'cmake_clean_first' from command line to 'False'
[0.274s] Level 5:colcon.colcon_core.verb:set package 'custom_robot_bringup' build argument 'cmake_force_configure' from command line to 'False'
[0.274s] Level 5:colcon.colcon_core.verb:set package 'custom_robot_bringup' build argument 'ament_cmake_args' from command line to 'None'
[0.274s] Level 5:colcon.colcon_core.verb:set package 'custom_robot_bringup' build argument 'catkin_cmake_args' from command line to 'None'
[0.274s] Level 5:colcon.colcon_core.verb:set package 'custom_robot_bringup' build argument 'catkin_skip_building_tests' from command line to 'False'
[0.274s] DEBUG:colcon.colcon_core.verb:Building package 'custom_robot_bringup' with the following arguments: {'ament_cmake_args': None, 'build_base': '/root/modular_arm_ros2/ws_custom_robot/build/custom_robot_bringup', 'catkin_cmake_args': None, 'catkin_skip_building_tests': False, 'cmake_args': None, 'cmake_clean_cache': False, 'cmake_clean_first': False, 'cmake_force_configure': False, 'cmake_target': None, 'cmake_target_skip_unavailable': False, 'install_base': '/root/modular_arm_ros2/ws_custom_robot/install/custom_robot_bringup', 'merge_install': False, 'path': '/root/modular_arm_ros2/ws_custom_robot/src/custom_robot_bringup', 'symlink_install': False, 'test_result_base': None}
[0.275s] Level 5:colcon.colcon_core.verb:set package 'custom_robot_controller' build argument 'cmake_args' from command line to 'None'
[0.275s] Level 5:colcon.colcon_core.verb:set package 'custom_robot_controller' build argument 'cmake_target' from command line to 'None'
[0.275s] Level 5:colcon.colcon_core.verb:set package 'custom_robot_controller' build argument 'cmake_target_skip_unavailable' from command line to 'False'
[0.275s] Level 5:colcon.colcon_core.verb:set package 'custom_robot_controller' build argument 'cmake_clean_cache' from command line to 'False'
[0.275s] Level 5:colcon.colcon_core.verb:set package 'custom_robot_controller' build argument 'cmake_clean_first' from command line to 'False'
[0.275s] Level 5:colcon.colcon_core.verb:set package 'custom_robot_controller' build argument 'cmake_force_configure' from command line to 'False'
[0.275s] Level 5:colcon.colcon_core.verb:set package 'custom_robot_controller' build argument 'ament_cmake_args' from command line to 'None'
[0.275s] Level 5:colcon.colcon_core.verb:set package 'custom_robot_controller' build argument 'catkin_cmake_args' from command line to 'None'
[0.275s] Level 5:colcon.colcon_core.verb:set package 'custom_robot_controller' build argument 'catkin_skip_building_tests' from command line to 'False'
[0.275s] DEBUG:colcon.colcon_core.verb:Building package 'custom_robot_controller' with the following arguments: {'ament_cmake_args': None, 'build_base': '/root/modular_arm_ros2/ws_custom_robot/build/custom_robot_controller', 'catkin_cmake_args': None, 'catkin_skip_building_tests': False, 'cmake_args': None, 'cmake_clean_cache': False, 'cmake_clean_first': False, 'cmake_force_configure': False, 'cmake_target': None, 'cmake_target_skip_unavailable': False, 'install_base': '/root/modular_arm_ros2/ws_custom_robot/install/custom_robot_controller', 'merge_install': False, 'path': '/root/modular_arm_ros2/ws_custom_robot/src/custom_robot_controller', 'symlink_install': False, 'test_result_base': None}
[0.275s] Level 5:colcon.colcon_core.verb:set package 'custom_robot_description' build argument 'cmake_args' from command line to 'None'
[0.275s] Level 5:colcon.colcon_core.verb:set package 'custom_robot_description' build argument 'cmake_target' from command line to 'None'
[0.275s] Level 5:colcon.colcon_core.verb:set package 'custom_robot_description' build argument 'cmake_target_skip_unavailable' from command line to 'False'
[0.275s] Level 5:colcon.colcon_core.verb:set package 'custom_robot_description' build argument 'cmake_clean_cache' from command line to 'False'
[0.275s] Level 5:colcon.colcon_core.verb:set package 'custom_robot_description' build argument 'cmake_clean_first' from command line to 'False'
[0.275s] Level 5:colcon.colcon_core.verb:set package 'custom_robot_description' build argument 'cmake_force_configure' from command line to 'False'
[0.275s] Level 5:colcon.colcon_core.verb:set package 'custom_robot_description' build argument 'ament_cmake_args' from command line to 'None'
[0.275s] Level 5:colcon.colcon_core.verb:set package 'custom_robot_description' build argument 'catkin_cmake_args' from command line to 'None'
[0.275s] Level 5:colcon.colcon_core.verb:set package 'custom_robot_description' build argument 'catkin_skip_building_tests' from command line to 'False'
[0.275s] DEBUG:colcon.colcon_core.verb:Building package 'custom_robot_description' with the following arguments: {'ament_cmake_args': None, 'build_base': '/root/modular_arm_ros2/ws_custom_robot/build/custom_robot_description', 'catkin_cmake_args': None, 'catkin_skip_building_tests': False, 'cmake_args': None, 'cmake_clean_cache': False, 'cmake_clean_first': False, 'cmake_force_configure': False, 'cmake_target': None, 'cmake_target_skip_unavailable': False, 'install_base': '/root/modular_arm_ros2/ws_custom_robot/install/custom_robot_description', 'merge_install': False, 'path': '/root/modular_arm_ros2/ws_custom_robot/src/custom_robot_description', 'symlink_install': False, 'test_result_base': None}
[0.276s] Level 5:colcon.colcon_core.verb:set package 'custom_robot_config' build argument 'cmake_args' from command line to 'None'
[0.276s] Level 5:colcon.colcon_core.verb:set package 'custom_robot_config' build argument 'cmake_target' from command line to 'None'
[0.276s] Level 5:colcon.colcon_core.verb:set package 'custom_robot_config' build argument 'cmake_target_skip_unavailable' from command line to 'False'
[0.276s] Level 5:colcon.colcon_core.verb:set package 'custom_robot_config' build argument 'cmake_clean_cache' from command line to 'False'
[0.276s] Level 5:colcon.colcon_core.verb:set package 'custom_robot_config' build argument 'cmake_clean_first' from command line to 'False'
[0.276s] Level 5:colcon.colcon_core.verb:set package 'custom_robot_config' build argument 'cmake_force_configure' from command line to 'False'
[0.276s] Level 5:colcon.colcon_core.verb:set package 'custom_robot_config' build argument 'ament_cmake_args' from command line to 'None'
[0.276s] Level 5:colcon.colcon_core.verb:set package 'custom_robot_config' build argument 'catkin_cmake_args' from command line to 'None'
[0.276s] Level 5:colcon.colcon_core.verb:set package 'custom_robot_config' build argument 'catkin_skip_building_tests' from command line to 'False'
[0.276s] DEBUG:colcon.colcon_core.verb:Building package 'custom_robot_config' with the following arguments: {'ament_cmake_args': None, 'build_base': '/root/modular_arm_ros2/ws_custom_robot/build/custom_robot_config', 'catkin_cmake_args': None, 'catkin_skip_building_tests': False, 'cmake_args': None, 'cmake_clean_cache': False, 'cmake_clean_first': False, 'cmake_force_configure': False, 'cmake_target': None, 'cmake_target_skip_unavailable': False, 'install_base': '/root/modular_arm_ros2/ws_custom_robot/install/custom_robot_config', 'merge_install': False, 'path': '/root/modular_arm_ros2/ws_custom_robot/src/custom_robot_config', 'symlink_install': False, 'test_result_base': None}
[0.276s] INFO:colcon.colcon_core.executor:Executing jobs using 'parallel' executor
[0.277s] DEBUG:colcon.colcon_parallel_executor.executor.parallel:run_until_complete
[0.277s] INFO:colcon.colcon_ros.task.ament_cmake.build:Building ROS package in '/root/modular_arm_ros2/ws_custom_robot/src/custom_robot_description' with build type 'ament_cmake'
[0.277s] INFO:colcon.colcon_cmake.task.cmake.build:Building CMake package in '/root/modular_arm_ros2/ws_custom_robot/src/custom_robot_description'
[0.279s] INFO:colcon.colcon_core.plugin_system:Skipping extension 'colcon_core.shell.bat': Not used on non-Windows systems
[0.280s] INFO:colcon.colcon_core.shell:Skip shell extension 'powershell' for command environment: Not usable outside of PowerShell
[0.280s] DEBUG:colcon.colcon_core.shell:Skip shell extension 'dsv' for command environment
[0.284s] INFO:colcon.colcon_ros.task.ament_cmake.build:Building ROS package in '/root/modular_arm_ros2/ws_custom_robot/src/custom_robot_bringup' with build type 'ament_cmake'
[0.285s] INFO:colcon.colcon_cmake.task.cmake.build:Building CMake package in '/root/modular_arm_ros2/ws_custom_robot/src/custom_robot_bringup'
[0.285s] INFO:colcon.colcon_core.shell:Skip shell extension 'powershell' for command environment: Not usable outside of PowerShell
[0.285s] DEBUG:colcon.colcon_core.shell:Skip shell extension 'dsv' for command environment
[0.288s] INFO:colcon.colcon_ros.task.ament_cmake.build:Building ROS package in '/root/modular_arm_ros2/ws_custom_robot/src/custom_robot_controller' with build type 'ament_cmake'
[0.289s] INFO:colcon.colcon_cmake.task.cmake.build:Building CMake package in '/root/modular_arm_ros2/ws_custom_robot/src/custom_robot_controller'
[0.289s] INFO:colcon.colcon_core.shell:Skip shell extension 'powershell' for command environment: Not usable outside of PowerShell
[0.289s] DEBUG:colcon.colcon_core.shell:Skip shell extension 'dsv' for command environment
[0.297s] DEBUG:colcon.colcon_core.event_handler.log_command:Invoking command in '/root/modular_arm_ros2/ws_custom_robot/build/custom_robot_description': CMAKE_PREFIX_PATH=${CMAKE_PREFIX_PATH}:/opt/ros/humble /usr/bin/cmake --build /root/modular_arm_ros2/ws_custom_robot/build/custom_robot_description -- -j8 -l8
[0.301s] DEBUG:colcon.colcon_core.event_handler.log_command:Invoking command in '/root/modular_arm_ros2/ws_custom_robot/build/custom_robot_bringup': CMAKE_PREFIX_PATH=${CMAKE_PREFIX_PATH}:/opt/ros/humble /usr/bin/cmake --build /root/modular_arm_ros2/ws_custom_robot/build/custom_robot_bringup -- -j8 -l8
[0.304s] DEBUG:colcon.colcon_core.event_handler.log_command:Invoking command in '/root/modular_arm_ros2/ws_custom_robot/build/custom_robot_controller': CMAKE_PREFIX_PATH=${CMAKE_PREFIX_PATH}:/opt/ros/humble /usr/bin/cmake --build /root/modular_arm_ros2/ws_custom_robot/build/custom_robot_controller -- -j8 -l8
[0.333s] DEBUG:colcon.colcon_core.event_handler.log_command:Invoked command in '/root/modular_arm_ros2/ws_custom_robot/build/custom_robot_bringup' returned '0': CMAKE_PREFIX_PATH=${CMAKE_PREFIX_PATH}:/opt/ros/humble /usr/bin/cmake --build /root/modular_arm_ros2/ws_custom_robot/build/custom_robot_bringup -- -j8 -l8
[0.334s] DEBUG:colcon.colcon_core.event_handler.log_command:Invoked command in '/root/modular_arm_ros2/ws_custom_robot/build/custom_robot_description' returned '0': CMAKE_PREFIX_PATH=${CMAKE_PREFIX_PATH}:/opt/ros/humble /usr/bin/cmake --build /root/modular_arm_ros2/ws_custom_robot/build/custom_robot_description -- -j8 -l8
[0.365s] DEBUG:colcon.colcon_core.event_handler.log_command:Invoking command in '/root/modular_arm_ros2/ws_custom_robot/build/custom_robot_bringup': CMAKE_PREFIX_PATH=${CMAKE_PREFIX_PATH}:/opt/ros/humble /usr/bin/cmake --install /root/modular_arm_ros2/ws_custom_robot/build/custom_robot_bringup
[0.368s] DEBUG:colcon.colcon_core.event_handler.log_command:Invoking command in '/root/modular_arm_ros2/ws_custom_robot/build/custom_robot_description': CMAKE_PREFIX_PATH=${CMAKE_PREFIX_PATH}:/opt/ros/humble /usr/bin/cmake --install /root/modular_arm_ros2/ws_custom_robot/build/custom_robot_description
[0.378s] Level 1:colcon.colcon_core.environment:create_environment_scripts_only(custom_robot_bringup)
[0.384s] DEBUG:colcon.colcon_core.event_handler.log_command:Invoked command in '/root/modular_arm_ros2/ws_custom_robot/build/custom_robot_bringup' returned '0': CMAKE_PREFIX_PATH=${CMAKE_PREFIX_PATH}:/opt/ros/humble /usr/bin/cmake --install /root/modular_arm_ros2/ws_custom_robot/build/custom_robot_bringup
[0.386s] Level 1:colcon.colcon_core.environment:checking '/root/modular_arm_ros2/ws_custom_robot/install/custom_robot_bringup' for CMake module files
[0.387s] Level 1:colcon.colcon_core.environment:checking '/root/modular_arm_ros2/ws_custom_robot/install/custom_robot_bringup' for CMake config files
[0.387s] Level 1:colcon.colcon_core.shell:create_environment_hook('custom_robot_bringup', 'cmake_prefix_path')
[0.388s] INFO:colcon.colcon_core.shell:Creating environment hook '/root/modular_arm_ros2/ws_custom_robot/install/custom_robot_bringup/share/custom_robot_bringup/hook/cmake_prefix_path.ps1'
[0.389s] INFO:colcon.colcon_core.shell:Creating environment descriptor '/root/modular_arm_ros2/ws_custom_robot/install/custom_robot_bringup/share/custom_robot_bringup/hook/cmake_prefix_path.dsv'
[0.390s] INFO:colcon.colcon_core.shell:Creating environment hook '/root/modular_arm_ros2/ws_custom_robot/install/custom_robot_bringup/share/custom_robot_bringup/hook/cmake_prefix_path.sh'
[0.392s] Level 1:colcon.colcon_core.environment:checking '/root/modular_arm_ros2/ws_custom_robot/install/custom_robot_bringup/bin'
[0.392s] Level 1:colcon.colcon_core.environment:checking '/root/modular_arm_ros2/ws_custom_robot/install/custom_robot_bringup/lib/pkgconfig/custom_robot_bringup.pc'
[0.395s] Level 1:colcon.colcon_core.environment:checking '/root/modular_arm_ros2/ws_custom_robot/install/custom_robot_bringup/lib/python3.10/site-packages'
[0.396s] Level 1:colcon.colcon_core.environment:checking '/root/modular_arm_ros2/ws_custom_robot/install/custom_robot_bringup/bin'
[0.396s] INFO:colcon.colcon_core.shell:Creating package script '/root/modular_arm_ros2/ws_custom_robot/install/custom_robot_bringup/share/custom_robot_bringup/package.ps1'
[0.398s] INFO:colcon.colcon_core.shell:Creating package descriptor '/root/modular_arm_ros2/ws_custom_robot/install/custom_robot_bringup/share/custom_robot_bringup/package.dsv'
[0.399s] INFO:colcon.colcon_core.shell:Creating package script '/root/modular_arm_ros2/ws_custom_robot/install/custom_robot_bringup/share/custom_robot_bringup/package.sh'
[0.400s] INFO:colcon.colcon_core.shell:Creating package script '/root/modular_arm_ros2/ws_custom_robot/install/custom_robot_bringup/share/custom_robot_bringup/package.bash'
[0.401s] INFO:colcon.colcon_core.shell:Creating package script '/root/modular_arm_ros2/ws_custom_robot/install/custom_robot_bringup/share/custom_robot_bringup/package.zsh'
[0.402s] Level 1:colcon.colcon_core.environment:create_file_with_runtime_dependencies(/root/modular_arm_ros2/ws_custom_robot/install/custom_robot_bringup/share/colcon-core/packages/custom_robot_bringup)
[0.404s] Level 1:colcon.colcon_core.environment:create_environment_scripts_only(custom_robot_description)
[0.405s] Level 1:colcon.colcon_core.environment:checking '/root/modular_arm_ros2/ws_custom_robot/install/custom_robot_description' for CMake module files
[0.405s] DEBUG:colcon.colcon_core.event_handler.log_command:Invoked command in '/root/modular_arm_ros2/ws_custom_robot/build/custom_robot_description' returned '0': CMAKE_PREFIX_PATH=${CMAKE_PREFIX_PATH}:/opt/ros/humble /usr/bin/cmake --install /root/modular_arm_ros2/ws_custom_robot/build/custom_robot_description
[0.405s] Level 1:colcon.colcon_core.environment:checking '/root/modular_arm_ros2/ws_custom_robot/install/custom_robot_description' for CMake config files
[0.406s] Level 1:colcon.colcon_core.shell:create_environment_hook('custom_robot_description', 'cmake_prefix_path')
[0.406s] INFO:colcon.colcon_core.shell:Creating environment hook '/root/modular_arm_ros2/ws_custom_robot/install/custom_robot_description/share/custom_robot_description/hook/cmake_prefix_path.ps1'
[0.407s] INFO:colcon.colcon_core.shell:Creating environment descriptor '/root/modular_arm_ros2/ws_custom_robot/install/custom_robot_description/share/custom_robot_description/hook/cmake_prefix_path.dsv'
[0.407s] INFO:colcon.colcon_core.shell:Creating environment hook '/root/modular_arm_ros2/ws_custom_robot/install/custom_robot_description/share/custom_robot_description/hook/cmake_prefix_path.sh'
[0.408s] Level 1:colcon.colcon_core.environment:checking '/root/modular_arm_ros2/ws_custom_robot/install/custom_robot_description/bin'
[0.408s] Level 1:colcon.colcon_core.environment:checking '/root/modular_arm_ros2/ws_custom_robot/install/custom_robot_description/lib/pkgconfig/custom_robot_description.pc'
[0.408s] Level 1:colcon.colcon_core.environment:checking '/root/modular_arm_ros2/ws_custom_robot/install/custom_robot_description/lib/python3.10/site-packages'
[0.408s] Level 1:colcon.colcon_core.environment:checking '/root/modular_arm_ros2/ws_custom_robot/install/custom_robot_description/bin'
[0.409s] INFO:colcon.colcon_core.shell:Creating package script '/root/modular_arm_ros2/ws_custom_robot/install/custom_robot_description/share/custom_robot_description/package.ps1'
[0.409s] INFO:colcon.colcon_core.shell:Creating package descriptor '/root/modular_arm_ros2/ws_custom_robot/install/custom_robot_description/share/custom_robot_description/package.dsv'
[0.410s] INFO:colcon.colcon_core.shell:Creating package script '/root/modular_arm_ros2/ws_custom_robot/install/custom_robot_description/share/custom_robot_description/package.sh'
[0.410s] INFO:colcon.colcon_core.shell:Creating package script '/root/modular_arm_ros2/ws_custom_robot/install/custom_robot_description/share/custom_robot_description/package.bash'
[0.411s] INFO:colcon.colcon_core.shell:Creating package script '/root/modular_arm_ros2/ws_custom_robot/install/custom_robot_description/share/custom_robot_description/package.zsh'
[0.411s] Level 1:colcon.colcon_core.environment:create_file_with_runtime_dependencies(/root/modular_arm_ros2/ws_custom_robot/install/custom_robot_description/share/colcon-core/packages/custom_robot_description)
[0.429s] Level 1:colcon.colcon_core.environment:create_environment_scripts_only(custom_robot_bringup)
[0.429s] Level 1:colcon.colcon_core.environment:checking '/root/modular_arm_ros2/ws_custom_robot/install/custom_robot_bringup' for CMake module files
[0.430s] Level 1:colcon.colcon_core.environment:checking '/root/modular_arm_ros2/ws_custom_robot/install/custom_robot_bringup' for CMake config files
[0.430s] Level 1:colcon.colcon_core.shell:create_environment_hook('custom_robot_bringup', 'cmake_prefix_path')
[0.430s] INFO:colcon.colcon_core.shell:Creating environment hook '/root/modular_arm_ros2/ws_custom_robot/install/custom_robot_bringup/share/custom_robot_bringup/hook/cmake_prefix_path.ps1'
[0.431s] INFO:colcon.colcon_core.shell:Creating environment descriptor '/root/modular_arm_ros2/ws_custom_robot/install/custom_robot_bringup/share/custom_robot_bringup/hook/cmake_prefix_path.dsv'
[0.431s] INFO:colcon.colcon_core.shell:Creating environment hook '/root/modular_arm_ros2/ws_custom_robot/install/custom_robot_bringup/share/custom_robot_bringup/hook/cmake_prefix_path.sh'
[0.432s] Level 1:colcon.colcon_core.environment:checking '/root/modular_arm_ros2/ws_custom_robot/install/custom_robot_bringup/bin'
[0.432s] Level 1:colcon.colcon_core.environment:checking '/root/modular_arm_ros2/ws_custom_robot/install/custom_robot_bringup/lib/pkgconfig/custom_robot_bringup.pc'
[0.432s] Level 1:colcon.colcon_core.environment:checking '/root/modular_arm_ros2/ws_custom_robot/install/custom_robot_bringup/lib/python3.10/site-packages'
[0.433s] Level 1:colcon.colcon_core.environment:checking '/root/modular_arm_ros2/ws_custom_robot/install/custom_robot_bringup/bin'
[0.433s] INFO:colcon.colcon_core.shell:Creating package script '/root/modular_arm_ros2/ws_custom_robot/install/custom_robot_bringup/share/custom_robot_bringup/package.ps1'
[0.434s] INFO:colcon.colcon_core.shell:Creating package descriptor '/root/modular_arm_ros2/ws_custom_robot/install/custom_robot_bringup/share/custom_robot_bringup/package.dsv'
[0.434s] INFO:colcon.colcon_core.shell:Creating package script '/root/modular_arm_ros2/ws_custom_robot/install/custom_robot_bringup/share/custom_robot_bringup/package.sh'
[0.435s] INFO:colcon.colcon_core.shell:Creating package script '/root/modular_arm_ros2/ws_custom_robot/install/custom_robot_bringup/share/custom_robot_bringup/package.bash'
[0.435s] INFO:colcon.colcon_core.shell:Creating package script '/root/modular_arm_ros2/ws_custom_robot/install/custom_robot_bringup/share/custom_robot_bringup/package.zsh'
[0.436s] Level 1:colcon.colcon_core.environment:create_file_with_runtime_dependencies(/root/modular_arm_ros2/ws_custom_robot/install/custom_robot_bringup/share/colcon-core/packages/custom_robot_bringup)
[0.438s] Level 1:colcon.colcon_core.environment:create_environment_scripts_only(custom_robot_description)
[0.438s] Level 1:colcon.colcon_core.environment:checking '/root/modular_arm_ros2/ws_custom_robot/install/custom_robot_description' for CMake module files
[0.439s] Level 1:colcon.colcon_core.environment:checking '/root/modular_arm_ros2/ws_custom_robot/install/custom_robot_description' for CMake config files
[0.439s] Level 1:colcon.colcon_core.shell:create_environment_hook('custom_robot_description', 'cmake_prefix_path')
[0.440s] INFO:colcon.colcon_core.shell:Creating environment hook '/root/modular_arm_ros2/ws_custom_robot/install/custom_robot_description/share/custom_robot_description/hook/cmake_prefix_path.ps1'
[0.440s] INFO:colcon.colcon_core.shell:Creating environment descriptor '/root/modular_arm_ros2/ws_custom_robot/install/custom_robot_description/share/custom_robot_description/hook/cmake_prefix_path.dsv'
[0.441s] INFO:colcon.colcon_core.shell:Creating environment hook '/root/modular_arm_ros2/ws_custom_robot/install/custom_robot_description/share/custom_robot_description/hook/cmake_prefix_path.sh'
[0.441s] Level 1:colcon.colcon_core.environment:checking '/root/modular_arm_ros2/ws_custom_robot/install/custom_robot_description/bin'
[0.442s] Level 1:colcon.colcon_core.environment:checking '/root/modular_arm_ros2/ws_custom_robot/install/custom_robot_description/lib/pkgconfig/custom_robot_description.pc'
[0.442s] Level 1:colcon.colcon_core.environment:checking '/root/modular_arm_ros2/ws_custom_robot/install/custom_robot_description/lib/python3.10/site-packages'
[0.442s] Level 1:colcon.colcon_core.environment:checking '/root/modular_arm_ros2/ws_custom_robot/install/custom_robot_description/bin'
[0.443s] INFO:colcon.colcon_core.shell:Creating package script '/root/modular_arm_ros2/ws_custom_robot/install/custom_robot_description/share/custom_robot_description/package.ps1'
[0.443s] INFO:colcon.colcon_core.shell:Creating package descriptor '/root/modular_arm_ros2/ws_custom_robot/install/custom_robot_description/share/custom_robot_description/package.dsv'
[0.443s] INFO:colcon.colcon_core.shell:Creating package script '/root/modular_arm_ros2/ws_custom_robot/install/custom_robot_description/share/custom_robot_description/package.sh'
[0.444s] INFO:colcon.colcon_core.shell:Creating package script '/root/modular_arm_ros2/ws_custom_robot/install/custom_robot_description/share/custom_robot_description/package.bash'
[0.444s] INFO:colcon.colcon_core.shell:Creating package script '/root/modular_arm_ros2/ws_custom_robot/install/custom_robot_description/share/custom_robot_description/package.zsh'
[0.444s] Level 1:colcon.colcon_core.environment:create_file_with_runtime_dependencies(/root/modular_arm_ros2/ws_custom_robot/install/custom_robot_description/share/colcon-core/packages/custom_robot_description)
[0.445s] INFO:colcon.colcon_ros.task.ament_cmake.build:Building ROS package in '/root/modular_arm_ros2/ws_custom_robot/src/custom_robot_config' with build type 'ament_cmake'
[0.445s] INFO:colcon.colcon_cmake.task.cmake.build:Building CMake package in '/root/modular_arm_ros2/ws_custom_robot/src/custom_robot_config'
[0.445s] INFO:colcon.colcon_core.shell:Skip shell extension 'powershell' for command environment: Not usable outside of PowerShell
[0.445s] DEBUG:colcon.colcon_core.shell:Skip shell extension 'dsv' for command environment
[0.455s] DEBUG:colcon.colcon_core.event_handler.log_command:Invoking command in '/root/modular_arm_ros2/ws_custom_robot/build/custom_robot_config': CMAKE_PREFIX_PATH=/root/modular_arm_ros2/ws_custom_robot/install/custom_robot_description:/root/modular_arm_ros2/ws_custom_robot/install/custom_robot_config:/root/modular_arm_ros2/ws_custom_robot/install/custom_robot_controller:/root/modular_arm_ros2/ws_custom_robot/install/custom_robot_bringup:/opt/ros/humble /usr/bin/cmake --build /root/modular_arm_ros2/ws_custom_robot/build/custom_robot_config -- -j8 -l8
[0.491s] DEBUG:colcon.colcon_core.event_handler.log_command:Invoked command in '/root/modular_arm_ros2/ws_custom_robot/build/custom_robot_config' returned '0': CMAKE_PREFIX_PATH=/root/modular_arm_ros2/ws_custom_robot/install/custom_robot_description:/root/modular_arm_ros2/ws_custom_robot/install/custom_robot_config:/root/modular_arm_ros2/ws_custom_robot/install/custom_robot_controller:/root/modular_arm_ros2/ws_custom_robot/install/custom_robot_bringup:/opt/ros/humble /usr/bin/cmake --build /root/modular_arm_ros2/ws_custom_robot/build/custom_robot_config -- -j8 -l8
[0.516s] DEBUG:colcon.colcon_core.event_handler.log_command:Invoking command in '/root/modular_arm_ros2/ws_custom_robot/build/custom_robot_config': CMAKE_PREFIX_PATH=/root/modular_arm_ros2/ws_custom_robot/install/custom_robot_description:/root/modular_arm_ros2/ws_custom_robot/install/custom_robot_config:/root/modular_arm_ros2/ws_custom_robot/install/custom_robot_controller:/root/modular_arm_ros2/ws_custom_robot/install/custom_robot_bringup:/opt/ros/humble /usr/bin/cmake --install /root/modular_arm_ros2/ws_custom_robot/build/custom_robot_config
[0.527s] Level 1:colcon.colcon_core.environment:create_environment_scripts_only(custom_robot_config)
[0.528s] Level 1:colcon.colcon_core.environment:checking '/root/modular_arm_ros2/ws_custom_robot/install/custom_robot_config' for CMake module files
[0.530s] DEBUG:colcon.colcon_core.event_handler.log_command:Invoked command in '/root/modular_arm_ros2/ws_custom_robot/build/custom_robot_config' returned '0': CMAKE_PREFIX_PATH=/root/modular_arm_ros2/ws_custom_robot/install/custom_robot_description:/root/modular_arm_ros2/ws_custom_robot/install/custom_robot_config:/root/modular_arm_ros2/ws_custom_robot/install/custom_robot_controller:/root/modular_arm_ros2/ws_custom_robot/install/custom_robot_bringup:/opt/ros/humble /usr/bin/cmake --install /root/modular_arm_ros2/ws_custom_robot/build/custom_robot_config
[0.530s] Level 1:colcon.colcon_core.environment:checking '/root/modular_arm_ros2/ws_custom_robot/install/custom_robot_config' for CMake config files
[0.531s] Level 1:colcon.colcon_core.shell:create_environment_hook('custom_robot_config', 'cmake_prefix_path')
[0.531s] INFO:colcon.colcon_core.shell:Creating environment hook '/root/modular_arm_ros2/ws_custom_robot/install/custom_robot_config/share/custom_robot_config/hook/cmake_prefix_path.ps1'
[0.532s] INFO:colcon.colcon_core.shell:Creating environment descriptor '/root/modular_arm_ros2/ws_custom_robot/install/custom_robot_config/share/custom_robot_config/hook/cmake_prefix_path.dsv'
[0.532s] INFO:colcon.colcon_core.shell:Creating environment hook '/root/modular_arm_ros2/ws_custom_robot/install/custom_robot_config/share/custom_robot_config/hook/cmake_prefix_path.sh'
[0.533s] Level 1:colcon.colcon_core.environment:checking '/root/modular_arm_ros2/ws_custom_robot/install/custom_robot_config/bin'
[0.533s] Level 1:colcon.colcon_core.environment:checking '/root/modular_arm_ros2/ws_custom_robot/install/custom_robot_config/lib/pkgconfig/custom_robot_config.pc'
[0.533s] Level 1:colcon.colcon_core.environment:checking '/root/modular_arm_ros2/ws_custom_robot/install/custom_robot_config/lib/python3.10/site-packages'
[0.533s] Level 1:colcon.colcon_core.environment:checking '/root/modular_arm_ros2/ws_custom_robot/install/custom_robot_config/bin'
[0.534s] INFO:colcon.colcon_core.shell:Creating package script '/root/modular_arm_ros2/ws_custom_robot/install/custom_robot_config/share/custom_robot_config/package.ps1'
[0.534s] INFO:colcon.colcon_core.shell:Creating package descriptor '/root/modular_arm_ros2/ws_custom_robot/install/custom_robot_config/share/custom_robot_config/package.dsv'
[0.535s] INFO:colcon.colcon_core.shell:Creating package script '/root/modular_arm_ros2/ws_custom_robot/install/custom_robot_config/share/custom_robot_config/package.sh'
[0.535s] INFO:colcon.colcon_core.shell:Creating package script '/root/modular_arm_ros2/ws_custom_robot/install/custom_robot_config/share/custom_robot_config/package.bash'
[0.536s] INFO:colcon.colcon_core.shell:Creating package script '/root/modular_arm_ros2/ws_custom_robot/install/custom_robot_config/share/custom_robot_config/package.zsh'
[0.536s] Level 1:colcon.colcon_core.environment:create_file_with_runtime_dependencies(/root/modular_arm_ros2/ws_custom_robot/install/custom_robot_config/share/colcon-core/packages/custom_robot_config)
[0.557s] Level 1:colcon.colcon_core.environment:create_environment_scripts_only(custom_robot_config)
[0.557s] Level 1:colcon.colcon_core.environment:checking '/root/modular_arm_ros2/ws_custom_robot/install/custom_robot_config' for CMake module files
[0.558s] Level 1:colcon.colcon_core.environment:checking '/root/modular_arm_ros2/ws_custom_robot/install/custom_robot_config' for CMake config files
[0.558s] Level 1:colcon.colcon_core.shell:create_environment_hook('custom_robot_config', 'cmake_prefix_path')
[0.558s] INFO:colcon.colcon_core.shell:Creating environment hook '/root/modular_arm_ros2/ws_custom_robot/install/custom_robot_config/share/custom_robot_config/hook/cmake_prefix_path.ps1'
[0.559s] INFO:colcon.colcon_core.shell:Creating environment descriptor '/root/modular_arm_ros2/ws_custom_robot/install/custom_robot_config/share/custom_robot_config/hook/cmake_prefix_path.dsv'
[0.559s] INFO:colcon.colcon_core.shell:Creating environment hook '/root/modular_arm_ros2/ws_custom_robot/install/custom_robot_config/share/custom_robot_config/hook/cmake_prefix_path.sh'
[0.560s] Level 1:colcon.colcon_core.environment:checking '/root/modular_arm_ros2/ws_custom_robot/install/custom_robot_config/bin'
[0.560s] Level 1:colcon.colcon_core.environment:checking '/root/modular_arm_ros2/ws_custom_robot/install/custom_robot_config/lib/pkgconfig/custom_robot_config.pc'
[0.561s] Level 1:colcon.colcon_core.environment:checking '/root/modular_arm_ros2/ws_custom_robot/install/custom_robot_config/lib/python3.10/site-packages'
[0.561s] Level 1:colcon.colcon_core.environment:checking '/root/modular_arm_ros2/ws_custom_robot/install/custom_robot_config/bin'
[0.561s] INFO:colcon.colcon_core.shell:Creating package script '/root/modular_arm_ros2/ws_custom_robot/install/custom_robot_config/share/custom_robot_config/package.ps1'
[0.562s] INFO:colcon.colcon_core.shell:Creating package descriptor '/root/modular_arm_ros2/ws_custom_robot/install/custom_robot_config/share/custom_robot_config/package.dsv'
[0.562s] INFO:colcon.colcon_core.shell:Creating package script '/root/modular_arm_ros2/ws_custom_robot/install/custom_robot_config/share/custom_robot_config/package.sh'
[0.563s] INFO:colcon.colcon_core.shell:Creating package script '/root/modular_arm_ros2/ws_custom_robot/install/custom_robot_config/share/custom_robot_config/package.bash'
[0.563s] INFO:colcon.colcon_core.shell:Creating package script '/root/modular_arm_ros2/ws_custom_robot/install/custom_robot_config/share/custom_robot_config/package.zsh'
[0.564s] Level 1:colcon.colcon_core.environment:create_file_with_runtime_dependencies(/root/modular_arm_ros2/ws_custom_robot/install/custom_robot_config/share/colcon-core/packages/custom_robot_config)
[3.958s] DEBUG:colcon.colcon_core.event_handler.log_command:Invoked command in '/root/modular_arm_ros2/ws_custom_robot/build/custom_robot_controller' returned '0': CMAKE_PREFIX_PATH=${CMAKE_PREFIX_PATH}:/opt/ros/humble /usr/bin/cmake --build /root/modular_arm_ros2/ws_custom_robot/build/custom_robot_controller -- -j8 -l8
[3.982s] DEBUG:colcon.colcon_core.event_handler.log_command:Invoking command in '/root/modular_arm_ros2/ws_custom_robot/build/custom_robot_controller': CMAKE_PREFIX_PATH=${CMAKE_PREFIX_PATH}:/opt/ros/humble /usr/bin/cmake --install /root/modular_arm_ros2/ws_custom_robot/build/custom_robot_controller
[3.993s] Level 1:colcon.colcon_core.environment:create_environment_scripts_only(custom_robot_controller)
[3.994s] Level 1:colcon.colcon_core.environment:checking '/root/modular_arm_ros2/ws_custom_robot/install/custom_robot_controller' for CMake module files
[3.994s] DEBUG:colcon.colcon_core.event_handler.log_command:Invoked command in '/root/modular_arm_ros2/ws_custom_robot/build/custom_robot_controller' returned '0': CMAKE_PREFIX_PATH=${CMAKE_PREFIX_PATH}:/opt/ros/humble /usr/bin/cmake --install /root/modular_arm_ros2/ws_custom_robot/build/custom_robot_controller
[3.995s] Level 1:colcon.colcon_core.environment:checking '/root/modular_arm_ros2/ws_custom_robot/install/custom_robot_controller' for CMake config files
[3.995s] Level 1:colcon.colcon_core.shell:create_environment_hook('custom_robot_controller', 'cmake_prefix_path')
[3.995s] INFO:colcon.colcon_core.shell:Creating environment hook '/root/modular_arm_ros2/ws_custom_robot/install/custom_robot_controller/share/custom_robot_controller/hook/cmake_prefix_path.ps1'
[3.996s] INFO:colcon.colcon_core.shell:Creating environment descriptor '/root/modular_arm_ros2/ws_custom_robot/install/custom_robot_controller/share/custom_robot_controller/hook/cmake_prefix_path.dsv'
[3.996s] INFO:colcon.colcon_core.shell:Creating environment hook '/root/modular_arm_ros2/ws_custom_robot/install/custom_robot_controller/share/custom_robot_controller/hook/cmake_prefix_path.sh'
[3.996s] Level 1:colcon.colcon_core.environment:checking '/root/modular_arm_ros2/ws_custom_robot/install/custom_robot_controller/lib'
[3.997s] Level 1:colcon.colcon_core.shell:create_environment_hook('custom_robot_controller', 'ld_library_path_lib')
[3.997s] INFO:colcon.colcon_core.shell:Creating environment hook '/root/modular_arm_ros2/ws_custom_robot/install/custom_robot_controller/share/custom_robot_controller/hook/ld_library_path_lib.ps1'
[3.997s] INFO:colcon.colcon_core.shell:Creating environment descriptor '/root/modular_arm_ros2/ws_custom_robot/install/custom_robot_controller/share/custom_robot_controller/hook/ld_library_path_lib.dsv'
[3.997s] INFO:colcon.colcon_core.shell:Creating environment hook '/root/modular_arm_ros2/ws_custom_robot/install/custom_robot_controller/share/custom_robot_controller/hook/ld_library_path_lib.sh'
[3.998s] Level 1:colcon.colcon_core.environment:checking '/root/modular_arm_ros2/ws_custom_robot/install/custom_robot_controller/bin'
[3.998s] Level 1:colcon.colcon_core.environment:checking '/root/modular_arm_ros2/ws_custom_robot/install/custom_robot_controller/lib/pkgconfig/custom_robot_controller.pc'
[3.998s] Level 1:colcon.colcon_core.environment:checking '/root/modular_arm_ros2/ws_custom_robot/install/custom_robot_controller/lib/python3.10/site-packages'
[3.998s] Level 1:colcon.colcon_core.environment:checking '/root/modular_arm_ros2/ws_custom_robot/install/custom_robot_controller/bin'
[3.998s] INFO:colcon.colcon_core.shell:Creating package script '/root/modular_arm_ros2/ws_custom_robot/install/custom_robot_controller/share/custom_robot_controller/package.ps1'
[3.999s] INFO:colcon.colcon_core.shell:Creating package descriptor '/root/modular_arm_ros2/ws_custom_robot/install/custom_robot_controller/share/custom_robot_controller/package.dsv'
[3.999s] INFO:colcon.colcon_core.shell:Creating package script '/root/modular_arm_ros2/ws_custom_robot/install/custom_robot_controller/share/custom_robot_controller/package.sh'
[3.999s] INFO:colcon.colcon_core.shell:Creating package script '/root/modular_arm_ros2/ws_custom_robot/install/custom_robot_controller/share/custom_robot_controller/package.bash'
[4.000s] INFO:colcon.colcon_core.shell:Creating package script '/root/modular_arm_ros2/ws_custom_robot/install/custom_robot_controller/share/custom_robot_controller/package.zsh'
[4.000s] Level 1:colcon.colcon_core.environment:create_file_with_runtime_dependencies(/root/modular_arm_ros2/ws_custom_robot/install/custom_robot_controller/share/colcon-core/packages/custom_robot_controller)
[4.024s] Level 1:colcon.colcon_core.environment:create_environment_scripts_only(custom_robot_controller)
[4.025s] Level 1:colcon.colcon_core.environment:checking '/root/modular_arm_ros2/ws_custom_robot/install/custom_robot_controller' for CMake module files
[4.026s] Level 1:colcon.colcon_core.environment:checking '/root/modular_arm_ros2/ws_custom_robot/install/custom_robot_controller' for CMake config files
[4.026s] Level 1:colcon.colcon_core.shell:create_environment_hook('custom_robot_controller', 'cmake_prefix_path')
[4.027s] INFO:colcon.colcon_core.shell:Creating environment hook '/root/modular_arm_ros2/ws_custom_robot/install/custom_robot_controller/share/custom_robot_controller/hook/cmake_prefix_path.ps1'
[4.028s] INFO:colcon.colcon_core.shell:Creating environment descriptor '/root/modular_arm_ros2/ws_custom_robot/install/custom_robot_controller/share/custom_robot_controller/hook/cmake_prefix_path.dsv'
[4.028s] INFO:colcon.colcon_core.shell:Creating environment hook '/root/modular_arm_ros2/ws_custom_robot/install/custom_robot_controller/share/custom_robot_controller/hook/cmake_prefix_path.sh'
[4.029s] Level 1:colcon.colcon_core.environment:checking '/root/modular_arm_ros2/ws_custom_robot/install/custom_robot_controller/lib'
[4.029s] Level 1:colcon.colcon_core.shell:create_environment_hook('custom_robot_controller', 'ld_library_path_lib')
[4.030s] INFO:colcon.colcon_core.shell:Creating environment hook '/root/modular_arm_ros2/ws_custom_robot/install/custom_robot_controller/share/custom_robot_controller/hook/ld_library_path_lib.ps1'
[4.030s] INFO:colcon.colcon_core.shell:Creating environment descriptor '/root/modular_arm_ros2/ws_custom_robot/install/custom_robot_controller/share/custom_robot_controller/hook/ld_library_path_lib.dsv'
[4.031s] INFO:colcon.colcon_core.shell:Creating environment hook '/root/modular_arm_ros2/ws_custom_robot/install/custom_robot_controller/share/custom_robot_controller/hook/ld_library_path_lib.sh'
[4.032s] Level 1:colcon.colcon_core.environment:checking '/root/modular_arm_ros2/ws_custom_robot/install/custom_robot_controller/bin'
[4.032s] Level 1:colcon.colcon_core.environment:checking '/root/modular_arm_ros2/ws_custom_robot/install/custom_robot_controller/lib/pkgconfig/custom_robot_controller.pc'
[4.032s] Level 1:colcon.colcon_core.environment:checking '/root/modular_arm_ros2/ws_custom_robot/install/custom_robot_controller/lib/python3.10/site-packages'
[4.033s] Level 1:colcon.colcon_core.environment:checking '/root/modular_arm_ros2/ws_custom_robot/install/custom_robot_controller/bin'
[4.033s] INFO:colcon.colcon_core.shell:Creating package script '/root/modular_arm_ros2/ws_custom_robot/install/custom_robot_controller/share/custom_robot_controller/package.ps1'
[4.034s] INFO:colcon.colcon_core.shell:Creating package descriptor '/root/modular_arm_ros2/ws_custom_robot/install/custom_robot_controller/share/custom_robot_controller/package.dsv'
[4.035s] INFO:colcon.colcon_core.shell:Creating package script '/root/modular_arm_ros2/ws_custom_robot/install/custom_robot_controller/share/custom_robot_controller/package.sh'
[4.036s] INFO:colcon.colcon_core.shell:Creating package script '/root/modular_arm_ros2/ws_custom_robot/install/custom_robot_controller/share/custom_robot_controller/package.bash'
[4.036s] INFO:colcon.colcon_core.shell:Creating package script '/root/modular_arm_ros2/ws_custom_robot/install/custom_robot_controller/share/custom_robot_controller/package.zsh'
[4.037s] Level 1:colcon.colcon_core.environment:create_file_with_runtime_dependencies(/root/modular_arm_ros2/ws_custom_robot/install/custom_robot_controller/share/colcon-core/packages/custom_robot_controller)
[4.037s] DEBUG:colcon.colcon_parallel_executor.executor.parallel:closing loop
[4.037s] DEBUG:colcon.colcon_parallel_executor.executor.parallel:loop closed
[4.038s] DEBUG:colcon.colcon_parallel_executor.executor.parallel:run_until_complete finished with '0'
[4.038s] DEBUG:colcon.colcon_core.event_reactor:joining thread
[4.065s] INFO:colcon.colcon_core.plugin_system:Skipping extension 'colcon_notification.desktop_notification.notify_send': Could not find 'notify-send'
[4.065s] INFO:colcon.colcon_core.plugin_system:Skipping extension 'colcon_notification.desktop_notification.terminal_notifier': Not used on non-Darwin systems
[4.066s] INFO:colcon.colcon_core.plugin_system:Skipping extension 'colcon_notification.desktop_notification.win32': Not used on non-Windows systems
[4.066s] INFO:colcon.colcon_notification.desktop_notification:Sending desktop notification using 'notify2'
[4.069s] DEBUG:colcon.colcon_notification.desktop_notification.notify2:Failed to initialize notify2: org.freedesktop.DBus.Error.Spawn.ExecFailed: /usr/bin/dbus-launch terminated abnormally without any error message
[4.070s] DEBUG:colcon.colcon_core.event_reactor:joined thread
[4.071s] INFO:colcon.colcon_core.shell:Creating prefix script '/root/modular_arm_ros2/ws_custom_robot/install/local_setup.ps1'
[4.072s] INFO:colcon.colcon_core.shell:Creating prefix util module '/root/modular_arm_ros2/ws_custom_robot/install/_local_setup_util_ps1.py'
[4.075s] INFO:colcon.colcon_core.shell:Creating prefix chain script '/root/modular_arm_ros2/ws_custom_robot/install/setup.ps1'
[4.078s] INFO:colcon.colcon_core.shell:Creating prefix script '/root/modular_arm_ros2/ws_custom_robot/install/local_setup.sh'
[4.079s] INFO:colcon.colcon_core.shell:Creating prefix util module '/root/modular_arm_ros2/ws_custom_robot/install/_local_setup_util_sh.py'
[4.080s] INFO:colcon.colcon_core.shell:Creating prefix chain script '/root/modular_arm_ros2/ws_custom_robot/install/setup.sh'
[4.083s] INFO:colcon.colcon_core.shell:Creating prefix script '/root/modular_arm_ros2/ws_custom_robot/install/local_setup.bash'
[4.084s] INFO:colcon.colcon_core.shell:Creating prefix chain script '/root/modular_arm_ros2/ws_custom_robot/install/setup.bash'
[4.086s] INFO:colcon.colcon_core.shell:Creating prefix script '/root/modular_arm_ros2/ws_custom_robot/install/local_setup.zsh'
[4.087s] INFO:colcon.colcon_core.shell:Creating prefix chain script '/root/modular_arm_ros2/ws_custom_robot/install/setup.zsh'
