[0.058s] Invoking command in '/root/modular_arm_ros2/ws_custom_robot/build/custom_robot_moveit': CMAKE_PREFIX_PATH=${CMAKE_PREFIX_PATH}:/root/ws_moveit/install/moveit_configs_utils:/opt/ros/rolling /usr/bin/cmake --build /root/modular_arm_ros2/ws_custom_robot/build/custom_robot_moveit -- -j8 -l8
[0.139s] Invoked command in '/root/modular_arm_ros2/ws_custom_robot/build/custom_robot_moveit' returned '0': CMAKE_PREFIX_PATH=${CMAKE_PREFIX_PATH}:/root/ws_moveit/install/moveit_configs_utils:/opt/ros/rolling /usr/bin/cmake --build /root/modular_arm_ros2/ws_custom_robot/build/custom_robot_moveit -- -j8 -l8
[0.251s] Invoking command in '/root/modular_arm_ros2/ws_custom_robot/build/custom_robot_moveit': CMAKE_PREFIX_PATH=${CMAKE_PREFIX_PATH}:/root/ws_moveit/install/moveit_configs_utils:/opt/ros/rolling /usr/bin/cmake --install /root/modular_arm_ros2/ws_custom_robot/build/custom_robot_moveit
[0.265s] -- Install configuration: ""
[0.265s] -- Execute custom install script
[0.266s] -- Up-to-date symlink: /root/modular_arm_ros2/ws_custom_robot/install/custom_robot_moveit/share/custom_robot_moveit/launch/moveit.launch.py
[0.267s] -- Up-to-date symlink: /root/modular_arm_ros2/ws_custom_robot/install/custom_robot_moveit/share/custom_robot_moveit/config/custom_robot.srdf
[0.267s] -- Up-to-date symlink: /root/modular_arm_ros2/ws_custom_robot/install/custom_robot_moveit/share/custom_robot_moveit/config/initial_position.yaml
[0.267s] -- Up-to-date symlink: /root/modular_arm_ros2/ws_custom_robot/install/custom_robot_moveit/share/custom_robot_moveit/config/joint_limits.yaml
[0.267s] -- Up-to-date symlink: /root/modular_arm_ros2/ws_custom_robot/install/custom_robot_moveit/share/custom_robot_moveit/config/kinematics.yaml
[0.268s] -- Up-to-date symlink: /root/modular_arm_ros2/ws_custom_robot/install/custom_robot_moveit/share/custom_robot_moveit/config/moveit.rviz
[0.268s] -- Up-to-date symlink: /root/modular_arm_ros2/ws_custom_robot/install/custom_robot_moveit/share/custom_robot_moveit/config/moveit_controllers.yaml
[0.268s] -- Up-to-date symlink: /root/modular_arm_ros2/ws_custom_robot/install/custom_robot_moveit/share/custom_robot_moveit/config/pilz_cartesian_limits.yaml
[0.269s] -- Up-to-date symlink: /root/modular_arm_ros2/ws_custom_robot/install/custom_robot_moveit/share/ament_index/resource_index/package_run_dependencies/custom_robot_moveit
[0.272s] -- Up-to-date symlink: /root/modular_arm_ros2/ws_custom_robot/install/custom_robot_moveit/share/ament_index/resource_index/parent_prefix_path/custom_robot_moveit
[0.272s] -- Up-to-date symlink: /root/modular_arm_ros2/ws_custom_robot/install/custom_robot_moveit/share/custom_robot_moveit/environment/ament_prefix_path.sh
[0.273s] -- Up-to-date symlink: /root/modular_arm_ros2/ws_custom_robot/install/custom_robot_moveit/share/custom_robot_moveit/environment/ament_prefix_path.dsv
[0.273s] -- Up-to-date symlink: /root/modular_arm_ros2/ws_custom_robot/install/custom_robot_moveit/share/custom_robot_moveit/environment/path.sh
[0.274s] -- Up-to-date symlink: /root/modular_arm_ros2/ws_custom_robot/install/custom_robot_moveit/share/custom_robot_moveit/environment/path.dsv
[0.274s] -- Up-to-date symlink: /root/modular_arm_ros2/ws_custom_robot/install/custom_robot_moveit/share/custom_robot_moveit/local_setup.bash
[0.274s] -- Up-to-date symlink: /root/modular_arm_ros2/ws_custom_robot/install/custom_robot_moveit/share/custom_robot_moveit/local_setup.sh
[0.274s] -- Up-to-date symlink: /root/modular_arm_ros2/ws_custom_robot/install/custom_robot_moveit/share/custom_robot_moveit/local_setup.zsh
[0.275s] -- Up-to-date symlink: /root/modular_arm_ros2/ws_custom_robot/install/custom_robot_moveit/share/custom_robot_moveit/local_setup.dsv
[0.275s] -- Symlinking: /root/modular_arm_ros2/ws_custom_robot/install/custom_robot_moveit/share/custom_robot_moveit/package.dsv
[0.286s] -- Up-to-date symlink: /root/modular_arm_ros2/ws_custom_robot/install/custom_robot_moveit/share/ament_index/resource_index/packages/custom_robot_moveit
[0.286s] -- Up-to-date symlink: /root/modular_arm_ros2/ws_custom_robot/install/custom_robot_moveit/share/custom_robot_moveit/cmake/custom_robot_moveitConfig.cmake
[0.287s] -- Up-to-date symlink: /root/modular_arm_ros2/ws_custom_robot/install/custom_robot_moveit/share/custom_robot_moveit/cmake/custom_robot_moveitConfig-version.cmake
[0.287s] -- Up-to-date symlink: /root/modular_arm_ros2/ws_custom_robot/install/custom_robot_moveit/share/custom_robot_moveit/package.xml
[0.289s] Invoked command in '/root/modular_arm_ros2/ws_custom_robot/build/custom_robot_moveit' returned '0': CMAKE_PREFIX_PATH=${CMAKE_PREFIX_PATH}:/root/ws_moveit/install/moveit_configs_utils:/opt/ros/rolling /usr/bin/cmake --install /root/modular_arm_ros2/ws_custom_robot/build/custom_robot_moveit
