[0.038s] Invoking command in '/root/modular_arm_ros2/ws_custom_robot/build/custom_robot_description': CMAKE_PREFIX_PATH=${CMAKE_PREFIX_PATH}:/root/ws_moveit/install/moveit_configs_utils:/opt/ros/rolling /usr/bin/cmake /root/modular_arm_ros2/ws_custom_robot/src/custom_robot_description -DAMENT_CMAKE_SYMLINK_INSTALL=1 -DCMAKE_INSTALL_PREFIX=/root/modular_arm_ros2/ws_custom_robot/install/custom_robot_description
[0.039s] -- Found ament_cmake: 2.3.2 (/opt/ros/rolling/share/ament_cmake/cmake)
[0.193s] -- Override CMake install command with custom implementation using symlinks instead of copying resources
[0.205s] -- Found ament_lint_auto: 0.16.3 (/opt/ros/rolling/share/ament_lint_auto/cmake)
[0.284s] -- Added test 'flake8' to check Python code syntax and style conventions
[0.284s] -- Configured 'flake8' exclude dirs and/or files: 
[0.285s] -- Added test 'lint_cmake' to check CMake code style
[0.285s] -- Added test 'pep257' to check Python code against some of the docstring style conventions in PEP 257
[0.287s] -- Added test 'xmllint' to check XML markup files
[0.288s] -- Configuring done
[0.292s] -- Generating done
[0.294s] -- Build files have been written to: /root/modular_arm_ros2/ws_custom_robot/build/custom_robot_description
[0.297s] Invoked command in '/root/modular_arm_ros2/ws_custom_robot/build/custom_robot_description' returned '0': CMAKE_PREFIX_PATH=${CMAKE_PREFIX_PATH}:/root/ws_moveit/install/moveit_configs_utils:/opt/ros/rolling /usr/bin/cmake /root/modular_arm_ros2/ws_custom_robot/src/custom_robot_description -DAMENT_CMAKE_SYMLINK_INSTALL=1 -DCMAKE_INSTALL_PREFIX=/root/modular_arm_ros2/ws_custom_robot/install/custom_robot_description
[0.300s] Invoking command in '/root/modular_arm_ros2/ws_custom_robot/build/custom_robot_description': CMAKE_PREFIX_PATH=${CMAKE_PREFIX_PATH}:/root/ws_moveit/install/moveit_configs_utils:/opt/ros/rolling /usr/bin/cmake --build /root/modular_arm_ros2/ws_custom_robot/build/custom_robot_description -- -j8 -l8
[0.355s] Invoked command in '/root/modular_arm_ros2/ws_custom_robot/build/custom_robot_description' returned '0': CMAKE_PREFIX_PATH=${CMAKE_PREFIX_PATH}:/root/ws_moveit/install/moveit_configs_utils:/opt/ros/rolling /usr/bin/cmake --build /root/modular_arm_ros2/ws_custom_robot/build/custom_robot_description -- -j8 -l8
[0.423s] Invoking command in '/root/modular_arm_ros2/ws_custom_robot/build/custom_robot_description': CMAKE_PREFIX_PATH=${CMAKE_PREFIX_PATH}:/root/ws_moveit/install/moveit_configs_utils:/opt/ros/rolling /usr/bin/cmake --install /root/modular_arm_ros2/ws_custom_robot/build/custom_robot_description
[0.435s] -- Install configuration: ""
[0.436s] -- Execute custom install script
[0.436s] -- Symlinking: /root/modular_arm_ros2/ws_custom_robot/install/custom_robot_description/share/custom_robot_description/meshes/base_link.stl
[0.449s] -- Symlinking: /root/modular_arm_ros2/ws_custom_robot/install/custom_robot_description/share/custom_robot_description/meshes/base_link_left.stl
[0.462s] -- Symlinking: /root/modular_arm_ros2/ws_custom_robot/install/custom_robot_description/share/custom_robot_description/meshes/base_link_right.stl
[0.474s] -- Symlinking: /root/modular_arm_ros2/ws_custom_robot/install/custom_robot_description/share/custom_robot_description/meshes/base_link_right_adjust.stl
[0.487s] -- Symlinking: /root/modular_arm_ros2/ws_custom_robot/install/custom_robot_description/share/custom_robot_description/meshes/base_lower.stl
[0.501s] -- Symlinking: /root/modular_arm_ros2/ws_custom_robot/install/custom_robot_description/share/custom_robot_description/meshes/base_middle.stl
[0.514s] -- Symlinking: /root/modular_arm_ros2/ws_custom_robot/install/custom_robot_description/share/custom_robot_description/meshes/base_top.stl
[0.526s] -- Symlinking: /root/modular_arm_ros2/ws_custom_robot/install/custom_robot_description/share/custom_robot_description/meshes/dc_link_base.stl
[0.539s] -- Symlinking: /root/modular_arm_ros2/ws_custom_robot/install/custom_robot_description/share/custom_robot_description/meshes/dc_link_cover.stl
[0.551s] -- Symlinking: /root/modular_arm_ros2/ws_custom_robot/install/custom_robot_description/share/custom_robot_description/meshes/dc_link_top.stl
[0.565s] -- Symlinking: /root/modular_arm_ros2/ws_custom_robot/install/custom_robot_description/share/custom_robot_description/meshes/long_arm_base.stl
[0.578s] -- Symlinking: /root/modular_arm_ros2/ws_custom_robot/install/custom_robot_description/share/custom_robot_description/meshes/long_arm_middle.stl
[0.591s] -- Symlinking: /root/modular_arm_ros2/ws_custom_robot/install/custom_robot_description/share/custom_robot_description/meshes/long_arm_top.stl
[0.605s] -- Symlinking: /root/modular_arm_ros2/ws_custom_robot/install/custom_robot_description/share/custom_robot_description/urdf/custom_robot.urdf.xacro
[0.617s] -- Symlinking: /root/modular_arm_ros2/ws_custom_robot/install/custom_robot_description/share/custom_robot_description/urdf/custom_robot_gazebo.xacro
[0.630s] -- Symlinking: /root/modular_arm_ros2/ws_custom_robot/install/custom_robot_description/share/custom_robot_description/urdf/custom_robot_ros2_control.xacro
[0.642s] -- Symlinking: /root/modular_arm_ros2/ws_custom_robot/install/custom_robot_description/share/custom_robot_description/launch/display.launch.py
[0.655s] -- Symlinking: /root/modular_arm_ros2/ws_custom_robot/install/custom_robot_description/share/custom_robot_description/launch/gazebo.launch.py
[0.668s] -- Symlinking: /root/modular_arm_ros2/ws_custom_robot/install/custom_robot_description/share/custom_robot_description/rviz/display.rviz
[0.681s] -- Symlinking: /root/modular_arm_ros2/ws_custom_robot/install/custom_robot_description/share/custom_robot_description/models/ground_plane/model-1_2.sdf
[0.694s] -- Symlinking: /root/modular_arm_ros2/ws_custom_robot/install/custom_robot_description/share/custom_robot_description/models/ground_plane/model-1_3.sdf
[0.710s] -- Symlinking: /root/modular_arm_ros2/ws_custom_robot/install/custom_robot_description/share/custom_robot_description/models/ground_plane/model-1_4.sdf
[0.723s] -- Symlinking: /root/modular_arm_ros2/ws_custom_robot/install/custom_robot_description/share/custom_robot_description/models/ground_plane/model.config
[0.735s] -- Symlinking: /root/modular_arm_ros2/ws_custom_robot/install/custom_robot_description/share/custom_robot_description/models/ground_plane/model.sdf
[0.747s] -- Symlinking: /root/modular_arm_ros2/ws_custom_robot/install/custom_robot_description/share/custom_robot_description/models/sun/model-1_2.sdf
[0.760s] -- Symlinking: /root/modular_arm_ros2/ws_custom_robot/install/custom_robot_description/share/custom_robot_description/models/sun/model-1_3.sdf
[0.772s] -- Symlinking: /root/modular_arm_ros2/ws_custom_robot/install/custom_robot_description/share/custom_robot_description/models/sun/model-1_4.sdf
[0.785s] -- Symlinking: /root/modular_arm_ros2/ws_custom_robot/install/custom_robot_description/share/custom_robot_description/models/sun/model.config
[0.799s] -- Symlinking: /root/modular_arm_ros2/ws_custom_robot/install/custom_robot_description/share/custom_robot_description/models/sun/model.sdf
[0.811s] -- Symlinking: /root/modular_arm_ros2/ws_custom_robot/install/custom_robot_description/share/ament_index/resource_index/package_run_dependencies/custom_robot_description
[0.825s] -- Symlinking: /root/modular_arm_ros2/ws_custom_robot/install/custom_robot_description/share/ament_index/resource_index/parent_prefix_path/custom_robot_description
[0.837s] -- Symlinking: /root/modular_arm_ros2/ws_custom_robot/install/custom_robot_description/share/custom_robot_description/environment/ament_prefix_path.sh
[0.853s] -- Symlinking: /root/modular_arm_ros2/ws_custom_robot/install/custom_robot_description/share/custom_robot_description/environment/ament_prefix_path.dsv
[0.868s] -- Symlinking: /root/modular_arm_ros2/ws_custom_robot/install/custom_robot_description/share/custom_robot_description/environment/path.sh
[0.880s] -- Symlinking: /root/modular_arm_ros2/ws_custom_robot/install/custom_robot_description/share/custom_robot_description/environment/path.dsv
[0.891s] -- Symlinking: /root/modular_arm_ros2/ws_custom_robot/install/custom_robot_description/share/custom_robot_description/local_setup.bash
[0.904s] -- Symlinking: /root/modular_arm_ros2/ws_custom_robot/install/custom_robot_description/share/custom_robot_description/local_setup.sh
[0.916s] -- Symlinking: /root/modular_arm_ros2/ws_custom_robot/install/custom_robot_description/share/custom_robot_description/local_setup.zsh
[0.928s] -- Symlinking: /root/modular_arm_ros2/ws_custom_robot/install/custom_robot_description/share/custom_robot_description/local_setup.dsv
[0.940s] -- Symlinking: /root/modular_arm_ros2/ws_custom_robot/install/custom_robot_description/share/custom_robot_description/package.dsv
[0.951s] -- Symlinking: /root/modular_arm_ros2/ws_custom_robot/install/custom_robot_description/share/ament_index/resource_index/packages/custom_robot_description
[0.963s] -- Symlinking: /root/modular_arm_ros2/ws_custom_robot/install/custom_robot_description/share/custom_robot_description/cmake/custom_robot_descriptionConfig.cmake
[0.975s] -- Symlinking: /root/modular_arm_ros2/ws_custom_robot/install/custom_robot_description/share/custom_robot_description/cmake/custom_robot_descriptionConfig-version.cmake
[0.987s] -- Symlinking: /root/modular_arm_ros2/ws_custom_robot/install/custom_robot_description/share/custom_robot_description/package.xml
[1.002s] Invoked command in '/root/modular_arm_ros2/ws_custom_robot/build/custom_robot_description' returned '0': CMAKE_PREFIX_PATH=${CMAKE_PREFIX_PATH}:/root/ws_moveit/install/moveit_configs_utils:/opt/ros/rolling /usr/bin/cmake --install /root/modular_arm_ros2/ws_custom_robot/build/custom_robot_description
