[0.155s] DEBUG:colcon:Command line arguments: ['/usr/bin/colcon', 'build']
[0.155s] DEBUG:colcon:Parsed command line arguments: Namespace(log_base=None, log_level=None, verb_name='build', build_base='build', install_base='install', merge_install=False, symlink_install=False, test_result_base=None, continue_on_error=False, executor='parallel', parallel_workers=8, event_handlers=None, ignore_user_meta=False, metas=['./colcon.meta'], base_paths=['.'], packages_ignore=None, packages_ignore_regex=None, paths=None, packages_up_to=None, packages_up_to_regex=None, packages_above=None, packages_above_and_dependencies=None, packages_above_depth=None, packages_select_by_dep=None, packages_skip_by_dep=None, packages_skip_up_to=None, packages_select_build_failed=False, packages_skip_build_finished=False, packages_select_test_failures=False, packages_skip_test_passed=False, packages_select=None, packages_skip=None, packages_select_regex=None, packages_skip_regex=None, packages_start=None, packages_end=None, cmake_args=None, cmake_target=None, cmake_target_skip_unavailable=False, cmake_clean_cache=False, cmake_clean_first=False, cmake_force_configure=False, ament_cmake_args=None, catkin_cmake_args=None, catkin_skip_building_tests=False, mixin_files=None, mixin=None, verb_parser=<colcon_mixin.mixin.mixin_argument.MixinArgumentDecorator object at 0x7d0a808e03a0>, verb_extension=<colcon_core.verb.build.BuildVerb object at 0x7d0a80ac3dc0>, main=<bound method BuildVerb.main of <colcon_core.verb.build.BuildVerb object at 0x7d0a80ac3dc0>>, mixin_verb=('build',))
[0.312s] Level 1:colcon.colcon_core.package_discovery:discover_packages(colcon_meta) check parameters
[0.313s] INFO:colcon.colcon_metadata.package_discovery.colcon_meta:Using configuration from '/root/.colcon/metadata/default/Gazebo.meta'
[0.314s] INFO:colcon.colcon_metadata.package_discovery.colcon_meta:Using configuration from '/root/.colcon/metadata/default/fastrtps.meta'
[0.314s] Level 1:colcon.colcon_core.package_discovery:discover_packages(recursive) check parameters
[0.314s] Level 1:colcon.colcon_core.package_discovery:discover_packages(ignore) check parameters
[0.314s] Level 1:colcon.colcon_core.package_discovery:discover_packages(path) check parameters
[0.314s] Level 1:colcon.colcon_core.package_discovery:discover_packages(colcon_meta) discover
[0.314s] Level 1:colcon.colcon_core.package_discovery:discover_packages(recursive) discover
[0.314s] INFO:colcon.colcon_core.package_discovery:Crawling recursively for packages in '/root/modular_arm_ros2/ws_custom_robot'
[0.314s] Level 1:colcon.colcon_core.package_identification:_identify(.) by extensions ['ignore', 'ignore_ament_install']
[0.314s] Level 1:colcon.colcon_core.package_identification:_identify(.) by extension 'ignore'
[0.314s] Level 1:colcon.colcon_core.package_identification:_identify(.) by extension 'ignore_ament_install'
[0.314s] Level 1:colcon.colcon_core.package_identification:_identify(.) by extensions ['colcon_pkg']
[0.314s] Level 1:colcon.colcon_core.package_identification:_identify(.) by extension 'colcon_pkg'
[0.314s] Level 1:colcon.colcon_core.package_identification:_identify(.) by extensions ['colcon_meta']
[0.314s] Level 1:colcon.colcon_core.package_identification:_identify(.) by extension 'colcon_meta'
[0.314s] Level 1:colcon.colcon_core.package_identification:_identify(.) by extensions ['ros']
[0.314s] Level 1:colcon.colcon_core.package_identification:_identify(.) by extension 'ros'
[0.328s] Level 1:colcon.colcon_core.package_identification:_identify(.) by extensions ['cmake', 'python']
[0.328s] Level 1:colcon.colcon_core.package_identification:_identify(.) by extension 'cmake'
[0.328s] Level 1:colcon.colcon_core.package_identification:_identify(.) by extension 'python'
[0.328s] Level 1:colcon.colcon_core.package_identification:_identify(.) by extensions ['python_setup_py']
[0.328s] Level 1:colcon.colcon_core.package_identification:_identify(.) by extension 'python_setup_py'
[0.328s] Level 1:colcon.colcon_core.package_identification:_identify(build) by extensions ['ignore', 'ignore_ament_install']
[0.328s] Level 1:colcon.colcon_core.package_identification:_identify(build) by extension 'ignore'
[0.328s] Level 1:colcon.colcon_core.package_identification:_identify(build) ignored
[0.329s] Level 1:colcon.colcon_core.package_identification:_identify(install) by extensions ['ignore', 'ignore_ament_install']
[0.329s] Level 1:colcon.colcon_core.package_identification:_identify(install) by extension 'ignore'
[0.329s] Level 1:colcon.colcon_core.package_identification:_identify(install) ignored
[0.329s] Level 1:colcon.colcon_core.package_identification:_identify(log) by extensions ['ignore', 'ignore_ament_install']
[0.329s] Level 1:colcon.colcon_core.package_identification:_identify(log) by extension 'ignore'
[0.329s] Level 1:colcon.colcon_core.package_identification:_identify(log) ignored
[0.329s] Level 1:colcon.colcon_core.package_identification:_identify(src) by extensions ['ignore', 'ignore_ament_install']
[0.329s] Level 1:colcon.colcon_core.package_identification:_identify(src) by extension 'ignore'
[0.329s] Level 1:colcon.colcon_core.package_identification:_identify(src) by extension 'ignore_ament_install'
[0.329s] Level 1:colcon.colcon_core.package_identification:_identify(src) by extensions ['colcon_pkg']
[0.329s] Level 1:colcon.colcon_core.package_identification:_identify(src) by extension 'colcon_pkg'
[0.329s] Level 1:colcon.colcon_core.package_identification:_identify(src) by extensions ['colcon_meta']
[0.329s] Level 1:colcon.colcon_core.package_identification:_identify(src) by extension 'colcon_meta'
[0.329s] Level 1:colcon.colcon_core.package_identification:_identify(src) by extensions ['ros']
[0.329s] Level 1:colcon.colcon_core.package_identification:_identify(src) by extension 'ros'
[0.329s] Level 1:colcon.colcon_core.package_identification:_identify(src) by extensions ['cmake', 'python']
[0.330s] Level 1:colcon.colcon_core.package_identification:_identify(src) by extension 'cmake'
[0.330s] Level 1:colcon.colcon_core.package_identification:_identify(src) by extension 'python'
[0.330s] Level 1:colcon.colcon_core.package_identification:_identify(src) by extensions ['python_setup_py']
[0.330s] Level 1:colcon.colcon_core.package_identification:_identify(src) by extension 'python_setup_py'
[0.330s] Level 1:colcon.colcon_core.package_identification:_identify(src/custom_robot_bringup) by extensions ['ignore', 'ignore_ament_install']
[0.330s] Level 1:colcon.colcon_core.package_identification:_identify(src/custom_robot_bringup) by extension 'ignore'
[0.330s] Level 1:colcon.colcon_core.package_identification:_identify(src/custom_robot_bringup) by extension 'ignore_ament_install'
[0.330s] Level 1:colcon.colcon_core.package_identification:_identify(src/custom_robot_bringup) by extensions ['colcon_pkg']
[0.330s] Level 1:colcon.colcon_core.package_identification:_identify(src/custom_robot_bringup) by extension 'colcon_pkg'
[0.330s] Level 1:colcon.colcon_core.package_identification:_identify(src/custom_robot_bringup) by extensions ['colcon_meta']
[0.330s] Level 1:colcon.colcon_core.package_identification:_identify(src/custom_robot_bringup) by extension 'colcon_meta'
[0.330s] Level 1:colcon.colcon_core.package_identification:_identify(src/custom_robot_bringup) by extensions ['ros']
[0.330s] Level 1:colcon.colcon_core.package_identification:_identify(src/custom_robot_bringup) by extension 'ros'
[0.332s] DEBUG:colcon.colcon_core.package_identification:Package 'src/custom_robot_bringup' with type 'ros.ament_cmake' and name 'custom_robot_bringup'
[0.333s] Level 1:colcon.colcon_core.package_identification:_identify(src/custom_robot_config) by extensions ['ignore', 'ignore_ament_install']
[0.333s] Level 1:colcon.colcon_core.package_identification:_identify(src/custom_robot_config) by extension 'ignore'
[0.333s] Level 1:colcon.colcon_core.package_identification:_identify(src/custom_robot_config) by extension 'ignore_ament_install'
[0.333s] Level 1:colcon.colcon_core.package_identification:_identify(src/custom_robot_config) by extensions ['colcon_pkg']
[0.333s] Level 1:colcon.colcon_core.package_identification:_identify(src/custom_robot_config) by extension 'colcon_pkg'
[0.333s] Level 1:colcon.colcon_core.package_identification:_identify(src/custom_robot_config) by extensions ['colcon_meta']
[0.333s] Level 1:colcon.colcon_core.package_identification:_identify(src/custom_robot_config) by extension 'colcon_meta'
[0.333s] Level 1:colcon.colcon_core.package_identification:_identify(src/custom_robot_config) by extensions ['ros']
[0.333s] Level 1:colcon.colcon_core.package_identification:_identify(src/custom_robot_config) by extension 'ros'
[0.334s] DEBUG:colcon.colcon_core.package_identification:Package 'src/custom_robot_config' with type 'ros.ament_cmake' and name 'custom_robot_config'
[0.334s] Level 1:colcon.colcon_core.package_identification:_identify(src/custom_robot_controller) by extensions ['ignore', 'ignore_ament_install']
[0.334s] Level 1:colcon.colcon_core.package_identification:_identify(src/custom_robot_controller) by extension 'ignore'
[0.334s] Level 1:colcon.colcon_core.package_identification:_identify(src/custom_robot_controller) by extension 'ignore_ament_install'
[0.334s] Level 1:colcon.colcon_core.package_identification:_identify(src/custom_robot_controller) by extensions ['colcon_pkg']
[0.334s] Level 1:colcon.colcon_core.package_identification:_identify(src/custom_robot_controller) by extension 'colcon_pkg'
[0.334s] Level 1:colcon.colcon_core.package_identification:_identify(src/custom_robot_controller) by extensions ['colcon_meta']
[0.334s] Level 1:colcon.colcon_core.package_identification:_identify(src/custom_robot_controller) by extension 'colcon_meta'
[0.334s] Level 1:colcon.colcon_core.package_identification:_identify(src/custom_robot_controller) by extensions ['ros']
[0.334s] Level 1:colcon.colcon_core.package_identification:_identify(src/custom_robot_controller) by extension 'ros'
[0.335s] DEBUG:colcon.colcon_core.package_identification:Package 'src/custom_robot_controller' with type 'ros.ament_cmake' and name 'custom_robot_controller'
[0.335s] Level 1:colcon.colcon_core.package_identification:_identify(src/custom_robot_description) by extensions ['ignore', 'ignore_ament_install']
[0.335s] Level 1:colcon.colcon_core.package_identification:_identify(src/custom_robot_description) by extension 'ignore'
[0.335s] Level 1:colcon.colcon_core.package_identification:_identify(src/custom_robot_description) by extension 'ignore_ament_install'
[0.335s] Level 1:colcon.colcon_core.package_identification:_identify(src/custom_robot_description) by extensions ['colcon_pkg']
[0.335s] Level 1:colcon.colcon_core.package_identification:_identify(src/custom_robot_description) by extension 'colcon_pkg'
[0.335s] Level 1:colcon.colcon_core.package_identification:_identify(src/custom_robot_description) by extensions ['colcon_meta']
[0.335s] Level 1:colcon.colcon_core.package_identification:_identify(src/custom_robot_description) by extension 'colcon_meta'
[0.335s] Level 1:colcon.colcon_core.package_identification:_identify(src/custom_robot_description) by extensions ['ros']
[0.335s] Level 1:colcon.colcon_core.package_identification:_identify(src/custom_robot_description) by extension 'ros'
[0.336s] DEBUG:colcon.colcon_core.package_identification:Package 'src/custom_robot_description' with type 'ros.ament_cmake' and name 'custom_robot_description'
[0.336s] Level 1:colcon.colcon_core.package_discovery:discover_packages(recursive) using defaults
[0.336s] Level 1:colcon.colcon_core.package_discovery:discover_packages(ignore) discover
[0.336s] Level 1:colcon.colcon_core.package_discovery:discover_packages(ignore) using defaults
[0.336s] Level 1:colcon.colcon_core.package_discovery:discover_packages(path) discover
[0.336s] Level 1:colcon.colcon_core.package_discovery:discover_packages(path) using defaults
[0.357s] Level 5:colcon.colcon_core.verb:set package 'custom_robot_bringup' build argument 'cmake_args' from command line to 'None'
[0.358s] Level 5:colcon.colcon_core.verb:set package 'custom_robot_bringup' build argument 'cmake_target' from command line to 'None'
[0.358s] Level 5:colcon.colcon_core.verb:set package 'custom_robot_bringup' build argument 'cmake_target_skip_unavailable' from command line to 'False'
[0.358s] Level 5:colcon.colcon_core.verb:set package 'custom_robot_bringup' build argument 'cmake_clean_cache' from command line to 'False'
[0.358s] Level 5:colcon.colcon_core.verb:set package 'custom_robot_bringup' build argument 'cmake_clean_first' from command line to 'False'
[0.358s] Level 5:colcon.colcon_core.verb:set package 'custom_robot_bringup' build argument 'cmake_force_configure' from command line to 'False'
[0.358s] Level 5:colcon.colcon_core.verb:set package 'custom_robot_bringup' build argument 'ament_cmake_args' from command line to 'None'
[0.358s] Level 5:colcon.colcon_core.verb:set package 'custom_robot_bringup' build argument 'catkin_cmake_args' from command line to 'None'
[0.358s] Level 5:colcon.colcon_core.verb:set package 'custom_robot_bringup' build argument 'catkin_skip_building_tests' from command line to 'False'
[0.358s] DEBUG:colcon.colcon_core.verb:Building package 'custom_robot_bringup' with the following arguments: {'ament_cmake_args': None, 'build_base': '/root/modular_arm_ros2/ws_custom_robot/build/custom_robot_bringup', 'catkin_cmake_args': None, 'catkin_skip_building_tests': False, 'cmake_args': None, 'cmake_clean_cache': False, 'cmake_clean_first': False, 'cmake_force_configure': False, 'cmake_target': None, 'cmake_target_skip_unavailable': False, 'install_base': '/root/modular_arm_ros2/ws_custom_robot/install/custom_robot_bringup', 'merge_install': False, 'path': '/root/modular_arm_ros2/ws_custom_robot/src/custom_robot_bringup', 'symlink_install': False, 'test_result_base': None}
[0.358s] Level 5:colcon.colcon_core.verb:set package 'custom_robot_controller' build argument 'cmake_args' from command line to 'None'
[0.358s] Level 5:colcon.colcon_core.verb:set package 'custom_robot_controller' build argument 'cmake_target' from command line to 'None'
[0.358s] Level 5:colcon.colcon_core.verb:set package 'custom_robot_controller' build argument 'cmake_target_skip_unavailable' from command line to 'False'
[0.358s] Level 5:colcon.colcon_core.verb:set package 'custom_robot_controller' build argument 'cmake_clean_cache' from command line to 'False'
[0.358s] Level 5:colcon.colcon_core.verb:set package 'custom_robot_controller' build argument 'cmake_clean_first' from command line to 'False'
[0.358s] Level 5:colcon.colcon_core.verb:set package 'custom_robot_controller' build argument 'cmake_force_configure' from command line to 'False'
[0.358s] Level 5:colcon.colcon_core.verb:set package 'custom_robot_controller' build argument 'ament_cmake_args' from command line to 'None'
[0.358s] Level 5:colcon.colcon_core.verb:set package 'custom_robot_controller' build argument 'catkin_cmake_args' from command line to 'None'
[0.358s] Level 5:colcon.colcon_core.verb:set package 'custom_robot_controller' build argument 'catkin_skip_building_tests' from command line to 'False'
[0.358s] DEBUG:colcon.colcon_core.verb:Building package 'custom_robot_controller' with the following arguments: {'ament_cmake_args': None, 'build_base': '/root/modular_arm_ros2/ws_custom_robot/build/custom_robot_controller', 'catkin_cmake_args': None, 'catkin_skip_building_tests': False, 'cmake_args': None, 'cmake_clean_cache': False, 'cmake_clean_first': False, 'cmake_force_configure': False, 'cmake_target': None, 'cmake_target_skip_unavailable': False, 'install_base': '/root/modular_arm_ros2/ws_custom_robot/install/custom_robot_controller', 'merge_install': False, 'path': '/root/modular_arm_ros2/ws_custom_robot/src/custom_robot_controller', 'symlink_install': False, 'test_result_base': None}
[0.359s] Level 5:colcon.colcon_core.verb:set package 'custom_robot_description' build argument 'cmake_args' from command line to 'None'
[0.359s] Level 5:colcon.colcon_core.verb:set package 'custom_robot_description' build argument 'cmake_target' from command line to 'None'
[0.359s] Level 5:colcon.colcon_core.verb:set package 'custom_robot_description' build argument 'cmake_target_skip_unavailable' from command line to 'False'
[0.359s] Level 5:colcon.colcon_core.verb:set package 'custom_robot_description' build argument 'cmake_clean_cache' from command line to 'False'
[0.359s] Level 5:colcon.colcon_core.verb:set package 'custom_robot_description' build argument 'cmake_clean_first' from command line to 'False'
[0.359s] Level 5:colcon.colcon_core.verb:set package 'custom_robot_description' build argument 'cmake_force_configure' from command line to 'False'
[0.359s] Level 5:colcon.colcon_core.verb:set package 'custom_robot_description' build argument 'ament_cmake_args' from command line to 'None'
[0.359s] Level 5:colcon.colcon_core.verb:set package 'custom_robot_description' build argument 'catkin_cmake_args' from command line to 'None'
[0.359s] Level 5:colcon.colcon_core.verb:set package 'custom_robot_description' build argument 'catkin_skip_building_tests' from command line to 'False'
[0.359s] DEBUG:colcon.colcon_core.verb:Building package 'custom_robot_description' with the following arguments: {'ament_cmake_args': None, 'build_base': '/root/modular_arm_ros2/ws_custom_robot/build/custom_robot_description', 'catkin_cmake_args': None, 'catkin_skip_building_tests': False, 'cmake_args': None, 'cmake_clean_cache': False, 'cmake_clean_first': False, 'cmake_force_configure': False, 'cmake_target': None, 'cmake_target_skip_unavailable': False, 'install_base': '/root/modular_arm_ros2/ws_custom_robot/install/custom_robot_description', 'merge_install': False, 'path': '/root/modular_arm_ros2/ws_custom_robot/src/custom_robot_description', 'symlink_install': False, 'test_result_base': None}
[0.359s] Level 5:colcon.colcon_core.verb:set package 'custom_robot_config' build argument 'cmake_args' from command line to 'None'
[0.359s] Level 5:colcon.colcon_core.verb:set package 'custom_robot_config' build argument 'cmake_target' from command line to 'None'
[0.359s] Level 5:colcon.colcon_core.verb:set package 'custom_robot_config' build argument 'cmake_target_skip_unavailable' from command line to 'False'
[0.359s] Level 5:colcon.colcon_core.verb:set package 'custom_robot_config' build argument 'cmake_clean_cache' from command line to 'False'
[0.359s] Level 5:colcon.colcon_core.verb:set package 'custom_robot_config' build argument 'cmake_clean_first' from command line to 'False'
[0.359s] Level 5:colcon.colcon_core.verb:set package 'custom_robot_config' build argument 'cmake_force_configure' from command line to 'False'
[0.359s] Level 5:colcon.colcon_core.verb:set package 'custom_robot_config' build argument 'ament_cmake_args' from command line to 'None'
[0.359s] Level 5:colcon.colcon_core.verb:set package 'custom_robot_config' build argument 'catkin_cmake_args' from command line to 'None'
[0.359s] Level 5:colcon.colcon_core.verb:set package 'custom_robot_config' build argument 'catkin_skip_building_tests' from command line to 'False'
[0.359s] DEBUG:colcon.colcon_core.verb:Building package 'custom_robot_config' with the following arguments: {'ament_cmake_args': None, 'build_base': '/root/modular_arm_ros2/ws_custom_robot/build/custom_robot_config', 'catkin_cmake_args': None, 'catkin_skip_building_tests': False, 'cmake_args': None, 'cmake_clean_cache': False, 'cmake_clean_first': False, 'cmake_force_configure': False, 'cmake_target': None, 'cmake_target_skip_unavailable': False, 'install_base': '/root/modular_arm_ros2/ws_custom_robot/install/custom_robot_config', 'merge_install': False, 'path': '/root/modular_arm_ros2/ws_custom_robot/src/custom_robot_config', 'symlink_install': False, 'test_result_base': None}
[0.360s] INFO:colcon.colcon_core.executor:Executing jobs using 'parallel' executor
[0.361s] DEBUG:colcon.colcon_parallel_executor.executor.parallel:run_until_complete
[0.361s] INFO:colcon.colcon_ros.task.ament_cmake.build:Building ROS package in '/root/modular_arm_ros2/ws_custom_robot/src/custom_robot_description' with build type 'ament_cmake'
[0.361s] INFO:colcon.colcon_cmake.task.cmake.build:Building CMake package in '/root/modular_arm_ros2/ws_custom_robot/src/custom_robot_description'
[0.363s] INFO:colcon.colcon_core.plugin_system:Skipping extension 'colcon_core.shell.bat': Not used on non-Windows systems
[0.364s] INFO:colcon.colcon_core.shell:Skip shell extension 'powershell' for command environment: Not usable outside of PowerShell
[0.364s] DEBUG:colcon.colcon_core.shell:Skip shell extension 'dsv' for command environment
[0.369s] INFO:colcon.colcon_ros.task.ament_cmake.build:Building ROS package in '/root/modular_arm_ros2/ws_custom_robot/src/custom_robot_bringup' with build type 'ament_cmake'
[0.370s] INFO:colcon.colcon_cmake.task.cmake.build:Building CMake package in '/root/modular_arm_ros2/ws_custom_robot/src/custom_robot_bringup'
[0.370s] INFO:colcon.colcon_core.shell:Skip shell extension 'powershell' for command environment: Not usable outside of PowerShell
[0.370s] DEBUG:colcon.colcon_core.shell:Skip shell extension 'dsv' for command environment
[0.374s] INFO:colcon.colcon_ros.task.ament_cmake.build:Building ROS package in '/root/modular_arm_ros2/ws_custom_robot/src/custom_robot_controller' with build type 'ament_cmake'
[0.374s] INFO:colcon.colcon_cmake.task.cmake.build:Building CMake package in '/root/modular_arm_ros2/ws_custom_robot/src/custom_robot_controller'
[0.375s] INFO:colcon.colcon_core.shell:Skip shell extension 'powershell' for command environment: Not usable outside of PowerShell
[0.375s] DEBUG:colcon.colcon_core.shell:Skip shell extension 'dsv' for command environment
[0.383s] DEBUG:colcon.colcon_core.event_handler.log_command:Invoking command in '/root/modular_arm_ros2/ws_custom_robot/build/custom_robot_description': CMAKE_PREFIX_PATH=${CMAKE_PREFIX_PATH}:/opt/ros/humble /usr/bin/cmake --build /root/modular_arm_ros2/ws_custom_robot/build/custom_robot_description -- -j8 -l8
[0.387s] DEBUG:colcon.colcon_core.event_handler.log_command:Invoking command in '/root/modular_arm_ros2/ws_custom_robot/build/custom_robot_bringup': CMAKE_PREFIX_PATH=${CMAKE_PREFIX_PATH}:/opt/ros/humble /usr/bin/cmake --build /root/modular_arm_ros2/ws_custom_robot/build/custom_robot_bringup -- -j8 -l8
[0.392s] DEBUG:colcon.colcon_core.event_handler.log_command:Invoking command in '/root/modular_arm_ros2/ws_custom_robot/build/custom_robot_controller': CMAKE_PREFIX_PATH=${CMAKE_PREFIX_PATH}:/opt/ros/humble /usr/bin/cmake --build /root/modular_arm_ros2/ws_custom_robot/build/custom_robot_controller -- -j8 -l8
[0.425s] DEBUG:colcon.colcon_core.event_handler.log_command:Invoked command in '/root/modular_arm_ros2/ws_custom_robot/build/custom_robot_bringup' returned '0': CMAKE_PREFIX_PATH=${CMAKE_PREFIX_PATH}:/opt/ros/humble /usr/bin/cmake --build /root/modular_arm_ros2/ws_custom_robot/build/custom_robot_bringup -- -j8 -l8
[0.426s] DEBUG:colcon.colcon_core.event_handler.log_command:Invoked command in '/root/modular_arm_ros2/ws_custom_robot/build/custom_robot_description' returned '0': CMAKE_PREFIX_PATH=${CMAKE_PREFIX_PATH}:/opt/ros/humble /usr/bin/cmake --build /root/modular_arm_ros2/ws_custom_robot/build/custom_robot_description -- -j8 -l8
[0.458s] DEBUG:colcon.colcon_core.event_handler.log_command:Invoking command in '/root/modular_arm_ros2/ws_custom_robot/build/custom_robot_bringup': CMAKE_PREFIX_PATH=${CMAKE_PREFIX_PATH}:/opt/ros/humble /usr/bin/cmake --install /root/modular_arm_ros2/ws_custom_robot/build/custom_robot_bringup
[0.460s] DEBUG:colcon.colcon_core.event_handler.log_command:Invoking command in '/root/modular_arm_ros2/ws_custom_robot/build/custom_robot_description': CMAKE_PREFIX_PATH=${CMAKE_PREFIX_PATH}:/opt/ros/humble /usr/bin/cmake --install /root/modular_arm_ros2/ws_custom_robot/build/custom_robot_description
[0.472s] Level 1:colcon.colcon_core.environment:create_environment_scripts_only(custom_robot_bringup)
[0.474s] DEBUG:colcon.colcon_core.event_handler.log_command:Invoked command in '/root/modular_arm_ros2/ws_custom_robot/build/custom_robot_bringup' returned '0': CMAKE_PREFIX_PATH=${CMAKE_PREFIX_PATH}:/opt/ros/humble /usr/bin/cmake --install /root/modular_arm_ros2/ws_custom_robot/build/custom_robot_bringup
[0.476s] Level 1:colcon.colcon_core.environment:checking '/root/modular_arm_ros2/ws_custom_robot/install/custom_robot_bringup' for CMake module files
[0.477s] Level 1:colcon.colcon_core.environment:checking '/root/modular_arm_ros2/ws_custom_robot/install/custom_robot_bringup' for CMake config files
[0.477s] Level 1:colcon.colcon_core.shell:create_environment_hook('custom_robot_bringup', 'cmake_prefix_path')
[0.477s] INFO:colcon.colcon_core.shell:Creating environment hook '/root/modular_arm_ros2/ws_custom_robot/install/custom_robot_bringup/share/custom_robot_bringup/hook/cmake_prefix_path.ps1'
[0.478s] INFO:colcon.colcon_core.shell:Creating environment descriptor '/root/modular_arm_ros2/ws_custom_robot/install/custom_robot_bringup/share/custom_robot_bringup/hook/cmake_prefix_path.dsv'
[0.478s] INFO:colcon.colcon_core.shell:Creating environment hook '/root/modular_arm_ros2/ws_custom_robot/install/custom_robot_bringup/share/custom_robot_bringup/hook/cmake_prefix_path.sh'
[0.479s] Level 1:colcon.colcon_core.environment:checking '/root/modular_arm_ros2/ws_custom_robot/install/custom_robot_bringup/bin'
[0.479s] Level 1:colcon.colcon_core.environment:checking '/root/modular_arm_ros2/ws_custom_robot/install/custom_robot_bringup/lib/pkgconfig/custom_robot_bringup.pc'
[0.481s] Level 1:colcon.colcon_core.environment:checking '/root/modular_arm_ros2/ws_custom_robot/install/custom_robot_bringup/lib/python3.10/site-packages'
[0.482s] Level 1:colcon.colcon_core.environment:checking '/root/modular_arm_ros2/ws_custom_robot/install/custom_robot_bringup/bin'
[0.482s] INFO:colcon.colcon_core.shell:Creating package script '/root/modular_arm_ros2/ws_custom_robot/install/custom_robot_bringup/share/custom_robot_bringup/package.ps1'
[0.483s] INFO:colcon.colcon_core.shell:Creating package descriptor '/root/modular_arm_ros2/ws_custom_robot/install/custom_robot_bringup/share/custom_robot_bringup/package.dsv'
[0.484s] INFO:colcon.colcon_core.shell:Creating package script '/root/modular_arm_ros2/ws_custom_robot/install/custom_robot_bringup/share/custom_robot_bringup/package.sh'
[0.484s] INFO:colcon.colcon_core.shell:Creating package script '/root/modular_arm_ros2/ws_custom_robot/install/custom_robot_bringup/share/custom_robot_bringup/package.bash'
[0.485s] INFO:colcon.colcon_core.shell:Creating package script '/root/modular_arm_ros2/ws_custom_robot/install/custom_robot_bringup/share/custom_robot_bringup/package.zsh'
[0.486s] Level 1:colcon.colcon_core.environment:create_file_with_runtime_dependencies(/root/modular_arm_ros2/ws_custom_robot/install/custom_robot_bringup/share/colcon-core/packages/custom_robot_bringup)
[0.487s] Level 1:colcon.colcon_core.environment:create_environment_scripts_only(custom_robot_description)
[0.488s] Level 1:colcon.colcon_core.environment:checking '/root/modular_arm_ros2/ws_custom_robot/install/custom_robot_description' for CMake module files
[0.489s] DEBUG:colcon.colcon_core.event_handler.log_command:Invoked command in '/root/modular_arm_ros2/ws_custom_robot/build/custom_robot_description' returned '0': CMAKE_PREFIX_PATH=${CMAKE_PREFIX_PATH}:/opt/ros/humble /usr/bin/cmake --install /root/modular_arm_ros2/ws_custom_robot/build/custom_robot_description
[0.489s] Level 1:colcon.colcon_core.environment:checking '/root/modular_arm_ros2/ws_custom_robot/install/custom_robot_description' for CMake config files
[0.490s] Level 1:colcon.colcon_core.shell:create_environment_hook('custom_robot_description', 'cmake_prefix_path')
[0.490s] INFO:colcon.colcon_core.shell:Creating environment hook '/root/modular_arm_ros2/ws_custom_robot/install/custom_robot_description/share/custom_robot_description/hook/cmake_prefix_path.ps1'
[0.491s] INFO:colcon.colcon_core.shell:Creating environment descriptor '/root/modular_arm_ros2/ws_custom_robot/install/custom_robot_description/share/custom_robot_description/hook/cmake_prefix_path.dsv'
[0.491s] INFO:colcon.colcon_core.shell:Creating environment hook '/root/modular_arm_ros2/ws_custom_robot/install/custom_robot_description/share/custom_robot_description/hook/cmake_prefix_path.sh'
[0.492s] Level 1:colcon.colcon_core.environment:checking '/root/modular_arm_ros2/ws_custom_robot/install/custom_robot_description/bin'
[0.492s] Level 1:colcon.colcon_core.environment:checking '/root/modular_arm_ros2/ws_custom_robot/install/custom_robot_description/lib/pkgconfig/custom_robot_description.pc'
[0.493s] Level 1:colcon.colcon_core.environment:checking '/root/modular_arm_ros2/ws_custom_robot/install/custom_robot_description/lib/python3.10/site-packages'
[0.493s] Level 1:colcon.colcon_core.environment:checking '/root/modular_arm_ros2/ws_custom_robot/install/custom_robot_description/bin'
[0.493s] INFO:colcon.colcon_core.shell:Creating package script '/root/modular_arm_ros2/ws_custom_robot/install/custom_robot_description/share/custom_robot_description/package.ps1'
[0.494s] INFO:colcon.colcon_core.shell:Creating package descriptor '/root/modular_arm_ros2/ws_custom_robot/install/custom_robot_description/share/custom_robot_description/package.dsv'
[0.495s] INFO:colcon.colcon_core.shell:Creating package script '/root/modular_arm_ros2/ws_custom_robot/install/custom_robot_description/share/custom_robot_description/package.sh'
[0.495s] INFO:colcon.colcon_core.shell:Creating package script '/root/modular_arm_ros2/ws_custom_robot/install/custom_robot_description/share/custom_robot_description/package.bash'
[0.496s] INFO:colcon.colcon_core.shell:Creating package script '/root/modular_arm_ros2/ws_custom_robot/install/custom_robot_description/share/custom_robot_description/package.zsh'
[0.496s] Level 1:colcon.colcon_core.environment:create_file_with_runtime_dependencies(/root/modular_arm_ros2/ws_custom_robot/install/custom_robot_description/share/colcon-core/packages/custom_robot_description)
[0.513s] Level 1:colcon.colcon_core.environment:create_environment_scripts_only(custom_robot_bringup)
[0.514s] Level 1:colcon.colcon_core.environment:checking '/root/modular_arm_ros2/ws_custom_robot/install/custom_robot_bringup' for CMake module files
[0.514s] Level 1:colcon.colcon_core.environment:checking '/root/modular_arm_ros2/ws_custom_robot/install/custom_robot_bringup' for CMake config files
[0.515s] Level 1:colcon.colcon_core.shell:create_environment_hook('custom_robot_bringup', 'cmake_prefix_path')
[0.515s] INFO:colcon.colcon_core.shell:Creating environment hook '/root/modular_arm_ros2/ws_custom_robot/install/custom_robot_bringup/share/custom_robot_bringup/hook/cmake_prefix_path.ps1'
[0.515s] INFO:colcon.colcon_core.shell:Creating environment descriptor '/root/modular_arm_ros2/ws_custom_robot/install/custom_robot_bringup/share/custom_robot_bringup/hook/cmake_prefix_path.dsv'
[0.516s] INFO:colcon.colcon_core.shell:Creating environment hook '/root/modular_arm_ros2/ws_custom_robot/install/custom_robot_bringup/share/custom_robot_bringup/hook/cmake_prefix_path.sh'
[0.516s] Level 1:colcon.colcon_core.environment:checking '/root/modular_arm_ros2/ws_custom_robot/install/custom_robot_bringup/bin'
[0.516s] Level 1:colcon.colcon_core.environment:checking '/root/modular_arm_ros2/ws_custom_robot/install/custom_robot_bringup/lib/pkgconfig/custom_robot_bringup.pc'
[0.517s] Level 1:colcon.colcon_core.environment:checking '/root/modular_arm_ros2/ws_custom_robot/install/custom_robot_bringup/lib/python3.10/site-packages'
[0.517s] Level 1:colcon.colcon_core.environment:checking '/root/modular_arm_ros2/ws_custom_robot/install/custom_robot_bringup/bin'
[0.517s] INFO:colcon.colcon_core.shell:Creating package script '/root/modular_arm_ros2/ws_custom_robot/install/custom_robot_bringup/share/custom_robot_bringup/package.ps1'
[0.518s] INFO:colcon.colcon_core.shell:Creating package descriptor '/root/modular_arm_ros2/ws_custom_robot/install/custom_robot_bringup/share/custom_robot_bringup/package.dsv'
[0.518s] INFO:colcon.colcon_core.shell:Creating package script '/root/modular_arm_ros2/ws_custom_robot/install/custom_robot_bringup/share/custom_robot_bringup/package.sh'
[0.518s] INFO:colcon.colcon_core.shell:Creating package script '/root/modular_arm_ros2/ws_custom_robot/install/custom_robot_bringup/share/custom_robot_bringup/package.bash'
[0.519s] INFO:colcon.colcon_core.shell:Creating package script '/root/modular_arm_ros2/ws_custom_robot/install/custom_robot_bringup/share/custom_robot_bringup/package.zsh'
[0.519s] Level 1:colcon.colcon_core.environment:create_file_with_runtime_dependencies(/root/modular_arm_ros2/ws_custom_robot/install/custom_robot_bringup/share/colcon-core/packages/custom_robot_bringup)
[0.521s] Level 1:colcon.colcon_core.environment:create_environment_scripts_only(custom_robot_description)
[0.521s] Level 1:colcon.colcon_core.environment:checking '/root/modular_arm_ros2/ws_custom_robot/install/custom_robot_description' for CMake module files
[0.522s] Level 1:colcon.colcon_core.environment:checking '/root/modular_arm_ros2/ws_custom_robot/install/custom_robot_description' for CMake config files
[0.522s] Level 1:colcon.colcon_core.shell:create_environment_hook('custom_robot_description', 'cmake_prefix_path')
[0.522s] INFO:colcon.colcon_core.shell:Creating environment hook '/root/modular_arm_ros2/ws_custom_robot/install/custom_robot_description/share/custom_robot_description/hook/cmake_prefix_path.ps1'
[0.523s] INFO:colcon.colcon_core.shell:Creating environment descriptor '/root/modular_arm_ros2/ws_custom_robot/install/custom_robot_description/share/custom_robot_description/hook/cmake_prefix_path.dsv'
[0.523s] INFO:colcon.colcon_core.shell:Creating environment hook '/root/modular_arm_ros2/ws_custom_robot/install/custom_robot_description/share/custom_robot_description/hook/cmake_prefix_path.sh'
[0.524s] Level 1:colcon.colcon_core.environment:checking '/root/modular_arm_ros2/ws_custom_robot/install/custom_robot_description/bin'
[0.524s] Level 1:colcon.colcon_core.environment:checking '/root/modular_arm_ros2/ws_custom_robot/install/custom_robot_description/lib/pkgconfig/custom_robot_description.pc'
[0.524s] Level 1:colcon.colcon_core.environment:checking '/root/modular_arm_ros2/ws_custom_robot/install/custom_robot_description/lib/python3.10/site-packages'
[0.524s] Level 1:colcon.colcon_core.environment:checking '/root/modular_arm_ros2/ws_custom_robot/install/custom_robot_description/bin'
[0.525s] INFO:colcon.colcon_core.shell:Creating package script '/root/modular_arm_ros2/ws_custom_robot/install/custom_robot_description/share/custom_robot_description/package.ps1'
[0.525s] INFO:colcon.colcon_core.shell:Creating package descriptor '/root/modular_arm_ros2/ws_custom_robot/install/custom_robot_description/share/custom_robot_description/package.dsv'
[0.526s] INFO:colcon.colcon_core.shell:Creating package script '/root/modular_arm_ros2/ws_custom_robot/install/custom_robot_description/share/custom_robot_description/package.sh'
[0.526s] INFO:colcon.colcon_core.shell:Creating package script '/root/modular_arm_ros2/ws_custom_robot/install/custom_robot_description/share/custom_robot_description/package.bash'
[0.527s] INFO:colcon.colcon_core.shell:Creating package script '/root/modular_arm_ros2/ws_custom_robot/install/custom_robot_description/share/custom_robot_description/package.zsh'
[0.527s] Level 1:colcon.colcon_core.environment:create_file_with_runtime_dependencies(/root/modular_arm_ros2/ws_custom_robot/install/custom_robot_description/share/colcon-core/packages/custom_robot_description)
[0.528s] INFO:colcon.colcon_ros.task.ament_cmake.build:Building ROS package in '/root/modular_arm_ros2/ws_custom_robot/src/custom_robot_config' with build type 'ament_cmake'
[0.528s] INFO:colcon.colcon_cmake.task.cmake.build:Building CMake package in '/root/modular_arm_ros2/ws_custom_robot/src/custom_robot_config'
[0.528s] INFO:colcon.colcon_core.shell:Skip shell extension 'powershell' for command environment: Not usable outside of PowerShell
[0.528s] DEBUG:colcon.colcon_core.shell:Skip shell extension 'dsv' for command environment
[0.538s] DEBUG:colcon.colcon_core.event_handler.log_command:Invoking command in '/root/modular_arm_ros2/ws_custom_robot/build/custom_robot_config': CMAKE_PREFIX_PATH=/root/modular_arm_ros2/ws_custom_robot/install/custom_robot_description:/root/modular_arm_ros2/ws_custom_robot/install/custom_robot_config:/root/modular_arm_ros2/ws_custom_robot/install/custom_robot_controller:/root/modular_arm_ros2/ws_custom_robot/install/custom_robot_bringup:/opt/ros/humble /usr/bin/cmake --build /root/modular_arm_ros2/ws_custom_robot/build/custom_robot_config -- -j8 -l8
[0.580s] DEBUG:colcon.colcon_core.event_handler.log_command:Invoked command in '/root/modular_arm_ros2/ws_custom_robot/build/custom_robot_config' returned '0': CMAKE_PREFIX_PATH=/root/modular_arm_ros2/ws_custom_robot/install/custom_robot_description:/root/modular_arm_ros2/ws_custom_robot/install/custom_robot_config:/root/modular_arm_ros2/ws_custom_robot/install/custom_robot_controller:/root/modular_arm_ros2/ws_custom_robot/install/custom_robot_bringup:/opt/ros/humble /usr/bin/cmake --build /root/modular_arm_ros2/ws_custom_robot/build/custom_robot_config -- -j8 -l8
[0.606s] DEBUG:colcon.colcon_core.event_handler.log_command:Invoking command in '/root/modular_arm_ros2/ws_custom_robot/build/custom_robot_config': CMAKE_PREFIX_PATH=/root/modular_arm_ros2/ws_custom_robot/install/custom_robot_description:/root/modular_arm_ros2/ws_custom_robot/install/custom_robot_config:/root/modular_arm_ros2/ws_custom_robot/install/custom_robot_controller:/root/modular_arm_ros2/ws_custom_robot/install/custom_robot_bringup:/opt/ros/humble /usr/bin/cmake --install /root/modular_arm_ros2/ws_custom_robot/build/custom_robot_config
[0.617s] Level 1:colcon.colcon_core.environment:create_environment_scripts_only(custom_robot_config)
[0.618s] Level 1:colcon.colcon_core.environment:checking '/root/modular_arm_ros2/ws_custom_robot/install/custom_robot_config' for CMake module files
[0.620s] Level 1:colcon.colcon_core.environment:checking '/root/modular_arm_ros2/ws_custom_robot/install/custom_robot_config' for CMake config files
[0.622s] DEBUG:colcon.colcon_core.event_handler.log_command:Invoked command in '/root/modular_arm_ros2/ws_custom_robot/build/custom_robot_config' returned '0': CMAKE_PREFIX_PATH=/root/modular_arm_ros2/ws_custom_robot/install/custom_robot_description:/root/modular_arm_ros2/ws_custom_robot/install/custom_robot_config:/root/modular_arm_ros2/ws_custom_robot/install/custom_robot_controller:/root/modular_arm_ros2/ws_custom_robot/install/custom_robot_bringup:/opt/ros/humble /usr/bin/cmake --install /root/modular_arm_ros2/ws_custom_robot/build/custom_robot_config
[0.622s] Level 1:colcon.colcon_core.shell:create_environment_hook('custom_robot_config', 'cmake_prefix_path')
[0.623s] INFO:colcon.colcon_core.shell:Creating environment hook '/root/modular_arm_ros2/ws_custom_robot/install/custom_robot_config/share/custom_robot_config/hook/cmake_prefix_path.ps1'
[0.624s] INFO:colcon.colcon_core.shell:Creating environment descriptor '/root/modular_arm_ros2/ws_custom_robot/install/custom_robot_config/share/custom_robot_config/hook/cmake_prefix_path.dsv'
[0.624s] INFO:colcon.colcon_core.shell:Creating environment hook '/root/modular_arm_ros2/ws_custom_robot/install/custom_robot_config/share/custom_robot_config/hook/cmake_prefix_path.sh'
[0.625s] Level 1:colcon.colcon_core.environment:checking '/root/modular_arm_ros2/ws_custom_robot/install/custom_robot_config/bin'
[0.625s] Level 1:colcon.colcon_core.environment:checking '/root/modular_arm_ros2/ws_custom_robot/install/custom_robot_config/lib/pkgconfig/custom_robot_config.pc'
[0.625s] Level 1:colcon.colcon_core.environment:checking '/root/modular_arm_ros2/ws_custom_robot/install/custom_robot_config/lib/python3.10/site-packages'
[0.626s] Level 1:colcon.colcon_core.environment:checking '/root/modular_arm_ros2/ws_custom_robot/install/custom_robot_config/bin'
[0.626s] INFO:colcon.colcon_core.shell:Creating package script '/root/modular_arm_ros2/ws_custom_robot/install/custom_robot_config/share/custom_robot_config/package.ps1'
[0.627s] INFO:colcon.colcon_core.shell:Creating package descriptor '/root/modular_arm_ros2/ws_custom_robot/install/custom_robot_config/share/custom_robot_config/package.dsv'
[0.627s] INFO:colcon.colcon_core.shell:Creating package script '/root/modular_arm_ros2/ws_custom_robot/install/custom_robot_config/share/custom_robot_config/package.sh'
[0.628s] INFO:colcon.colcon_core.shell:Creating package script '/root/modular_arm_ros2/ws_custom_robot/install/custom_robot_config/share/custom_robot_config/package.bash'
[0.628s] INFO:colcon.colcon_core.shell:Creating package script '/root/modular_arm_ros2/ws_custom_robot/install/custom_robot_config/share/custom_robot_config/package.zsh'
[0.629s] Level 1:colcon.colcon_core.environment:create_file_with_runtime_dependencies(/root/modular_arm_ros2/ws_custom_robot/install/custom_robot_config/share/colcon-core/packages/custom_robot_config)
[0.654s] Level 1:colcon.colcon_core.environment:create_environment_scripts_only(custom_robot_config)
[0.655s] Level 1:colcon.colcon_core.environment:checking '/root/modular_arm_ros2/ws_custom_robot/install/custom_robot_config' for CMake module files
[0.655s] Level 1:colcon.colcon_core.environment:checking '/root/modular_arm_ros2/ws_custom_robot/install/custom_robot_config' for CMake config files
[0.656s] Level 1:colcon.colcon_core.shell:create_environment_hook('custom_robot_config', 'cmake_prefix_path')
[0.656s] INFO:colcon.colcon_core.shell:Creating environment hook '/root/modular_arm_ros2/ws_custom_robot/install/custom_robot_config/share/custom_robot_config/hook/cmake_prefix_path.ps1'
[0.657s] INFO:colcon.colcon_core.shell:Creating environment descriptor '/root/modular_arm_ros2/ws_custom_robot/install/custom_robot_config/share/custom_robot_config/hook/cmake_prefix_path.dsv'
[0.657s] INFO:colcon.colcon_core.shell:Creating environment hook '/root/modular_arm_ros2/ws_custom_robot/install/custom_robot_config/share/custom_robot_config/hook/cmake_prefix_path.sh'
[0.658s] Level 1:colcon.colcon_core.environment:checking '/root/modular_arm_ros2/ws_custom_robot/install/custom_robot_config/bin'
[0.658s] Level 1:colcon.colcon_core.environment:checking '/root/modular_arm_ros2/ws_custom_robot/install/custom_robot_config/lib/pkgconfig/custom_robot_config.pc'
[0.658s] Level 1:colcon.colcon_core.environment:checking '/root/modular_arm_ros2/ws_custom_robot/install/custom_robot_config/lib/python3.10/site-packages'
[0.659s] Level 1:colcon.colcon_core.environment:checking '/root/modular_arm_ros2/ws_custom_robot/install/custom_robot_config/bin'
[0.659s] INFO:colcon.colcon_core.shell:Creating package script '/root/modular_arm_ros2/ws_custom_robot/install/custom_robot_config/share/custom_robot_config/package.ps1'
[0.660s] INFO:colcon.colcon_core.shell:Creating package descriptor '/root/modular_arm_ros2/ws_custom_robot/install/custom_robot_config/share/custom_robot_config/package.dsv'
[0.660s] INFO:colcon.colcon_core.shell:Creating package script '/root/modular_arm_ros2/ws_custom_robot/install/custom_robot_config/share/custom_robot_config/package.sh'
[0.661s] INFO:colcon.colcon_core.shell:Creating package script '/root/modular_arm_ros2/ws_custom_robot/install/custom_robot_config/share/custom_robot_config/package.bash'
[0.662s] INFO:colcon.colcon_core.shell:Creating package script '/root/modular_arm_ros2/ws_custom_robot/install/custom_robot_config/share/custom_robot_config/package.zsh'
[0.663s] Level 1:colcon.colcon_core.environment:create_file_with_runtime_dependencies(/root/modular_arm_ros2/ws_custom_robot/install/custom_robot_config/share/colcon-core/packages/custom_robot_config)
[3.930s] DEBUG:colcon.colcon_core.event_handler.log_command:Invoked command in '/root/modular_arm_ros2/ws_custom_robot/build/custom_robot_controller' returned '2': CMAKE_PREFIX_PATH=${CMAKE_PREFIX_PATH}:/opt/ros/humble /usr/bin/cmake --build /root/modular_arm_ros2/ws_custom_robot/build/custom_robot_controller -- -j8 -l8
[3.957s] Level 1:colcon.colcon_core.environment:create_environment_scripts_only(custom_robot_controller)
[3.958s] Level 1:colcon.colcon_core.environment:checking '/root/modular_arm_ros2/ws_custom_robot/install/custom_robot_controller' for CMake module files
[3.958s] Level 1:colcon.colcon_core.environment:checking '/root/modular_arm_ros2/ws_custom_robot/install/custom_robot_controller' for CMake config files
[3.959s] Level 1:colcon.colcon_core.shell:create_environment_hook('custom_robot_controller', 'cmake_prefix_path')
[3.959s] INFO:colcon.colcon_core.shell:Creating environment hook '/root/modular_arm_ros2/ws_custom_robot/install/custom_robot_controller/share/custom_robot_controller/hook/cmake_prefix_path.ps1'
[3.960s] INFO:colcon.colcon_core.shell:Creating environment descriptor '/root/modular_arm_ros2/ws_custom_robot/install/custom_robot_controller/share/custom_robot_controller/hook/cmake_prefix_path.dsv'
[3.960s] INFO:colcon.colcon_core.shell:Creating environment hook '/root/modular_arm_ros2/ws_custom_robot/install/custom_robot_controller/share/custom_robot_controller/hook/cmake_prefix_path.sh'
[3.961s] Level 1:colcon.colcon_core.environment:checking '/root/modular_arm_ros2/ws_custom_robot/install/custom_robot_controller/lib'
[3.961s] Level 1:colcon.colcon_core.shell:create_environment_hook('custom_robot_controller', 'ld_library_path_lib')
[3.962s] INFO:colcon.colcon_core.shell:Creating environment hook '/root/modular_arm_ros2/ws_custom_robot/install/custom_robot_controller/share/custom_robot_controller/hook/ld_library_path_lib.ps1'
[3.962s] INFO:colcon.colcon_core.shell:Creating environment descriptor '/root/modular_arm_ros2/ws_custom_robot/install/custom_robot_controller/share/custom_robot_controller/hook/ld_library_path_lib.dsv'
[3.962s] INFO:colcon.colcon_core.shell:Creating environment hook '/root/modular_arm_ros2/ws_custom_robot/install/custom_robot_controller/share/custom_robot_controller/hook/ld_library_path_lib.sh'
[3.963s] Level 1:colcon.colcon_core.environment:checking '/root/modular_arm_ros2/ws_custom_robot/install/custom_robot_controller/bin'
[3.963s] Level 1:colcon.colcon_core.environment:checking '/root/modular_arm_ros2/ws_custom_robot/install/custom_robot_controller/lib/pkgconfig/custom_robot_controller.pc'
[3.963s] Level 1:colcon.colcon_core.environment:checking '/root/modular_arm_ros2/ws_custom_robot/install/custom_robot_controller/lib/python3.10/site-packages'
[3.963s] Level 1:colcon.colcon_core.environment:checking '/root/modular_arm_ros2/ws_custom_robot/install/custom_robot_controller/bin'
[3.964s] INFO:colcon.colcon_core.shell:Creating package script '/root/modular_arm_ros2/ws_custom_robot/install/custom_robot_controller/share/custom_robot_controller/package.ps1'
[3.964s] INFO:colcon.colcon_core.shell:Creating package descriptor '/root/modular_arm_ros2/ws_custom_robot/install/custom_robot_controller/share/custom_robot_controller/package.dsv'
[3.965s] INFO:colcon.colcon_core.shell:Creating package script '/root/modular_arm_ros2/ws_custom_robot/install/custom_robot_controller/share/custom_robot_controller/package.sh'
[3.965s] INFO:colcon.colcon_core.shell:Creating package script '/root/modular_arm_ros2/ws_custom_robot/install/custom_robot_controller/share/custom_robot_controller/package.bash'
[3.965s] INFO:colcon.colcon_core.shell:Creating package script '/root/modular_arm_ros2/ws_custom_robot/install/custom_robot_controller/share/custom_robot_controller/package.zsh'
[3.966s] Level 1:colcon.colcon_core.environment:create_file_with_runtime_dependencies(/root/modular_arm_ros2/ws_custom_robot/install/custom_robot_controller/share/colcon-core/packages/custom_robot_controller)
[3.976s] DEBUG:colcon.colcon_parallel_executor.executor.parallel:closing loop
[3.977s] DEBUG:colcon.colcon_parallel_executor.executor.parallel:loop closed
[3.977s] DEBUG:colcon.colcon_parallel_executor.executor.parallel:run_until_complete finished with '2'
[3.977s] DEBUG:colcon.colcon_core.event_reactor:joining thread
[3.994s] INFO:colcon.colcon_core.plugin_system:Skipping extension 'colcon_notification.desktop_notification.notify_send': Could not find 'notify-send'
[3.994s] INFO:colcon.colcon_core.plugin_system:Skipping extension 'colcon_notification.desktop_notification.terminal_notifier': Not used on non-Darwin systems
[3.995s] INFO:colcon.colcon_core.plugin_system:Skipping extension 'colcon_notification.desktop_notification.win32': Not used on non-Windows systems
[3.995s] INFO:colcon.colcon_notification.desktop_notification:Sending desktop notification using 'notify2'
[3.997s] DEBUG:colcon.colcon_notification.desktop_notification.notify2:Failed to initialize notify2: org.freedesktop.DBus.Error.Spawn.ExecFailed: /usr/bin/dbus-launch terminated abnormally without any error message
[3.997s] DEBUG:colcon.colcon_core.event_reactor:joined thread
[3.998s] INFO:colcon.colcon_core.shell:Creating prefix script '/root/modular_arm_ros2/ws_custom_robot/install/local_setup.ps1'
[4.000s] INFO:colcon.colcon_core.shell:Creating prefix util module '/root/modular_arm_ros2/ws_custom_robot/install/_local_setup_util_ps1.py'
[4.001s] INFO:colcon.colcon_core.shell:Creating prefix chain script '/root/modular_arm_ros2/ws_custom_robot/install/setup.ps1'
[4.003s] INFO:colcon.colcon_core.shell:Creating prefix script '/root/modular_arm_ros2/ws_custom_robot/install/local_setup.sh'
[4.003s] INFO:colcon.colcon_core.shell:Creating prefix util module '/root/modular_arm_ros2/ws_custom_robot/install/_local_setup_util_sh.py'
[4.004s] INFO:colcon.colcon_core.shell:Creating prefix chain script '/root/modular_arm_ros2/ws_custom_robot/install/setup.sh'
[4.005s] INFO:colcon.colcon_core.shell:Creating prefix script '/root/modular_arm_ros2/ws_custom_robot/install/local_setup.bash'
[4.006s] INFO:colcon.colcon_core.shell:Creating prefix chain script '/root/modular_arm_ros2/ws_custom_robot/install/setup.bash'
[4.008s] INFO:colcon.colcon_core.shell:Creating prefix script '/root/modular_arm_ros2/ws_custom_robot/install/local_setup.zsh'
[4.008s] INFO:colcon.colcon_core.shell:Creating prefix chain script '/root/modular_arm_ros2/ws_custom_robot/install/setup.zsh'
