[0.031s] Invoking command in '/root/modular_arm_ros2/ws_custom_robot/build/custom_robot_moveit': CMAKE_PREFIX_PATH=${CMAKE_PREFIX_PATH}:/root/ws_moveit/install/moveit_configs_utils:/opt/ros/rolling /usr/bin/cmake --build /root/modular_arm_ros2/ws_custom_robot/build/custom_robot_moveit -- -j8 -l8
[0.095s] Invoked command in '/root/modular_arm_ros2/ws_custom_robot/build/custom_robot_moveit' returned '0': CMAKE_PREFIX_PATH=${CMAKE_PREFIX_PATH}:/root/ws_moveit/install/moveit_configs_utils:/opt/ros/rolling /usr/bin/cmake --build /root/modular_arm_ros2/ws_custom_robot/build/custom_robot_moveit -- -j8 -l8
[0.176s] Invoking command in '/root/modular_arm_ros2/ws_custom_robot/build/custom_robot_moveit': CMAKE_PREFIX_PATH=${CMAKE_PREFIX_PATH}:/root/ws_moveit/install/moveit_configs_utils:/opt/ros/rolling /usr/bin/cmake --install /root/modular_arm_ros2/ws_custom_robot/build/custom_robot_moveit
[0.194s] -- Install configuration: ""
[0.196s] -- Execute custom install script
[0.197s] -- Up-to-date symlink: /root/modular_arm_ros2/ws_custom_robot/install/custom_robot_moveit/share/custom_robot_moveit/launch/moveit.launch.py
[0.198s] -- Up-to-date symlink: /root/modular_arm_ros2/ws_custom_robot/install/custom_robot_moveit/share/custom_robot_moveit/config/custom_robot.srdf
[0.198s] -- Up-to-date symlink: /root/modular_arm_ros2/ws_custom_robot/install/custom_robot_moveit/share/custom_robot_moveit/config/initial_position.yaml
[0.199s] -- Up-to-date symlink: /root/modular_arm_ros2/ws_custom_robot/install/custom_robot_moveit/share/custom_robot_moveit/config/joint_limits.yaml
[0.199s] -- Up-to-date symlink: /root/modular_arm_ros2/ws_custom_robot/install/custom_robot_moveit/share/custom_robot_moveit/config/kinematics.yaml
[0.199s] -- Up-to-date symlink: /root/modular_arm_ros2/ws_custom_robot/install/custom_robot_moveit/share/custom_robot_moveit/config/moveit.rviz
[0.199s] -- Up-to-date symlink: /root/modular_arm_ros2/ws_custom_robot/install/custom_robot_moveit/share/custom_robot_moveit/config/moveit_controllers.yaml
[0.200s] -- Up-to-date symlink: /root/modular_arm_ros2/ws_custom_robot/install/custom_robot_moveit/share/custom_robot_moveit/config/pilz_cartesian_limits.yaml
[0.200s] -- Up-to-date symlink: /root/modular_arm_ros2/ws_custom_robot/install/custom_robot_moveit/share/ament_index/resource_index/package_run_dependencies/custom_robot_moveit
[0.201s] -- Up-to-date symlink: /root/modular_arm_ros2/ws_custom_robot/install/custom_robot_moveit/share/ament_index/resource_index/parent_prefix_path/custom_robot_moveit
[0.201s] -- Up-to-date symlink: /root/modular_arm_ros2/ws_custom_robot/install/custom_robot_moveit/share/custom_robot_moveit/environment/ament_prefix_path.sh
[0.201s] -- Up-to-date symlink: /root/modular_arm_ros2/ws_custom_robot/install/custom_robot_moveit/share/custom_robot_moveit/environment/ament_prefix_path.dsv
[0.203s] -- Up-to-date symlink: /root/modular_arm_ros2/ws_custom_robot/install/custom_robot_moveit/share/custom_robot_moveit/environment/path.sh
[0.203s] -- Up-to-date symlink: /root/modular_arm_ros2/ws_custom_robot/install/custom_robot_moveit/share/custom_robot_moveit/environment/path.dsv
[0.203s] -- Up-to-date symlink: /root/modular_arm_ros2/ws_custom_robot/install/custom_robot_moveit/share/custom_robot_moveit/local_setup.bash
[0.203s] -- Up-to-date symlink: /root/modular_arm_ros2/ws_custom_robot/install/custom_robot_moveit/share/custom_robot_moveit/local_setup.sh
[0.204s] -- Up-to-date symlink: /root/modular_arm_ros2/ws_custom_robot/install/custom_robot_moveit/share/custom_robot_moveit/local_setup.zsh
[0.204s] -- Up-to-date symlink: /root/modular_arm_ros2/ws_custom_robot/install/custom_robot_moveit/share/custom_robot_moveit/local_setup.dsv
[0.204s] -- Symlinking: /root/modular_arm_ros2/ws_custom_robot/install/custom_robot_moveit/share/custom_robot_moveit/package.dsv
[0.222s] -- Up-to-date symlink: /root/modular_arm_ros2/ws_custom_robot/install/custom_robot_moveit/share/ament_index/resource_index/packages/custom_robot_moveit
[0.223s] -- Up-to-date symlink: /root/modular_arm_ros2/ws_custom_robot/install/custom_robot_moveit/share/custom_robot_moveit/cmake/custom_robot_moveitConfig.cmake
[0.223s] -- Up-to-date symlink: /root/modular_arm_ros2/ws_custom_robot/install/custom_robot_moveit/share/custom_robot_moveit/cmake/custom_robot_moveitConfig-version.cmake
[0.223s] -- Up-to-date symlink: /root/modular_arm_ros2/ws_custom_robot/install/custom_robot_moveit/share/custom_robot_moveit/package.xml
[0.226s] Invoked command in '/root/modular_arm_ros2/ws_custom_robot/build/custom_robot_moveit' returned '0': CMAKE_PREFIX_PATH=${CMAKE_PREFIX_PATH}:/root/ws_moveit/install/moveit_configs_utils:/opt/ros/rolling /usr/bin/cmake --install /root/modular_arm_ros2/ws_custom_robot/build/custom_robot_moveit
