[0.008s] Invoking command in '/root/modular_arm_ros2/ws_custom_robot/build/custom_robot_config': CMAKE_PREFIX_PATH=/root/modular_arm_ros2/ws_custom_robot/install/custom_robot_description:/root/modular_arm_ros2/ws_custom_robot/install/custom_robot_config:/root/modular_arm_ros2/ws_custom_robot/install/custom_robot_controller:/root/modular_arm_ros2/ws_custom_robot/install/custom_robot_bringup:/root/ws_custom_robot/install/custom_robot_controller:/root/ws_custom_robot/install/custom_robot_bringup:/root/ws_custom_robot/src/install/custom_robot_config:/root/ws_custom_robot/src/install/custom_robot_description:/root/ws_custom_robot/src/install/custom_robot_bringup:/root/ws_custom_robot/install/custom_robot_config:/root/ws_custom_robot/install/custom_robot_description:/opt/ros/humble /usr/bin/cmake /root/modular_arm_ros2/ws_custom_robot/src/custom_robot_config -DCMAKE_INSTALL_PREFIX=/root/modular_arm_ros2/ws_custom_robot/install/custom_robot_config
[0.061s] -- The C compiler identification is GNU 11.4.0
[0.116s] -- The CXX compiler identification is GNU 11.4.0
[0.123s] -- Detecting C compiler ABI info
[0.187s] -- Detecting C compiler ABI info - done
[0.195s] -- Check for working C compiler: /usr/bin/cc - skipped
[0.195s] -- Detecting C compile features
[0.196s] -- Detecting C compile features - done
[0.198s] -- Detecting CXX compiler ABI info
[0.276s] -- Detecting CXX compiler ABI info - done
[0.283s] -- Check for working CXX compiler: /usr/bin/c++ - skipped
[0.283s] -- Detecting CXX compile features
[0.284s] -- Detecting CXX compile features - done
[0.289s] -- Found ament_cmake: 1.3.9 (/opt/ros/humble/share/ament_cmake/cmake)
[0.437s] -- Found Python3: /usr/bin/python3 (found version "3.10.12") found components: Interpreter 
[0.658s] -- Configuring done
[0.661s] -- Generating done
[0.661s] -- Build files have been written to: /root/modular_arm_ros2/ws_custom_robot/build/custom_robot_config
[0.666s] Invoked command in '/root/modular_arm_ros2/ws_custom_robot/build/custom_robot_config' returned '0': CMAKE_PREFIX_PATH=/root/modular_arm_ros2/ws_custom_robot/install/custom_robot_description:/root/modular_arm_ros2/ws_custom_robot/install/custom_robot_config:/root/modular_arm_ros2/ws_custom_robot/install/custom_robot_controller:/root/modular_arm_ros2/ws_custom_robot/install/custom_robot_bringup:/root/ws_custom_robot/install/custom_robot_controller:/root/ws_custom_robot/install/custom_robot_bringup:/root/ws_custom_robot/src/install/custom_robot_config:/root/ws_custom_robot/src/install/custom_robot_description:/root/ws_custom_robot/src/install/custom_robot_bringup:/root/ws_custom_robot/install/custom_robot_config:/root/ws_custom_robot/install/custom_robot_description:/opt/ros/humble /usr/bin/cmake /root/modular_arm_ros2/ws_custom_robot/src/custom_robot_config -DCMAKE_INSTALL_PREFIX=/root/modular_arm_ros2/ws_custom_robot/install/custom_robot_config
[0.668s] Invoking command in '/root/modular_arm_ros2/ws_custom_robot/build/custom_robot_config': CMAKE_PREFIX_PATH=/root/modular_arm_ros2/ws_custom_robot/install/custom_robot_description:/root/modular_arm_ros2/ws_custom_robot/install/custom_robot_config:/root/modular_arm_ros2/ws_custom_robot/install/custom_robot_controller:/root/modular_arm_ros2/ws_custom_robot/install/custom_robot_bringup:/root/ws_custom_robot/install/custom_robot_controller:/root/ws_custom_robot/install/custom_robot_bringup:/root/ws_custom_robot/src/install/custom_robot_config:/root/ws_custom_robot/src/install/custom_robot_description:/root/ws_custom_robot/src/install/custom_robot_bringup:/root/ws_custom_robot/install/custom_robot_config:/root/ws_custom_robot/install/custom_robot_description:/opt/ros/humble /usr/bin/cmake --build /root/modular_arm_ros2/ws_custom_robot/build/custom_robot_config -- -j8 -l8
[0.724s] Invoked command in '/root/modular_arm_ros2/ws_custom_robot/build/custom_robot_config' returned '0': CMAKE_PREFIX_PATH=/root/modular_arm_ros2/ws_custom_robot/install/custom_robot_description:/root/modular_arm_ros2/ws_custom_robot/install/custom_robot_config:/root/modular_arm_ros2/ws_custom_robot/install/custom_robot_controller:/root/modular_arm_ros2/ws_custom_robot/install/custom_robot_bringup:/root/ws_custom_robot/install/custom_robot_controller:/root/ws_custom_robot/install/custom_robot_bringup:/root/ws_custom_robot/src/install/custom_robot_config:/root/ws_custom_robot/src/install/custom_robot_description:/root/ws_custom_robot/src/install/custom_robot_bringup:/root/ws_custom_robot/install/custom_robot_config:/root/ws_custom_robot/install/custom_robot_description:/opt/ros/humble /usr/bin/cmake --build /root/modular_arm_ros2/ws_custom_robot/build/custom_robot_config -- -j8 -l8
[0.762s] Invoking command in '/root/modular_arm_ros2/ws_custom_robot/build/custom_robot_config': CMAKE_PREFIX_PATH=/root/modular_arm_ros2/ws_custom_robot/install/custom_robot_description:/root/modular_arm_ros2/ws_custom_robot/install/custom_robot_config:/root/modular_arm_ros2/ws_custom_robot/install/custom_robot_controller:/root/modular_arm_ros2/ws_custom_robot/install/custom_robot_bringup:/root/ws_custom_robot/install/custom_robot_controller:/root/ws_custom_robot/install/custom_robot_bringup:/root/ws_custom_robot/src/install/custom_robot_config:/root/ws_custom_robot/src/install/custom_robot_description:/root/ws_custom_robot/src/install/custom_robot_bringup:/root/ws_custom_robot/install/custom_robot_config:/root/ws_custom_robot/install/custom_robot_description:/opt/ros/humble /usr/bin/cmake --install /root/modular_arm_ros2/ws_custom_robot/build/custom_robot_config
[0.774s] -- Install configuration: ""
[0.774s] -- Installing: /root/modular_arm_ros2/ws_custom_robot/install/custom_robot_config/share/ament_index/resource_index/package_run_dependencies/custom_robot_config
[0.774s] -- Installing: /root/modular_arm_ros2/ws_custom_robot/install/custom_robot_config/share/ament_index/resource_index/parent_prefix_path/custom_robot_config
[0.774s] -- Installing: /root/modular_arm_ros2/ws_custom_robot/install/custom_robot_config/share/custom_robot_config/environment/ament_prefix_path.sh
[0.775s] -- Installing: /root/modular_arm_ros2/ws_custom_robot/install/custom_robot_config/share/custom_robot_config/environment/ament_prefix_path.dsv
[0.775s] -- Installing: /root/modular_arm_ros2/ws_custom_robot/install/custom_robot_config/share/custom_robot_config/environment/path.sh
[0.775s] -- Installing: /root/modular_arm_ros2/ws_custom_robot/install/custom_robot_config/share/custom_robot_config/environment/path.dsv
[0.776s] -- Installing: /root/modular_arm_ros2/ws_custom_robot/install/custom_robot_config/share/custom_robot_config/local_setup.bash
[0.776s] -- Installing: /root/modular_arm_ros2/ws_custom_robot/install/custom_robot_config/share/custom_robot_config/local_setup.sh
[0.776s] -- Installing: /root/modular_arm_ros2/ws_custom_robot/install/custom_robot_config/share/custom_robot_config/local_setup.zsh
[0.776s] -- Installing: /root/modular_arm_ros2/ws_custom_robot/install/custom_robot_config/share/custom_robot_config/local_setup.dsv
[0.777s] -- Installing: /root/modular_arm_ros2/ws_custom_robot/install/custom_robot_config/share/custom_robot_config/package.dsv
[0.777s] -- Installing: /root/modular_arm_ros2/ws_custom_robot/install/custom_robot_config/share/ament_index/resource_index/packages/custom_robot_config
[0.777s] -- Installing: /root/modular_arm_ros2/ws_custom_robot/install/custom_robot_config/share/custom_robot_config/cmake/custom_robot_configConfig.cmake
[0.777s] -- Installing: /root/modular_arm_ros2/ws_custom_robot/install/custom_robot_config/share/custom_robot_config/cmake/custom_robot_configConfig-version.cmake
[0.778s] -- Installing: /root/modular_arm_ros2/ws_custom_robot/install/custom_robot_config/share/custom_robot_config/package.xml
[0.778s] -- Installing: /root/modular_arm_ros2/ws_custom_robot/install/custom_robot_config/share/custom_robot_config/launch
[0.778s] -- Installing: /root/modular_arm_ros2/ws_custom_robot/install/custom_robot_config/share/custom_robot_config/launch/move_group.launch.py
[0.778s] -- Installing: /root/modular_arm_ros2/ws_custom_robot/install/custom_robot_config/share/custom_robot_config/launch/moveit_rviz.launch.py
[0.779s] -- Installing: /root/modular_arm_ros2/ws_custom_robot/install/custom_robot_config/share/custom_robot_config/launch/warehouse_db.launch.py
[0.779s] -- Installing: /root/modular_arm_ros2/ws_custom_robot/install/custom_robot_config/share/custom_robot_config/launch/rsp.launch.py
[0.779s] -- Installing: /root/modular_arm_ros2/ws_custom_robot/install/custom_robot_config/share/custom_robot_config/launch/static_virtual_joint_tfs.launch.py
[0.779s] -- Installing: /root/modular_arm_ros2/ws_custom_robot/install/custom_robot_config/share/custom_robot_config/launch/setup_assistant.launch.py
[0.779s] -- Installing: /root/modular_arm_ros2/ws_custom_robot/install/custom_robot_config/share/custom_robot_config/launch/spawn_controllers.launch.py
[0.779s] -- Installing: /root/modular_arm_ros2/ws_custom_robot/install/custom_robot_config/share/custom_robot_config/launch/demo.launch.py
[0.780s] -- Installing: /root/modular_arm_ros2/ws_custom_robot/install/custom_robot_config/share/custom_robot_config/config
[0.780s] -- Installing: /root/modular_arm_ros2/ws_custom_robot/install/custom_robot_config/share/custom_robot_config/config/moveit_controllers.yaml
[0.780s] -- Installing: /root/modular_arm_ros2/ws_custom_robot/install/custom_robot_config/share/custom_robot_config/config/custom_robot.srdf
[0.780s] -- Installing: /root/modular_arm_ros2/ws_custom_robot/install/custom_robot_config/share/custom_robot_config/config/initial_positions.yaml
[0.781s] -- Installing: /root/modular_arm_ros2/ws_custom_robot/install/custom_robot_config/share/custom_robot_config/config/custom_robot.ros2_control.xacro
[0.781s] -- Installing: /root/modular_arm_ros2/ws_custom_robot/install/custom_robot_config/share/custom_robot_config/config/pilz_cartesian_limits.yaml
[0.781s] -- Installing: /root/modular_arm_ros2/ws_custom_robot/install/custom_robot_config/share/custom_robot_config/config/kinematics.yaml
[0.781s] -- Installing: /root/modular_arm_ros2/ws_custom_robot/install/custom_robot_config/share/custom_robot_config/config/custom_robot.urdf.xacro
[0.781s] -- Installing: /root/modular_arm_ros2/ws_custom_robot/install/custom_robot_config/share/custom_robot_config/config/joint_limits.yaml
[0.782s] -- Installing: /root/modular_arm_ros2/ws_custom_robot/install/custom_robot_config/share/custom_robot_config/config/ros2_controllers.yaml
[0.782s] -- Installing: /root/modular_arm_ros2/ws_custom_robot/install/custom_robot_config/share/custom_robot_config/.setup_assistant
[0.786s] Invoked command in '/root/modular_arm_ros2/ws_custom_robot/build/custom_robot_config' returned '0': CMAKE_PREFIX_PATH=/root/modular_arm_ros2/ws_custom_robot/install/custom_robot_description:/root/modular_arm_ros2/ws_custom_robot/install/custom_robot_config:/root/modular_arm_ros2/ws_custom_robot/install/custom_robot_controller:/root/modular_arm_ros2/ws_custom_robot/install/custom_robot_bringup:/root/ws_custom_robot/install/custom_robot_controller:/root/ws_custom_robot/install/custom_robot_bringup:/root/ws_custom_robot/src/install/custom_robot_config:/root/ws_custom_robot/src/install/custom_robot_description:/root/ws_custom_robot/src/install/custom_robot_bringup:/root/ws_custom_robot/install/custom_robot_config:/root/ws_custom_robot/install/custom_robot_description:/opt/ros/humble /usr/bin/cmake --install /root/modular_arm_ros2/ws_custom_robot/build/custom_robot_config
