[0.027s] Invoking command in '/root/modular_arm_ros2/ws_custom_robot/build/custom_robot_controller': CMAKE_PREFIX_PATH=${CMAKE_PREFIX_PATH}:/root/ws_moveit/install/moveit_configs_utils:/opt/ros/rolling /usr/bin/cmake --build /root/modular_arm_ros2/ws_custom_robot/build/custom_robot_controller -- -j8 -l8
[0.079s] [35m[1mConsolidate compiler generated dependencies of target slider_control[0m
[0.079s] [35m[1mConsolidate compiler generated dependencies of target custom_robot_controller[0m
[0.102s] [ 50%] Built target slider_control
[0.104s] [100%] Built target custom_robot_controller
[0.116s] Invoked command in '/root/modular_arm_ros2/ws_custom_robot/build/custom_robot_controller' returned '0': CMAKE_PREFIX_PATH=${CMAKE_PREFIX_PATH}:/root/ws_moveit/install/moveit_configs_utils:/opt/ros/rolling /usr/bin/cmake --build /root/modular_arm_ros2/ws_custom_robot/build/custom_robot_controller -- -j8 -l8
[0.172s] Invoking command in '/root/modular_arm_ros2/ws_custom_robot/build/custom_robot_controller': CMAKE_PREFIX_PATH=${CMAKE_PREFIX_PATH}:/root/ws_moveit/install/moveit_configs_utils:/opt/ros/rolling /usr/bin/cmake --install /root/modular_arm_ros2/ws_custom_robot/build/custom_robot_controller
[0.182s] -- Install configuration: ""
[0.182s] -- Up-to-date: /root/modular_arm_ros2/ws_custom_robot/install/custom_robot_controller/share/custom_robot_controller/custom_robot_controller.xml
[0.182s] -- Up-to-date: /root/modular_arm_ros2/ws_custom_robot/install/custom_robot_controller/lib/libcustom_robot_controller.so
[0.182s] -- Up-to-date: /root/modular_arm_ros2/ws_custom_robot/install/custom_robot_controller/include/include
[0.182s] -- Up-to-date: /root/modular_arm_ros2/ws_custom_robot/install/custom_robot_controller/include/include/custom_robot_controller
[0.182s] -- Up-to-date: /root/modular_arm_ros2/ws_custom_robot/install/custom_robot_controller/include/include/custom_robot_controller/custom_robot_interface.hpp
[0.182s] -- Up-to-date: /root/modular_arm_ros2/ws_custom_robot/install/custom_robot_controller/share/custom_robot_controller/environment/library_path.sh
[0.183s] -- Up-to-date: /root/modular_arm_ros2/ws_custom_robot/install/custom_robot_controller/share/custom_robot_controller/environment/library_path.dsv
[0.183s] -- Up-to-date: /root/modular_arm_ros2/ws_custom_robot/install/custom_robot_controller/lib/custom_robot_controller/slider_control
[0.183s] -- Up-to-date: /root/modular_arm_ros2/ws_custom_robot/install/custom_robot_controller/share/custom_robot_controller/launch
[0.183s] -- Up-to-date: /root/modular_arm_ros2/ws_custom_robot/install/custom_robot_controller/share/custom_robot_controller/launch/slider_controller.launch.py
[0.183s] -- Up-to-date: /root/modular_arm_ros2/ws_custom_robot/install/custom_robot_controller/share/custom_robot_controller/launch/controller.launch.py
[0.183s] -- Up-to-date: /root/modular_arm_ros2/ws_custom_robot/install/custom_robot_controller/share/custom_robot_controller/config
[0.183s] -- Up-to-date: /root/modular_arm_ros2/ws_custom_robot/install/custom_robot_controller/share/custom_robot_controller/config/custom_robot_controllers.yaml
[0.183s] -- Up-to-date: /root/modular_arm_ros2/ws_custom_robot/install/custom_robot_controller/share/ament_index/resource_index/package_run_dependencies/custom_robot_controller
[0.183s] -- Up-to-date: /root/modular_arm_ros2/ws_custom_robot/install/custom_robot_controller/share/ament_index/resource_index/parent_prefix_path/custom_robot_controller
[0.183s] -- Up-to-date: /root/modular_arm_ros2/ws_custom_robot/install/custom_robot_controller/share/custom_robot_controller/environment/ament_prefix_path.sh
[0.183s] -- Up-to-date: /root/modular_arm_ros2/ws_custom_robot/install/custom_robot_controller/share/custom_robot_controller/environment/ament_prefix_path.dsv
[0.183s] -- Up-to-date: /root/modular_arm_ros2/ws_custom_robot/install/custom_robot_controller/share/custom_robot_controller/environment/path.sh
[0.184s] -- Up-to-date: /root/modular_arm_ros2/ws_custom_robot/install/custom_robot_controller/share/custom_robot_controller/environment/path.dsv
[0.184s] -- Up-to-date: /root/modular_arm_ros2/ws_custom_robot/install/custom_robot_controller/share/custom_robot_controller/local_setup.bash
[0.184s] -- Up-to-date: /root/modular_arm_ros2/ws_custom_robot/install/custom_robot_controller/share/custom_robot_controller/local_setup.sh
[0.184s] -- Up-to-date: /root/modular_arm_ros2/ws_custom_robot/install/custom_robot_controller/share/custom_robot_controller/local_setup.zsh
[0.184s] -- Up-to-date: /root/modular_arm_ros2/ws_custom_robot/install/custom_robot_controller/share/custom_robot_controller/local_setup.dsv
[0.184s] -- Installing: /root/modular_arm_ros2/ws_custom_robot/install/custom_robot_controller/share/custom_robot_controller/package.dsv
[0.184s] -- Up-to-date: /root/modular_arm_ros2/ws_custom_robot/install/custom_robot_controller/share/ament_index/resource_index/packages/custom_robot_controller
[0.184s] -- Up-to-date: /root/modular_arm_ros2/ws_custom_robot/install/custom_robot_controller/share/ament_index/resource_index/hardware_interface__pluginlib__plugin/custom_robot_controller
[0.184s] -- Up-to-date: /root/modular_arm_ros2/ws_custom_robot/install/custom_robot_controller/share/custom_robot_controller/cmake/ament_cmake_export_include_directories-extras.cmake
[0.184s] -- Up-to-date: /root/modular_arm_ros2/ws_custom_robot/install/custom_robot_controller/share/custom_robot_controller/cmake/ament_cmake_export_libraries-extras.cmake
[0.184s] -- Up-to-date: /root/modular_arm_ros2/ws_custom_robot/install/custom_robot_controller/share/custom_robot_controller/cmake/ament_cmake_export_dependencies-extras.cmake
[0.184s] -- Up-to-date: /root/modular_arm_ros2/ws_custom_robot/install/custom_robot_controller/share/custom_robot_controller/cmake/custom_robot_controllerConfig.cmake
[0.184s] -- Up-to-date: /root/modular_arm_ros2/ws_custom_robot/install/custom_robot_controller/share/custom_robot_controller/cmake/custom_robot_controllerConfig-version.cmake
[0.185s] -- Up-to-date: /root/modular_arm_ros2/ws_custom_robot/install/custom_robot_controller/share/custom_robot_controller/package.xml
[0.185s] Invoked command in '/root/modular_arm_ros2/ws_custom_robot/build/custom_robot_controller' returned '0': CMAKE_PREFIX_PATH=${CMAKE_PREFIX_PATH}:/root/ws_moveit/install/moveit_configs_utils:/opt/ros/rolling /usr/bin/cmake --install /root/modular_arm_ros2/ws_custom_robot/build/custom_robot_controller
