[0.018s] Invoking command in '/root/modular_arm_ros2/ws_custom_robot/build/custom_robot_description': CMAKE_PREFIX_PATH=${CMAKE_PREFIX_PATH}:/opt/ros/humble /usr/bin/cmake --build /root/modular_arm_ros2/ws_custom_robot/build/custom_robot_description -- -j8 -l8
[0.050s] Invoked command in '/root/modular_arm_ros2/ws_custom_robot/build/custom_robot_description' returned '0': CMAKE_PREFIX_PATH=${CMAKE_PREFIX_PATH}:/opt/ros/humble /usr/bin/cmake --build /root/modular_arm_ros2/ws_custom_robot/build/custom_robot_description -- -j8 -l8
[0.077s] Invoking command in '/root/modular_arm_ros2/ws_custom_robot/build/custom_robot_description': CMAKE_PREFIX_PATH=${CMAKE_PREFIX_PATH}:/opt/ros/humble /usr/bin/cmake --install /root/modular_arm_ros2/ws_custom_robot/build/custom_robot_description
[0.083s] -- Install configuration: ""
[0.083s] -- Up-to-date: /root/modular_arm_ros2/ws_custom_robot/install/custom_robot_description/share/custom_robot_description/meshes
[0.083s] -- Up-to-date: /root/modular_arm_ros2/ws_custom_robot/install/custom_robot_description/share/custom_robot_description/meshes/base_link_right_adjust.stl
[0.083s] -- Up-to-date: /root/modular_arm_ros2/ws_custom_robot/install/custom_robot_description/share/custom_robot_description/meshes/dc_link_cover.stl
[0.083s] -- Up-to-date: /root/modular_arm_ros2/ws_custom_robot/install/custom_robot_description/share/custom_robot_description/meshes/long_arm_middle.stl
[0.083s] -- Up-to-date: /root/modular_arm_ros2/ws_custom_robot/install/custom_robot_description/share/custom_robot_description/meshes/dc_link_base.stl
[0.084s] -- Up-to-date: /root/modular_arm_ros2/ws_custom_robot/install/custom_robot_description/share/custom_robot_description/meshes/base_link.stl
[0.084s] -- Up-to-date: /root/modular_arm_ros2/ws_custom_robot/install/custom_robot_description/share/custom_robot_description/meshes/base_top.stl
[0.084s] -- Up-to-date: /root/modular_arm_ros2/ws_custom_robot/install/custom_robot_description/share/custom_robot_description/meshes/base_link_left.stl
[0.084s] -- Up-to-date: /root/modular_arm_ros2/ws_custom_robot/install/custom_robot_description/share/custom_robot_description/meshes/long_arm_top.stl
[0.084s] -- Up-to-date: /root/modular_arm_ros2/ws_custom_robot/install/custom_robot_description/share/custom_robot_description/meshes/base_lower.stl
[0.084s] -- Up-to-date: /root/modular_arm_ros2/ws_custom_robot/install/custom_robot_description/share/custom_robot_description/meshes/base_middle.stl
[0.084s] -- Up-to-date: /root/modular_arm_ros2/ws_custom_robot/install/custom_robot_description/share/custom_robot_description/meshes/long_arm_base.stl
[0.084s] -- Up-to-date: /root/modular_arm_ros2/ws_custom_robot/install/custom_robot_description/share/custom_robot_description/meshes/dc_link_top.stl
[0.084s] -- Up-to-date: /root/modular_arm_ros2/ws_custom_robot/install/custom_robot_description/share/custom_robot_description/meshes/base_link_right.stl
[0.084s] -- Up-to-date: /root/modular_arm_ros2/ws_custom_robot/install/custom_robot_description/share/custom_robot_description/urdf
[0.084s] -- Up-to-date: /root/modular_arm_ros2/ws_custom_robot/install/custom_robot_description/share/custom_robot_description/urdf/custom_robot.urdf.xacro
[0.085s] -- Up-to-date: /root/modular_arm_ros2/ws_custom_robot/install/custom_robot_description/share/custom_robot_description/models
[0.085s] -- Up-to-date: /root/modular_arm_ros2/ws_custom_robot/install/custom_robot_description/share/custom_robot_description/models/ground_plane
[0.085s] -- Up-to-date: /root/modular_arm_ros2/ws_custom_robot/install/custom_robot_description/share/custom_robot_description/models/ground_plane/model-1_4.sdf
[0.085s] -- Up-to-date: /root/modular_arm_ros2/ws_custom_robot/install/custom_robot_description/share/custom_robot_description/models/ground_plane/model-1_3.sdf
[0.085s] -- Up-to-date: /root/modular_arm_ros2/ws_custom_robot/install/custom_robot_description/share/custom_robot_description/models/ground_plane/model-1_2.sdf
[0.085s] -- Up-to-date: /root/modular_arm_ros2/ws_custom_robot/install/custom_robot_description/share/custom_robot_description/models/ground_plane/model.config
[0.085s] -- Up-to-date: /root/modular_arm_ros2/ws_custom_robot/install/custom_robot_description/share/custom_robot_description/models/ground_plane/model.sdf
[0.086s] -- Up-to-date: /root/modular_arm_ros2/ws_custom_robot/install/custom_robot_description/share/custom_robot_description/models/sun
[0.086s] -- Up-to-date: /root/modular_arm_ros2/ws_custom_robot/install/custom_robot_description/share/custom_robot_description/models/sun/model-1_4.sdf
[0.086s] -- Up-to-date: /root/modular_arm_ros2/ws_custom_robot/install/custom_robot_description/share/custom_robot_description/models/sun/model-1_3.sdf
[0.086s] -- Up-to-date: /root/modular_arm_ros2/ws_custom_robot/install/custom_robot_description/share/custom_robot_description/models/sun/model-1_2.sdf
[0.086s] -- Up-to-date: /root/modular_arm_ros2/ws_custom_robot/install/custom_robot_description/share/custom_robot_description/models/sun/model.config
[0.087s] -- Up-to-date: /root/modular_arm_ros2/ws_custom_robot/install/custom_robot_description/share/custom_robot_description/models/sun/model.sdf
[0.087s] -- Up-to-date: /root/modular_arm_ros2/ws_custom_robot/install/custom_robot_description/share/ament_index/resource_index/package_run_dependencies/custom_robot_description
[0.087s] -- Up-to-date: /root/modular_arm_ros2/ws_custom_robot/install/custom_robot_description/share/ament_index/resource_index/parent_prefix_path/custom_robot_description
[0.087s] -- Up-to-date: /root/modular_arm_ros2/ws_custom_robot/install/custom_robot_description/share/custom_robot_description/environment/ament_prefix_path.sh
[0.087s] -- Up-to-date: /root/modular_arm_ros2/ws_custom_robot/install/custom_robot_description/share/custom_robot_description/environment/ament_prefix_path.dsv
[0.087s] -- Up-to-date: /root/modular_arm_ros2/ws_custom_robot/install/custom_robot_description/share/custom_robot_description/environment/path.sh
[0.087s] -- Up-to-date: /root/modular_arm_ros2/ws_custom_robot/install/custom_robot_description/share/custom_robot_description/environment/path.dsv
[0.087s] -- Up-to-date: /root/modular_arm_ros2/ws_custom_robot/install/custom_robot_description/share/custom_robot_description/local_setup.bash
[0.087s] -- Up-to-date: /root/modular_arm_ros2/ws_custom_robot/install/custom_robot_description/share/custom_robot_description/local_setup.sh
[0.087s] -- Up-to-date: /root/modular_arm_ros2/ws_custom_robot/install/custom_robot_description/share/custom_robot_description/local_setup.zsh
[0.087s] -- Up-to-date: /root/modular_arm_ros2/ws_custom_robot/install/custom_robot_description/share/custom_robot_description/local_setup.dsv
[0.087s] -- Installing: /root/modular_arm_ros2/ws_custom_robot/install/custom_robot_description/share/custom_robot_description/package.dsv
[0.088s] -- Up-to-date: /root/modular_arm_ros2/ws_custom_robot/install/custom_robot_description/share/ament_index/resource_index/packages/custom_robot_description
[0.088s] -- Up-to-date: /root/modular_arm_ros2/ws_custom_robot/install/custom_robot_description/share/custom_robot_description/cmake/custom_robot_descriptionConfig.cmake
[0.088s] -- Up-to-date: /root/modular_arm_ros2/ws_custom_robot/install/custom_robot_description/share/custom_robot_description/cmake/custom_robot_descriptionConfig-version.cmake
[0.088s] -- Up-to-date: /root/modular_arm_ros2/ws_custom_robot/install/custom_robot_description/share/custom_robot_description/package.xml
[0.090s] Invoked command in '/root/modular_arm_ros2/ws_custom_robot/build/custom_robot_description' returned '0': CMAKE_PREFIX_PATH=${CMAKE_PREFIX_PATH}:/opt/ros/humble /usr/bin/cmake --install /root/modular_arm_ros2/ws_custom_robot/build/custom_robot_description
