[0.032s] Invoking command in '/root/modular_arm_ros2/ws_custom_robot/build/custom_robot_controller': CMAKE_PREFIX_PATH=${CMAKE_PREFIX_PATH}:/root/ws_moveit/install/moveit_configs_utils:/opt/ros/rolling /usr/bin/cmake /root/modular_arm_ros2/ws_custom_robot/src/custom_robot_controller -DAMENT_CMAKE_SYMLINK_INSTALL=1 -DCMAKE_INSTALL_PREFIX=/root/modular_arm_ros2/ws_custom_robot/install/custom_robot_controller
[0.056s] -- Found ament_cmake: 2.3.2 (/opt/ros/rolling/share/ament_cmake/cmake)
[0.222s] -- Override CMake install command with custom implementation using symlinks instead of copying resources
[0.229s] -- Found trajectory_msgs: 5.3.0 (/opt/ros/rolling/share/trajectory_msgs/cmake)
[0.265s] -- Found rosidl_generator_c: 4.5.1 (/opt/ros/rolling/share/rosidl_generator_c/cmake)
[0.275s] -- Found rosidl_generator_cpp: 4.5.1 (/opt/ros/rolling/share/rosidl_generator_cpp/cmake)
[0.290s] -- Using all available rosidl_typesupport_c: rosidl_typesupport_fastrtps_c;rosidl_typesupport_introspection_c
[0.312s] -- Using all available rosidl_typesupport_cpp: rosidl_typesupport_fastrtps_cpp;rosidl_typesupport_introspection_cpp
[0.492s] -- Found sensor_msgs: 5.3.0 (/opt/ros/rolling/share/sensor_msgs/cmake)
[0.599s] -- Found rclcpp: 27.0.0 (/opt/ros/rolling/share/rclcpp/cmake)
[0.696s] -- Found rmw_implementation_cmake: 7.3.0 (/opt/ros/rolling/share/rmw_implementation_cmake/cmake)
[0.700s] -- Found rmw_fastrtps_cpp: 8.2.0 (/opt/ros/rolling/share/rmw_fastrtps_cpp/cmake)
[0.863s] -- Using RMW implementation 'rmw_fastrtps_cpp' as default
[1.040s] -- Found rclpy: 7.0.1 (/opt/ros/rolling/share/rclpy/cmake)
[1.040s] -- Found hardware_interface: 4.5.0 (/opt/ros/rolling/share/hardware_interface/cmake)
[1.603s] -- Found ament_lint_auto: 0.16.3 (/opt/ros/rolling/share/ament_lint_auto/cmake)
[1.693s] -- Added test 'cppcheck' to perform static code analysis on C / C++ code
[1.693s] -- Configured cppcheck include dirs: /root/modular_arm_ros2/ws_custom_robot/src/custom_robot_controller/include;/root/modular_arm_ros2/ws_custom_robot/src/custom_robot_controller/
[1.693s] -- Configured cppcheck exclude dirs and/or files: 
[1.693s] -- Added test 'flake8' to check Python code syntax and style conventions
[1.694s] -- Configured 'flake8' exclude dirs and/or files: 
[1.694s] -- Added test 'lint_cmake' to check CMake code style
[1.695s] -- Added test 'pep257' to check Python code against some of the docstring style conventions in PEP 257
[1.696s] -- Added test 'uncrustify' to check C / C++ code style
[1.696s] -- Configured uncrustify additional arguments: 
[1.696s] -- Added test 'xmllint' to check XML markup files
[1.699s] -- Configuring done
[1.730s] -- Generating done
[1.734s] -- Build files have been written to: /root/modular_arm_ros2/ws_custom_robot/build/custom_robot_controller
[1.743s] Invoked command in '/root/modular_arm_ros2/ws_custom_robot/build/custom_robot_controller' returned '0': CMAKE_PREFIX_PATH=${CMAKE_PREFIX_PATH}:/root/ws_moveit/install/moveit_configs_utils:/opt/ros/rolling /usr/bin/cmake /root/modular_arm_ros2/ws_custom_robot/src/custom_robot_controller -DAMENT_CMAKE_SYMLINK_INSTALL=1 -DCMAKE_INSTALL_PREFIX=/root/modular_arm_ros2/ws_custom_robot/install/custom_robot_controller
[1.744s] Invoking command in '/root/modular_arm_ros2/ws_custom_robot/build/custom_robot_controller': CMAKE_PREFIX_PATH=${CMAKE_PREFIX_PATH}:/root/ws_moveit/install/moveit_configs_utils:/opt/ros/rolling /usr/bin/cmake --build /root/modular_arm_ros2/ws_custom_robot/build/custom_robot_controller -- -j8 -l8
[1.845s] [35m[1mConsolidate compiler generated dependencies of target slider_control[0m
[1.845s] [35m[1mConsolidate compiler generated dependencies of target custom_robot_controller[0m
[1.880s] [ 25%] [32m[1mLinking CXX executable slider_control[0m
[1.881s] [ 50%] [32m[1mLinking CXX shared library libcustom_robot_controller.so[0m
[2.071s] [ 75%] Built target custom_robot_controller
[2.342s] [100%] Built target slider_control
[2.356s] Invoked command in '/root/modular_arm_ros2/ws_custom_robot/build/custom_robot_controller' returned '0': CMAKE_PREFIX_PATH=${CMAKE_PREFIX_PATH}:/root/ws_moveit/install/moveit_configs_utils:/opt/ros/rolling /usr/bin/cmake --build /root/modular_arm_ros2/ws_custom_robot/build/custom_robot_controller -- -j8 -l8
[2.426s] Invoking command in '/root/modular_arm_ros2/ws_custom_robot/build/custom_robot_controller': CMAKE_PREFIX_PATH=${CMAKE_PREFIX_PATH}:/root/ws_moveit/install/moveit_configs_utils:/opt/ros/rolling /usr/bin/cmake --install /root/modular_arm_ros2/ws_custom_robot/build/custom_robot_controller
[2.445s] -- Install configuration: ""
[2.446s] -- Execute custom install script
[2.446s] -- Symlinking: /root/modular_arm_ros2/ws_custom_robot/install/custom_robot_controller/share/custom_robot_controller//custom_robot_controller.xml
[2.468s] -- Symlinking: /root/modular_arm_ros2/ws_custom_robot/install/custom_robot_controller/lib/libcustom_robot_controller.so
[2.492s] -- Symlinking: /root/modular_arm_ros2/ws_custom_robot/install/custom_robot_controller/include/include/custom_robot_controller/custom_robot_interface.hpp
[2.511s] -- Symlinking: /root/modular_arm_ros2/ws_custom_robot/install/custom_robot_controller/share/custom_robot_controller/environment/library_path.sh
[2.530s] -- Symlinking: /root/modular_arm_ros2/ws_custom_robot/install/custom_robot_controller/share/custom_robot_controller/environment/library_path.dsv
[2.552s] -- Symlinking: /root/modular_arm_ros2/ws_custom_robot/install/custom_robot_controller/lib/custom_robot_controller/slider_control
[2.573s] -- Symlinking: /root/modular_arm_ros2/ws_custom_robot/install/custom_robot_controller/share/custom_robot_controller/launch/controller.launch.py
[2.587s] -- Symlinking: /root/modular_arm_ros2/ws_custom_robot/install/custom_robot_controller/share/custom_robot_controller/launch/slider_controller.launch.py
[2.599s] -- Symlinking: /root/modular_arm_ros2/ws_custom_robot/install/custom_robot_controller/share/custom_robot_controller/config/custom_robot_controllers.yaml
[2.611s] -- Symlinking: /root/modular_arm_ros2/ws_custom_robot/install/custom_robot_controller/share/ament_index/resource_index/package_run_dependencies/custom_robot_controller
[2.624s] -- Symlinking: /root/modular_arm_ros2/ws_custom_robot/install/custom_robot_controller/share/ament_index/resource_index/parent_prefix_path/custom_robot_controller
[2.636s] -- Symlinking: /root/modular_arm_ros2/ws_custom_robot/install/custom_robot_controller/share/custom_robot_controller/environment/ament_prefix_path.sh
[2.648s] -- Symlinking: /root/modular_arm_ros2/ws_custom_robot/install/custom_robot_controller/share/custom_robot_controller/environment/ament_prefix_path.dsv
[2.661s] -- Symlinking: /root/modular_arm_ros2/ws_custom_robot/install/custom_robot_controller/share/custom_robot_controller/environment/path.sh
[2.672s] -- Symlinking: /root/modular_arm_ros2/ws_custom_robot/install/custom_robot_controller/share/custom_robot_controller/environment/path.dsv
[2.684s] -- Symlinking: /root/modular_arm_ros2/ws_custom_robot/install/custom_robot_controller/share/custom_robot_controller/local_setup.bash
[2.696s] -- Symlinking: /root/modular_arm_ros2/ws_custom_robot/install/custom_robot_controller/share/custom_robot_controller/local_setup.sh
[2.708s] -- Symlinking: /root/modular_arm_ros2/ws_custom_robot/install/custom_robot_controller/share/custom_robot_controller/local_setup.zsh
[2.720s] -- Symlinking: /root/modular_arm_ros2/ws_custom_robot/install/custom_robot_controller/share/custom_robot_controller/local_setup.dsv
[2.738s] -- Symlinking: /root/modular_arm_ros2/ws_custom_robot/install/custom_robot_controller/share/custom_robot_controller/package.dsv
[2.759s] -- Symlinking: /root/modular_arm_ros2/ws_custom_robot/install/custom_robot_controller/share/ament_index/resource_index/packages/custom_robot_controller
[2.775s] -- Symlinking: /root/modular_arm_ros2/ws_custom_robot/install/custom_robot_controller/share/ament_index/resource_index/hardware_interface__pluginlib__plugin/custom_robot_controller
[2.787s] -- Symlinking: /root/modular_arm_ros2/ws_custom_robot/install/custom_robot_controller/share/custom_robot_controller/cmake/ament_cmake_export_include_directories-extras.cmake
[2.798s] -- Symlinking: /root/modular_arm_ros2/ws_custom_robot/install/custom_robot_controller/share/custom_robot_controller/cmake/ament_cmake_export_libraries-extras.cmake
[2.812s] -- Symlinking: /root/modular_arm_ros2/ws_custom_robot/install/custom_robot_controller/share/custom_robot_controller/cmake/ament_cmake_export_dependencies-extras.cmake
[2.824s] -- Symlinking: /root/modular_arm_ros2/ws_custom_robot/install/custom_robot_controller/share/custom_robot_controller/cmake/custom_robot_controllerConfig.cmake
[2.836s] -- Symlinking: /root/modular_arm_ros2/ws_custom_robot/install/custom_robot_controller/share/custom_robot_controller/cmake/custom_robot_controllerConfig-version.cmake
[2.854s] -- Symlinking: /root/modular_arm_ros2/ws_custom_robot/install/custom_robot_controller/share/custom_robot_controller/package.xml
[2.878s] Invoked command in '/root/modular_arm_ros2/ws_custom_robot/build/custom_robot_controller' returned '0': CMAKE_PREFIX_PATH=${CMAKE_PREFIX_PATH}:/root/ws_moveit/install/moveit_configs_utils:/opt/ros/rolling /usr/bin/cmake --install /root/modular_arm_ros2/ws_custom_robot/build/custom_robot_controller
