-- Found ament_cmake: 2.3.2 (/opt/ros/rolling/share/ament_cmake/cmake)
-- Override CMake install command with custom implementation using symlinks instead of copying resources
-- Found ament_lint_auto: 0.16.3 (/opt/ros/rolling/share/ament_lint_auto/cmake)
-- Added test 'flake8' to check Python code syntax and style conventions
-- Configured 'flake8' exclude dirs and/or files: 
-- Added test 'lint_cmake' to check CMake code style
-- Added test 'pep257' to check Python code against some of the docstring style conventions in PEP 257
-- Added test 'xmllint' to check XML markup files
-- Configuring done
-- Generating done
-- Build files have been written to: /root/modular_arm_ros2/ws_custom_robot/build/custom_robot_moveit
-- Install configuration: ""
-- Execute custom install script
-- Symlinking: /root/modular_arm_ros2/ws_custom_robot/install/custom_robot_moveit/share/custom_robot_moveit/launch/moveit.launch.py
-- Symlinking: /root/modular_arm_ros2/ws_custom_robot/install/custom_robot_moveit/share/custom_robot_moveit/config/custom_robot.srdf
-- Symlinking: /root/modular_arm_ros2/ws_custom_robot/install/custom_robot_moveit/share/custom_robot_moveit/config/initial_position.yaml
-- Symlinking: /root/modular_arm_ros2/ws_custom_robot/install/custom_robot_moveit/share/custom_robot_moveit/config/joint_limits.yaml
-- Symlinking: /root/modular_arm_ros2/ws_custom_robot/install/custom_robot_moveit/share/custom_robot_moveit/config/kinematics.yaml
-- Symlinking: /root/modular_arm_ros2/ws_custom_robot/install/custom_robot_moveit/share/custom_robot_moveit/config/moveit.rviz
-- Symlinking: /root/modular_arm_ros2/ws_custom_robot/install/custom_robot_moveit/share/custom_robot_moveit/config/moveit_controllers.yaml
-- Symlinking: /root/modular_arm_ros2/ws_custom_robot/install/custom_robot_moveit/share/custom_robot_moveit/config/pilz_cartesian_limits.yaml
-- Symlinking: /root/modular_arm_ros2/ws_custom_robot/install/custom_robot_moveit/share/ament_index/resource_index/package_run_dependencies/custom_robot_moveit
-- Symlinking: /root/modular_arm_ros2/ws_custom_robot/install/custom_robot_moveit/share/ament_index/resource_index/parent_prefix_path/custom_robot_moveit
-- Symlinking: /root/modular_arm_ros2/ws_custom_robot/install/custom_robot_moveit/share/custom_robot_moveit/environment/ament_prefix_path.sh
-- Symlinking: /root/modular_arm_ros2/ws_custom_robot/install/custom_robot_moveit/share/custom_robot_moveit/environment/ament_prefix_path.dsv
-- Symlinking: /root/modular_arm_ros2/ws_custom_robot/install/custom_robot_moveit/share/custom_robot_moveit/environment/path.sh
-- Symlinking: /root/modular_arm_ros2/ws_custom_robot/install/custom_robot_moveit/share/custom_robot_moveit/environment/path.dsv
-- Symlinking: /root/modular_arm_ros2/ws_custom_robot/install/custom_robot_moveit/share/custom_robot_moveit/local_setup.bash
-- Symlinking: /root/modular_arm_ros2/ws_custom_robot/install/custom_robot_moveit/share/custom_robot_moveit/local_setup.sh
-- Symlinking: /root/modular_arm_ros2/ws_custom_robot/install/custom_robot_moveit/share/custom_robot_moveit/local_setup.zsh
-- Symlinking: /root/modular_arm_ros2/ws_custom_robot/install/custom_robot_moveit/share/custom_robot_moveit/local_setup.dsv
-- Symlinking: /root/modular_arm_ros2/ws_custom_robot/install/custom_robot_moveit/share/custom_robot_moveit/package.dsv
-- Symlinking: /root/modular_arm_ros2/ws_custom_robot/install/custom_robot_moveit/share/ament_index/resource_index/packages/custom_robot_moveit
-- Symlinking: /root/modular_arm_ros2/ws_custom_robot/install/custom_robot_moveit/share/custom_robot_moveit/cmake/custom_robot_moveitConfig.cmake
-- Symlinking: /root/modular_arm_ros2/ws_custom_robot/install/custom_robot_moveit/share/custom_robot_moveit/cmake/custom_robot_moveitConfig-version.cmake
-- Symlinking: /root/modular_arm_ros2/ws_custom_robot/install/custom_robot_moveit/share/custom_robot_moveit/package.xml
