[0.035s] Invoking command in '/root/modular_arm_ros2/ws_custom_robot/build/custom_robot_moveit': CMAKE_PREFIX_PATH=${CMAKE_PREFIX_PATH}:/root/ws_moveit/install/moveit_configs_utils:/opt/ros/rolling /usr/bin/cmake /root/modular_arm_ros2/ws_custom_robot/src/custom_robot_moveit -DAMENT_CMAKE_SYMLINK_INSTALL=1 -DCMAKE_INSTALL_PREFIX=/root/modular_arm_ros2/ws_custom_robot/install/custom_robot_moveit
[0.049s] -- Found ament_cmake: 2.3.2 (/opt/ros/rolling/share/ament_cmake/cmake)
[0.206s] -- Override CMake install command with custom implementation using symlinks instead of copying resources
[0.213s] -- Found ament_lint_auto: 0.16.3 (/opt/ros/rolling/share/ament_lint_auto/cmake)
[0.292s] -- Added test 'flake8' to check Python code syntax and style conventions
[0.292s] -- Configured 'flake8' exclude dirs and/or files: 
[0.292s] -- Added test 'lint_cmake' to check CMake code style
[0.292s] -- Added test 'pep257' to check Python code against some of the docstring style conventions in PEP 257
[0.293s] -- Added test 'xmllint' to check XML markup files
[0.294s] -- Configuring done
[0.297s] -- Generating done
[0.298s] -- Build files have been written to: /root/modular_arm_ros2/ws_custom_robot/build/custom_robot_moveit
[0.300s] Invoked command in '/root/modular_arm_ros2/ws_custom_robot/build/custom_robot_moveit' returned '0': CMAKE_PREFIX_PATH=${CMAKE_PREFIX_PATH}:/root/ws_moveit/install/moveit_configs_utils:/opt/ros/rolling /usr/bin/cmake /root/modular_arm_ros2/ws_custom_robot/src/custom_robot_moveit -DAMENT_CMAKE_SYMLINK_INSTALL=1 -DCMAKE_INSTALL_PREFIX=/root/modular_arm_ros2/ws_custom_robot/install/custom_robot_moveit
[0.302s] Invoking command in '/root/modular_arm_ros2/ws_custom_robot/build/custom_robot_moveit': CMAKE_PREFIX_PATH=${CMAKE_PREFIX_PATH}:/root/ws_moveit/install/moveit_configs_utils:/opt/ros/rolling /usr/bin/cmake --build /root/modular_arm_ros2/ws_custom_robot/build/custom_robot_moveit -- -j8 -l8
[0.359s] Invoked command in '/root/modular_arm_ros2/ws_custom_robot/build/custom_robot_moveit' returned '0': CMAKE_PREFIX_PATH=${CMAKE_PREFIX_PATH}:/root/ws_moveit/install/moveit_configs_utils:/opt/ros/rolling /usr/bin/cmake --build /root/modular_arm_ros2/ws_custom_robot/build/custom_robot_moveit -- -j8 -l8
[0.417s] Invoking command in '/root/modular_arm_ros2/ws_custom_robot/build/custom_robot_moveit': CMAKE_PREFIX_PATH=${CMAKE_PREFIX_PATH}:/root/ws_moveit/install/moveit_configs_utils:/opt/ros/rolling /usr/bin/cmake --install /root/modular_arm_ros2/ws_custom_robot/build/custom_robot_moveit
[0.430s] -- Install configuration: ""
[0.431s] -- Execute custom install script
[0.431s] -- Symlinking: /root/modular_arm_ros2/ws_custom_robot/install/custom_robot_moveit/share/custom_robot_moveit/launch/moveit.launch.py
[0.445s] -- Symlinking: /root/modular_arm_ros2/ws_custom_robot/install/custom_robot_moveit/share/custom_robot_moveit/config/custom_robot.srdf
[0.458s] -- Symlinking: /root/modular_arm_ros2/ws_custom_robot/install/custom_robot_moveit/share/custom_robot_moveit/config/initial_position.yaml
[0.470s] -- Symlinking: /root/modular_arm_ros2/ws_custom_robot/install/custom_robot_moveit/share/custom_robot_moveit/config/joint_limits.yaml
[0.483s] -- Symlinking: /root/modular_arm_ros2/ws_custom_robot/install/custom_robot_moveit/share/custom_robot_moveit/config/kinematics.yaml
[0.497s] -- Symlinking: /root/modular_arm_ros2/ws_custom_robot/install/custom_robot_moveit/share/custom_robot_moveit/config/moveit.rviz
[0.514s] -- Symlinking: /root/modular_arm_ros2/ws_custom_robot/install/custom_robot_moveit/share/custom_robot_moveit/config/moveit_controllers.yaml
[0.528s] -- Symlinking: /root/modular_arm_ros2/ws_custom_robot/install/custom_robot_moveit/share/custom_robot_moveit/config/pilz_cartesian_limits.yaml
[0.546s] -- Symlinking: /root/modular_arm_ros2/ws_custom_robot/install/custom_robot_moveit/share/ament_index/resource_index/package_run_dependencies/custom_robot_moveit
[0.559s] -- Symlinking: /root/modular_arm_ros2/ws_custom_robot/install/custom_robot_moveit/share/ament_index/resource_index/parent_prefix_path/custom_robot_moveit
[0.570s] -- Symlinking: /root/modular_arm_ros2/ws_custom_robot/install/custom_robot_moveit/share/custom_robot_moveit/environment/ament_prefix_path.sh
[0.583s] -- Symlinking: /root/modular_arm_ros2/ws_custom_robot/install/custom_robot_moveit/share/custom_robot_moveit/environment/ament_prefix_path.dsv
[0.596s] -- Symlinking: /root/modular_arm_ros2/ws_custom_robot/install/custom_robot_moveit/share/custom_robot_moveit/environment/path.sh
[0.609s] -- Symlinking: /root/modular_arm_ros2/ws_custom_robot/install/custom_robot_moveit/share/custom_robot_moveit/environment/path.dsv
[0.621s] -- Symlinking: /root/modular_arm_ros2/ws_custom_robot/install/custom_robot_moveit/share/custom_robot_moveit/local_setup.bash
[0.634s] -- Symlinking: /root/modular_arm_ros2/ws_custom_robot/install/custom_robot_moveit/share/custom_robot_moveit/local_setup.sh
[0.647s] -- Symlinking: /root/modular_arm_ros2/ws_custom_robot/install/custom_robot_moveit/share/custom_robot_moveit/local_setup.zsh
[0.660s] -- Symlinking: /root/modular_arm_ros2/ws_custom_robot/install/custom_robot_moveit/share/custom_robot_moveit/local_setup.dsv
[0.675s] -- Symlinking: /root/modular_arm_ros2/ws_custom_robot/install/custom_robot_moveit/share/custom_robot_moveit/package.dsv
[0.689s] -- Symlinking: /root/modular_arm_ros2/ws_custom_robot/install/custom_robot_moveit/share/ament_index/resource_index/packages/custom_robot_moveit
[0.705s] -- Symlinking: /root/modular_arm_ros2/ws_custom_robot/install/custom_robot_moveit/share/custom_robot_moveit/cmake/custom_robot_moveitConfig.cmake
[0.717s] -- Symlinking: /root/modular_arm_ros2/ws_custom_robot/install/custom_robot_moveit/share/custom_robot_moveit/cmake/custom_robot_moveitConfig-version.cmake
[0.729s] -- Symlinking: /root/modular_arm_ros2/ws_custom_robot/install/custom_robot_moveit/share/custom_robot_moveit/package.xml
[0.743s] Invoked command in '/root/modular_arm_ros2/ws_custom_robot/build/custom_robot_moveit' returned '0': CMAKE_PREFIX_PATH=${CMAKE_PREFIX_PATH}:/root/ws_moveit/install/moveit_configs_utils:/opt/ros/rolling /usr/bin/cmake --install /root/modular_arm_ros2/ws_custom_robot/build/custom_robot_moveit
