[0.075s] DEBUG:colcon:Command line arguments: ['/usr/bin/colcon', 'build']
[0.076s] DEBUG:colcon:Parsed command line arguments: Namespace(log_base=None, log_level=None, verb_name='build', build_base='build', install_base='install', merge_install=False, symlink_install=False, test_result_base=None, continue_on_error=False, executor='parallel', parallel_workers=8, event_handlers=None, ignore_user_meta=False, metas=['./colcon.meta'], base_paths=['.'], packages_ignore=None, packages_ignore_regex=None, paths=None, packages_up_to=None, packages_up_to_regex=None, packages_above=None, packages_above_and_dependencies=None, packages_above_depth=None, packages_select_by_dep=None, packages_skip_by_dep=None, packages_skip_up_to=None, packages_select_build_failed=False, packages_skip_build_finished=False, packages_select_test_failures=False, packages_skip_test_passed=False, packages_select=None, packages_skip=None, packages_select_regex=None, packages_skip_regex=None, packages_start=None, packages_end=None, cmake_args=None, cmake_target=None, cmake_target_skip_unavailable=False, cmake_clean_cache=False, cmake_clean_first=False, cmake_force_configure=False, ament_cmake_args=None, catkin_cmake_args=None, catkin_skip_building_tests=False, mixin_files=None, mixin=None, verb_parser=<colcon_mixin.mixin.mixin_argument.MixinArgumentDecorator object at 0x7db8718ac3a0>, verb_extension=<colcon_core.verb.build.BuildVerb object at 0x7db871a8fdc0>, main=<bound method BuildVerb.main of <colcon_core.verb.build.BuildVerb object at 0x7db871a8fdc0>>, mixin_verb=('build',))
[0.172s] Level 1:colcon.colcon_core.package_discovery:discover_packages(colcon_meta) check parameters
[0.173s] INFO:colcon.colcon_metadata.package_discovery.colcon_meta:Using configuration from '/root/.colcon/metadata/default/Gazebo.meta'
[0.173s] INFO:colcon.colcon_metadata.package_discovery.colcon_meta:Using configuration from '/root/.colcon/metadata/default/fastrtps.meta'
[0.173s] Level 1:colcon.colcon_core.package_discovery:discover_packages(recursive) check parameters
[0.174s] Level 1:colcon.colcon_core.package_discovery:discover_packages(ignore) check parameters
[0.174s] Level 1:colcon.colcon_core.package_discovery:discover_packages(path) check parameters
[0.174s] Level 1:colcon.colcon_core.package_discovery:discover_packages(colcon_meta) discover
[0.174s] Level 1:colcon.colcon_core.package_discovery:discover_packages(recursive) discover
[0.174s] INFO:colcon.colcon_core.package_discovery:Crawling recursively for packages in '/root/modular_arm_ros2/ws_custom_robot'
[0.174s] Level 1:colcon.colcon_core.package_identification:_identify(.) by extensions ['ignore', 'ignore_ament_install']
[0.174s] Level 1:colcon.colcon_core.package_identification:_identify(.) by extension 'ignore'
[0.174s] Level 1:colcon.colcon_core.package_identification:_identify(.) by extension 'ignore_ament_install'
[0.174s] Level 1:colcon.colcon_core.package_identification:_identify(.) by extensions ['colcon_pkg']
[0.174s] Level 1:colcon.colcon_core.package_identification:_identify(.) by extension 'colcon_pkg'
[0.174s] Level 1:colcon.colcon_core.package_identification:_identify(.) by extensions ['colcon_meta']
[0.174s] Level 1:colcon.colcon_core.package_identification:_identify(.) by extension 'colcon_meta'
[0.174s] Level 1:colcon.colcon_core.package_identification:_identify(.) by extensions ['ros']
[0.174s] Level 1:colcon.colcon_core.package_identification:_identify(.) by extension 'ros'
[0.183s] Level 1:colcon.colcon_core.package_identification:_identify(.) by extensions ['cmake', 'python']
[0.183s] Level 1:colcon.colcon_core.package_identification:_identify(.) by extension 'cmake'
[0.183s] Level 1:colcon.colcon_core.package_identification:_identify(.) by extension 'python'
[0.183s] Level 1:colcon.colcon_core.package_identification:_identify(.) by extensions ['python_setup_py']
[0.183s] Level 1:colcon.colcon_core.package_identification:_identify(.) by extension 'python_setup_py'
[0.183s] Level 1:colcon.colcon_core.package_identification:_identify(build) by extensions ['ignore', 'ignore_ament_install']
[0.184s] Level 1:colcon.colcon_core.package_identification:_identify(build) by extension 'ignore'
[0.184s] Level 1:colcon.colcon_core.package_identification:_identify(build) ignored
[0.184s] Level 1:colcon.colcon_core.package_identification:_identify(install) by extensions ['ignore', 'ignore_ament_install']
[0.184s] Level 1:colcon.colcon_core.package_identification:_identify(install) by extension 'ignore'
[0.184s] Level 1:colcon.colcon_core.package_identification:_identify(install) ignored
[0.184s] Level 1:colcon.colcon_core.package_identification:_identify(log) by extensions ['ignore', 'ignore_ament_install']
[0.184s] Level 1:colcon.colcon_core.package_identification:_identify(log) by extension 'ignore'
[0.184s] Level 1:colcon.colcon_core.package_identification:_identify(log) ignored
[0.184s] Level 1:colcon.colcon_core.package_identification:_identify(src) by extensions ['ignore', 'ignore_ament_install']
[0.184s] Level 1:colcon.colcon_core.package_identification:_identify(src) by extension 'ignore'
[0.184s] Level 1:colcon.colcon_core.package_identification:_identify(src) by extension 'ignore_ament_install'
[0.184s] Level 1:colcon.colcon_core.package_identification:_identify(src) by extensions ['colcon_pkg']
[0.184s] Level 1:colcon.colcon_core.package_identification:_identify(src) by extension 'colcon_pkg'
[0.184s] Level 1:colcon.colcon_core.package_identification:_identify(src) by extensions ['colcon_meta']
[0.184s] Level 1:colcon.colcon_core.package_identification:_identify(src) by extension 'colcon_meta'
[0.184s] Level 1:colcon.colcon_core.package_identification:_identify(src) by extensions ['ros']
[0.184s] Level 1:colcon.colcon_core.package_identification:_identify(src) by extension 'ros'
[0.184s] Level 1:colcon.colcon_core.package_identification:_identify(src) by extensions ['cmake', 'python']
[0.184s] Level 1:colcon.colcon_core.package_identification:_identify(src) by extension 'cmake'
[0.184s] Level 1:colcon.colcon_core.package_identification:_identify(src) by extension 'python'
[0.184s] Level 1:colcon.colcon_core.package_identification:_identify(src) by extensions ['python_setup_py']
[0.184s] Level 1:colcon.colcon_core.package_identification:_identify(src) by extension 'python_setup_py'
[0.184s] Level 1:colcon.colcon_core.package_identification:_identify(src/custom_robot_bringup) by extensions ['ignore', 'ignore_ament_install']
[0.184s] Level 1:colcon.colcon_core.package_identification:_identify(src/custom_robot_bringup) by extension 'ignore'
[0.184s] Level 1:colcon.colcon_core.package_identification:_identify(src/custom_robot_bringup) by extension 'ignore_ament_install'
[0.185s] Level 1:colcon.colcon_core.package_identification:_identify(src/custom_robot_bringup) by extensions ['colcon_pkg']
[0.185s] Level 1:colcon.colcon_core.package_identification:_identify(src/custom_robot_bringup) by extension 'colcon_pkg'
[0.185s] Level 1:colcon.colcon_core.package_identification:_identify(src/custom_robot_bringup) by extensions ['colcon_meta']
[0.185s] Level 1:colcon.colcon_core.package_identification:_identify(src/custom_robot_bringup) by extension 'colcon_meta'
[0.185s] Level 1:colcon.colcon_core.package_identification:_identify(src/custom_robot_bringup) by extensions ['ros']
[0.185s] Level 1:colcon.colcon_core.package_identification:_identify(src/custom_robot_bringup) by extension 'ros'
[0.186s] DEBUG:colcon.colcon_core.package_identification:Package 'src/custom_robot_bringup' with type 'ros.ament_cmake' and name 'custom_robot_bringup'
[0.186s] Level 1:colcon.colcon_core.package_identification:_identify(src/custom_robot_config) by extensions ['ignore', 'ignore_ament_install']
[0.186s] Level 1:colcon.colcon_core.package_identification:_identify(src/custom_robot_config) by extension 'ignore'
[0.186s] Level 1:colcon.colcon_core.package_identification:_identify(src/custom_robot_config) by extension 'ignore_ament_install'
[0.186s] Level 1:colcon.colcon_core.package_identification:_identify(src/custom_robot_config) by extensions ['colcon_pkg']
[0.186s] Level 1:colcon.colcon_core.package_identification:_identify(src/custom_robot_config) by extension 'colcon_pkg'
[0.186s] Level 1:colcon.colcon_core.package_identification:_identify(src/custom_robot_config) by extensions ['colcon_meta']
[0.186s] Level 1:colcon.colcon_core.package_identification:_identify(src/custom_robot_config) by extension 'colcon_meta'
[0.187s] Level 1:colcon.colcon_core.package_identification:_identify(src/custom_robot_config) by extensions ['ros']
[0.187s] Level 1:colcon.colcon_core.package_identification:_identify(src/custom_robot_config) by extension 'ros'
[0.187s] DEBUG:colcon.colcon_core.package_identification:Package 'src/custom_robot_config' with type 'ros.ament_cmake' and name 'custom_robot_config'
[0.187s] Level 1:colcon.colcon_core.package_identification:_identify(src/custom_robot_controller) by extensions ['ignore', 'ignore_ament_install']
[0.187s] Level 1:colcon.colcon_core.package_identification:_identify(src/custom_robot_controller) by extension 'ignore'
[0.187s] Level 1:colcon.colcon_core.package_identification:_identify(src/custom_robot_controller) by extension 'ignore_ament_install'
[0.187s] Level 1:colcon.colcon_core.package_identification:_identify(src/custom_robot_controller) by extensions ['colcon_pkg']
[0.187s] Level 1:colcon.colcon_core.package_identification:_identify(src/custom_robot_controller) by extension 'colcon_pkg'
[0.187s] Level 1:colcon.colcon_core.package_identification:_identify(src/custom_robot_controller) by extensions ['colcon_meta']
[0.187s] Level 1:colcon.colcon_core.package_identification:_identify(src/custom_robot_controller) by extension 'colcon_meta'
[0.187s] Level 1:colcon.colcon_core.package_identification:_identify(src/custom_robot_controller) by extensions ['ros']
[0.187s] Level 1:colcon.colcon_core.package_identification:_identify(src/custom_robot_controller) by extension 'ros'
[0.188s] DEBUG:colcon.colcon_core.package_identification:Package 'src/custom_robot_controller' with type 'ros.ament_cmake' and name 'custom_robot_controller'
[0.188s] Level 1:colcon.colcon_core.package_identification:_identify(src/custom_robot_description) by extensions ['ignore', 'ignore_ament_install']
[0.188s] Level 1:colcon.colcon_core.package_identification:_identify(src/custom_robot_description) by extension 'ignore'
[0.188s] Level 1:colcon.colcon_core.package_identification:_identify(src/custom_robot_description) by extension 'ignore_ament_install'
[0.188s] Level 1:colcon.colcon_core.package_identification:_identify(src/custom_robot_description) by extensions ['colcon_pkg']
[0.188s] Level 1:colcon.colcon_core.package_identification:_identify(src/custom_robot_description) by extension 'colcon_pkg'
[0.188s] Level 1:colcon.colcon_core.package_identification:_identify(src/custom_robot_description) by extensions ['colcon_meta']
[0.188s] Level 1:colcon.colcon_core.package_identification:_identify(src/custom_robot_description) by extension 'colcon_meta'
[0.188s] Level 1:colcon.colcon_core.package_identification:_identify(src/custom_robot_description) by extensions ['ros']
[0.188s] Level 1:colcon.colcon_core.package_identification:_identify(src/custom_robot_description) by extension 'ros'
[0.188s] DEBUG:colcon.colcon_core.package_identification:Package 'src/custom_robot_description' with type 'ros.ament_cmake' and name 'custom_robot_description'
[0.188s] Level 1:colcon.colcon_core.package_discovery:discover_packages(recursive) using defaults
[0.188s] Level 1:colcon.colcon_core.package_discovery:discover_packages(ignore) discover
[0.188s] Level 1:colcon.colcon_core.package_discovery:discover_packages(ignore) using defaults
[0.189s] Level 1:colcon.colcon_core.package_discovery:discover_packages(path) discover
[0.189s] Level 1:colcon.colcon_core.package_discovery:discover_packages(path) using defaults
[0.202s] Level 5:colcon.colcon_core.verb:set package 'custom_robot_bringup' build argument 'cmake_args' from command line to 'None'
[0.202s] Level 5:colcon.colcon_core.verb:set package 'custom_robot_bringup' build argument 'cmake_target' from command line to 'None'
[0.202s] Level 5:colcon.colcon_core.verb:set package 'custom_robot_bringup' build argument 'cmake_target_skip_unavailable' from command line to 'False'
[0.202s] Level 5:colcon.colcon_core.verb:set package 'custom_robot_bringup' build argument 'cmake_clean_cache' from command line to 'False'
[0.202s] Level 5:colcon.colcon_core.verb:set package 'custom_robot_bringup' build argument 'cmake_clean_first' from command line to 'False'
[0.202s] Level 5:colcon.colcon_core.verb:set package 'custom_robot_bringup' build argument 'cmake_force_configure' from command line to 'False'
[0.202s] Level 5:colcon.colcon_core.verb:set package 'custom_robot_bringup' build argument 'ament_cmake_args' from command line to 'None'
[0.202s] Level 5:colcon.colcon_core.verb:set package 'custom_robot_bringup' build argument 'catkin_cmake_args' from command line to 'None'
[0.202s] Level 5:colcon.colcon_core.verb:set package 'custom_robot_bringup' build argument 'catkin_skip_building_tests' from command line to 'False'
[0.202s] DEBUG:colcon.colcon_core.verb:Building package 'custom_robot_bringup' with the following arguments: {'ament_cmake_args': None, 'build_base': '/root/modular_arm_ros2/ws_custom_robot/build/custom_robot_bringup', 'catkin_cmake_args': None, 'catkin_skip_building_tests': False, 'cmake_args': None, 'cmake_clean_cache': False, 'cmake_clean_first': False, 'cmake_force_configure': False, 'cmake_target': None, 'cmake_target_skip_unavailable': False, 'install_base': '/root/modular_arm_ros2/ws_custom_robot/install/custom_robot_bringup', 'merge_install': False, 'path': '/root/modular_arm_ros2/ws_custom_robot/src/custom_robot_bringup', 'symlink_install': False, 'test_result_base': None}
[0.202s] Level 5:colcon.colcon_core.verb:set package 'custom_robot_controller' build argument 'cmake_args' from command line to 'None'
[0.202s] Level 5:colcon.colcon_core.verb:set package 'custom_robot_controller' build argument 'cmake_target' from command line to 'None'
[0.202s] Level 5:colcon.colcon_core.verb:set package 'custom_robot_controller' build argument 'cmake_target_skip_unavailable' from command line to 'False'
[0.202s] Level 5:colcon.colcon_core.verb:set package 'custom_robot_controller' build argument 'cmake_clean_cache' from command line to 'False'
[0.202s] Level 5:colcon.colcon_core.verb:set package 'custom_robot_controller' build argument 'cmake_clean_first' from command line to 'False'
[0.202s] Level 5:colcon.colcon_core.verb:set package 'custom_robot_controller' build argument 'cmake_force_configure' from command line to 'False'
[0.203s] Level 5:colcon.colcon_core.verb:set package 'custom_robot_controller' build argument 'ament_cmake_args' from command line to 'None'
[0.203s] Level 5:colcon.colcon_core.verb:set package 'custom_robot_controller' build argument 'catkin_cmake_args' from command line to 'None'
[0.203s] Level 5:colcon.colcon_core.verb:set package 'custom_robot_controller' build argument 'catkin_skip_building_tests' from command line to 'False'
[0.203s] DEBUG:colcon.colcon_core.verb:Building package 'custom_robot_controller' with the following arguments: {'ament_cmake_args': None, 'build_base': '/root/modular_arm_ros2/ws_custom_robot/build/custom_robot_controller', 'catkin_cmake_args': None, 'catkin_skip_building_tests': False, 'cmake_args': None, 'cmake_clean_cache': False, 'cmake_clean_first': False, 'cmake_force_configure': False, 'cmake_target': None, 'cmake_target_skip_unavailable': False, 'install_base': '/root/modular_arm_ros2/ws_custom_robot/install/custom_robot_controller', 'merge_install': False, 'path': '/root/modular_arm_ros2/ws_custom_robot/src/custom_robot_controller', 'symlink_install': False, 'test_result_base': None}
[0.203s] Level 5:colcon.colcon_core.verb:set package 'custom_robot_description' build argument 'cmake_args' from command line to 'None'
[0.203s] Level 5:colcon.colcon_core.verb:set package 'custom_robot_description' build argument 'cmake_target' from command line to 'None'
[0.203s] Level 5:colcon.colcon_core.verb:set package 'custom_robot_description' build argument 'cmake_target_skip_unavailable' from command line to 'False'
[0.203s] Level 5:colcon.colcon_core.verb:set package 'custom_robot_description' build argument 'cmake_clean_cache' from command line to 'False'
[0.203s] Level 5:colcon.colcon_core.verb:set package 'custom_robot_description' build argument 'cmake_clean_first' from command line to 'False'
[0.203s] Level 5:colcon.colcon_core.verb:set package 'custom_robot_description' build argument 'cmake_force_configure' from command line to 'False'
[0.203s] Level 5:colcon.colcon_core.verb:set package 'custom_robot_description' build argument 'ament_cmake_args' from command line to 'None'
[0.203s] Level 5:colcon.colcon_core.verb:set package 'custom_robot_description' build argument 'catkin_cmake_args' from command line to 'None'
[0.203s] Level 5:colcon.colcon_core.verb:set package 'custom_robot_description' build argument 'catkin_skip_building_tests' from command line to 'False'
[0.203s] DEBUG:colcon.colcon_core.verb:Building package 'custom_robot_description' with the following arguments: {'ament_cmake_args': None, 'build_base': '/root/modular_arm_ros2/ws_custom_robot/build/custom_robot_description', 'catkin_cmake_args': None, 'catkin_skip_building_tests': False, 'cmake_args': None, 'cmake_clean_cache': False, 'cmake_clean_first': False, 'cmake_force_configure': False, 'cmake_target': None, 'cmake_target_skip_unavailable': False, 'install_base': '/root/modular_arm_ros2/ws_custom_robot/install/custom_robot_description', 'merge_install': False, 'path': '/root/modular_arm_ros2/ws_custom_robot/src/custom_robot_description', 'symlink_install': False, 'test_result_base': None}
[0.203s] Level 5:colcon.colcon_core.verb:set package 'custom_robot_config' build argument 'cmake_args' from command line to 'None'
[0.203s] Level 5:colcon.colcon_core.verb:set package 'custom_robot_config' build argument 'cmake_target' from command line to 'None'
[0.203s] Level 5:colcon.colcon_core.verb:set package 'custom_robot_config' build argument 'cmake_target_skip_unavailable' from command line to 'False'
[0.203s] Level 5:colcon.colcon_core.verb:set package 'custom_robot_config' build argument 'cmake_clean_cache' from command line to 'False'
[0.203s] Level 5:colcon.colcon_core.verb:set package 'custom_robot_config' build argument 'cmake_clean_first' from command line to 'False'
[0.203s] Level 5:colcon.colcon_core.verb:set package 'custom_robot_config' build argument 'cmake_force_configure' from command line to 'False'
[0.203s] Level 5:colcon.colcon_core.verb:set package 'custom_robot_config' build argument 'ament_cmake_args' from command line to 'None'
[0.203s] Level 5:colcon.colcon_core.verb:set package 'custom_robot_config' build argument 'catkin_cmake_args' from command line to 'None'
[0.203s] Level 5:colcon.colcon_core.verb:set package 'custom_robot_config' build argument 'catkin_skip_building_tests' from command line to 'False'
[0.203s] DEBUG:colcon.colcon_core.verb:Building package 'custom_robot_config' with the following arguments: {'ament_cmake_args': None, 'build_base': '/root/modular_arm_ros2/ws_custom_robot/build/custom_robot_config', 'catkin_cmake_args': None, 'catkin_skip_building_tests': False, 'cmake_args': None, 'cmake_clean_cache': False, 'cmake_clean_first': False, 'cmake_force_configure': False, 'cmake_target': None, 'cmake_target_skip_unavailable': False, 'install_base': '/root/modular_arm_ros2/ws_custom_robot/install/custom_robot_config', 'merge_install': False, 'path': '/root/modular_arm_ros2/ws_custom_robot/src/custom_robot_config', 'symlink_install': False, 'test_result_base': None}
[0.203s] INFO:colcon.colcon_core.executor:Executing jobs using 'parallel' executor
[0.204s] DEBUG:colcon.colcon_parallel_executor.executor.parallel:run_until_complete
[0.205s] INFO:colcon.colcon_ros.task.ament_cmake.build:Building ROS package in '/root/modular_arm_ros2/ws_custom_robot/src/custom_robot_description' with build type 'ament_cmake'
[0.205s] INFO:colcon.colcon_cmake.task.cmake.build:Building CMake package in '/root/modular_arm_ros2/ws_custom_robot/src/custom_robot_description'
[0.206s] INFO:colcon.colcon_core.plugin_system:Skipping extension 'colcon_core.shell.bat': Not used on non-Windows systems
[0.206s] INFO:colcon.colcon_core.shell:Skip shell extension 'powershell' for command environment: Not usable outside of PowerShell
[0.206s] DEBUG:colcon.colcon_core.shell:Skip shell extension 'dsv' for command environment
[0.210s] INFO:colcon.colcon_ros.task.ament_cmake.build:Building ROS package in '/root/modular_arm_ros2/ws_custom_robot/src/custom_robot_bringup' with build type 'ament_cmake'
[0.210s] INFO:colcon.colcon_cmake.task.cmake.build:Building CMake package in '/root/modular_arm_ros2/ws_custom_robot/src/custom_robot_bringup'
[0.211s] INFO:colcon.colcon_core.shell:Skip shell extension 'powershell' for command environment: Not usable outside of PowerShell
[0.211s] DEBUG:colcon.colcon_core.shell:Skip shell extension 'dsv' for command environment
[0.213s] INFO:colcon.colcon_ros.task.ament_cmake.build:Building ROS package in '/root/modular_arm_ros2/ws_custom_robot/src/custom_robot_controller' with build type 'ament_cmake'
[0.213s] INFO:colcon.colcon_cmake.task.cmake.build:Building CMake package in '/root/modular_arm_ros2/ws_custom_robot/src/custom_robot_controller'
[0.214s] INFO:colcon.colcon_core.shell:Skip shell extension 'powershell' for command environment: Not usable outside of PowerShell
[0.214s] DEBUG:colcon.colcon_core.shell:Skip shell extension 'dsv' for command environment
[0.220s] DEBUG:colcon.colcon_core.event_handler.log_command:Invoking command in '/root/modular_arm_ros2/ws_custom_robot/build/custom_robot_description': CMAKE_PREFIX_PATH=${CMAKE_PREFIX_PATH}:/opt/ros/humble /usr/bin/cmake --build /root/modular_arm_ros2/ws_custom_robot/build/custom_robot_description -- -j8 -l8
[0.223s] DEBUG:colcon.colcon_core.event_handler.log_command:Invoking command in '/root/modular_arm_ros2/ws_custom_robot/build/custom_robot_bringup': CMAKE_PREFIX_PATH=${CMAKE_PREFIX_PATH}:/opt/ros/humble /usr/bin/cmake --build /root/modular_arm_ros2/ws_custom_robot/build/custom_robot_bringup -- -j8 -l8
[0.226s] DEBUG:colcon.colcon_core.event_handler.log_command:Invoking command in '/root/modular_arm_ros2/ws_custom_robot/build/custom_robot_controller': CMAKE_PREFIX_PATH=${CMAKE_PREFIX_PATH}:/opt/ros/humble /usr/bin/cmake --build /root/modular_arm_ros2/ws_custom_robot/build/custom_robot_controller -- -j8 -l8
[0.249s] DEBUG:colcon.colcon_core.event_handler.log_command:Invoked command in '/root/modular_arm_ros2/ws_custom_robot/build/custom_robot_description' returned '0': CMAKE_PREFIX_PATH=${CMAKE_PREFIX_PATH}:/opt/ros/humble /usr/bin/cmake --build /root/modular_arm_ros2/ws_custom_robot/build/custom_robot_description -- -j8 -l8
[0.251s] DEBUG:colcon.colcon_core.event_handler.log_command:Invoked command in '/root/modular_arm_ros2/ws_custom_robot/build/custom_robot_bringup' returned '0': CMAKE_PREFIX_PATH=${CMAKE_PREFIX_PATH}:/opt/ros/humble /usr/bin/cmake --build /root/modular_arm_ros2/ws_custom_robot/build/custom_robot_bringup -- -j8 -l8
[0.271s] DEBUG:colcon.colcon_core.event_handler.log_command:Invoking command in '/root/modular_arm_ros2/ws_custom_robot/build/custom_robot_description': CMAKE_PREFIX_PATH=${CMAKE_PREFIX_PATH}:/opt/ros/humble /usr/bin/cmake --install /root/modular_arm_ros2/ws_custom_robot/build/custom_robot_description
[0.273s] DEBUG:colcon.colcon_core.event_handler.log_command:Invoking command in '/root/modular_arm_ros2/ws_custom_robot/build/custom_robot_bringup': CMAKE_PREFIX_PATH=${CMAKE_PREFIX_PATH}:/opt/ros/humble /usr/bin/cmake --install /root/modular_arm_ros2/ws_custom_robot/build/custom_robot_bringup
[0.280s] Level 1:colcon.colcon_core.environment:create_environment_scripts_only(custom_robot_description)
[0.284s] Level 1:colcon.colcon_core.environment:checking '/root/modular_arm_ros2/ws_custom_robot/install/custom_robot_description' for CMake module files
[0.285s] Level 1:colcon.colcon_core.environment:checking '/root/modular_arm_ros2/ws_custom_robot/install/custom_robot_description' for CMake config files
[0.285s] DEBUG:colcon.colcon_core.event_handler.log_command:Invoked command in '/root/modular_arm_ros2/ws_custom_robot/build/custom_robot_description' returned '0': CMAKE_PREFIX_PATH=${CMAKE_PREFIX_PATH}:/opt/ros/humble /usr/bin/cmake --install /root/modular_arm_ros2/ws_custom_robot/build/custom_robot_description
[0.285s] Level 1:colcon.colcon_core.shell:create_environment_hook('custom_robot_description', 'cmake_prefix_path')
[0.285s] INFO:colcon.colcon_core.shell:Creating environment hook '/root/modular_arm_ros2/ws_custom_robot/install/custom_robot_description/share/custom_robot_description/hook/cmake_prefix_path.ps1'
[0.286s] INFO:colcon.colcon_core.shell:Creating environment descriptor '/root/modular_arm_ros2/ws_custom_robot/install/custom_robot_description/share/custom_robot_description/hook/cmake_prefix_path.dsv'
[0.286s] INFO:colcon.colcon_core.shell:Creating environment hook '/root/modular_arm_ros2/ws_custom_robot/install/custom_robot_description/share/custom_robot_description/hook/cmake_prefix_path.sh'
[0.287s] Level 1:colcon.colcon_core.environment:checking '/root/modular_arm_ros2/ws_custom_robot/install/custom_robot_description/bin'
[0.287s] Level 1:colcon.colcon_core.environment:checking '/root/modular_arm_ros2/ws_custom_robot/install/custom_robot_description/lib/pkgconfig/custom_robot_description.pc'
[0.288s] Level 1:colcon.colcon_core.environment:checking '/root/modular_arm_ros2/ws_custom_robot/install/custom_robot_description/lib/python3.10/site-packages'
[0.288s] Level 1:colcon.colcon_core.environment:checking '/root/modular_arm_ros2/ws_custom_robot/install/custom_robot_description/bin'
[0.288s] INFO:colcon.colcon_core.shell:Creating package script '/root/modular_arm_ros2/ws_custom_robot/install/custom_robot_description/share/custom_robot_description/package.ps1'
[0.289s] INFO:colcon.colcon_core.shell:Creating package descriptor '/root/modular_arm_ros2/ws_custom_robot/install/custom_robot_description/share/custom_robot_description/package.dsv'
[0.289s] INFO:colcon.colcon_core.shell:Creating package script '/root/modular_arm_ros2/ws_custom_robot/install/custom_robot_description/share/custom_robot_description/package.sh'
[0.290s] INFO:colcon.colcon_core.shell:Creating package script '/root/modular_arm_ros2/ws_custom_robot/install/custom_robot_description/share/custom_robot_description/package.bash'
[0.290s] INFO:colcon.colcon_core.shell:Creating package script '/root/modular_arm_ros2/ws_custom_robot/install/custom_robot_description/share/custom_robot_description/package.zsh'
[0.291s] Level 1:colcon.colcon_core.environment:create_file_with_runtime_dependencies(/root/modular_arm_ros2/ws_custom_robot/install/custom_robot_description/share/colcon-core/packages/custom_robot_description)
[0.292s] Level 1:colcon.colcon_core.environment:create_environment_scripts_only(custom_robot_bringup)
[0.292s] Level 1:colcon.colcon_core.environment:checking '/root/modular_arm_ros2/ws_custom_robot/install/custom_robot_bringup' for CMake module files
[0.292s] DEBUG:colcon.colcon_core.event_handler.log_command:Invoked command in '/root/modular_arm_ros2/ws_custom_robot/build/custom_robot_bringup' returned '0': CMAKE_PREFIX_PATH=${CMAKE_PREFIX_PATH}:/opt/ros/humble /usr/bin/cmake --install /root/modular_arm_ros2/ws_custom_robot/build/custom_robot_bringup
[0.293s] Level 1:colcon.colcon_core.environment:checking '/root/modular_arm_ros2/ws_custom_robot/install/custom_robot_bringup' for CMake config files
[0.293s] Level 1:colcon.colcon_core.shell:create_environment_hook('custom_robot_bringup', 'cmake_prefix_path')
[0.293s] INFO:colcon.colcon_core.shell:Creating environment hook '/root/modular_arm_ros2/ws_custom_robot/install/custom_robot_bringup/share/custom_robot_bringup/hook/cmake_prefix_path.ps1'
[0.294s] INFO:colcon.colcon_core.shell:Creating environment descriptor '/root/modular_arm_ros2/ws_custom_robot/install/custom_robot_bringup/share/custom_robot_bringup/hook/cmake_prefix_path.dsv'
[0.294s] INFO:colcon.colcon_core.shell:Creating environment hook '/root/modular_arm_ros2/ws_custom_robot/install/custom_robot_bringup/share/custom_robot_bringup/hook/cmake_prefix_path.sh'
[0.294s] Level 1:colcon.colcon_core.environment:checking '/root/modular_arm_ros2/ws_custom_robot/install/custom_robot_bringup/bin'
[0.294s] Level 1:colcon.colcon_core.environment:checking '/root/modular_arm_ros2/ws_custom_robot/install/custom_robot_bringup/lib/pkgconfig/custom_robot_bringup.pc'
[0.295s] Level 1:colcon.colcon_core.environment:checking '/root/modular_arm_ros2/ws_custom_robot/install/custom_robot_bringup/lib/python3.10/site-packages'
[0.295s] Level 1:colcon.colcon_core.environment:checking '/root/modular_arm_ros2/ws_custom_robot/install/custom_robot_bringup/bin'
[0.295s] INFO:colcon.colcon_core.shell:Creating package script '/root/modular_arm_ros2/ws_custom_robot/install/custom_robot_bringup/share/custom_robot_bringup/package.ps1'
[0.295s] INFO:colcon.colcon_core.shell:Creating package descriptor '/root/modular_arm_ros2/ws_custom_robot/install/custom_robot_bringup/share/custom_robot_bringup/package.dsv'
[0.296s] INFO:colcon.colcon_core.shell:Creating package script '/root/modular_arm_ros2/ws_custom_robot/install/custom_robot_bringup/share/custom_robot_bringup/package.sh'
[0.296s] INFO:colcon.colcon_core.shell:Creating package script '/root/modular_arm_ros2/ws_custom_robot/install/custom_robot_bringup/share/custom_robot_bringup/package.bash'
[0.296s] INFO:colcon.colcon_core.shell:Creating package script '/root/modular_arm_ros2/ws_custom_robot/install/custom_robot_bringup/share/custom_robot_bringup/package.zsh'
[0.297s] Level 1:colcon.colcon_core.environment:create_file_with_runtime_dependencies(/root/modular_arm_ros2/ws_custom_robot/install/custom_robot_bringup/share/colcon-core/packages/custom_robot_bringup)
[0.306s] Level 1:colcon.colcon_core.environment:create_environment_scripts_only(custom_robot_description)
[0.307s] Level 1:colcon.colcon_core.environment:checking '/root/modular_arm_ros2/ws_custom_robot/install/custom_robot_description' for CMake module files
[0.307s] Level 1:colcon.colcon_core.environment:checking '/root/modular_arm_ros2/ws_custom_robot/install/custom_robot_description' for CMake config files
[0.307s] Level 1:colcon.colcon_core.shell:create_environment_hook('custom_robot_description', 'cmake_prefix_path')
[0.307s] INFO:colcon.colcon_core.shell:Creating environment hook '/root/modular_arm_ros2/ws_custom_robot/install/custom_robot_description/share/custom_robot_description/hook/cmake_prefix_path.ps1'
[0.308s] INFO:colcon.colcon_core.shell:Creating environment descriptor '/root/modular_arm_ros2/ws_custom_robot/install/custom_robot_description/share/custom_robot_description/hook/cmake_prefix_path.dsv'
[0.308s] INFO:colcon.colcon_core.shell:Creating environment hook '/root/modular_arm_ros2/ws_custom_robot/install/custom_robot_description/share/custom_robot_description/hook/cmake_prefix_path.sh'
[0.309s] Level 1:colcon.colcon_core.environment:checking '/root/modular_arm_ros2/ws_custom_robot/install/custom_robot_description/bin'
[0.309s] Level 1:colcon.colcon_core.environment:checking '/root/modular_arm_ros2/ws_custom_robot/install/custom_robot_description/lib/pkgconfig/custom_robot_description.pc'
[0.309s] Level 1:colcon.colcon_core.environment:checking '/root/modular_arm_ros2/ws_custom_robot/install/custom_robot_description/lib/python3.10/site-packages'
[0.309s] Level 1:colcon.colcon_core.environment:checking '/root/modular_arm_ros2/ws_custom_robot/install/custom_robot_description/bin'
[0.310s] INFO:colcon.colcon_core.shell:Creating package script '/root/modular_arm_ros2/ws_custom_robot/install/custom_robot_description/share/custom_robot_description/package.ps1'
[0.310s] INFO:colcon.colcon_core.shell:Creating package descriptor '/root/modular_arm_ros2/ws_custom_robot/install/custom_robot_description/share/custom_robot_description/package.dsv'
[0.310s] INFO:colcon.colcon_core.shell:Creating package script '/root/modular_arm_ros2/ws_custom_robot/install/custom_robot_description/share/custom_robot_description/package.sh'
[0.311s] INFO:colcon.colcon_core.shell:Creating package script '/root/modular_arm_ros2/ws_custom_robot/install/custom_robot_description/share/custom_robot_description/package.bash'
[0.311s] INFO:colcon.colcon_core.shell:Creating package script '/root/modular_arm_ros2/ws_custom_robot/install/custom_robot_description/share/custom_robot_description/package.zsh'
[0.311s] Level 1:colcon.colcon_core.environment:create_file_with_runtime_dependencies(/root/modular_arm_ros2/ws_custom_robot/install/custom_robot_description/share/colcon-core/packages/custom_robot_description)
[0.312s] INFO:colcon.colcon_ros.task.ament_cmake.build:Building ROS package in '/root/modular_arm_ros2/ws_custom_robot/src/custom_robot_config' with build type 'ament_cmake'
[0.312s] INFO:colcon.colcon_cmake.task.cmake.build:Building CMake package in '/root/modular_arm_ros2/ws_custom_robot/src/custom_robot_config'
[0.312s] INFO:colcon.colcon_core.shell:Skip shell extension 'powershell' for command environment: Not usable outside of PowerShell
[0.312s] DEBUG:colcon.colcon_core.shell:Skip shell extension 'dsv' for command environment
[0.316s] Level 1:colcon.colcon_core.environment:create_environment_scripts_only(custom_robot_bringup)
[0.316s] Level 1:colcon.colcon_core.environment:checking '/root/modular_arm_ros2/ws_custom_robot/install/custom_robot_bringup' for CMake module files
[0.316s] Level 1:colcon.colcon_core.environment:checking '/root/modular_arm_ros2/ws_custom_robot/install/custom_robot_bringup' for CMake config files
[0.316s] Level 1:colcon.colcon_core.shell:create_environment_hook('custom_robot_bringup', 'cmake_prefix_path')
[0.316s] INFO:colcon.colcon_core.shell:Creating environment hook '/root/modular_arm_ros2/ws_custom_robot/install/custom_robot_bringup/share/custom_robot_bringup/hook/cmake_prefix_path.ps1'
[0.317s] INFO:colcon.colcon_core.shell:Creating environment descriptor '/root/modular_arm_ros2/ws_custom_robot/install/custom_robot_bringup/share/custom_robot_bringup/hook/cmake_prefix_path.dsv'
[0.317s] INFO:colcon.colcon_core.shell:Creating environment hook '/root/modular_arm_ros2/ws_custom_robot/install/custom_robot_bringup/share/custom_robot_bringup/hook/cmake_prefix_path.sh'
[0.317s] Level 1:colcon.colcon_core.environment:checking '/root/modular_arm_ros2/ws_custom_robot/install/custom_robot_bringup/bin'
[0.317s] Level 1:colcon.colcon_core.environment:checking '/root/modular_arm_ros2/ws_custom_robot/install/custom_robot_bringup/lib/pkgconfig/custom_robot_bringup.pc'
[0.317s] Level 1:colcon.colcon_core.environment:checking '/root/modular_arm_ros2/ws_custom_robot/install/custom_robot_bringup/lib/python3.10/site-packages'
[0.318s] Level 1:colcon.colcon_core.environment:checking '/root/modular_arm_ros2/ws_custom_robot/install/custom_robot_bringup/bin'
[0.318s] INFO:colcon.colcon_core.shell:Creating package script '/root/modular_arm_ros2/ws_custom_robot/install/custom_robot_bringup/share/custom_robot_bringup/package.ps1'
[0.318s] INFO:colcon.colcon_core.shell:Creating package descriptor '/root/modular_arm_ros2/ws_custom_robot/install/custom_robot_bringup/share/custom_robot_bringup/package.dsv'
[0.318s] INFO:colcon.colcon_core.shell:Creating package script '/root/modular_arm_ros2/ws_custom_robot/install/custom_robot_bringup/share/custom_robot_bringup/package.sh'
[0.319s] INFO:colcon.colcon_core.shell:Creating package script '/root/modular_arm_ros2/ws_custom_robot/install/custom_robot_bringup/share/custom_robot_bringup/package.bash'
[0.319s] INFO:colcon.colcon_core.shell:Creating package script '/root/modular_arm_ros2/ws_custom_robot/install/custom_robot_bringup/share/custom_robot_bringup/package.zsh'
[0.319s] Level 1:colcon.colcon_core.environment:create_file_with_runtime_dependencies(/root/modular_arm_ros2/ws_custom_robot/install/custom_robot_bringup/share/colcon-core/packages/custom_robot_bringup)
[0.322s] DEBUG:colcon.colcon_core.event_handler.log_command:Invoking command in '/root/modular_arm_ros2/ws_custom_robot/build/custom_robot_config': CMAKE_PREFIX_PATH=/root/modular_arm_ros2/ws_custom_robot/install/custom_robot_description:/root/modular_arm_ros2/ws_custom_robot/install/custom_robot_config:/root/modular_arm_ros2/ws_custom_robot/install/custom_robot_controller:/root/modular_arm_ros2/ws_custom_robot/install/custom_robot_bringup:/opt/ros/humble /usr/bin/cmake --build /root/modular_arm_ros2/ws_custom_robot/build/custom_robot_config -- -j8 -l8
[0.350s] DEBUG:colcon.colcon_core.event_handler.log_command:Invoked command in '/root/modular_arm_ros2/ws_custom_robot/build/custom_robot_config' returned '0': CMAKE_PREFIX_PATH=/root/modular_arm_ros2/ws_custom_robot/install/custom_robot_description:/root/modular_arm_ros2/ws_custom_robot/install/custom_robot_config:/root/modular_arm_ros2/ws_custom_robot/install/custom_robot_controller:/root/modular_arm_ros2/ws_custom_robot/install/custom_robot_bringup:/opt/ros/humble /usr/bin/cmake --build /root/modular_arm_ros2/ws_custom_robot/build/custom_robot_config -- -j8 -l8
[0.365s] DEBUG:colcon.colcon_core.event_handler.log_command:Invoking command in '/root/modular_arm_ros2/ws_custom_robot/build/custom_robot_config': CMAKE_PREFIX_PATH=/root/modular_arm_ros2/ws_custom_robot/install/custom_robot_description:/root/modular_arm_ros2/ws_custom_robot/install/custom_robot_config:/root/modular_arm_ros2/ws_custom_robot/install/custom_robot_controller:/root/modular_arm_ros2/ws_custom_robot/install/custom_robot_bringup:/opt/ros/humble /usr/bin/cmake --install /root/modular_arm_ros2/ws_custom_robot/build/custom_robot_config
[0.372s] Level 1:colcon.colcon_core.environment:create_environment_scripts_only(custom_robot_config)
[0.372s] Level 1:colcon.colcon_core.environment:checking '/root/modular_arm_ros2/ws_custom_robot/install/custom_robot_config' for CMake module files
[0.373s] Level 1:colcon.colcon_core.environment:checking '/root/modular_arm_ros2/ws_custom_robot/install/custom_robot_config' for CMake config files
[0.374s] Level 1:colcon.colcon_core.shell:create_environment_hook('custom_robot_config', 'cmake_prefix_path')
[0.374s] INFO:colcon.colcon_core.shell:Creating environment hook '/root/modular_arm_ros2/ws_custom_robot/install/custom_robot_config/share/custom_robot_config/hook/cmake_prefix_path.ps1'
[0.374s] INFO:colcon.colcon_core.shell:Creating environment descriptor '/root/modular_arm_ros2/ws_custom_robot/install/custom_robot_config/share/custom_robot_config/hook/cmake_prefix_path.dsv'
[0.375s] INFO:colcon.colcon_core.shell:Creating environment hook '/root/modular_arm_ros2/ws_custom_robot/install/custom_robot_config/share/custom_robot_config/hook/cmake_prefix_path.sh'
[0.376s] DEBUG:colcon.colcon_core.event_handler.log_command:Invoked command in '/root/modular_arm_ros2/ws_custom_robot/build/custom_robot_config' returned '0': CMAKE_PREFIX_PATH=/root/modular_arm_ros2/ws_custom_robot/install/custom_robot_description:/root/modular_arm_ros2/ws_custom_robot/install/custom_robot_config:/root/modular_arm_ros2/ws_custom_robot/install/custom_robot_controller:/root/modular_arm_ros2/ws_custom_robot/install/custom_robot_bringup:/opt/ros/humble /usr/bin/cmake --install /root/modular_arm_ros2/ws_custom_robot/build/custom_robot_config
[0.377s] Level 1:colcon.colcon_core.environment:checking '/root/modular_arm_ros2/ws_custom_robot/install/custom_robot_config/bin'
[0.377s] Level 1:colcon.colcon_core.environment:checking '/root/modular_arm_ros2/ws_custom_robot/install/custom_robot_config/lib/pkgconfig/custom_robot_config.pc'
[0.377s] Level 1:colcon.colcon_core.environment:checking '/root/modular_arm_ros2/ws_custom_robot/install/custom_robot_config/lib/python3.10/site-packages'
[0.377s] Level 1:colcon.colcon_core.environment:checking '/root/modular_arm_ros2/ws_custom_robot/install/custom_robot_config/bin'
[0.377s] INFO:colcon.colcon_core.shell:Creating package script '/root/modular_arm_ros2/ws_custom_robot/install/custom_robot_config/share/custom_robot_config/package.ps1'
[0.378s] INFO:colcon.colcon_core.shell:Creating package descriptor '/root/modular_arm_ros2/ws_custom_robot/install/custom_robot_config/share/custom_robot_config/package.dsv'
[0.378s] INFO:colcon.colcon_core.shell:Creating package script '/root/modular_arm_ros2/ws_custom_robot/install/custom_robot_config/share/custom_robot_config/package.sh'
[0.378s] INFO:colcon.colcon_core.shell:Creating package script '/root/modular_arm_ros2/ws_custom_robot/install/custom_robot_config/share/custom_robot_config/package.bash'
[0.378s] INFO:colcon.colcon_core.shell:Creating package script '/root/modular_arm_ros2/ws_custom_robot/install/custom_robot_config/share/custom_robot_config/package.zsh'
[0.378s] Level 1:colcon.colcon_core.environment:create_file_with_runtime_dependencies(/root/modular_arm_ros2/ws_custom_robot/install/custom_robot_config/share/colcon-core/packages/custom_robot_config)
[0.393s] Level 1:colcon.colcon_core.environment:create_environment_scripts_only(custom_robot_config)
[0.394s] Level 1:colcon.colcon_core.environment:checking '/root/modular_arm_ros2/ws_custom_robot/install/custom_robot_config' for CMake module files
[0.394s] Level 1:colcon.colcon_core.environment:checking '/root/modular_arm_ros2/ws_custom_robot/install/custom_robot_config' for CMake config files
[0.394s] Level 1:colcon.colcon_core.shell:create_environment_hook('custom_robot_config', 'cmake_prefix_path')
[0.394s] INFO:colcon.colcon_core.shell:Creating environment hook '/root/modular_arm_ros2/ws_custom_robot/install/custom_robot_config/share/custom_robot_config/hook/cmake_prefix_path.ps1'
[0.395s] INFO:colcon.colcon_core.shell:Creating environment descriptor '/root/modular_arm_ros2/ws_custom_robot/install/custom_robot_config/share/custom_robot_config/hook/cmake_prefix_path.dsv'
[0.395s] INFO:colcon.colcon_core.shell:Creating environment hook '/root/modular_arm_ros2/ws_custom_robot/install/custom_robot_config/share/custom_robot_config/hook/cmake_prefix_path.sh'
[0.395s] Level 1:colcon.colcon_core.environment:checking '/root/modular_arm_ros2/ws_custom_robot/install/custom_robot_config/bin'
[0.395s] Level 1:colcon.colcon_core.environment:checking '/root/modular_arm_ros2/ws_custom_robot/install/custom_robot_config/lib/pkgconfig/custom_robot_config.pc'
[0.395s] Level 1:colcon.colcon_core.environment:checking '/root/modular_arm_ros2/ws_custom_robot/install/custom_robot_config/lib/python3.10/site-packages'
[0.396s] Level 1:colcon.colcon_core.environment:checking '/root/modular_arm_ros2/ws_custom_robot/install/custom_robot_config/bin'
[0.396s] INFO:colcon.colcon_core.shell:Creating package script '/root/modular_arm_ros2/ws_custom_robot/install/custom_robot_config/share/custom_robot_config/package.ps1'
[0.396s] INFO:colcon.colcon_core.shell:Creating package descriptor '/root/modular_arm_ros2/ws_custom_robot/install/custom_robot_config/share/custom_robot_config/package.dsv'
[0.396s] INFO:colcon.colcon_core.shell:Creating package script '/root/modular_arm_ros2/ws_custom_robot/install/custom_robot_config/share/custom_robot_config/package.sh'
[0.397s] INFO:colcon.colcon_core.shell:Creating package script '/root/modular_arm_ros2/ws_custom_robot/install/custom_robot_config/share/custom_robot_config/package.bash'
[0.397s] INFO:colcon.colcon_core.shell:Creating package script '/root/modular_arm_ros2/ws_custom_robot/install/custom_robot_config/share/custom_robot_config/package.zsh'
[0.397s] Level 1:colcon.colcon_core.environment:create_file_with_runtime_dependencies(/root/modular_arm_ros2/ws_custom_robot/install/custom_robot_config/share/colcon-core/packages/custom_robot_config)
[2.942s] DEBUG:colcon.colcon_core.event_handler.log_command:Invoked command in '/root/modular_arm_ros2/ws_custom_robot/build/custom_robot_controller' returned '0': CMAKE_PREFIX_PATH=${CMAKE_PREFIX_PATH}:/opt/ros/humble /usr/bin/cmake --build /root/modular_arm_ros2/ws_custom_robot/build/custom_robot_controller -- -j8 -l8
[2.960s] DEBUG:colcon.colcon_core.event_handler.log_command:Invoking command in '/root/modular_arm_ros2/ws_custom_robot/build/custom_robot_controller': CMAKE_PREFIX_PATH=${CMAKE_PREFIX_PATH}:/opt/ros/humble /usr/bin/cmake --install /root/modular_arm_ros2/ws_custom_robot/build/custom_robot_controller
[2.968s] Level 1:colcon.colcon_core.environment:create_environment_scripts_only(custom_robot_controller)
[2.968s] Level 1:colcon.colcon_core.environment:checking '/root/modular_arm_ros2/ws_custom_robot/install/custom_robot_controller' for CMake module files
[2.969s] DEBUG:colcon.colcon_core.event_handler.log_command:Invoked command in '/root/modular_arm_ros2/ws_custom_robot/build/custom_robot_controller' returned '0': CMAKE_PREFIX_PATH=${CMAKE_PREFIX_PATH}:/opt/ros/humble /usr/bin/cmake --install /root/modular_arm_ros2/ws_custom_robot/build/custom_robot_controller
[2.969s] Level 1:colcon.colcon_core.environment:checking '/root/modular_arm_ros2/ws_custom_robot/install/custom_robot_controller' for CMake config files
[2.969s] Level 1:colcon.colcon_core.shell:create_environment_hook('custom_robot_controller', 'cmake_prefix_path')
[2.969s] INFO:colcon.colcon_core.shell:Creating environment hook '/root/modular_arm_ros2/ws_custom_robot/install/custom_robot_controller/share/custom_robot_controller/hook/cmake_prefix_path.ps1'
[2.970s] INFO:colcon.colcon_core.shell:Creating environment descriptor '/root/modular_arm_ros2/ws_custom_robot/install/custom_robot_controller/share/custom_robot_controller/hook/cmake_prefix_path.dsv'
[2.970s] INFO:colcon.colcon_core.shell:Creating environment hook '/root/modular_arm_ros2/ws_custom_robot/install/custom_robot_controller/share/custom_robot_controller/hook/cmake_prefix_path.sh'
[2.970s] Level 1:colcon.colcon_core.environment:checking '/root/modular_arm_ros2/ws_custom_robot/install/custom_robot_controller/lib'
[2.970s] Level 1:colcon.colcon_core.shell:create_environment_hook('custom_robot_controller', 'ld_library_path_lib')
[2.970s] INFO:colcon.colcon_core.shell:Creating environment hook '/root/modular_arm_ros2/ws_custom_robot/install/custom_robot_controller/share/custom_robot_controller/hook/ld_library_path_lib.ps1'
[2.971s] INFO:colcon.colcon_core.shell:Creating environment descriptor '/root/modular_arm_ros2/ws_custom_robot/install/custom_robot_controller/share/custom_robot_controller/hook/ld_library_path_lib.dsv'
[2.971s] INFO:colcon.colcon_core.shell:Creating environment hook '/root/modular_arm_ros2/ws_custom_robot/install/custom_robot_controller/share/custom_robot_controller/hook/ld_library_path_lib.sh'
[2.971s] Level 1:colcon.colcon_core.environment:checking '/root/modular_arm_ros2/ws_custom_robot/install/custom_robot_controller/bin'
[2.971s] Level 1:colcon.colcon_core.environment:checking '/root/modular_arm_ros2/ws_custom_robot/install/custom_robot_controller/lib/pkgconfig/custom_robot_controller.pc'
[2.971s] Level 1:colcon.colcon_core.environment:checking '/root/modular_arm_ros2/ws_custom_robot/install/custom_robot_controller/lib/python3.10/site-packages'
[2.971s] Level 1:colcon.colcon_core.environment:checking '/root/modular_arm_ros2/ws_custom_robot/install/custom_robot_controller/bin'
[2.972s] INFO:colcon.colcon_core.shell:Creating package script '/root/modular_arm_ros2/ws_custom_robot/install/custom_robot_controller/share/custom_robot_controller/package.ps1'
[2.972s] INFO:colcon.colcon_core.shell:Creating package descriptor '/root/modular_arm_ros2/ws_custom_robot/install/custom_robot_controller/share/custom_robot_controller/package.dsv'
[2.972s] INFO:colcon.colcon_core.shell:Creating package script '/root/modular_arm_ros2/ws_custom_robot/install/custom_robot_controller/share/custom_robot_controller/package.sh'
[2.972s] INFO:colcon.colcon_core.shell:Creating package script '/root/modular_arm_ros2/ws_custom_robot/install/custom_robot_controller/share/custom_robot_controller/package.bash'
[2.973s] INFO:colcon.colcon_core.shell:Creating package script '/root/modular_arm_ros2/ws_custom_robot/install/custom_robot_controller/share/custom_robot_controller/package.zsh'
[2.973s] Level 1:colcon.colcon_core.environment:create_file_with_runtime_dependencies(/root/modular_arm_ros2/ws_custom_robot/install/custom_robot_controller/share/colcon-core/packages/custom_robot_controller)
[2.991s] Level 1:colcon.colcon_core.environment:create_environment_scripts_only(custom_robot_controller)
[2.991s] Level 1:colcon.colcon_core.environment:checking '/root/modular_arm_ros2/ws_custom_robot/install/custom_robot_controller' for CMake module files
[2.991s] Level 1:colcon.colcon_core.environment:checking '/root/modular_arm_ros2/ws_custom_robot/install/custom_robot_controller' for CMake config files
[2.992s] Level 1:colcon.colcon_core.shell:create_environment_hook('custom_robot_controller', 'cmake_prefix_path')
[2.992s] INFO:colcon.colcon_core.shell:Creating environment hook '/root/modular_arm_ros2/ws_custom_robot/install/custom_robot_controller/share/custom_robot_controller/hook/cmake_prefix_path.ps1'
[2.992s] INFO:colcon.colcon_core.shell:Creating environment descriptor '/root/modular_arm_ros2/ws_custom_robot/install/custom_robot_controller/share/custom_robot_controller/hook/cmake_prefix_path.dsv'
[2.992s] INFO:colcon.colcon_core.shell:Creating environment hook '/root/modular_arm_ros2/ws_custom_robot/install/custom_robot_controller/share/custom_robot_controller/hook/cmake_prefix_path.sh'
[2.993s] Level 1:colcon.colcon_core.environment:checking '/root/modular_arm_ros2/ws_custom_robot/install/custom_robot_controller/lib'
[2.993s] Level 1:colcon.colcon_core.shell:create_environment_hook('custom_robot_controller', 'ld_library_path_lib')
[2.993s] INFO:colcon.colcon_core.shell:Creating environment hook '/root/modular_arm_ros2/ws_custom_robot/install/custom_robot_controller/share/custom_robot_controller/hook/ld_library_path_lib.ps1'
[2.993s] INFO:colcon.colcon_core.shell:Creating environment descriptor '/root/modular_arm_ros2/ws_custom_robot/install/custom_robot_controller/share/custom_robot_controller/hook/ld_library_path_lib.dsv'
[2.993s] INFO:colcon.colcon_core.shell:Creating environment hook '/root/modular_arm_ros2/ws_custom_robot/install/custom_robot_controller/share/custom_robot_controller/hook/ld_library_path_lib.sh'
[2.994s] Level 1:colcon.colcon_core.environment:checking '/root/modular_arm_ros2/ws_custom_robot/install/custom_robot_controller/bin'
[2.994s] Level 1:colcon.colcon_core.environment:checking '/root/modular_arm_ros2/ws_custom_robot/install/custom_robot_controller/lib/pkgconfig/custom_robot_controller.pc'
[2.994s] Level 1:colcon.colcon_core.environment:checking '/root/modular_arm_ros2/ws_custom_robot/install/custom_robot_controller/lib/python3.10/site-packages'
[2.994s] Level 1:colcon.colcon_core.environment:checking '/root/modular_arm_ros2/ws_custom_robot/install/custom_robot_controller/bin'
[2.994s] INFO:colcon.colcon_core.shell:Creating package script '/root/modular_arm_ros2/ws_custom_robot/install/custom_robot_controller/share/custom_robot_controller/package.ps1'
[2.994s] INFO:colcon.colcon_core.shell:Creating package descriptor '/root/modular_arm_ros2/ws_custom_robot/install/custom_robot_controller/share/custom_robot_controller/package.dsv'
[2.995s] INFO:colcon.colcon_core.shell:Creating package script '/root/modular_arm_ros2/ws_custom_robot/install/custom_robot_controller/share/custom_robot_controller/package.sh'
[2.995s] INFO:colcon.colcon_core.shell:Creating package script '/root/modular_arm_ros2/ws_custom_robot/install/custom_robot_controller/share/custom_robot_controller/package.bash'
[2.995s] INFO:colcon.colcon_core.shell:Creating package script '/root/modular_arm_ros2/ws_custom_robot/install/custom_robot_controller/share/custom_robot_controller/package.zsh'
[2.995s] Level 1:colcon.colcon_core.environment:create_file_with_runtime_dependencies(/root/modular_arm_ros2/ws_custom_robot/install/custom_robot_controller/share/colcon-core/packages/custom_robot_controller)
[2.996s] DEBUG:colcon.colcon_parallel_executor.executor.parallel:closing loop
[2.996s] DEBUG:colcon.colcon_parallel_executor.executor.parallel:loop closed
[2.996s] DEBUG:colcon.colcon_parallel_executor.executor.parallel:run_until_complete finished with '0'
[2.996s] DEBUG:colcon.colcon_core.event_reactor:joining thread
[3.009s] INFO:colcon.colcon_core.plugin_system:Skipping extension 'colcon_notification.desktop_notification.notify_send': Could not find 'notify-send'
[3.009s] INFO:colcon.colcon_core.plugin_system:Skipping extension 'colcon_notification.desktop_notification.terminal_notifier': Not used on non-Darwin systems
[3.010s] INFO:colcon.colcon_core.plugin_system:Skipping extension 'colcon_notification.desktop_notification.win32': Not used on non-Windows systems
[3.010s] INFO:colcon.colcon_notification.desktop_notification:Sending desktop notification using 'notify2'
[3.012s] DEBUG:colcon.colcon_notification.desktop_notification.notify2:Failed to initialize notify2: org.freedesktop.DBus.Error.Spawn.ExecFailed: /usr/bin/dbus-launch terminated abnormally without any error message
[3.012s] DEBUG:colcon.colcon_core.event_reactor:joined thread
[3.012s] INFO:colcon.colcon_core.shell:Creating prefix script '/root/modular_arm_ros2/ws_custom_robot/install/local_setup.ps1'
[3.013s] INFO:colcon.colcon_core.shell:Creating prefix util module '/root/modular_arm_ros2/ws_custom_robot/install/_local_setup_util_ps1.py'
[3.014s] INFO:colcon.colcon_core.shell:Creating prefix chain script '/root/modular_arm_ros2/ws_custom_robot/install/setup.ps1'
[3.015s] INFO:colcon.colcon_core.shell:Creating prefix script '/root/modular_arm_ros2/ws_custom_robot/install/local_setup.sh'
[3.016s] INFO:colcon.colcon_core.shell:Creating prefix util module '/root/modular_arm_ros2/ws_custom_robot/install/_local_setup_util_sh.py'
[3.016s] INFO:colcon.colcon_core.shell:Creating prefix chain script '/root/modular_arm_ros2/ws_custom_robot/install/setup.sh'
[3.017s] INFO:colcon.colcon_core.shell:Creating prefix script '/root/modular_arm_ros2/ws_custom_robot/install/local_setup.bash'
[3.017s] INFO:colcon.colcon_core.shell:Creating prefix chain script '/root/modular_arm_ros2/ws_custom_robot/install/setup.bash'
[3.018s] INFO:colcon.colcon_core.shell:Creating prefix script '/root/modular_arm_ros2/ws_custom_robot/install/local_setup.zsh'
[3.018s] INFO:colcon.colcon_core.shell:Creating prefix chain script '/root/modular_arm_ros2/ws_custom_robot/install/setup.zsh'
